 'tryton/binutils/2.34' load complete.
 'tryton/compiler/gcc/7.4' load complete.
 'tryton/python3/3.5.6' load complete.

Loading tryton/python3/3.5.6
  Loading requirement: tryton/binutils/2.34 tryton/compiler/gcc/7.4
Quantum object: dims = [[2, 2, 2, 2, 2, 2, 2, 2], [2, 2, 2, 2, 2, 2, 2, 2]], shape = (256, 256), type = oper, isherm = True
Qobj data =
[[1. 0. 0. ... 0. 0. 0.]
 [0. 0. 0. ... 0. 0. 0.]
 [0. 0. 0. ... 0. 0. 0.]
 ...
 [0. 0. 0. ... 0. 0. 0.]
 [0. 0. 0. ... 0. 0. 0.]
 [0. 0. 0. ... 0. 0. 0.]]
Quantum object: dims = [[2, 2, 2, 2, 2, 2, 2, 2], [2, 2, 2, 2, 2, 2, 2, 2]], shape = (256, 256), type = oper, isherm = True
Qobj data =
[[0. 0. 0. ... 0. 0. 0.]
 [0. 0. 0. ... 0. 0. 0.]
 [0. 0. 0. ... 0. 0. 0.]
 ...
 [0. 0. 0. ... 0. 0. 0.]
 [0. 0. 0. ... 0. 0. 0.]
 [0. 0. 0. ... 0. 0. 0.]]
Iteration 0
    objectives:
        1:Ïâ‚€[2âŠ—2âŠ—2âŠ—2âŠ—2âŠ—2âŠ—2âŠ—2,2âŠ—2âŠ—2âŠ—2âŠ—2âŠ—2âŠ—2âŠ—2] to Ïâ‚[2âŠ—2âŠ—2âŠ—2âŠ—2âŠ—2âŠ—2âŠ—2,2âŠ—2âŠ—2âŠ—2âŠ—2âŠ—2âŠ—2âŠ—2] via [ğ“›â‚€[[2âŠ—2âŠ—2âŠ—2âŠ—2âŠ—2âŠ—2âŠ—2,2âŠ—2âŠ—2âŠ—2âŠ—2âŠ—2âŠ—2âŠ—2],[2âŠ—2âŠ—2âŠ—2âŠ—2âŠ—2âŠ—2âŠ—2,2âŠ—2âŠ—2âŠ—2âŠ—2âŠ—2âŠ—2âŠ—2]], [ğ“›â‚[[2âŠ—2âŠ—2âŠ—2âŠ—2âŠ—2âŠ—2âŠ—2,2âŠ—2âŠ—2âŠ—2âŠ—2âŠ—2âŠ—2âŠ—2],[2âŠ—2âŠ—2âŠ—2âŠ—2âŠ—2âŠ—2âŠ—2,2âŠ—2âŠ—2âŠ—2âŠ—2âŠ—2âŠ—2âŠ—2]], uâ‚(t)]]
    adjoint objectives:
        1:Ïâ‚‚[2âŠ—2âŠ—2âŠ—2âŠ—2âŠ—2âŠ—2âŠ—2,2âŠ—2âŠ—2âŠ—2âŠ—2âŠ—2âŠ—2âŠ—2] to Ïâ‚ƒ[2âŠ—2âŠ—2âŠ—2âŠ—2âŠ—2âŠ—2âŠ—2,2âŠ—2âŠ—2âŠ—2âŠ—2âŠ—2âŠ—2âŠ—2] via [ğ“›â‚‚[[2âŠ—2âŠ—2âŠ—2âŠ—2âŠ—2âŠ—2âŠ—2,2âŠ—2âŠ—2âŠ—2âŠ—2âŠ—2âŠ—2âŠ—2],[2âŠ—2âŠ—2âŠ—2âŠ—2âŠ—2âŠ—2âŠ—2,2âŠ—2âŠ—2âŠ—2âŠ—2âŠ—2âŠ—2âŠ—2]], [ğ“›â‚ƒ[[2âŠ—2âŠ—2âŠ—2âŠ—2âŠ—2âŠ—2âŠ—2,2âŠ—2âŠ—2âŠ—2âŠ—2âŠ—2âŠ—2âŠ—2],[2âŠ—2âŠ—2âŠ—2âŠ—2âŠ—2âŠ—2âŠ—2,2âŠ—2âŠ—2âŠ—2âŠ—2âŠ—2âŠ—2âŠ—2]], uâ‚(t)]]
    chi_constructor: chis_qubit
    mu: derivative_wrt_pulse
    S(t) (ranges): [0.000000, 1.000000]
    iter_start: 0
    iter_stop: 20000
    duration: 65.6 secs (started at 2021-04-27 19:39:40)
    optimized pulses (ranges): [0.00, 8.00]
    âˆ«gâ‚(t)dt: 0.00e+00
    Î»â‚: 1.00e+00
    storage (bw, fw, fw0): None, None, None
    fw_states_T norm: 1.000000
    Ï„: (7.43e-06:0.00Ï€)
    qubit error: 1.0e+00
Iteration 1
    duration: 249.0 secs (started at 2021-04-27 19:40:46)
    optimized pulses (ranges): [0.00, 8.00]
    âˆ«gâ‚(t)dt: 7.45e-12
    Î»â‚: 1.00e+00
    storage (bw, fw, fw0): [1 * ndarray(1000)] (1251.4 MB), None, None
    fw_states_T norm: 1.000000
    Ï„: (7.42e-06:0.00Ï€)
<stdin>:166: RuntimeWarning: overflow encountered in exp
No handles with labels found to put in legend.
    qubit error: 1.0e+00
