 'tryton/binutils/2.34' load complete.
 'tryton/compiler/gcc/7.4' load complete.
 'tryton/python3/3.5.6' load complete.

Loading tryton/python3/3.5.6
  Loading requirement: tryton/binutils/2.34 tryton/compiler/gcc/7.4
Iteration 0
    objectives:
        1:Ïâ‚€[140,140] to Ïâ‚[140,140] via [ğ“›â‚€[[140,140],[140,140]], [ğ“›â‚[[140,140],[140,140]], uâ‚(t)]]
    adjoint objectives:
        1:Ïâ‚‚[140,140] to Ïâ‚ƒ[140,140] via [ğ“›â‚‚[[140,140],[140,140]], [ğ“›â‚ƒ[[140,140],[140,140]], uâ‚(t)]]
    chi_constructor: chis_qubit
    mu: derivative_wrt_pulse
    S(t) (ranges): [0.000000, 1.000000]
    iter_start: 0
    iter_stop: 20000
    duration: 0.8 secs (started at 2021-04-20 19:20:36)
    optimized pulses (ranges): [0.00, 0.00]
    âˆ«gâ‚(t)dt: 0.00e+00
    Î»â‚: 1.00e+00
    storage (bw, fw, fw0): None, None, None
    fw_states_T norm: 1.000000
    Ï„: (0.00e+00:0.00Ï€)
    qubit error: 1.0e+00
Iteration 1
    duration: 21.5 secs (started at 2021-04-20 19:20:37)
    optimized pulses (ranges): [-0.00, 0.00]
    âˆ«gâ‚(t)dt: 2.48e-19
    Î»â‚: 1.00e+00
    storage (bw, fw, fw0): [1 * ndarray(1000)] (64.1 MB), None, None
    fw_states_T norm: 1.000000
    Ï„: (0.00e+00:0.00Ï€)
    qubit error: 1.0e+00
Iteration 2
    duration: 27.2 secs (started at 2021-04-20 19:20:58)
    optimized pulses (ranges): [-0.00, 0.00]
    âˆ«gâ‚(t)dt: 5.57e-18
    Î»â‚: 1.00e+00
    storage (bw, fw, fw0): [1 * ndarray(1000)] (88.6 MB), None, None
    fw_states_T norm: 1.000000
    Ï„: (0.00e+00:0.00Ï€)
    qubit error: 1.0e+00
Iteration 3
    duration: 33.7 secs (started at 2021-04-20 19:21:25)
    optimized pulses (ranges): [-0.00, 0.00]
    âˆ«gâ‚(t)dt: 1.11e-14
    Î»â‚: 1.00e+00
    storage (bw, fw, fw0): [1 * ndarray(1000)] (270.4 MB), None, None
    fw_states_T norm: 1.000000
    Ï„: (0.00e+00:0.00Ï€)
    qubit error: 1.0e+00
Iteration 4
    duration: 43.9 secs (started at 2021-04-20 19:21:59)
    optimized pulses (ranges): [-0.00, 0.00]
    âˆ«gâ‚(t)dt: 1.05e-11
    Î»â‚: 1.00e+00
    storage (bw, fw, fw0): [1 * ndarray(1000)] (328.9 MB), None, None
    fw_states_T norm: 1.000001
    Ï„: (1.06e-11:0.00Ï€)
    qubit error: 1.0e+00
Iteration 5
    duration: 43.7 secs (started at 2021-04-20 19:22:43)
    optimized pulses (ranges): [-0.00, 0.00]
    âˆ«gâ‚(t)dt: 2.34e-08
    Î»â‚: 1.00e+00
    storage (bw, fw, fw0): [1 * ndarray(1000)] (364.7 MB), None, None
    fw_states_T norm: 1.000003
    Ï„: (2.35e-08:0.00Ï€)
    qubit error: 1.0e+00
Iteration 6
    duration: 63.6 secs (started at 2021-04-20 19:23:27)
    optimized pulses (ranges): [-0.00, 0.00]
    âˆ«gâ‚(t)dt: 6.14e-05
    Î»â‚: 1.00e+00
    storage (bw, fw, fw0): [1 * ndarray(1000)] (374.7 MB), None, None
    fw_states_T norm: 1.000009
    Ï„: (6.14e-05:0.00Ï€)
    qubit error: 1.0e+00
Iteration 7
    duration: 105.6 secs (started at 2021-04-20 19:24:30)
    optimized pulses (ranges): [-0.14, 0.20]
    âˆ«gâ‚(t)dt: 1.13e-01
    Î»â‚: 1.00e+00
    storage (bw, fw, fw0): [1 * ndarray(1000)] (374.7 MB), None, None
    fw_states_T norm: 1.000016
    Ï„: (1.13e-01:0.00Ï€)
    qubit error: 8.9e-01
Iteration 8
    duration: 94.7 secs (started at 2021-04-20 19:26:16)
    optimized pulses (ranges): [-0.25, 0.23]
    âˆ«gâ‚(t)dt: 4.25e-01
    Î»â‚: 1.00e+00
    storage (bw, fw, fw0): [1 * ndarray(1000)] (374.7 MB), None, None
    fw_states_T norm: 1.000009
    Ï„: (5.38e-01:0.00Ï€)
    qubit error: 4.6e-01
Iteration 9
    duration: 104.1 secs (started at 2021-04-20 19:27:51)
    optimized pulses (ranges): [-0.29, 0.23]
    âˆ«gâ‚(t)dt: 4.39e-02
    Î»â‚: 1.00e+00
    storage (bw, fw, fw0): [1 * ndarray(1000)] (374.7 MB), None, None
    fw_states_T norm: 1.000008
    Ï„: (5.81e-01:0.00Ï€)
    qubit error: 4.2e-01
Iteration 10
    duration: 104.8 secs (started at 2021-04-20 19:29:35)
    optimized pulses (ranges): [-0.32, 0.26]
    âˆ«gâ‚(t)dt: 2.07e-02
    Î»â‚: 1.00e+00
    storage (bw, fw, fw0): [1 * ndarray(1000)] (374.7 MB), None, None
    fw_states_T norm: 1.000008
    Ï„: (6.01e-01:0.00Ï€)
    qubit error: 4.0e-01
Iteration 11
    duration: 104.6 secs (started at 2021-04-20 19:31:20)
    optimized pulses (ranges): [-0.37, 0.29]
    âˆ«gâ‚(t)dt: 1.77e-02
    Î»â‚: 1.00e+00
    storage (bw, fw, fw0): [1 * ndarray(1000)] (374.7 MB), None, None
    fw_states_T norm: 1.000007
    Ï„: (6.18e-01:0.00Ï€)
    qubit error: 3.8e-01
Iteration 12
    duration: 104.8 secs (started at 2021-04-20 19:33:04)
    optimized pulses (ranges): [-0.41, 0.32]
    âˆ«gâ‚(t)dt: 1.55e-02
    Î»â‚: 1.00e+00
    storage (bw, fw, fw0): [1 * ndarray(1000)] (374.7 MB), None, None
    fw_states_T norm: 1.000007
    Ï„: (6.34e-01:0.00Ï€)
    qubit error: 3.7e-01
Iteration 13
    duration: 104.7 secs (started at 2021-04-20 19:34:49)
    optimized pulses (ranges): [-0.46, 0.38]
    âˆ«gâ‚(t)dt: 1.36e-02
    Î»â‚: 1.00e+00
    storage (bw, fw, fw0): [1 * ndarray(1000)] (374.7 MB), None, None
    fw_states_T norm: 1.000007
    Ï„: (6.47e-01:0.00Ï€)
    qubit error: 3.5e-01
Iteration 14
    duration: 105.6 secs (started at 2021-04-20 19:36:34)
    optimized pulses (ranges): [-0.50, 0.43]
    âˆ«gâ‚(t)dt: 1.20e-02
    Î»â‚: 1.00e+00
    storage (bw, fw, fw0): [1 * ndarray(1000)] (374.7 MB), None, None
    fw_states_T norm: 1.000007
    Ï„: (6.58e-01:0.00Ï€)
    qubit error: 3.4e-01
Iteration 15
    duration: 106.0 secs (started at 2021-04-20 19:38:19)
    optimized pulses (ranges): [-0.55, 0.48]
    âˆ«gâ‚(t)dt: 1.07e-02
    Î»â‚: 1.00e+00
    storage (bw, fw, fw0): [1 * ndarray(1000)] (374.7 MB), None, None
    fw_states_T norm: 1.000007
    Ï„: (6.68e-01:0.00Ï€)
    qubit error: 3.3e-01
Iteration 16
    duration: 106.1 secs (started at 2021-04-20 19:40:06)
    optimized pulses (ranges): [-0.59, 0.53]
    âˆ«gâ‚(t)dt: 9.46e-03
    Î»â‚: 1.00e+00
    storage (bw, fw, fw0): [1 * ndarray(1000)] (374.7 MB), None, None
    fw_states_T norm: 1.000005
    Ï„: (6.77e-01:0.00Ï€)
    qubit error: 3.2e-01
Iteration 17
    duration: 106.2 secs (started at 2021-04-20 19:41:52)
    optimized pulses (ranges): [-0.64, 0.57]
    âˆ«gâ‚(t)dt: 8.56e-03
    Î»â‚: 1.00e+00
    storage (bw, fw, fw0): [1 * ndarray(1000)] (374.7 MB), None, None
    fw_states_T norm: 1.000005
    Ï„: (6.85e-01:0.00Ï€)
    qubit error: 3.1e-01
Iteration 18
    duration: 106.7 secs (started at 2021-04-20 19:43:38)
    optimized pulses (ranges): [-0.68, 0.61]
    âˆ«gâ‚(t)dt: 7.73e-03
    Î»â‚: 1.00e+00
    storage (bw, fw, fw0): [1 * ndarray(1000)] (374.7 MB), None, None
    fw_states_T norm: 1.000005
    Ï„: (6.93e-01:0.00Ï€)
    qubit error: 3.1e-01
Iteration 19
    duration: 106.9 secs (started at 2021-04-20 19:45:25)
    optimized pulses (ranges): [-0.73, 0.64]
    âˆ«gâ‚(t)dt: 7.06e-03
    Î»â‚: 1.00e+00
    storage (bw, fw, fw0): [1 * ndarray(1000)] (374.7 MB), None, None
    fw_states_T norm: 1.000004
    Ï„: (6.99e-01:0.00Ï€)
    qubit error: 3.0e-01
Iteration 20
    duration: 107.4 secs (started at 2021-04-20 19:47:12)
    optimized pulses (ranges): [-0.77, 0.67]
    âˆ«gâ‚(t)dt: 6.31e-03
    Î»â‚: 1.00e+00
    storage (bw, fw, fw0): [1 * ndarray(1000)] (374.7 MB), None, None
    fw_states_T norm: 1.000005
    Ï„: (7.05e-01:0.00Ï€)
    qubit error: 3.0e-01
Iteration 21
    duration: 107.1 secs (started at 2021-04-20 19:48:59)
    optimized pulses (ranges): [-0.82, 0.70]
    âˆ«gâ‚(t)dt: 5.74e-03
    Î»â‚: 1.00e+00
    storage (bw, fw, fw0): [1 * ndarray(1000)] (374.7 MB), None, None
    fw_states_T norm: 1.000005
    Ï„: (7.10e-01:0.00Ï€)
    qubit error: 2.9e-01
Iteration 22
    duration: 106.8 secs (started at 2021-04-20 19:50:46)
    optimized pulses (ranges): [-0.86, 0.73]
    âˆ«gâ‚(t)dt: 5.23e-03
    Î»â‚: 1.00e+00
    storage (bw, fw, fw0): [1 * ndarray(1000)] (374.7 MB), None, None
    fw_states_T norm: 1.000005
    Ï„: (7.15e-01:0.00Ï€)
    qubit error: 2.9e-01
Iteration 23
    duration: 106.9 secs (started at 2021-04-20 19:52:33)
    optimized pulses (ranges): [-0.90, 0.75]
    âˆ«gâ‚(t)dt: 4.84e-03
    Î»â‚: 1.00e+00
    storage (bw, fw, fw0): [1 * ndarray(1000)] (374.7 MB), None, None
    fw_states_T norm: 1.000006
    Ï„: (7.19e-01:0.00Ï€)
    qubit error: 2.8e-01
Iteration 24
    duration: 107.5 secs (started at 2021-04-20 19:54:20)
    optimized pulses (ranges): [-0.94, 0.78]
    âˆ«gâ‚(t)dt: 4.39e-03
    Î»â‚: 1.00e+00
    storage (bw, fw, fw0): [1 * ndarray(1000)] (374.7 MB), None, None
    fw_states_T norm: 1.000006
    Ï„: (7.23e-01:0.00Ï€)
    qubit error: 2.8e-01
Iteration 25
    duration: 107.5 secs (started at 2021-04-20 19:56:07)
    optimized pulses (ranges): [-0.98, 0.80]
    âˆ«gâ‚(t)dt: 4.03e-03
    Î»â‚: 1.00e+00
    storage (bw, fw, fw0): [1 * ndarray(1000)] (374.7 MB), None, None
    fw_states_T norm: 1.000005
    Ï„: (7.26e-01:0.00Ï€)
    qubit error: 2.7e-01
Iteration 26
    duration: 107.7 secs (started at 2021-04-20 19:57:55)
    optimized pulses (ranges): [-1.02, 0.82]
    âˆ«gâ‚(t)dt: 3.72e-03
    Î»â‚: 1.00e+00
    storage (bw, fw, fw0): [1 * ndarray(1000)] (374.7 MB), None, None
    fw_states_T norm: 1.000006
    Ï„: (7.29e-01:0.00Ï€)
    qubit error: 2.7e-01
Iteration 27
    duration: 107.6 secs (started at 2021-04-20 19:59:43)
    optimized pulses (ranges): [-1.06, 0.84]
    âˆ«gâ‚(t)dt: 3.45e-03
    Î»â‚: 1.00e+00
    storage (bw, fw, fw0): [1 * ndarray(1000)] (374.7 MB), None, None
    fw_states_T norm: 1.000006
    Ï„: (7.32e-01:0.00Ï€)
    qubit error: 2.7e-01
Iteration 28
    duration: 108.0 secs (started at 2021-04-20 20:01:30)
    optimized pulses (ranges): [-1.10, 0.85]
    âˆ«gâ‚(t)dt: 3.16e-03
    Î»â‚: 1.00e+00
    storage (bw, fw, fw0): [1 * ndarray(1000)] (374.7 MB), None, None
    fw_states_T norm: 1.000006
    Ï„: (7.35e-01:0.00Ï€)
    qubit error: 2.7e-01
Iteration 29
    duration: 108.3 secs (started at 2021-04-20 20:03:18)
    optimized pulses (ranges): [-1.14, 0.87]
    âˆ«gâ‚(t)dt: 2.98e-03
    Î»â‚: 1.00e+00
    storage (bw, fw, fw0): [1 * ndarray(1000)] (374.7 MB), None, None
    fw_states_T norm: 1.000006
    Ï„: (7.37e-01:0.00Ï€)
    qubit error: 2.6e-01
Iteration 30
    duration: 108.6 secs (started at 2021-04-20 20:05:07)
    optimized pulses (ranges): [-1.17, 0.88]
    âˆ«gâ‚(t)dt: 2.84e-03
    Î»â‚: 1.00e+00
    storage (bw, fw, fw0): [1 * ndarray(1000)] (374.7 MB), None, None
    fw_states_T norm: 1.000006
    Ï„: (7.40e-01:0.00Ï€)
    qubit error: 2.6e-01
Iteration 31
    duration: 108.9 secs (started at 2021-04-20 20:06:55)
    optimized pulses (ranges): [-1.21, 0.90]
    âˆ«gâ‚(t)dt: 2.57e-03
    Î»â‚: 1.00e+00
    storage (bw, fw, fw0): [1 * ndarray(1000)] (374.7 MB), None, None
    fw_states_T norm: 1.000005
    Ï„: (7.42e-01:0.00Ï€)
    qubit error: 2.6e-01
Iteration 32
    duration: 108.8 secs (started at 2021-04-20 20:08:44)
    optimized pulses (ranges): [-1.24, 0.91]
    âˆ«gâ‚(t)dt: 2.40e-03
    Î»â‚: 1.00e+00
    storage (bw, fw, fw0): [1 * ndarray(1000)] (374.7 MB), None, None
    fw_states_T norm: 1.000005
    Ï„: (7.44e-01:0.00Ï€)
    qubit error: 2.6e-01
Iteration 33
    duration: 108.7 secs (started at 2021-04-20 20:10:33)
    optimized pulses (ranges): [-1.28, 0.92]
    âˆ«gâ‚(t)dt: 2.27e-03
    Î»â‚: 1.00e+00
    storage (bw, fw, fw0): [1 * ndarray(1000)] (374.7 MB), None, None
    fw_states_T norm: 1.000006
    Ï„: (7.45e-01:0.00Ï€)
    qubit error: 2.5e-01
Iteration 34
    duration: 108.8 secs (started at 2021-04-20 20:12:22)
    optimized pulses (ranges): [-1.31, 0.93]
    âˆ«gâ‚(t)dt: 2.07e-03
    Î»â‚: 1.00e+00
    storage (bw, fw, fw0): [1 * ndarray(1000)] (374.7 MB), None, None
    fw_states_T norm: 1.000006
    Ï„: (7.47e-01:0.00Ï€)
    qubit error: 2.5e-01
Iteration 35
    duration: 108.8 secs (started at 2021-04-20 20:14:11)
    optimized pulses (ranges): [-1.35, 0.94]
    âˆ«gâ‚(t)dt: 2.08e-03
    Î»â‚: 1.00e+00
    storage (bw, fw, fw0): [1 * ndarray(1000)] (374.7 MB), None, None
    fw_states_T norm: 1.000006
    Ï„: (7.48e-01:0.00Ï€)
    qubit error: 2.5e-01
Iteration 36
    duration: 109.1 secs (started at 2021-04-20 20:15:59)
    optimized pulses (ranges): [-1.38, 0.96]
    âˆ«gâ‚(t)dt: 1.95e-03
    Î»â‚: 1.00e+00
    storage (bw, fw, fw0): [1 * ndarray(1000)] (374.7 MB), None, None
    fw_states_T norm: 1.000007
    Ï„: (7.50e-01:0.00Ï€)
    qubit error: 2.5e-01
Iteration 37
    duration: 108.9 secs (started at 2021-04-20 20:17:48)
    optimized pulses (ranges): [-1.41, 0.97]
    âˆ«gâ‚(t)dt: 1.81e-03
    Î»â‚: 1.00e+00
    storage (bw, fw, fw0): [1 * ndarray(1000)] (374.7 MB), None, None
    fw_states_T norm: 1.000007
    Ï„: (7.51e-01:0.00Ï€)
    qubit error: 2.5e-01
Iteration 38
    duration: 109.4 secs (started at 2021-04-20 20:19:37)
    optimized pulses (ranges): [-1.44, 0.97]
    âˆ«gâ‚(t)dt: 1.74e-03
    Î»â‚: 1.00e+00
    storage (bw, fw, fw0): [1 * ndarray(1000)] (374.7 MB), None, None
    fw_states_T norm: 1.000006
    Ï„: (7.52e-01:0.00Ï€)
    qubit error: 2.5e-01
Iteration 39
    duration: 108.7 secs (started at 2021-04-20 20:21:27)
    optimized pulses (ranges): [-1.47, 0.98]
    âˆ«gâ‚(t)dt: 1.62e-03
    Î»â‚: 1.00e+00
    storage (bw, fw, fw0): [1 * ndarray(1000)] (374.7 MB), None, None
    fw_states_T norm: 1.000007
    Ï„: (7.53e-01:0.00Ï€)
    qubit error: 2.5e-01
Iteration 40
    duration: 109.4 secs (started at 2021-04-20 20:23:16)
    optimized pulses (ranges): [-1.50, 0.99]
    âˆ«gâ‚(t)dt: 1.65e-03
    Î»â‚: 1.00e+00
    storage (bw, fw, fw0): [1 * ndarray(1000)] (374.7 MB), None, None
    fw_states_T norm: 1.000007
    Ï„: (7.55e-01:0.00Ï€)
    qubit error: 2.5e-01
Iteration 41
    duration: 108.3 secs (started at 2021-04-20 20:25:05)
    optimized pulses (ranges): [-1.54, 1.00]
    âˆ«gâ‚(t)dt: 1.63e-03
    Î»â‚: 1.00e+00
    storage (bw, fw, fw0): [1 * ndarray(1000)] (374.7 MB), None, None
    fw_states_T norm: 1.000006
    Ï„: (7.56e-01:0.00Ï€)
    qubit error: 2.4e-01
Iteration 42
    duration: 108.6 secs (started at 2021-04-20 20:26:53)
    optimized pulses (ranges): [-1.57, 1.01]
    âˆ«gâ‚(t)dt: 1.53e-03
    Î»â‚: 1.00e+00
    storage (bw, fw, fw0): [1 * ndarray(1000)] (374.7 MB), None, None
    fw_states_T norm: 1.000007
    Ï„: (7.57e-01:0.00Ï€)
    qubit error: 2.4e-01
Iteration 43
    duration: 108.2 secs (started at 2021-04-20 20:28:42)
    optimized pulses (ranges): [-1.60, 1.02]
    âˆ«gâ‚(t)dt: 1.42e-03
    Î»â‚: 1.00e+00
    storage (bw, fw, fw0): [1 * ndarray(1000)] (374.7 MB), None, None
    fw_states_T norm: 1.000007
    Ï„: (7.58e-01:0.00Ï€)
    qubit error: 2.4e-01
Iteration 44
    duration: 108.1 secs (started at 2021-04-20 20:30:30)
    optimized pulses (ranges): [-1.63, 1.02]
    âˆ«gâ‚(t)dt: 1.41e-03
    Î»â‚: 1.00e+00
    storage (bw, fw, fw0): [1 * ndarray(1000)] (374.7 MB), None, None
    fw_states_T norm: 1.000007
    Ï„: (7.58e-01:0.00Ï€)
    qubit error: 2.4e-01
Iteration 45
    duration: 108.0 secs (started at 2021-04-20 20:32:18)
    optimized pulses (ranges): [-1.65, 1.03]
    âˆ«gâ‚(t)dt: 1.30e-03
    Î»â‚: 1.00e+00
    storage (bw, fw, fw0): [1 * ndarray(1000)] (374.7 MB), None, None
    fw_states_T norm: 1.000007
    Ï„: (7.59e-01:0.00Ï€)
    qubit error: 2.4e-01
Iteration 46
    duration: 108.2 secs (started at 2021-04-20 20:34:06)
    optimized pulses (ranges): [-1.68, 1.04]
    âˆ«gâ‚(t)dt: 1.29e-03
    Î»â‚: 1.00e+00
    storage (bw, fw, fw0): [1 * ndarray(1000)] (374.7 MB), None, None
    fw_states_T norm: 1.000007
    Ï„: (7.60e-01:0.00Ï€)
    qubit error: 2.4e-01
Iteration 47
    duration: 109.4 secs (started at 2021-04-20 20:35:55)
    optimized pulses (ranges): [-1.71, 1.04]
    âˆ«gâ‚(t)dt: 1.01e-03
    Î»â‚: 1.00e+00
    storage (bw, fw, fw0): [1 * ndarray(1000)] (374.7 MB), None, None
    fw_states_T norm: 1.000016
    Ï„: (7.61e-01:0.00Ï€)
    qubit error: 2.4e-01
Iteration 48
    duration: 108.2 secs (started at 2021-04-20 20:37:44)
    optimized pulses (ranges): [-1.74, 1.05]
    âˆ«gâ‚(t)dt: 1.16e-03
    Î»â‚: 1.00e+00
    storage (bw, fw, fw0): [1 * ndarray(1000)] (374.7 MB), None, None
    fw_states_T norm: 1.000008
    Ï„: (7.62e-01:0.00Ï€)
    qubit error: 2.4e-01
Iteration 49
    duration: 112.8 secs (started at 2021-04-20 20:39:32)
    optimized pulses (ranges): [-1.76, 1.05]
    âˆ«gâ‚(t)dt: 9.47e-04
    Î»â‚: 1.00e+00
    storage (bw, fw, fw0): [1 * ndarray(1000)] (374.7 MB), None, None
    fw_states_T norm: 1.000019
    Ï„: (7.62e-01:0.00Ï€)
    qubit error: 2.4e-01
Iteration 50
    duration: 108.7 secs (started at 2021-04-20 20:41:25)
    optimized pulses (ranges): [-1.79, 1.06]
    âˆ«gâ‚(t)dt: 1.02e-03
    Î»â‚: 1.00e+00
    storage (bw, fw, fw0): [1 * ndarray(1000)] (374.7 MB), None, None
    fw_states_T norm: 1.000016
    Ï„: (7.63e-01:0.00Ï€)
    qubit error: 2.4e-01
Iteration 51
    duration: 108.2 secs (started at 2021-04-20 20:43:14)
    optimized pulses (ranges): [-1.82, 1.06]
    âˆ«gâ‚(t)dt: 1.20e-03
    Î»â‚: 1.00e+00
    storage (bw, fw, fw0): [1 * ndarray(1000)] (374.7 MB), None, None
    fw_states_T norm: 1.000006
    Ï„: (7.64e-01:0.00Ï€)
    qubit error: 2.4e-01
Iteration 52
    duration: 107.7 secs (started at 2021-04-20 20:45:02)
    optimized pulses (ranges): [-1.85, 1.07]
    âˆ«gâ‚(t)dt: 1.12e-03
    Î»â‚: 1.00e+00
    storage (bw, fw, fw0): [1 * ndarray(1000)] (374.7 MB), None, None
    fw_states_T norm: 1.000007
    Ï„: (7.64e-01:0.00Ï€)
    qubit error: 2.4e-01
Iteration 53
    duration: 107.8 secs (started at 2021-04-20 20:46:50)
    optimized pulses (ranges): [-1.87, 1.07]
    âˆ«gâ‚(t)dt: 1.01e-03
    Î»â‚: 1.00e+00
    storage (bw, fw, fw0): [1 * ndarray(1000)] (374.7 MB), None, None
    fw_states_T norm: 1.000007
    Ï„: (7.65e-01:0.00Ï€)
    qubit error: 2.4e-01
Iteration 54
    duration: 108.1 secs (started at 2021-04-20 20:48:38)
    optimized pulses (ranges): [-1.90, 1.08]
    âˆ«gâ‚(t)dt: 1.03e-03
    Î»â‚: 1.00e+00
    storage (bw, fw, fw0): [1 * ndarray(1000)] (374.7 MB), None, None
    fw_states_T norm: 1.000008
    Ï„: (7.65e-01:0.00Ï€)
    qubit error: 2.3e-01
Iteration 55
    duration: 107.0 secs (started at 2021-04-20 20:50:26)
    optimized pulses (ranges): [-1.93, 1.08]
    âˆ«gâ‚(t)dt: 1.03e-03
    Î»â‚: 1.00e+00
    storage (bw, fw, fw0): [1 * ndarray(1000)] (374.7 MB), None, None
    fw_states_T norm: 1.000008
    Ï„: (7.66e-01:0.00Ï€)
    qubit error: 2.3e-01
Iteration 56
    duration: 108.4 secs (started at 2021-04-20 20:52:13)
    optimized pulses (ranges): [-1.96, 1.08]
    âˆ«gâ‚(t)dt: 9.72e-04
    Î»â‚: 1.00e+00
    storage (bw, fw, fw0): [1 * ndarray(1000)] (374.7 MB), None, None
    fw_states_T norm: 1.000007
    Ï„: (7.66e-01:0.00Ï€)
    qubit error: 2.3e-01
Iteration 57
    duration: 108.5 secs (started at 2021-04-20 20:54:01)
    optimized pulses (ranges): [-1.98, 1.09]
    âˆ«gâ‚(t)dt: 9.60e-04
    Î»â‚: 1.00e+00
    storage (bw, fw, fw0): [1 * ndarray(1000)] (374.7 MB), None, None
    fw_states_T norm: 1.000007
    Ï„: (7.67e-01:0.00Ï€)
    qubit error: 2.3e-01
Iteration 58
    duration: 108.5 secs (started at 2021-04-20 20:55:50)
    optimized pulses (ranges): [-2.01, 1.09]
    âˆ«gâ‚(t)dt: 9.65e-04
    Î»â‚: 1.00e+00
    storage (bw, fw, fw0): [1 * ndarray(1000)] (374.7 MB), None, None
    fw_states_T norm: 1.000008
    Ï„: (7.67e-01:0.00Ï€)
    qubit error: 2.3e-01
Iteration 59
    duration: 107.9 secs (started at 2021-04-20 20:57:38)
    optimized pulses (ranges): [-2.04, 1.10]
    âˆ«gâ‚(t)dt: 9.87e-04
    Î»â‚: 1.00e+00
    storage (bw, fw, fw0): [1 * ndarray(1000)] (374.7 MB), None, None
    fw_states_T norm: 1.000008
    Ï„: (7.68e-01:0.00Ï€)
    qubit error: 2.3e-01
Iteration 60
    duration: 107.8 secs (started at 2021-04-20 20:59:26)
    optimized pulses (ranges): [-2.07, 1.10]
    âˆ«gâ‚(t)dt: 1.01e-03
    Î»â‚: 1.00e+00
    storage (bw, fw, fw0): [1 * ndarray(1000)] (374.7 MB), None, None
    fw_states_T norm: 1.000008
    Ï„: (7.68e-01:0.00Ï€)
    qubit error: 2.3e-01
Iteration 61
    duration: 107.5 secs (started at 2021-04-20 21:01:14)
    optimized pulses (ranges): [-2.09, 1.10]
    âˆ«gâ‚(t)dt: 9.31e-04
    Î»â‚: 1.00e+00
    storage (bw, fw, fw0): [1 * ndarray(1000)] (374.7 MB), None, None
    fw_states_T norm: 1.000008
    Ï„: (7.68e-01:0.00Ï€)
    qubit error: 2.3e-01
Iteration 62
    duration: 107.9 secs (started at 2021-04-20 21:03:01)
    optimized pulses (ranges): [-2.12, 1.11]
    âˆ«gâ‚(t)dt: 9.18e-04
    Î»â‚: 1.00e+00
    storage (bw, fw, fw0): [1 * ndarray(1000)] (374.7 MB), None, None
    fw_states_T norm: 1.000009
    Ï„: (7.69e-01:0.00Ï€)
    qubit error: 2.3e-01
Iteration 63
    duration: 107.8 secs (started at 2021-04-20 21:04:49)
    optimized pulses (ranges): [-2.15, 1.11]
    âˆ«gâ‚(t)dt: 9.02e-04
    Î»â‚: 1.00e+00
    storage (bw, fw, fw0): [1 * ndarray(1000)] (374.7 MB), None, None
    fw_states_T norm: 1.000008
    Ï„: (7.69e-01:0.00Ï€)
    qubit error: 2.3e-01
Iteration 64
    duration: 107.6 secs (started at 2021-04-20 21:06:37)
    optimized pulses (ranges): [-2.17, 1.11]
    âˆ«gâ‚(t)dt: 9.06e-04
    Î»â‚: 1.00e+00
    storage (bw, fw, fw0): [1 * ndarray(1000)] (374.7 MB), None, None
    fw_states_T norm: 1.000008
    Ï„: (7.70e-01:0.00Ï€)
    qubit error: 2.3e-01
Iteration 65
    duration: 107.7 secs (started at 2021-04-20 21:08:25)
    optimized pulses (ranges): [-2.20, 1.12]
    âˆ«gâ‚(t)dt: 8.35e-04
    Î»â‚: 1.00e+00
    storage (bw, fw, fw0): [1 * ndarray(1000)] (374.7 MB), None, None
    fw_states_T norm: 1.000008
    Ï„: (7.70e-01:0.00Ï€)
    qubit error: 2.3e-01
Iteration 66
    duration: 107.2 secs (started at 2021-04-20 21:10:12)
    optimized pulses (ranges): [-2.23, 1.12]
    âˆ«gâ‚(t)dt: 8.65e-04
    Î»â‚: 1.00e+00
    storage (bw, fw, fw0): [1 * ndarray(1000)] (374.7 MB), None, None
    fw_states_T norm: 1.000008
    Ï„: (7.70e-01:0.00Ï€)
    qubit error: 2.3e-01
Iteration 67
    duration: 107.6 secs (started at 2021-04-20 21:12:00)
    optimized pulses (ranges): [-2.25, 1.12]
    âˆ«gâ‚(t)dt: 8.78e-04
    Î»â‚: 1.00e+00
    storage (bw, fw, fw0): [1 * ndarray(1000)] (374.7 MB), None, None
    fw_states_T norm: 1.000008
    Ï„: (7.71e-01:0.00Ï€)
    qubit error: 2.3e-01
Iteration 68
    duration: 107.6 secs (started at 2021-04-20 21:13:47)
    optimized pulses (ranges): [-2.28, 1.13]
    âˆ«gâ‚(t)dt: 8.94e-04
    Î»â‚: 1.00e+00
    storage (bw, fw, fw0): [1 * ndarray(1000)] (374.7 MB), None, None
    fw_states_T norm: 1.000008
    Ï„: (7.71e-01:0.00Ï€)
    qubit error: 2.3e-01
Iteration 69
    duration: 107.9 secs (started at 2021-04-20 21:15:35)
    optimized pulses (ranges): [-2.31, 1.13]
    âˆ«gâ‚(t)dt: 8.15e-04
    Î»â‚: 1.00e+00
    storage (bw, fw, fw0): [1 * ndarray(1000)] (374.7 MB), None, None
    fw_states_T norm: 1.000008
    Ï„: (7.71e-01:0.00Ï€)
    qubit error: 2.3e-01
Iteration 70
    duration: 107.9 secs (started at 2021-04-20 21:17:23)
    optimized pulses (ranges): [-2.33, 1.13]
    âˆ«gâ‚(t)dt: 8.12e-04
    Î»â‚: 1.00e+00
    storage (bw, fw, fw0): [1 * ndarray(1000)] (374.7 MB), None, None
    fw_states_T norm: 1.000008
    Ï„: (7.71e-01:0.00Ï€)
    qubit error: 2.3e-01
Iteration 71
    duration: 108.4 secs (started at 2021-04-20 21:19:11)
    optimized pulses (ranges): [-2.36, 1.13]
    âˆ«gâ‚(t)dt: 9.79e-04
    Î»â‚: 1.00e+00
    storage (bw, fw, fw0): [1 * ndarray(1000)] (374.7 MB), None, None
    fw_states_T norm: 1.000008
    Ï„: (7.72e-01:0.00Ï€)
    qubit error: 2.3e-01
Iteration 72
    duration: 108.7 secs (started at 2021-04-20 21:20:59)
    optimized pulses (ranges): [-2.39, 1.13]
    âˆ«gâ‚(t)dt: 7.94e-04
    Î»â‚: 1.00e+00
    storage (bw, fw, fw0): [1 * ndarray(1000)] (374.7 MB), None, None
    fw_states_T norm: 1.000008
    Ï„: (7.72e-01:0.00Ï€)
    qubit error: 2.3e-01
Iteration 73
    duration: 108.9 secs (started at 2021-04-20 21:22:48)
    optimized pulses (ranges): [-2.41, 1.14]
    âˆ«gâ‚(t)dt: 7.81e-04
    Î»â‚: 1.00e+00
    storage (bw, fw, fw0): [1 * ndarray(1000)] (374.7 MB), None, None
    fw_states_T norm: 1.000008
    Ï„: (7.72e-01:0.00Ï€)
    qubit error: 2.3e-01
Iteration 74
    duration: 108.8 secs (started at 2021-04-20 21:24:37)
    optimized pulses (ranges): [-2.44, 1.14]
    âˆ«gâ‚(t)dt: 8.73e-04
    Î»â‚: 1.00e+00
    storage (bw, fw, fw0): [1 * ndarray(1000)] (374.7 MB), None, None
    fw_states_T norm: 1.000008
    Ï„: (7.72e-01:0.00Ï€)
    qubit error: 2.3e-01
Iteration 75
    duration: 109.1 secs (started at 2021-04-20 21:26:26)
    optimized pulses (ranges): [-2.47, 1.14]
    âˆ«gâ‚(t)dt: 8.81e-04
    Î»â‚: 1.00e+00
    storage (bw, fw, fw0): [1 * ndarray(1000)] (374.7 MB), None, None
    fw_states_T norm: 1.000008
    Ï„: (7.73e-01:0.00Ï€)
    qubit error: 2.3e-01
Iteration 76
    duration: 108.7 secs (started at 2021-04-20 21:28:15)
    optimized pulses (ranges): [-2.50, 1.14]
    âˆ«gâ‚(t)dt: 8.26e-04
    Î»â‚: 1.00e+00
    storage (bw, fw, fw0): [1 * ndarray(1000)] (374.7 MB), None, None
    fw_states_T norm: 1.000008
    Ï„: (7.73e-01:0.00Ï€)
    qubit error: 2.3e-01
Iteration 77
    duration: 108.5 secs (started at 2021-04-20 21:30:04)
    optimized pulses (ranges): [-2.52, 1.14]
    âˆ«gâ‚(t)dt: 8.64e-04
    Î»â‚: 1.00e+00
    storage (bw, fw, fw0): [1 * ndarray(1000)] (374.7 MB), None, None
    fw_states_T norm: 1.000008
    Ï„: (7.73e-01:0.00Ï€)
    qubit error: 2.3e-01
Iteration 78
    duration: 108.9 secs (started at 2021-04-20 21:31:52)
    optimized pulses (ranges): [-2.55, 1.15]
    âˆ«gâ‚(t)dt: 8.70e-04
    Î»â‚: 1.00e+00
    storage (bw, fw, fw0): [1 * ndarray(1000)] (374.7 MB), None, None
    fw_states_T norm: 1.000009
    Ï„: (7.73e-01:0.00Ï€)
    qubit error: 2.3e-01
Iteration 79
    duration: 108.8 secs (started at 2021-04-20 21:33:41)
    optimized pulses (ranges): [-2.58, 1.15]
    âˆ«gâ‚(t)dt: 7.52e-04
    Î»â‚: 1.00e+00
    storage (bw, fw, fw0): [1 * ndarray(1000)] (374.7 MB), None, None
    fw_states_T norm: 1.000009
    Ï„: (7.73e-01:0.00Ï€)
    qubit error: 2.3e-01
Iteration 80
    duration: 109.3 secs (started at 2021-04-20 21:35:30)
    optimized pulses (ranges): [-2.61, 1.15]
    âˆ«gâ‚(t)dt: 8.23e-04
    Î»â‚: 1.00e+00
    storage (bw, fw, fw0): [1 * ndarray(1000)] (374.7 MB), None, None
    fw_states_T norm: 1.000009
    Ï„: (7.74e-01:0.00Ï€)
    qubit error: 2.3e-01
Iteration 81
    duration: 109.5 secs (started at 2021-04-20 21:37:19)
    optimized pulses (ranges): [-2.63, 1.15]
    âˆ«gâ‚(t)dt: 7.93e-04
    Î»â‚: 1.00e+00
    storage (bw, fw, fw0): [1 * ndarray(1000)] (374.7 MB), None, None
    fw_states_T norm: 1.000010
    Ï„: (7.74e-01:0.00Ï€)
    qubit error: 2.3e-01
Iteration 82
    duration: 109.5 secs (started at 2021-04-20 21:39:09)
    optimized pulses (ranges): [-2.66, 1.15]
    âˆ«gâ‚(t)dt: 7.95e-04
    Î»â‚: 1.00e+00
    storage (bw, fw, fw0): [1 * ndarray(1000)] (374.7 MB), None, None
    fw_states_T norm: 1.000009
    Ï„: (7.74e-01:0.00Ï€)
    qubit error: 2.3e-01
Iteration 83
    duration: 109.8 secs (started at 2021-04-20 21:40:58)
    optimized pulses (ranges): [-2.69, 1.15]
    âˆ«gâ‚(t)dt: 7.36e-04
    Î»â‚: 1.00e+00
    storage (bw, fw, fw0): [1 * ndarray(1000)] (374.7 MB), None, None
    fw_states_T norm: 1.000008
    Ï„: (7.74e-01:0.00Ï€)
    qubit error: 2.3e-01
Iteration 84
    duration: 109.5 secs (started at 2021-04-20 21:42:48)
    optimized pulses (ranges): [-2.71, 1.15]
    âˆ«gâ‚(t)dt: 7.76e-04
    Î»â‚: 1.00e+00
    storage (bw, fw, fw0): [1 * ndarray(1000)] (374.7 MB), None, None
    fw_states_T norm: 1.000008
    Ï„: (7.74e-01:0.00Ï€)
    qubit error: 2.3e-01
Iteration 85
    duration: 109.8 secs (started at 2021-04-20 21:44:38)
    optimized pulses (ranges): [-2.74, 1.16]
    âˆ«gâ‚(t)dt: 8.34e-04
    Î»â‚: 1.00e+00
    storage (bw, fw, fw0): [1 * ndarray(1000)] (374.7 MB), None, None
    fw_states_T norm: 1.000007
    Ï„: (7.75e-01:0.00Ï€)
    qubit error: 2.3e-01
Iteration 86
    duration: 109.6 secs (started at 2021-04-20 21:46:27)
    optimized pulses (ranges): [-2.77, 1.16]
    âˆ«gâ‚(t)dt: 7.36e-04
    Î»â‚: 1.00e+00
    storage (bw, fw, fw0): [1 * ndarray(1000)] (374.7 MB), None, None
    fw_states_T norm: 1.000008
    Ï„: (7.75e-01:0.00Ï€)
    qubit error: 2.3e-01
Iteration 87
    duration: 109.6 secs (started at 2021-04-20 21:48:17)
    optimized pulses (ranges): [-2.80, 1.16]
    âˆ«gâ‚(t)dt: 8.18e-04
    Î»â‚: 1.00e+00
    storage (bw, fw, fw0): [1 * ndarray(1000)] (374.7 MB), None, None
    fw_states_T norm: 1.000008
    Ï„: (7.75e-01:0.00Ï€)
    qubit error: 2.3e-01
Iteration 88
    duration: 109.6 secs (started at 2021-04-20 21:50:07)
    optimized pulses (ranges): [-2.82, 1.16]
    âˆ«gâ‚(t)dt: 8.45e-04
    Î»â‚: 1.00e+00
    storage (bw, fw, fw0): [1 * ndarray(1000)] (374.7 MB), None, None
    fw_states_T norm: 1.000008
    Ï„: (7.75e-01:0.00Ï€)
    qubit error: 2.3e-01
Iteration 89
    duration: 109.7 secs (started at 2021-04-20 21:51:56)
    optimized pulses (ranges): [-2.85, 1.16]
    âˆ«gâ‚(t)dt: 8.18e-04
    Î»â‚: 1.00e+00
    storage (bw, fw, fw0): [1 * ndarray(1000)] (374.7 MB), None, None
    fw_states_T norm: 1.000009
    Ï„: (7.75e-01:0.00Ï€)
    qubit error: 2.2e-01
Iteration 90
    duration: 109.6 secs (started at 2021-04-20 21:53:46)
    optimized pulses (ranges): [-2.88, 1.16]
    âˆ«gâ‚(t)dt: 7.19e-04
    Î»â‚: 1.00e+00
    storage (bw, fw, fw0): [1 * ndarray(1000)] (374.7 MB), None, None
    fw_states_T norm: 1.000009
    Ï„: (7.75e-01:0.00Ï€)
    qubit error: 2.2e-01
Iteration 91
    duration: 110.1 secs (started at 2021-04-20 21:55:35)
    optimized pulses (ranges): [-2.91, 1.16]
    âˆ«gâ‚(t)dt: 8.25e-04
    Î»â‚: 1.00e+00
    storage (bw, fw, fw0): [1 * ndarray(1000)] (374.7 MB), None, None
    fw_states_T norm: 1.000009
    Ï„: (7.75e-01:0.00Ï€)
    qubit error: 2.2e-01
Iteration 92
    duration: 109.9 secs (started at 2021-04-20 21:57:26)
    optimized pulses (ranges): [-2.93, 1.16]
    âˆ«gâ‚(t)dt: 7.31e-04
    Î»â‚: 1.00e+00
    storage (bw, fw, fw0): [1 * ndarray(1000)] (374.7 MB), None, None
    fw_states_T norm: 1.000008
    Ï„: (7.75e-01:0.00Ï€)
    qubit error: 2.2e-01
Iteration 93
    duration: 110.2 secs (started at 2021-04-20 21:59:16)
    optimized pulses (ranges): [-2.96, 1.16]
    âˆ«gâ‚(t)dt: 7.15e-04
    Î»â‚: 1.00e+00
    storage (bw, fw, fw0): [1 * ndarray(1000)] (374.7 MB), None, None
    fw_states_T norm: 1.000008
    Ï„: (7.76e-01:0.00Ï€)
    qubit error: 2.2e-01
Iteration 94
    duration: 110.9 secs (started at 2021-04-20 22:01:06)
    optimized pulses (ranges): [-2.99, 1.16]
    âˆ«gâ‚(t)dt: 7.72e-04
    Î»â‚: 1.00e+00
    storage (bw, fw, fw0): [1 * ndarray(1000)] (374.7 MB), None, None
    fw_states_T norm: 1.000009
    Ï„: (7.76e-01:0.00Ï€)
    qubit error: 2.2e-01
Iteration 95
    duration: 110.4 secs (started at 2021-04-20 22:02:57)
    optimized pulses (ranges): [-3.02, 1.17]
    âˆ«gâ‚(t)dt: 7.90e-04
    Î»â‚: 1.00e+00
    storage (bw, fw, fw0): [1 * ndarray(1000)] (374.7 MB), None, None
    fw_states_T norm: 1.000008
    Ï„: (7.76e-01:0.00Ï€)
    qubit error: 2.2e-01
Iteration 96
    duration: 110.6 secs (started at 2021-04-20 22:04:47)
    optimized pulses (ranges): [-3.04, 1.17]
    âˆ«gâ‚(t)dt: 8.37e-04
    Î»â‚: 1.00e+00
    storage (bw, fw, fw0): [1 * ndarray(1000)] (374.7 MB), None, None
    fw_states_T norm: 1.000009
    Ï„: (7.76e-01:0.00Ï€)
    qubit error: 2.2e-01
Iteration 97
    duration: 110.1 secs (started at 2021-04-20 22:06:38)
    optimized pulses (ranges): [-3.07, 1.17]
    âˆ«gâ‚(t)dt: 7.14e-04
    Î»â‚: 1.00e+00
    storage (bw, fw, fw0): [1 * ndarray(1000)] (374.7 MB), None, None
    fw_states_T norm: 1.000009
    Ï„: (7.76e-01:0.00Ï€)
    qubit error: 2.2e-01
Iteration 98
    duration: 111.1 secs (started at 2021-04-20 22:08:28)
    optimized pulses (ranges): [-3.10, 1.17]
    âˆ«gâ‚(t)dt: 7.77e-04
    Î»â‚: 1.00e+00
    storage (bw, fw, fw0): [1 * ndarray(1000)] (374.7 MB), None, None
    fw_states_T norm: 1.000010
    Ï„: (7.76e-01:0.00Ï€)
    qubit error: 2.2e-01
Iteration 99
    duration: 110.9 secs (started at 2021-04-20 22:10:19)
    optimized pulses (ranges): [-3.13, 1.17]
    âˆ«gâ‚(t)dt: 6.71e-04
    Î»â‚: 1.00e+00
    storage (bw, fw, fw0): [1 * ndarray(1000)] (374.7 MB), None, None
    fw_states_T norm: 1.000010
    Ï„: (7.76e-01:0.00Ï€)
    qubit error: 2.2e-01
Iteration 100
    duration: 111.3 secs (started at 2021-04-20 22:12:10)
    optimized pulses (ranges): [-3.15, 1.17]
    âˆ«gâ‚(t)dt: 6.63e-04
    Î»â‚: 1.00e+00
    storage (bw, fw, fw0): [1 * ndarray(1000)] (374.7 MB), None, None
    fw_states_T norm: 1.000009
    Ï„: (7.76e-01:0.00Ï€)
    qubit error: 2.2e-01
Iteration 101
    duration: 111.0 secs (started at 2021-04-20 22:14:01)
    optimized pulses (ranges): [-3.18, 1.17]
    âˆ«gâ‚(t)dt: 8.22e-04
    Î»â‚: 1.00e+00
    storage (bw, fw, fw0): [1 * ndarray(1000)] (374.7 MB), None, None
    fw_states_T norm: 1.000009
    Ï„: (7.76e-01:0.00Ï€)
    qubit error: 2.2e-01
Iteration 102
    duration: 111.1 secs (started at 2021-04-20 22:15:52)
    optimized pulses (ranges): [-3.21, 1.17]
    âˆ«gâ‚(t)dt: 6.32e-04
    Î»â‚: 1.00e+00
    storage (bw, fw, fw0): [1 * ndarray(1000)] (374.7 MB), None, None
    fw_states_T norm: 1.000009
    Ï„: (7.77e-01:0.00Ï€)
    qubit error: 2.2e-01
Iteration 103
    duration: 111.0 secs (started at 2021-04-20 22:17:43)
    optimized pulses (ranges): [-3.24, 1.17]
    âˆ«gâ‚(t)dt: 7.74e-04
    Î»â‚: 1.00e+00
    storage (bw, fw, fw0): [1 * ndarray(1000)] (374.7 MB), None, None
    fw_states_T norm: 1.000010
    Ï„: (7.77e-01:0.00Ï€)
    qubit error: 2.2e-01
Iteration 104
    duration: 111.3 secs (started at 2021-04-20 22:19:34)
    optimized pulses (ranges): [-3.27, 1.17]
    âˆ«gâ‚(t)dt: 7.56e-04
    Î»â‚: 1.00e+00
    storage (bw, fw, fw0): [1 * ndarray(1000)] (374.7 MB), None, None
    fw_states_T norm: 1.000010
    Ï„: (7.77e-01:0.00Ï€)
    qubit error: 2.2e-01
Iteration 105
    duration: 111.1 secs (started at 2021-04-20 22:21:26)
    optimized pulses (ranges): [-3.30, 1.17]
    âˆ«gâ‚(t)dt: 8.65e-04
    Î»â‚: 1.00e+00
    storage (bw, fw, fw0): [1 * ndarray(1000)] (374.7 MB), None, None
    fw_states_T norm: 1.000009
    Ï„: (7.77e-01:0.00Ï€)
    qubit error: 2.2e-01
Iteration 106
    duration: 111.5 secs (started at 2021-04-20 22:23:17)
    optimized pulses (ranges): [-3.33, 1.17]
    âˆ«gâ‚(t)dt: 8.58e-04
    Î»â‚: 1.00e+00
    storage (bw, fw, fw0): [1 * ndarray(1000)] (374.7 MB), None, None
    fw_states_T norm: 1.000009
    Ï„: (7.77e-01:0.00Ï€)
    qubit error: 2.2e-01
Iteration 107
    duration: 111.3 secs (started at 2021-04-20 22:25:08)
    optimized pulses (ranges): [-3.35, 1.17]
    âˆ«gâ‚(t)dt: 7.71e-04
    Î»â‚: 1.00e+00
    storage (bw, fw, fw0): [1 * ndarray(1000)] (374.7 MB), None, None
    fw_states_T norm: 1.000010
    Ï„: (7.77e-01:0.00Ï€)
    qubit error: 2.2e-01
Iteration 108
    duration: 111.6 secs (started at 2021-04-20 22:27:00)
    optimized pulses (ranges): [-3.38, 1.17]
    âˆ«gâ‚(t)dt: 7.46e-04
    Î»â‚: 1.00e+00
    storage (bw, fw, fw0): [1 * ndarray(1000)] (374.7 MB), None, None
    fw_states_T norm: 1.000009
    Ï„: (7.77e-01:0.00Ï€)
    qubit error: 2.2e-01
Iteration 109
    duration: 111.7 secs (started at 2021-04-20 22:28:51)
    optimized pulses (ranges): [-3.41, 1.17]
    âˆ«gâ‚(t)dt: 7.41e-04
    Î»â‚: 1.00e+00
    storage (bw, fw, fw0): [1 * ndarray(1000)] (374.7 MB), None, None
    fw_states_T norm: 1.000009
    Ï„: (7.77e-01:0.00Ï€)
    qubit error: 2.2e-01
Iteration 110
    duration: 111.8 secs (started at 2021-04-20 22:30:43)
    optimized pulses (ranges): [-3.44, 1.17]
    âˆ«gâ‚(t)dt: 7.24e-04
    Î»â‚: 1.00e+00
    storage (bw, fw, fw0): [1 * ndarray(1000)] (374.7 MB), None, None
    fw_states_T norm: 1.000009
    Ï„: (7.77e-01:0.00Ï€)
    qubit error: 2.2e-01
Iteration 111
    duration: 112.1 secs (started at 2021-04-20 22:32:35)
    optimized pulses (ranges): [-3.47, 1.17]
    âˆ«gâ‚(t)dt: 7.73e-04
    Î»â‚: 1.00e+00
    storage (bw, fw, fw0): [1 * ndarray(1000)] (374.7 MB), None, None
    fw_states_T norm: 1.000009
    Ï„: (7.77e-01:0.00Ï€)
    qubit error: 2.2e-01
Iteration 112
    duration: 112.1 secs (started at 2021-04-20 22:34:27)
    optimized pulses (ranges): [-3.49, 1.17]
    âˆ«gâ‚(t)dt: 7.87e-04
    Î»â‚: 1.00e+00
    storage (bw, fw, fw0): [1 * ndarray(1000)] (374.7 MB), None, None
    fw_states_T norm: 1.000010
    Ï„: (7.77e-01:0.00Ï€)
    qubit error: 2.2e-01
Iteration 113
    duration: 111.7 secs (started at 2021-04-20 22:36:19)
    optimized pulses (ranges): [-3.52, 1.17]
    âˆ«gâ‚(t)dt: 7.16e-04
    Î»â‚: 1.00e+00
    storage (bw, fw, fw0): [1 * ndarray(1000)] (374.7 MB), None, None
    fw_states_T norm: 1.000010
    Ï„: (7.77e-01:0.00Ï€)
    qubit error: 2.2e-01
Iteration 114
    duration: 112.0 secs (started at 2021-04-20 22:38:11)
    optimized pulses (ranges): [-3.55, 1.17]
    âˆ«gâ‚(t)dt: 7.99e-04
    Î»â‚: 1.00e+00
    storage (bw, fw, fw0): [1 * ndarray(1000)] (374.7 MB), None, None
    fw_states_T norm: 1.000009
    Ï„: (7.77e-01:0.00Ï€)
    qubit error: 2.2e-01
Iteration 115
    duration: 112.0 secs (started at 2021-04-20 22:40:03)
    optimized pulses (ranges): [-3.58, 1.17]
    âˆ«gâ‚(t)dt: 8.10e-04
    Î»â‚: 1.00e+00
    storage (bw, fw, fw0): [1 * ndarray(1000)] (374.7 MB), None, None
    fw_states_T norm: 1.000010
    Ï„: (7.77e-01:0.00Ï€)
    qubit error: 2.2e-01
Iteration 116
    duration: 112.3 secs (started at 2021-04-20 22:41:55)
    optimized pulses (ranges): [-3.61, 1.17]
    âˆ«gâ‚(t)dt: 7.76e-04
    Î»â‚: 1.00e+00
    storage (bw, fw, fw0): [1 * ndarray(1000)] (374.7 MB), None, None
    fw_states_T norm: 1.000009
    Ï„: (7.78e-01:0.00Ï€)
    qubit error: 2.2e-01
Iteration 117
    duration: 112.3 secs (started at 2021-04-20 22:43:47)
    optimized pulses (ranges): [-3.64, 1.17]
    âˆ«gâ‚(t)dt: 8.58e-04
    Î»â‚: 1.00e+00
    storage (bw, fw, fw0): [1 * ndarray(1000)] (374.7 MB), None, None
    fw_states_T norm: 1.000009
    Ï„: (7.78e-01:0.00Ï€)
<stdin>:155: RuntimeWarning: overflow encountered in exp
No handles with labels found to put in legend.
    qubit error: 2.2e-01
The following plots are for the number of levels n=  70
Final energy of the battery is  0.8405693726246946
Final ergotropy is  0.6861250180841632
Traceback (most recent call last):
  File "<stdin>", line 445, in <module>
TypeError: bad operand type for unary +: 'str'
