 'tryton/binutils/2.34' load complete.
 'tryton/compiler/gcc/7.4' load complete.
 'tryton/python3/3.5.6' load complete.

Loading tryton/python3/3.5.6
  Loading requirement: tryton/binutils/2.34 tryton/compiler/gcc/7.4
Quantum object: dims = [[2, 2, 2, 2, 2, 2, 2, 2], [2, 2, 2, 2, 2, 2, 2, 2]], shape = (256, 256), type = oper, isherm = True
Qobj data =
[[1. 0. 0. ... 0. 0. 0.]
 [0. 0. 0. ... 0. 0. 0.]
 [0. 0. 0. ... 0. 0. 0.]
 ...
 [0. 0. 0. ... 0. 0. 0.]
 [0. 0. 0. ... 0. 0. 0.]
 [0. 0. 0. ... 0. 0. 0.]]
Quantum object: dims = [[2, 2, 2, 2, 2, 2, 2, 2], [2, 2, 2, 2, 2, 2, 2, 2]], shape = (256, 256), type = oper, isherm = True
Qobj data =
[[0. 0. 0. ... 0. 0. 0.]
 [0. 0. 0. ... 0. 0. 0.]
 [0. 0. 0. ... 0. 0. 0.]
 ...
 [0. 0. 0. ... 0. 0. 0.]
 [0. 0. 0. ... 0. 0. 0.]
 [0. 0. 0. ... 0. 0. 0.]]
Iteration 0
    objectives:
        1:Ïâ‚€[2âŠ—2âŠ—2âŠ—2âŠ—2âŠ—2âŠ—2âŠ—2,2âŠ—2âŠ—2âŠ—2âŠ—2âŠ—2âŠ—2âŠ—2] to Ïâ‚[2âŠ—2âŠ—2âŠ—2âŠ—2âŠ—2âŠ—2âŠ—2,2âŠ—2âŠ—2âŠ—2âŠ—2âŠ—2âŠ—2âŠ—2] via [ğ“›â‚€[[2âŠ—2âŠ—2âŠ—2âŠ—2âŠ—2âŠ—2âŠ—2,2âŠ—2âŠ—2âŠ—2âŠ—2âŠ—2âŠ—2âŠ—2],[2âŠ—2âŠ—2âŠ—2âŠ—2âŠ—2âŠ—2âŠ—2,2âŠ—2âŠ—2âŠ—2âŠ—2âŠ—2âŠ—2âŠ—2]], [ğ“›â‚[[2âŠ—2âŠ—2âŠ—2âŠ—2âŠ—2âŠ—2âŠ—2,2âŠ—2âŠ—2âŠ—2âŠ—2âŠ—2âŠ—2âŠ—2],[2âŠ—2âŠ—2âŠ—2âŠ—2âŠ—2âŠ—2âŠ—2,2âŠ—2âŠ—2âŠ—2âŠ—2âŠ—2âŠ—2âŠ—2]], uâ‚(t)]]
    adjoint objectives:
        1:Ïâ‚‚[2âŠ—2âŠ—2âŠ—2âŠ—2âŠ—2âŠ—2âŠ—2,2âŠ—2âŠ—2âŠ—2âŠ—2âŠ—2âŠ—2âŠ—2] to Ïâ‚ƒ[2âŠ—2âŠ—2âŠ—2âŠ—2âŠ—2âŠ—2âŠ—2,2âŠ—2âŠ—2âŠ—2âŠ—2âŠ—2âŠ—2âŠ—2] via [ğ“›â‚‚[[2âŠ—2âŠ—2âŠ—2âŠ—2âŠ—2âŠ—2âŠ—2,2âŠ—2âŠ—2âŠ—2âŠ—2âŠ—2âŠ—2âŠ—2],[2âŠ—2âŠ—2âŠ—2âŠ—2âŠ—2âŠ—2âŠ—2,2âŠ—2âŠ—2âŠ—2âŠ—2âŠ—2âŠ—2âŠ—2]], [ğ“›â‚ƒ[[2âŠ—2âŠ—2âŠ—2âŠ—2âŠ—2âŠ—2âŠ—2,2âŠ—2âŠ—2âŠ—2âŠ—2âŠ—2âŠ—2âŠ—2],[2âŠ—2âŠ—2âŠ—2âŠ—2âŠ—2âŠ—2âŠ—2,2âŠ—2âŠ—2âŠ—2âŠ—2âŠ—2âŠ—2âŠ—2]], uâ‚(t)]]
    chi_constructor: chis_qubit
    mu: derivative_wrt_pulse
    S(t) (ranges): [0.000000, 1.000000]
    iter_start: 0
    iter_stop: 20000
    duration: 21.0 secs (started at 2021-04-09 09:16:34)
    optimized pulses (ranges): [0.00, 5.00]
    âˆ«gâ‚(t)dt: 0.00e+00
    Î»â‚: 1.00e+00
    storage (bw, fw, fw0): None, None, None
    fw_states_T norm: 1.000000
    Ï„: (5.11e-02:0.00Ï€)
    qubit error: 9.1e-01
Iteration 1
    duration: 270.2 secs (started at 2021-04-09 09:16:55)
    optimized pulses (ranges): [0.00, 5.09]
    âˆ«gâ‚(t)dt: 1.41e-02
    Î»â‚: 1.00e+00
    storage (bw, fw, fw0): [1 * ndarray(1000)] (1251.4 MB), None, None
    fw_states_T norm: 1.000000
    Ï„: (6.01e-02:0.00Ï€)
    qubit error: 9.0e-01
Iteration 2
    duration: 384.4 secs (started at 2021-04-09 09:21:25)
    optimized pulses (ranges): [0.00, 5.19]
    âˆ«gâ‚(t)dt: 1.67e-02
    Î»â‚: 1.00e+00
    storage (bw, fw, fw0): [1 * ndarray(1000)] (1251.4 MB), None, None
    fw_states_T norm: 1.000000
    Ï„: (7.03e-02:0.00Ï€)
    qubit error: 8.8e-01
Iteration 3
    duration: 412.0 secs (started at 2021-04-09 09:27:50)
    optimized pulses (ranges): [0.00, 5.29]
    âˆ«gâ‚(t)dt: 1.94e-02
    Î»â‚: 1.00e+00
    storage (bw, fw, fw0): [1 * ndarray(1000)] (1251.4 MB), None, None
    fw_states_T norm: 1.000000
    Ï„: (8.18e-02:0.00Ï€)
    qubit error: 8.6e-01
Iteration 4
    duration: 429.3 secs (started at 2021-04-09 09:34:42)
    optimized pulses (ranges): [0.00, 5.41]
    âˆ«gâ‚(t)dt: 2.20e-02
    Î»â‚: 1.00e+00
    storage (bw, fw, fw0): [1 * ndarray(1000)] (1251.4 MB), None, None
    fw_states_T norm: 1.000000
    Ï„: (9.43e-02:0.00Ï€)
    qubit error: 8.4e-01
Iteration 5
    duration: 434.9 secs (started at 2021-04-09 09:41:51)
    optimized pulses (ranges): [0.00, 5.54]
    âˆ«gâ‚(t)dt: 2.43e-02
    Î»â‚: 1.00e+00
    storage (bw, fw, fw0): [1 * ndarray(1000)] (1251.4 MB), None, None
    fw_states_T norm: 1.000000
    Ï„: (1.07e-01:0.00Ï€)
    qubit error: 8.2e-01
Iteration 6
    duration: 446.4 secs (started at 2021-04-09 09:49:06)
    optimized pulses (ranges): [0.00, 5.67]
    âˆ«gâ‚(t)dt: 2.61e-02
    Î»â‚: 1.00e+00
    storage (bw, fw, fw0): [1 * ndarray(1000)] (1251.4 MB), None, None
    fw_states_T norm: 1.000000
    Ï„: (1.21e-01:0.00Ï€)
    qubit error: 7.9e-01
Iteration 7
    duration: 452.4 secs (started at 2021-04-09 09:56:33)
    optimized pulses (ranges): [0.00, 5.80]
    âˆ«gâ‚(t)dt: 2.74e-02
    Î»â‚: 1.00e+00
    storage (bw, fw, fw0): [1 * ndarray(1000)] (1251.4 MB), None, None
    fw_states_T norm: 1.000000
    Ï„: (1.34e-01:0.00Ï€)
    qubit error: 7.7e-01
Iteration 8
    duration: 458.2 secs (started at 2021-04-09 10:04:05)
    optimized pulses (ranges): [0.00, 5.94]
    âˆ«gâ‚(t)dt: 2.83e-02
    Î»â‚: 1.00e+00
    storage (bw, fw, fw0): [1 * ndarray(1000)] (1251.4 MB), None, None
    fw_states_T norm: 1.000000
    Ï„: (1.46e-01:0.00Ï€)
    qubit error: 7.4e-01
Iteration 9
    duration: 465.2 secs (started at 2021-04-09 10:11:44)
    optimized pulses (ranges): [0.00, 6.08]
    âˆ«gâ‚(t)dt: 2.88e-02
    Î»â‚: 1.00e+00
    storage (bw, fw, fw0): [1 * ndarray(1000)] (1251.4 MB), None, None
    fw_states_T norm: 1.000000
    Ï„: (1.58e-01:0.00Ï€)
    qubit error: 7.1e-01
Iteration 10
    duration: 472.1 secs (started at 2021-04-09 10:19:29)
    optimized pulses (ranges): [0.00, 6.22]
    âˆ«gâ‚(t)dt: 2.90e-02
    Î»â‚: 1.00e+00
    storage (bw, fw, fw0): [1 * ndarray(1000)] (1251.4 MB), None, None
    fw_states_T norm: 1.000000
    Ï„: (1.69e-01:0.00Ï€)
    qubit error: 6.8e-01
Iteration 11
    duration: 476.8 secs (started at 2021-04-09 10:27:21)
    optimized pulses (ranges): [0.00, 6.37]
    âˆ«gâ‚(t)dt: 2.89e-02
    Î»â‚: 1.00e+00
    storage (bw, fw, fw0): [1 * ndarray(1000)] (1251.4 MB), None, None
    fw_states_T norm: 1.000000
    Ï„: (1.79e-01:0.00Ï€)
    qubit error: 6.5e-01
Iteration 12
    duration: 483.7 secs (started at 2021-04-09 10:35:18)
    optimized pulses (ranges): [0.00, 6.51]
    âˆ«gâ‚(t)dt: 2.85e-02
    Î»â‚: 1.00e+00
    storage (bw, fw, fw0): [1 * ndarray(1000)] (1251.4 MB), None, None
    fw_states_T norm: 1.000000
    Ï„: (1.87e-01:0.00Ï€)
    qubit error: 6.2e-01
Iteration 13
    duration: 487.0 secs (started at 2021-04-09 10:43:22)
    optimized pulses (ranges): [0.00, 6.64]
    âˆ«gâ‚(t)dt: 2.79e-02
    Î»â‚: 1.00e+00
    storage (bw, fw, fw0): [1 * ndarray(1000)] (1251.4 MB), None, None
    fw_states_T norm: 1.000000
    Ï„: (1.95e-01:0.00Ï€)
    qubit error: 6.0e-01
Iteration 14
    duration: 490.6 secs (started at 2021-04-09 10:51:29)
    optimized pulses (ranges): [0.00, 6.77]
    âˆ«gâ‚(t)dt: 2.71e-02
    Î»â‚: 1.00e+00
    storage (bw, fw, fw0): [1 * ndarray(1000)] (1251.4 MB), None, None
    fw_states_T norm: 1.000000
    Ï„: (2.02e-01:0.00Ï€)
    qubit error: 5.7e-01
Iteration 15
    duration: 496.1 secs (started at 2021-04-09 10:59:40)
    optimized pulses (ranges): [0.00, 6.90]
    âˆ«gâ‚(t)dt: 2.60e-02
    Î»â‚: 1.00e+00
    storage (bw, fw, fw0): [1 * ndarray(1000)] (1251.4 MB), None, None
    fw_states_T norm: 1.000000
    Ï„: (2.08e-01:0.00Ï€)
    qubit error: 5.4e-01
Iteration 16
    duration: 500.6 secs (started at 2021-04-09 11:07:56)
    optimized pulses (ranges): [0.00, 7.02]
    âˆ«gâ‚(t)dt: 2.47e-02
    Î»â‚: 1.00e+00
    storage (bw, fw, fw0): [1 * ndarray(1000)] (1251.4 MB), None, None
    fw_states_T norm: 1.000000
    Ï„: (2.13e-01:0.00Ï€)
    qubit error: 5.2e-01
Iteration 17
    duration: 504.0 secs (started at 2021-04-09 11:16:17)
    optimized pulses (ranges): [0.00, 7.14]
    âˆ«gâ‚(t)dt: 2.32e-02
    Î»â‚: 1.00e+00
    storage (bw, fw, fw0): [1 * ndarray(1000)] (1251.4 MB), None, None
    fw_states_T norm: 1.000000
    Ï„: (2.18e-01:0.00Ï€)
    qubit error: 5.0e-01
Iteration 18
    duration: 509.9 secs (started at 2021-04-09 11:24:41)
    optimized pulses (ranges): [0.00, 7.24]
    âˆ«gâ‚(t)dt: 2.16e-02
    Î»â‚: 1.00e+00
    storage (bw, fw, fw0): [1 * ndarray(1000)] (1251.4 MB), None, None
    fw_states_T norm: 1.000000
    Ï„: (2.22e-01:0.00Ï€)
    qubit error: 4.7e-01
Iteration 19
    duration: 511.7 secs (started at 2021-04-09 11:33:11)
    optimized pulses (ranges): [0.00, 7.35]
    âˆ«gâ‚(t)dt: 2.00e-02
    Î»â‚: 1.00e+00
    storage (bw, fw, fw0): [1 * ndarray(1000)] (1251.4 MB), None, None
    fw_states_T norm: 1.000000
    Ï„: (2.26e-01:0.00Ï€)
    qubit error: 4.5e-01
Iteration 20
    duration: 517.3 secs (started at 2021-04-09 11:41:43)
    optimized pulses (ranges): [0.00, 7.44]
    âˆ«gâ‚(t)dt: 1.84e-02
    Î»â‚: 1.00e+00
    storage (bw, fw, fw0): [1 * ndarray(1000)] (1251.4 MB), None, None
    fw_states_T norm: 1.000000
    Ï„: (2.29e-01:0.00Ï€)
    qubit error: 4.4e-01
Iteration 21
    duration: 521.7 secs (started at 2021-04-09 11:50:20)
    optimized pulses (ranges): [0.00, 7.53]
    âˆ«gâ‚(t)dt: 1.67e-02
    Î»â‚: 1.00e+00
    storage (bw, fw, fw0): [1 * ndarray(1000)] (1251.4 MB), None, None
    fw_states_T norm: 1.000000
    Ï„: (2.32e-01:0.00Ï€)
    qubit error: 4.2e-01
Iteration 22
    duration: 525.7 secs (started at 2021-04-09 11:59:02)
    optimized pulses (ranges): [0.00, 7.61]
    âˆ«gâ‚(t)dt: 1.52e-02
    Î»â‚: 1.00e+00
    storage (bw, fw, fw0): [1 * ndarray(1000)] (1251.4 MB), None, None
    fw_states_T norm: 1.000000
    Ï„: (2.35e-01:0.00Ï€)
    qubit error: 4.1e-01
Iteration 23
    duration: 528.2 secs (started at 2021-04-09 12:07:48)
    optimized pulses (ranges): [0.00, 7.68]
    âˆ«gâ‚(t)dt: 1.37e-02
    Î»â‚: 1.00e+00
    storage (bw, fw, fw0): [1 * ndarray(1000)] (1251.4 MB), None, None
    fw_states_T norm: 1.000000
    Ï„: (2.37e-01:0.00Ï€)
    qubit error: 3.9e-01
Iteration 24
    duration: 530.0 secs (started at 2021-04-09 12:16:36)
    optimized pulses (ranges): [0.00, 7.75]
    âˆ«gâ‚(t)dt: 1.24e-02
    Î»â‚: 1.00e+00
    storage (bw, fw, fw0): [1 * ndarray(1000)] (1251.4 MB), None, None
    fw_states_T norm: 1.000000
    Ï„: (2.39e-01:0.00Ï€)
    qubit error: 3.8e-01
Iteration 25
    duration: 531.1 secs (started at 2021-04-09 12:25:26)
    optimized pulses (ranges): [0.00, 7.81]
    âˆ«gâ‚(t)dt: 1.11e-02
    Î»â‚: 1.00e+00
    storage (bw, fw, fw0): [1 * ndarray(1000)] (1251.4 MB), None, None
    fw_states_T norm: 1.000000
    Ï„: (2.41e-01:0.00Ï€)
    qubit error: 3.7e-01
Iteration 26
    duration: 534.5 secs (started at 2021-04-09 12:34:18)
    optimized pulses (ranges): [0.00, 7.86]
    âˆ«gâ‚(t)dt: 9.94e-03
    Î»â‚: 1.00e+00
    storage (bw, fw, fw0): [1 * ndarray(1000)] (1251.4 MB), None, None
    fw_states_T norm: 1.000000
    Ï„: (2.43e-01:0.00Ï€)
    qubit error: 3.6e-01
Iteration 27
    duration: 535.4 secs (started at 2021-04-09 12:43:12)
    optimized pulses (ranges): [0.00, 7.91]
    âˆ«gâ‚(t)dt: 8.89e-03
    Î»â‚: 1.00e+00
    storage (bw, fw, fw0): [1 * ndarray(1000)] (1251.4 MB), None, None
    fw_states_T norm: 1.000000
    Ï„: (2.44e-01:0.00Ï€)
    qubit error: 3.5e-01
Iteration 28
    duration: 539.7 secs (started at 2021-04-09 12:52:08)
    optimized pulses (ranges): [0.00, 7.96]
    âˆ«gâ‚(t)dt: 8.02e-03
    Î»â‚: 1.00e+00
    storage (bw, fw, fw0): [1 * ndarray(1000)] (1251.4 MB), None, None
    fw_states_T norm: 1.000000
    Ï„: (2.46e-01:0.00Ï€)
    qubit error: 3.4e-01
Iteration 29
    duration: 538.1 secs (started at 2021-04-09 13:01:08)
    optimized pulses (ranges): [0.00, 8.00]
    âˆ«gâ‚(t)dt: 7.21e-03
    Î»â‚: 1.00e+00
    storage (bw, fw, fw0): [1 * ndarray(1000)] (1251.4 MB), None, None
    fw_states_T norm: 1.000000
    Ï„: (2.47e-01:0.00Ï€)
    qubit error: 3.4e-01
Iteration 30
    duration: 539.7 secs (started at 2021-04-09 13:10:06)
    optimized pulses (ranges): [0.00, 8.03]
    âˆ«gâ‚(t)dt: 6.47e-03
    Î»â‚: 1.00e+00
    storage (bw, fw, fw0): [1 * ndarray(1000)] (1251.4 MB), None, None
    fw_states_T norm: 1.000000
    Ï„: (2.48e-01:0.00Ï€)
    qubit error: 3.3e-01
Iteration 31
    duration: 539.0 secs (started at 2021-04-09 13:19:06)
    optimized pulses (ranges): [0.00, 8.07]
    âˆ«gâ‚(t)dt: 5.88e-03
    Î»â‚: 1.00e+00
    storage (bw, fw, fw0): [1 * ndarray(1000)] (1251.4 MB), None, None
    fw_states_T norm: 1.000000
    Ï„: (2.48e-01:0.00Ï€)
    qubit error: 3.2e-01
Iteration 32
    duration: 539.9 secs (started at 2021-04-09 13:28:05)
    optimized pulses (ranges): [0.00, 8.09]
    âˆ«gâ‚(t)dt: 5.32e-03
    Î»â‚: 1.00e+00
    storage (bw, fw, fw0): [1 * ndarray(1000)] (1251.4 MB), None, None
    fw_states_T norm: 1.000000
    Ï„: (2.49e-01:0.00Ï€)
    qubit error: 3.2e-01
Iteration 33
    duration: 541.4 secs (started at 2021-04-09 13:37:05)
    optimized pulses (ranges): [0.00, 8.12]
    âˆ«gâ‚(t)dt: 4.85e-03
    Î»â‚: 1.00e+00
    storage (bw, fw, fw0): [1 * ndarray(1000)] (1251.4 MB), None, None
    fw_states_T norm: 1.000000
    Ï„: (2.50e-01:0.00Ï€)
    qubit error: 3.1e-01
Iteration 34
    duration: 543.8 secs (started at 2021-04-09 13:46:07)
    optimized pulses (ranges): [0.00, 8.14]
    âˆ«gâ‚(t)dt: 4.45e-03
    Î»â‚: 1.00e+00
    storage (bw, fw, fw0): [1 * ndarray(1000)] (1251.4 MB), None, None
    fw_states_T norm: 1.000000
    Ï„: (2.50e-01:0.00Ï€)
    qubit error: 3.1e-01
Iteration 35
    duration: 543.5 secs (started at 2021-04-09 13:55:11)
    optimized pulses (ranges): [0.00, 8.16]
    âˆ«gâ‚(t)dt: 4.09e-03
    Î»â‚: 1.00e+00
    storage (bw, fw, fw0): [1 * ndarray(1000)] (1251.4 MB), None, None
    fw_states_T norm: 1.000000
    Ï„: (2.51e-01:0.00Ï€)
    qubit error: 3.1e-01
Iteration 36
    duration: 544.6 secs (started at 2021-04-09 14:04:14)
    optimized pulses (ranges): [0.00, 8.18]
    âˆ«gâ‚(t)dt: 3.76e-03
    Î»â‚: 1.00e+00
    storage (bw, fw, fw0): [1 * ndarray(1000)] (1251.4 MB), None, None
    fw_states_T norm: 1.000000
    Ï„: (2.51e-01:0.00Ï€)
    qubit error: 3.0e-01
Iteration 37
    duration: 544.9 secs (started at 2021-04-09 14:13:19)
    optimized pulses (ranges): [0.00, 8.20]
    âˆ«gâ‚(t)dt: 3.48e-03
    Î»â‚: 1.00e+00
    storage (bw, fw, fw0): [1 * ndarray(1000)] (1251.4 MB), None, None
    fw_states_T norm: 1.000000
    Ï„: (2.51e-01:0.00Ï€)
    qubit error: 3.0e-01
Iteration 38
    duration: 545.7 secs (started at 2021-04-09 14:22:24)
    optimized pulses (ranges): [0.00, 8.21]
    âˆ«gâ‚(t)dt: 3.25e-03
    Î»â‚: 1.00e+00
    storage (bw, fw, fw0): [1 * ndarray(1000)] (1251.4 MB), None, None
    fw_states_T norm: 1.000000
    Ï„: (2.51e-01:0.00Ï€)
    qubit error: 3.0e-01
Iteration 39
    duration: 545.7 secs (started at 2021-04-09 14:31:30)
    optimized pulses (ranges): [0.00, 8.23]
    âˆ«gâ‚(t)dt: 3.05e-03
    Î»â‚: 1.00e+00
    storage (bw, fw, fw0): [1 * ndarray(1000)] (1251.4 MB), None, None
    fw_states_T norm: 1.000000
    Ï„: (2.51e-01:0.00Ï€)
    qubit error: 2.9e-01
Iteration 40
    duration: 547.8 secs (started at 2021-04-09 14:40:36)
    optimized pulses (ranges): [0.00, 8.24]
    âˆ«gâ‚(t)dt: 2.84e-03
    Î»â‚: 1.00e+00
    storage (bw, fw, fw0): [1 * ndarray(1000)] (1251.4 MB), None, None
    fw_states_T norm: 1.000000
    Ï„: (2.51e-01:0.00Ï€)
    qubit error: 2.9e-01
Iteration 41
    duration: 546.7 secs (started at 2021-04-09 14:49:44)
    optimized pulses (ranges): [0.00, 8.25]
    âˆ«gâ‚(t)dt: 2.67e-03
    Î»â‚: 1.00e+00
    storage (bw, fw, fw0): [1 * ndarray(1000)] (1251.4 MB), None, None
    fw_states_T norm: 1.000000
    Ï„: (2.51e-01:0.00Ï€)
    qubit error: 2.9e-01
Iteration 42
    duration: 547.2 secs (started at 2021-04-09 14:58:50)
    optimized pulses (ranges): [0.00, 8.26]
    âˆ«gâ‚(t)dt: 2.51e-03
    Î»â‚: 1.00e+00
    storage (bw, fw, fw0): [1 * ndarray(1000)] (1251.4 MB), None, None
    fw_states_T norm: 1.000000
    Ï„: (2.50e-01:0.00Ï€)
    qubit error: 2.9e-01
Iteration 43
    duration: 549.2 secs (started at 2021-04-09 15:07:58)
    optimized pulses (ranges): [0.00, 8.27]
    âˆ«gâ‚(t)dt: 2.37e-03
    Î»â‚: 1.00e+00
    storage (bw, fw, fw0): [1 * ndarray(1000)] (1251.4 MB), None, None
    fw_states_T norm: 1.000000
    Ï„: (2.50e-01:0.00Ï€)
    qubit error: 2.8e-01
Iteration 44
    duration: 549.2 secs (started at 2021-04-09 15:17:07)
    optimized pulses (ranges): [0.00, 8.27]
    âˆ«gâ‚(t)dt: 2.25e-03
    Î»â‚: 1.00e+00
    storage (bw, fw, fw0): [1 * ndarray(1000)] (1251.4 MB), None, None
    fw_states_T norm: 1.000000
    Ï„: (2.50e-01:0.00Ï€)
    qubit error: 2.8e-01
Iteration 45
    duration: 549.7 secs (started at 2021-04-09 15:26:16)
    optimized pulses (ranges): [0.00, 8.28]
    âˆ«gâ‚(t)dt: 2.15e-03
    Î»â‚: 1.00e+00
    storage (bw, fw, fw0): [1 * ndarray(1000)] (1251.4 MB), None, None
    fw_states_T norm: 1.000000
    Ï„: (2.50e-01:0.00Ï€)
    qubit error: 2.8e-01
Iteration 46
    duration: 551.6 secs (started at 2021-04-09 15:35:26)
    optimized pulses (ranges): [0.00, 8.29]
    âˆ«gâ‚(t)dt: 2.05e-03
    Î»â‚: 1.00e+00
    storage (bw, fw, fw0): [1 * ndarray(1000)] (1251.4 MB), None, None
    fw_states_T norm: 1.000000
    Ï„: (2.51e-01:0.00Ï€)
    qubit error: 2.8e-01
Iteration 47
    duration: 550.6 secs (started at 2021-04-09 15:44:38)
    optimized pulses (ranges): [0.00, 8.29]
    âˆ«gâ‚(t)dt: 1.95e-03
    Î»â‚: 1.00e+00
    storage (bw, fw, fw0): [1 * ndarray(1000)] (1251.4 MB), None, None
    fw_states_T norm: 1.000000
    Ï„: (2.50e-01:0.00Ï€)
    qubit error: 2.8e-01
Iteration 48
    duration: 551.1 secs (started at 2021-04-09 15:53:49)
    optimized pulses (ranges): [0.00, 8.29]
    âˆ«gâ‚(t)dt: 1.86e-03
    Î»â‚: 1.00e+00
    storage (bw, fw, fw0): [1 * ndarray(1000)] (1251.4 MB), None, None
    fw_states_T norm: 1.000000
    Ï„: (2.49e-01:0.00Ï€)
    qubit error: 2.7e-01
Iteration 49
    duration: 551.7 secs (started at 2021-04-09 16:03:00)
    optimized pulses (ranges): [0.00, 8.30]
    âˆ«gâ‚(t)dt: 1.79e-03
    Î»â‚: 1.00e+00
    storage (bw, fw, fw0): [1 * ndarray(1000)] (1251.4 MB), None, None
    fw_states_T norm: 1.000000
    Ï„: (2.50e-01:0.00Ï€)
    qubit error: 2.7e-01
Iteration 50
    duration: 555.6 secs (started at 2021-04-09 16:12:12)
    optimized pulses (ranges): [0.00, 8.30]
    âˆ«gâ‚(t)dt: 1.71e-03
    Î»â‚: 1.00e+00
    storage (bw, fw, fw0): [1 * ndarray(1000)] (1251.4 MB), None, None
    fw_states_T norm: 1.000000
    Ï„: (2.50e-01:0.00Ï€)
    qubit error: 2.7e-01
Iteration 51
    duration: 551.4 secs (started at 2021-04-09 16:21:28)
    optimized pulses (ranges): [0.00, 8.31]
    âˆ«gâ‚(t)dt: 1.64e-03
    Î»â‚: 1.00e+00
    storage (bw, fw, fw0): [1 * ndarray(1000)] (1251.4 MB), None, None
    fw_states_T norm: 1.000000
    Ï„: (2.48e-01:0.00Ï€)
    qubit error: 2.7e-01
Iteration 52
    duration: 555.3 secs (started at 2021-04-09 16:30:39)
    optimized pulses (ranges): [0.00, 8.31]
    âˆ«gâ‚(t)dt: 1.58e-03
    Î»â‚: 1.00e+00
    storage (bw, fw, fw0): [1 * ndarray(1000)] (1251.4 MB), None, None
    fw_states_T norm: 1.000000
    Ï„: (2.48e-01:0.00Ï€)
    qubit error: 2.7e-01
Iteration 53
    duration: 553.9 secs (started at 2021-04-09 16:39:54)
    optimized pulses (ranges): [0.00, 8.31]
    âˆ«gâ‚(t)dt: 1.51e-03
    Î»â‚: 1.00e+00
    storage (bw, fw, fw0): [1 * ndarray(1000)] (1251.4 MB), None, None
    fw_states_T norm: 1.000000
    Ï„: (2.49e-01:0.00Ï€)
    qubit error: 2.7e-01
Iteration 54
    duration: 559.3 secs (started at 2021-04-09 16:49:08)
    optimized pulses (ranges): [0.00, 8.32]
    âˆ«gâ‚(t)dt: 1.45e-03
    Î»â‚: 1.00e+00
    storage (bw, fw, fw0): [1 * ndarray(1000)] (1251.4 MB), None, None
    fw_states_T norm: 1.000000
    Ï„: (2.48e-01:0.00Ï€)
    qubit error: 2.6e-01
Iteration 55
    duration: 554.9 secs (started at 2021-04-09 16:58:28)
    optimized pulses (ranges): [0.00, 8.32]
    âˆ«gâ‚(t)dt: 1.41e-03
    Î»â‚: 1.00e+00
    storage (bw, fw, fw0): [1 * ndarray(1000)] (1251.4 MB), None, None
    fw_states_T norm: 1.000000
    Ï„: (2.48e-01:0.00Ï€)
    qubit error: 2.6e-01
Iteration 56
    duration: 555.6 secs (started at 2021-04-09 17:07:43)
    optimized pulses (ranges): [0.00, 8.32]
    âˆ«gâ‚(t)dt: 1.37e-03
    Î»â‚: 1.00e+00
    storage (bw, fw, fw0): [1 * ndarray(1000)] (1251.4 MB), None, None
    fw_states_T norm: 1.000000
    Ï„: (2.48e-01:0.00Ï€)
    qubit error: 2.6e-01
Iteration 57
    duration: 555.5 secs (started at 2021-04-09 17:16:59)
    optimized pulses (ranges): [0.00, 8.33]
    âˆ«gâ‚(t)dt: 1.32e-03
    Î»â‚: 1.00e+00
    storage (bw, fw, fw0): [1 * ndarray(1000)] (1251.4 MB), None, None
    fw_states_T norm: 1.000000
    Ï„: (2.47e-01:0.00Ï€)
    qubit error: 2.6e-01
Iteration 58
    duration: 556.6 secs (started at 2021-04-09 17:26:14)
    optimized pulses (ranges): [0.00, 8.33]
    âˆ«gâ‚(t)dt: 1.27e-03
    Î»â‚: 1.00e+00
    storage (bw, fw, fw0): [1 * ndarray(1000)] (1251.4 MB), None, None
    fw_states_T norm: 1.000000
    Ï„: (2.47e-01:0.00Ï€)
    qubit error: 2.6e-01
Iteration 59
    duration: 556.8 secs (started at 2021-04-09 17:35:31)
    optimized pulses (ranges): [0.00, 8.33]
    âˆ«gâ‚(t)dt: 1.22e-03
    Î»â‚: 1.00e+00
    storage (bw, fw, fw0): [1 * ndarray(1000)] (1251.4 MB), None, None
    fw_states_T norm: 1.000000
    Ï„: (2.46e-01:0.00Ï€)
    qubit error: 2.6e-01
Iteration 60
    duration: 559.2 secs (started at 2021-04-09 17:44:48)
    optimized pulses (ranges): [0.00, 8.33]
    âˆ«gâ‚(t)dt: 1.19e-03
    Î»â‚: 1.00e+00
    storage (bw, fw, fw0): [1 * ndarray(1000)] (1251.4 MB), None, None
    fw_states_T norm: 1.000000
    Ï„: (2.45e-01:0.00Ï€)
    qubit error: 2.6e-01
Iteration 61
    duration: 555.9 secs (started at 2021-04-09 17:54:07)
    optimized pulses (ranges): [0.00, 8.34]
    âˆ«gâ‚(t)dt: 1.15e-03
    Î»â‚: 1.00e+00
    storage (bw, fw, fw0): [1 * ndarray(1000)] (1251.4 MB), None, None
    fw_states_T norm: 1.000000
    Ï„: (2.46e-01:0.00Ï€)
    qubit error: 2.6e-01
Iteration 62
    duration: 557.7 secs (started at 2021-04-09 18:03:23)
    optimized pulses (ranges): [0.00, 8.34]
    âˆ«gâ‚(t)dt: 1.12e-03
    Î»â‚: 1.00e+00
    storage (bw, fw, fw0): [1 * ndarray(1000)] (1251.4 MB), None, None
    fw_states_T norm: 1.000000
    Ï„: (2.46e-01:0.00Ï€)
    qubit error: 2.6e-01
Iteration 63
    duration: 557.2 secs (started at 2021-04-09 18:12:41)
    optimized pulses (ranges): [0.00, 8.34]
    âˆ«gâ‚(t)dt: 1.07e-03
    Î»â‚: 1.00e+00
    storage (bw, fw, fw0): [1 * ndarray(1000)] (1251.4 MB), None, None
    fw_states_T norm: 1.000000
    Ï„: (2.44e-01:0.00Ï€)
    qubit error: 2.5e-01
Iteration 64
    duration: 558.5 secs (started at 2021-04-09 18:21:58)
    optimized pulses (ranges): [0.00, 8.34]
    âˆ«gâ‚(t)dt: 1.04e-03
    Î»â‚: 1.00e+00
    storage (bw, fw, fw0): [1 * ndarray(1000)] (1251.4 MB), None, None
    fw_states_T norm: 1.000000
    Ï„: (2.44e-01:0.00Ï€)
    qubit error: 2.5e-01
Iteration 65
    duration: 557.4 secs (started at 2021-04-09 18:31:17)
    optimized pulses (ranges): [0.00, 8.35]
    âˆ«gâ‚(t)dt: 1.02e-03
    Î»â‚: 1.00e+00
    storage (bw, fw, fw0): [1 * ndarray(1000)] (1251.4 MB), None, None
    fw_states_T norm: 1.000000
    Ï„: (2.43e-01:0.00Ï€)
    qubit error: 2.5e-01
Iteration 66
    duration: 559.2 secs (started at 2021-04-09 18:40:35)
    optimized pulses (ranges): [0.00, 8.35]
    âˆ«gâ‚(t)dt: 9.93e-04
    Î»â‚: 1.00e+00
    storage (bw, fw, fw0): [1 * ndarray(1000)] (1251.4 MB), None, None
    fw_states_T norm: 1.000000
    Ï„: (2.43e-01:0.00Ï€)
    qubit error: 2.5e-01
Iteration 67
    duration: 559.6 secs (started at 2021-04-09 18:49:54)
    optimized pulses (ranges): [0.00, 8.35]
    âˆ«gâ‚(t)dt: 9.65e-04
    Î»â‚: 1.00e+00
    storage (bw, fw, fw0): [1 * ndarray(1000)] (1251.4 MB), None, None
    fw_states_T norm: 1.000000
    Ï„: (2.43e-01:0.00Ï€)
    qubit error: 2.5e-01
Iteration 68
    duration: 558.4 secs (started at 2021-04-09 18:59:14)
    optimized pulses (ranges): [0.00, 8.35]
    âˆ«gâ‚(t)dt: 9.31e-04
    Î»â‚: 1.00e+00
    storage (bw, fw, fw0): [1 * ndarray(1000)] (1251.4 MB), None, None
    fw_states_T norm: 1.000000
    Ï„: (2.42e-01:0.00Ï€)
    qubit error: 2.5e-01
Iteration 69
    duration: 558.4 secs (started at 2021-04-09 19:08:32)
    optimized pulses (ranges): [0.00, 8.36]
    âˆ«gâ‚(t)dt: 9.14e-04
    Î»â‚: 1.00e+00
    storage (bw, fw, fw0): [1 * ndarray(1000)] (1251.4 MB), None, None
    fw_states_T norm: 1.000000
    Ï„: (2.42e-01:0.00Ï€)
    qubit error: 2.5e-01
Iteration 70
    duration: 559.6 secs (started at 2021-04-09 19:17:51)
    optimized pulses (ranges): [0.00, 8.36]
    âˆ«gâ‚(t)dt: 8.94e-04
    Î»â‚: 1.00e+00
    storage (bw, fw, fw0): [1 * ndarray(1000)] (1251.4 MB), None, None
    fw_states_T norm: 1.000000
    Ï„: (2.42e-01:0.00Ï€)
    qubit error: 2.5e-01
Iteration 71
    duration: 558.0 secs (started at 2021-04-09 19:27:10)
    optimized pulses (ranges): [0.00, 8.36]
    âˆ«gâ‚(t)dt: 8.63e-04
    Î»â‚: 1.00e+00
    storage (bw, fw, fw0): [1 * ndarray(1000)] (1251.4 MB), None, None
    fw_states_T norm: 1.000000
    Ï„: (2.41e-01:0.00Ï€)
    qubit error: 2.5e-01
Iteration 72
    duration: 558.7 secs (started at 2021-04-09 19:36:28)
    optimized pulses (ranges): [0.00, 8.36]
    âˆ«gâ‚(t)dt: 8.55e-04
    Î»â‚: 1.00e+00
    storage (bw, fw, fw0): [1 * ndarray(1000)] (1251.4 MB), None, None
    fw_states_T norm: 1.000000
    Ï„: (2.40e-01:0.00Ï€)
    qubit error: 2.5e-01
Iteration 73
    duration: 559.0 secs (started at 2021-04-09 19:45:47)
    optimized pulses (ranges): [0.00, 8.37]
    âˆ«gâ‚(t)dt: 8.21e-04
    Î»â‚: 1.00e+00
    storage (bw, fw, fw0): [1 * ndarray(1000)] (1251.4 MB), None, None
    fw_states_T norm: 1.000000
    Ï„: (2.40e-01:0.00Ï€)
    qubit error: 2.5e-01
Iteration 74
    duration: 561.1 secs (started at 2021-04-09 19:55:06)
    optimized pulses (ranges): [0.00, 8.37]
    âˆ«gâ‚(t)dt: 8.00e-04
    Î»â‚: 1.00e+00
    storage (bw, fw, fw0): [1 * ndarray(1000)] (1251.4 MB), None, None
    fw_states_T norm: 1.000000
    Ï„: (2.40e-01:0.00Ï€)
    qubit error: 2.5e-01
Iteration 75
    duration: 560.3 secs (started at 2021-04-09 20:04:28)
    optimized pulses (ranges): [0.00, 8.37]
    âˆ«gâ‚(t)dt: 7.85e-04
    Î»â‚: 1.00e+00
    storage (bw, fw, fw0): [1 * ndarray(1000)] (1251.4 MB), None, None
    fw_states_T norm: 1.000000
    Ï„: (2.40e-01:0.00Ï€)
    qubit error: 2.4e-01
Iteration 76
    duration: 560.4 secs (started at 2021-04-09 20:13:48)
    optimized pulses (ranges): [0.00, 8.37]
    âˆ«gâ‚(t)dt: 7.61e-04
    Î»â‚: 1.00e+00
    storage (bw, fw, fw0): [1 * ndarray(1000)] (1251.4 MB), None, None
    fw_states_T norm: 1.000000
    Ï„: (2.38e-01:0.00Ï€)
    qubit error: 2.4e-01
Iteration 77
    duration: 560.3 secs (started at 2021-04-09 20:23:09)
    optimized pulses (ranges): [0.00, 8.38]
    âˆ«gâ‚(t)dt: 7.39e-04
    Î»â‚: 1.00e+00
    storage (bw, fw, fw0): [1 * ndarray(1000)] (1251.4 MB), None, None
    fw_states_T norm: 1.000000
    Ï„: (2.38e-01:0.00Ï€)
    qubit error: 2.4e-01
Iteration 78
    duration: 561.8 secs (started at 2021-04-09 20:32:29)
    optimized pulses (ranges): [0.00, 8.40]
    âˆ«gâ‚(t)dt: 7.17e-04
    Î»â‚: 1.00e+00
    storage (bw, fw, fw0): [1 * ndarray(1000)] (1251.4 MB), None, None
    fw_states_T norm: 1.000000
    Ï„: (2.38e-01:0.00Ï€)
    qubit error: 2.4e-01
Iteration 79
    duration: 558.9 secs (started at 2021-04-09 20:41:51)
    optimized pulses (ranges): [0.00, 8.42]
    âˆ«gâ‚(t)dt: 7.06e-04
    Î»â‚: 1.00e+00
    storage (bw, fw, fw0): [1 * ndarray(1000)] (1251.4 MB), None, None
    fw_states_T norm: 1.000000
    Ï„: (2.37e-01:0.00Ï€)
    qubit error: 2.4e-01
Iteration 80
    duration: 562.1 secs (started at 2021-04-09 20:51:10)
    optimized pulses (ranges): [0.00, 8.43]
    âˆ«gâ‚(t)dt: 6.83e-04
    Î»â‚: 1.00e+00
    storage (bw, fw, fw0): [1 * ndarray(1000)] (1251.4 MB), None, None
    fw_states_T norm: 1.000000
    Ï„: (2.37e-01:0.00Ï€)
    qubit error: 2.4e-01
Iteration 81
    duration: 560.7 secs (started at 2021-04-09 21:00:32)
    optimized pulses (ranges): [0.00, 8.45]
    âˆ«gâ‚(t)dt: 6.70e-04
    Î»â‚: 1.00e+00
    storage (bw, fw, fw0): [1 * ndarray(1000)] (1251.4 MB), None, None
    fw_states_T norm: 1.000000
    Ï„: (2.36e-01:0.00Ï€)
    qubit error: 2.4e-01
Iteration 82
    duration: 562.6 secs (started at 2021-04-09 21:09:53)
    optimized pulses (ranges): [0.00, 8.47]
    âˆ«gâ‚(t)dt: 6.59e-04
    Î»â‚: 1.00e+00
    storage (bw, fw, fw0): [1 * ndarray(1000)] (1251.4 MB), None, None
    fw_states_T norm: 1.000000
    Ï„: (2.36e-01:0.00Ï€)
    qubit error: 2.4e-01
Iteration 83
    duration: 561.4 secs (started at 2021-04-09 21:19:16)
    optimized pulses (ranges): [0.00, 8.48]
    âˆ«gâ‚(t)dt: 6.49e-04
    Î»â‚: 1.00e+00
    storage (bw, fw, fw0): [1 * ndarray(1000)] (1251.4 MB), None, None
    fw_states_T norm: 1.000000
    Ï„: (2.36e-01:0.00Ï€)
    qubit error: 2.4e-01
Iteration 84
    duration: 562.8 secs (started at 2021-04-09 21:28:37)
    optimized pulses (ranges): [0.00, 8.50]
    âˆ«gâ‚(t)dt: 6.26e-04
    Î»â‚: 1.00e+00
    storage (bw, fw, fw0): [1 * ndarray(1000)] (1251.4 MB), None, None
    fw_states_T norm: 1.000000
    Ï„: (2.35e-01:0.00Ï€)
    qubit error: 2.4e-01
Iteration 85
    duration: 561.5 secs (started at 2021-04-09 21:38:00)
    optimized pulses (ranges): [0.00, 8.51]
    âˆ«gâ‚(t)dt: 6.11e-04
    Î»â‚: 1.00e+00
    storage (bw, fw, fw0): [1 * ndarray(1000)] (1251.4 MB), None, None
    fw_states_T norm: 1.000000
    Ï„: (2.36e-01:0.00Ï€)
    qubit error: 2.4e-01
Iteration 86
    duration: 562.4 secs (started at 2021-04-09 21:47:22)
    optimized pulses (ranges): [0.00, 8.53]
    âˆ«gâ‚(t)dt: 5.99e-04
    Î»â‚: 1.00e+00
    storage (bw, fw, fw0): [1 * ndarray(1000)] (1251.4 MB), None, None
    fw_states_T norm: 1.000000
    Ï„: (2.34e-01:0.00Ï€)
    qubit error: 2.4e-01
Iteration 87
    duration: 562.2 secs (started at 2021-04-09 21:56:44)
    optimized pulses (ranges): [0.00, 8.54]
    âˆ«gâ‚(t)dt: 5.82e-04
    Î»â‚: 1.00e+00
    storage (bw, fw, fw0): [1 * ndarray(1000)] (1251.4 MB), None, None
    fw_states_T norm: 1.000000
    Ï„: (2.34e-01:0.00Ï€)
    qubit error: 2.4e-01
Iteration 88
    duration: 562.7 secs (started at 2021-04-09 22:06:07)
    optimized pulses (ranges): [0.00, 8.56]
    âˆ«gâ‚(t)dt: 5.74e-04
    Î»â‚: 1.00e+00
    storage (bw, fw, fw0): [1 * ndarray(1000)] (1251.4 MB), None, None
    fw_states_T norm: 1.000000
    Ï„: (2.34e-01:0.00Ï€)
    qubit error: 2.4e-01
Iteration 89
    duration: 561.6 secs (started at 2021-04-09 22:15:29)
    optimized pulses (ranges): [0.00, 8.57]
    âˆ«gâ‚(t)dt: 5.60e-04
    Î»â‚: 1.00e+00
    storage (bw, fw, fw0): [1 * ndarray(1000)] (1251.4 MB), None, None
    fw_states_T norm: 1.000000
    Ï„: (2.33e-01:0.00Ï€)
    qubit error: 2.4e-01
Iteration 90
    duration: 563.1 secs (started at 2021-04-09 22:24:51)
    optimized pulses (ranges): [0.00, 8.59]
    âˆ«gâ‚(t)dt: 5.47e-04
    Î»â‚: 1.00e+00
    storage (bw, fw, fw0): [1 * ndarray(1000)] (1251.4 MB), None, None
    fw_states_T norm: 1.000000
    Ï„: (2.32e-01:0.00Ï€)
    qubit error: 2.4e-01
Iteration 91
    duration: 562.3 secs (started at 2021-04-09 22:34:14)
    optimized pulses (ranges): [0.00, 8.60]
    âˆ«gâ‚(t)dt: 5.41e-04
    Î»â‚: 1.00e+00
    storage (bw, fw, fw0): [1 * ndarray(1000)] (1251.4 MB), None, None
    fw_states_T norm: 1.000000
    Ï„: (2.32e-01:0.00Ï€)
    qubit error: 2.4e-01
Iteration 92
    duration: 562.6 secs (started at 2021-04-09 22:43:37)
    optimized pulses (ranges): [0.00, 8.62]
    âˆ«gâ‚(t)dt: 5.34e-04
    Î»â‚: 1.00e+00
    storage (bw, fw, fw0): [1 * ndarray(1000)] (1251.4 MB), None, None
    fw_states_T norm: 1.000000
    Ï„: (2.30e-01:0.00Ï€)
    qubit error: 2.3e-01
Iteration 93
    duration: 564.7 secs (started at 2021-04-09 22:53:00)
    optimized pulses (ranges): [0.00, 8.63]
    âˆ«gâ‚(t)dt: 5.04e-04
    Î»â‚: 1.00e+00
    storage (bw, fw, fw0): [1 * ndarray(1000)] (1251.4 MB), None, None
    fw_states_T norm: 1.000000
    Ï„: (2.31e-01:0.00Ï€)
    qubit error: 2.3e-01
Iteration 94
    duration: 563.1 secs (started at 2021-04-09 23:02:24)
    optimized pulses (ranges): [0.00, 8.64]
    âˆ«gâ‚(t)dt: 5.01e-04
    Î»â‚: 1.00e+00
    storage (bw, fw, fw0): [1 * ndarray(1000)] (1251.4 MB), None, None
    fw_states_T norm: 1.000000
    Ï„: (2.30e-01:0.00Ï€)
    qubit error: 2.3e-01
Iteration 95
    duration: 562.0 secs (started at 2021-04-09 23:11:48)
    optimized pulses (ranges): [0.00, 8.66]
    âˆ«gâ‚(t)dt: 4.86e-04
    Î»â‚: 1.00e+00
    storage (bw, fw, fw0): [1 * ndarray(1000)] (1251.4 MB), None, None
    fw_states_T norm: 1.000000
    Ï„: (2.31e-01:0.00Ï€)
    qubit error: 2.3e-01
Iteration 96
    duration: 563.5 secs (started at 2021-04-09 23:21:10)
    optimized pulses (ranges): [0.00, 8.67]
    âˆ«gâ‚(t)dt: 4.83e-04
    Î»â‚: 1.00e+00
    storage (bw, fw, fw0): [1 * ndarray(1000)] (1251.4 MB), None, None
    fw_states_T norm: 1.000000
    Ï„: (2.30e-01:0.00Ï€)
    qubit error: 2.3e-01
Iteration 97
    duration: 562.4 secs (started at 2021-04-09 23:30:33)
    optimized pulses (ranges): [0.00, 8.68]
    âˆ«gâ‚(t)dt: 4.68e-04
    Î»â‚: 1.00e+00
    storage (bw, fw, fw0): [1 * ndarray(1000)] (1251.4 MB), None, None
    fw_states_T norm: 1.000000
    Ï„: (2.29e-01:0.00Ï€)
    qubit error: 2.3e-01
Iteration 98
    duration: 563.7 secs (started at 2021-04-09 23:39:56)
    optimized pulses (ranges): [0.00, 8.70]
    âˆ«gâ‚(t)dt: 4.69e-04
    Î»â‚: 1.00e+00
    storage (bw, fw, fw0): [1 * ndarray(1000)] (1251.4 MB), None, None
    fw_states_T norm: 1.000000
    Ï„: (2.29e-01:0.00Ï€)
    qubit error: 2.3e-01
Iteration 99
    duration: 562.4 secs (started at 2021-04-09 23:49:20)
    optimized pulses (ranges): [0.00, 8.71]
    âˆ«gâ‚(t)dt: 4.59e-04
    Î»â‚: 1.00e+00
    storage (bw, fw, fw0): [1 * ndarray(1000)] (1251.4 MB), None, None
    fw_states_T norm: 1.000000
    Ï„: (2.29e-01:0.00Ï€)
    qubit error: 2.3e-01
Iteration 100
    duration: 562.6 secs (started at 2021-04-09 23:58:42)
    optimized pulses (ranges): [0.00, 8.72]
    âˆ«gâ‚(t)dt: 4.46e-04
    Î»â‚: 1.00e+00
    storage (bw, fw, fw0): [1 * ndarray(1000)] (1251.4 MB), None, None
    fw_states_T norm: 1.000000
    Ï„: (2.27e-01:0.00Ï€)
    qubit error: 2.3e-01
Iteration 101
    duration: 562.4 secs (started at 2021-04-10 00:08:05)
    optimized pulses (ranges): [0.00, 8.74]
    âˆ«gâ‚(t)dt: 4.35e-04
    Î»â‚: 1.00e+00
    storage (bw, fw, fw0): [1 * ndarray(1000)] (1251.4 MB), None, None
    fw_states_T norm: 1.000000
    Ï„: (2.28e-01:0.00Ï€)
    qubit error: 2.3e-01
Iteration 102
    duration: 564.6 secs (started at 2021-04-10 00:17:27)
    optimized pulses (ranges): [0.00, 8.75]
    âˆ«gâ‚(t)dt: 4.32e-04
    Î»â‚: 1.00e+00
    storage (bw, fw, fw0): [1 * ndarray(1000)] (1251.4 MB), None, None
    fw_states_T norm: 1.000000
    Ï„: (2.27e-01:0.00Ï€)
    qubit error: 2.3e-01
Iteration 103
    duration: 564.0 secs (started at 2021-04-10 00:26:52)
    optimized pulses (ranges): [0.00, 8.76]
    âˆ«gâ‚(t)dt: 4.26e-04
    Î»â‚: 1.00e+00
    storage (bw, fw, fw0): [1 * ndarray(1000)] (1251.4 MB), None, None
    fw_states_T norm: 1.000000
    Ï„: (2.26e-01:0.00Ï€)
    qubit error: 2.3e-01
Iteration 104
    duration: 565.0 secs (started at 2021-04-10 00:36:16)
    optimized pulses (ranges): [0.00, 8.77]
    âˆ«gâ‚(t)dt: 4.13e-04
    Î»â‚: 1.00e+00
    storage (bw, fw, fw0): [1 * ndarray(1000)] (1251.4 MB), None, None
    fw_states_T norm: 1.000000
    Ï„: (2.26e-01:0.00Ï€)
    qubit error: 2.3e-01
Iteration 105
    duration: 563.8 secs (started at 2021-04-10 00:45:41)
    optimized pulses (ranges): [0.00, 8.79]
    âˆ«gâ‚(t)dt: 4.07e-04
    Î»â‚: 1.00e+00
    storage (bw, fw, fw0): [1 * ndarray(1000)] (1251.4 MB), None, None
    fw_states_T norm: 1.000000
    Ï„: (2.25e-01:0.00Ï€)
    qubit error: 2.3e-01
Iteration 106
    duration: 565.0 secs (started at 2021-04-10 00:55:05)
    optimized pulses (ranges): [0.00, 8.80]
    âˆ«gâ‚(t)dt: 3.99e-04
    Î»â‚: 1.00e+00
    storage (bw, fw, fw0): [1 * ndarray(1000)] (1251.4 MB), None, None
    fw_states_T norm: 1.000000
    Ï„: (2.24e-01:0.00Ï€)
    qubit error: 2.3e-01
Iteration 107
    duration: 564.8 secs (started at 2021-04-10 01:04:30)
    optimized pulses (ranges): [0.00, 8.81]
    âˆ«gâ‚(t)dt: 3.95e-04
    Î»â‚: 1.00e+00
    storage (bw, fw, fw0): [1 * ndarray(1000)] (1251.4 MB), None, None
    fw_states_T norm: 1.000000
    Ï„: (2.25e-01:0.00Ï€)
    qubit error: 2.3e-01
Iteration 108
    duration: 565.8 secs (started at 2021-04-10 01:13:55)
    optimized pulses (ranges): [0.00, 8.82]
    âˆ«gâ‚(t)dt: 3.87e-04
    Î»â‚: 1.00e+00
    storage (bw, fw, fw0): [1 * ndarray(1000)] (1251.4 MB), None, None
    fw_states_T norm: 1.000000
    Ï„: (2.24e-01:0.00Ï€)
    qubit error: 2.3e-01
Iteration 109
    duration: 563.1 secs (started at 2021-04-10 01:23:21)
    optimized pulses (ranges): [0.00, 8.83]
    âˆ«gâ‚(t)dt: 3.78e-04
    Î»â‚: 1.00e+00
    storage (bw, fw, fw0): [1 * ndarray(1000)] (1251.4 MB), None, None
    fw_states_T norm: 1.000000
    Ï„: (2.24e-01:0.00Ï€)
    qubit error: 2.3e-01
Iteration 110
    duration: 564.4 secs (started at 2021-04-10 01:32:44)
    optimized pulses (ranges): [0.00, 8.84]
    âˆ«gâ‚(t)dt: 3.75e-04
    Î»â‚: 1.00e+00
    storage (bw, fw, fw0): [1 * ndarray(1000)] (1251.4 MB), None, None
    fw_states_T norm: 1.000000
    Ï„: (2.24e-01:0.00Ï€)
    qubit error: 2.3e-01
Iteration 111
    duration: 563.1 secs (started at 2021-04-10 01:42:09)
    optimized pulses (ranges): [0.00, 8.86]
    âˆ«gâ‚(t)dt: 3.62e-04
    Î»â‚: 1.00e+00
    storage (bw, fw, fw0): [1 * ndarray(1000)] (1251.4 MB), None, None
    fw_states_T norm: 1.000000
    Ï„: (2.23e-01:0.00Ï€)
    qubit error: 2.3e-01
Iteration 112
    duration: 563.5 secs (started at 2021-04-10 01:51:32)
    optimized pulses (ranges): [0.00, 8.87]
    âˆ«gâ‚(t)dt: 3.62e-04
    Î»â‚: 1.00e+00
    storage (bw, fw, fw0): [1 * ndarray(1000)] (1251.4 MB), None, None
    fw_states_T norm: 1.000000
    Ï„: (2.23e-01:0.00Ï€)
    qubit error: 2.3e-01
Iteration 113
    duration: 562.8 secs (started at 2021-04-10 02:00:56)
    optimized pulses (ranges): [0.00, 8.88]
    âˆ«gâ‚(t)dt: 3.54e-04
    Î»â‚: 1.00e+00
    storage (bw, fw, fw0): [1 * ndarray(1000)] (1251.4 MB), None, None
    fw_states_T norm: 1.000000
    Ï„: (2.22e-01:0.00Ï€)
    qubit error: 2.3e-01
Iteration 114
    duration: 565.0 secs (started at 2021-04-10 02:10:19)
    optimized pulses (ranges): [0.00, 8.89]
    âˆ«gâ‚(t)dt: 3.51e-04
    Î»â‚: 1.00e+00
    storage (bw, fw, fw0): [1 * ndarray(1000)] (1251.4 MB), None, None
    fw_states_T norm: 1.000000
    Ï„: (2.21e-01:0.00Ï€)
    qubit error: 2.3e-01
Iteration 115
    duration: 565.0 secs (started at 2021-04-10 02:19:44)
    optimized pulses (ranges): [0.00, 8.90]
    âˆ«gâ‚(t)dt: 3.35e-04
    Î»â‚: 1.00e+00
    storage (bw, fw, fw0): [1 * ndarray(1000)] (1251.4 MB), None, None
    fw_states_T norm: 1.000000
    Ï„: (2.22e-01:0.00Ï€)
    qubit error: 2.3e-01
Iteration 116
    duration: 566.3 secs (started at 2021-04-10 02:29:09)
    optimized pulses (ranges): [0.00, 8.91]
    âˆ«gâ‚(t)dt: 3.35e-04
    Î»â‚: 1.00e+00
    storage (bw, fw, fw0): [1 * ndarray(1000)] (1251.4 MB), None, None
    fw_states_T norm: 1.000000
    Ï„: (2.20e-01:0.00Ï€)
    qubit error: 2.3e-01
Iteration 117
    duration: 565.3 secs (started at 2021-04-10 02:38:35)
    optimized pulses (ranges): [0.00, 8.92]
    âˆ«gâ‚(t)dt: 3.35e-04
    Î»â‚: 1.00e+00
    storage (bw, fw, fw0): [1 * ndarray(1000)] (1251.4 MB), None, None
    fw_states_T norm: 1.000000
    Ï„: (2.20e-01:0.00Ï€)
    qubit error: 2.3e-01
Iteration 118
    duration: 565.0 secs (started at 2021-04-10 02:48:01)
    optimized pulses (ranges): [0.00, 8.93]
    âˆ«gâ‚(t)dt: 3.16e-04
    Î»â‚: 1.00e+00
    storage (bw, fw, fw0): [1 * ndarray(1000)] (1251.4 MB), None, None
    fw_states_T norm: 1.000000
    Ï„: (2.20e-01:0.00Ï€)
    qubit error: 2.3e-01
Iteration 119
    duration: 565.6 secs (started at 2021-04-10 02:57:26)
    optimized pulses (ranges): [0.00, 8.94]
    âˆ«gâ‚(t)dt: 3.11e-04
    Î»â‚: 1.00e+00
    storage (bw, fw, fw0): [1 * ndarray(1000)] (1251.4 MB), None, None
    fw_states_T norm: 1.000000
    Ï„: (2.19e-01:0.00Ï€)
    qubit error: 2.3e-01
Iteration 120
    duration: 565.7 secs (started at 2021-04-10 03:06:52)
    optimized pulses (ranges): [0.00, 8.95]
    âˆ«gâ‚(t)dt: 3.09e-04
    Î»â‚: 1.00e+00
    storage (bw, fw, fw0): [1 * ndarray(1000)] (1251.4 MB), None, None
    fw_states_T norm: 1.000000
    Ï„: (2.20e-01:0.00Ï€)
    qubit error: 2.3e-01
Iteration 121
    duration: 565.3 secs (started at 2021-04-10 03:16:17)
    optimized pulses (ranges): [0.00, 8.96]
    âˆ«gâ‚(t)dt: 3.06e-04
    Î»â‚: 1.00e+00
    storage (bw, fw, fw0): [1 * ndarray(1000)] (1251.4 MB), None, None
    fw_states_T norm: 1.000000
    Ï„: (2.19e-01:0.00Ï€)
    qubit error: 2.3e-01
Iteration 122
    duration: 565.2 secs (started at 2021-04-10 03:25:43)
    optimized pulses (ranges): [0.00, 8.97]
    âˆ«gâ‚(t)dt: 3.03e-04
    Î»â‚: 1.00e+00
    storage (bw, fw, fw0): [1 * ndarray(1000)] (1251.4 MB), None, None
    fw_states_T norm: 1.000000
    Ï„: (2.19e-01:0.00Ï€)
    qubit error: 2.3e-01
Iteration 123
    duration: 564.6 secs (started at 2021-04-10 03:35:08)
    optimized pulses (ranges): [0.00, 8.98]
    âˆ«gâ‚(t)dt: 3.00e-04
    Î»â‚: 1.00e+00
    storage (bw, fw, fw0): [1 * ndarray(1000)] (1251.4 MB), None, None
    fw_states_T norm: 1.000000
    Ï„: (2.18e-01:0.00Ï€)
    qubit error: 2.2e-01
Iteration 124
    duration: 565.5 secs (started at 2021-04-10 03:44:33)
    optimized pulses (ranges): [0.00, 8.99]
    âˆ«gâ‚(t)dt: 2.92e-04
    Î»â‚: 1.00e+00
    storage (bw, fw, fw0): [1 * ndarray(1000)] (1251.4 MB), None, None
    fw_states_T norm: 1.000000
    Ï„: (2.17e-01:0.00Ï€)
    qubit error: 2.2e-01
Iteration 125
    duration: 565.1 secs (started at 2021-04-10 03:53:59)
    optimized pulses (ranges): [0.00, 9.00]
    âˆ«gâ‚(t)dt: 2.95e-04
    Î»â‚: 1.00e+00
    storage (bw, fw, fw0): [1 * ndarray(1000)] (1251.4 MB), None, None
    fw_states_T norm: 1.000000
    Ï„: (2.17e-01:0.00Ï€)
    qubit error: 2.2e-01
Iteration 126
    duration: 566.0 secs (started at 2021-04-10 04:03:24)
    optimized pulses (ranges): [0.00, 9.01]
    âˆ«gâ‚(t)dt: 2.88e-04
    Î»â‚: 1.00e+00
    storage (bw, fw, fw0): [1 * ndarray(1000)] (1251.4 MB), None, None
    fw_states_T norm: 1.000000
    Ï„: (2.17e-01:0.00Ï€)
    qubit error: 2.2e-01
Iteration 127
    duration: 564.5 secs (started at 2021-04-10 04:12:50)
    optimized pulses (ranges): [0.00, 9.02]
    âˆ«gâ‚(t)dt: 2.87e-04
    Î»â‚: 1.00e+00
    storage (bw, fw, fw0): [1 * ndarray(1000)] (1251.4 MB), None, None
    fw_states_T norm: 1.000000
    Ï„: (2.17e-01:0.00Ï€)
    qubit error: 2.2e-01
Iteration 128
    duration: 565.2 secs (started at 2021-04-10 04:22:14)
    optimized pulses (ranges): [0.00, 9.03]
    âˆ«gâ‚(t)dt: 2.75e-04
    Î»â‚: 1.00e+00
    storage (bw, fw, fw0): [1 * ndarray(1000)] (1251.4 MB), None, None
    fw_states_T norm: 1.000000
    Ï„: (2.15e-01:0.00Ï€)
    qubit error: 2.2e-01
Iteration 129
    duration: 564.8 secs (started at 2021-04-10 04:31:40)
    optimized pulses (ranges): [0.00, 9.03]
    âˆ«gâ‚(t)dt: 2.74e-04
    Î»â‚: 1.00e+00
    storage (bw, fw, fw0): [1 * ndarray(1000)] (1251.4 MB), None, None
    fw_states_T norm: 1.000000
    Ï„: (2.15e-01:0.00Ï€)
    qubit error: 2.2e-01
Iteration 130
    duration: 566.2 secs (started at 2021-04-10 04:41:05)
    optimized pulses (ranges): [0.00, 9.04]
    âˆ«gâ‚(t)dt: 2.67e-04
    Î»â‚: 1.00e+00
    storage (bw, fw, fw0): [1 * ndarray(1000)] (1251.4 MB), None, None
    fw_states_T norm: 1.000000
    Ï„: (2.15e-01:0.00Ï€)
    qubit error: 2.2e-01
Iteration 131
    duration: 565.1 secs (started at 2021-04-10 04:50:31)
    optimized pulses (ranges): [0.00, 9.05]
    âˆ«gâ‚(t)dt: 2.66e-04
    Î»â‚: 1.00e+00
    storage (bw, fw, fw0): [1 * ndarray(1000)] (1251.4 MB), None, None
    fw_states_T norm: 1.000000
    Ï„: (2.14e-01:0.00Ï€)
    qubit error: 2.2e-01
Iteration 132
    duration: 565.4 secs (started at 2021-04-10 04:59:56)
    optimized pulses (ranges): [0.00, 9.06]
    âˆ«gâ‚(t)dt: 2.54e-04
    Î»â‚: 1.00e+00
    storage (bw, fw, fw0): [1 * ndarray(1000)] (1251.4 MB), None, None
    fw_states_T norm: 1.000000
    Ï„: (2.14e-01:0.00Ï€)
    qubit error: 2.2e-01
Iteration 133
    duration: 567.4 secs (started at 2021-04-10 05:09:22)
    optimized pulses (ranges): [0.00, 9.07]
    âˆ«gâ‚(t)dt: 2.60e-04
    Î»â‚: 1.00e+00
    storage (bw, fw, fw0): [1 * ndarray(1000)] (1251.4 MB), None, None
    fw_states_T norm: 1.000000
    Ï„: (2.13e-01:0.00Ï€)
    qubit error: 2.2e-01
Iteration 134
    duration: 566.6 secs (started at 2021-04-10 05:18:49)
    optimized pulses (ranges): [0.00, 9.08]
    âˆ«gâ‚(t)dt: 2.57e-04
    Î»â‚: 1.00e+00
    storage (bw, fw, fw0): [1 * ndarray(1000)] (1251.4 MB), None, None
    fw_states_T norm: 1.000000
    Ï„: (2.13e-01:0.00Ï€)
    qubit error: 2.2e-01
Iteration 135
    duration: 566.4 secs (started at 2021-04-10 05:28:16)
    optimized pulses (ranges): [0.00, 9.08]
    âˆ«gâ‚(t)dt: 2.50e-04
    Î»â‚: 1.00e+00
    storage (bw, fw, fw0): [1 * ndarray(1000)] (1251.4 MB), None, None
    fw_states_T norm: 1.000000
    Ï„: (2.12e-01:0.00Ï€)
    qubit error: 2.2e-01
Iteration 136
    duration: 567.8 secs (started at 2021-04-10 05:37:43)
    optimized pulses (ranges): [0.00, 9.09]
    âˆ«gâ‚(t)dt: 2.47e-04
    Î»â‚: 1.00e+00
    storage (bw, fw, fw0): [1 * ndarray(1000)] (1251.4 MB), None, None
    fw_states_T norm: 1.000000
    Ï„: (2.12e-01:0.00Ï€)
    qubit error: 2.2e-01
Iteration 137
    duration: 566.5 secs (started at 2021-04-10 05:47:10)
    optimized pulses (ranges): [0.00, 9.10]
    âˆ«gâ‚(t)dt: 2.49e-04
    Î»â‚: 1.00e+00
    storage (bw, fw, fw0): [1 * ndarray(1000)] (1251.4 MB), None, None
    fw_states_T norm: 1.000000
    Ï„: (2.11e-01:0.00Ï€)
    qubit error: 2.2e-01
Iteration 138
    duration: 567.1 secs (started at 2021-04-10 05:56:37)
    optimized pulses (ranges): [0.00, 9.11]
    âˆ«gâ‚(t)dt: 2.44e-04
    Î»â‚: 1.00e+00
    storage (bw, fw, fw0): [1 * ndarray(1000)] (1251.4 MB), None, None
    fw_states_T norm: 1.000000
    Ï„: (2.12e-01:0.00Ï€)
    qubit error: 2.2e-01
Iteration 139
    duration: 568.4 secs (started at 2021-04-10 06:06:04)
    optimized pulses (ranges): [0.00, 9.12]
    âˆ«gâ‚(t)dt: 2.39e-04
    Î»â‚: 1.00e+00
    storage (bw, fw, fw0): [1 * ndarray(1000)] (1251.4 MB), None, None
    fw_states_T norm: 1.000000
    Ï„: (2.11e-01:0.00Ï€)
    qubit error: 2.2e-01
Iteration 140
    duration: 568.2 secs (started at 2021-04-10 06:15:33)
    optimized pulses (ranges): [0.00, 9.13]
    âˆ«gâ‚(t)dt: 2.31e-04
    Î»â‚: 1.00e+00
    storage (bw, fw, fw0): [1 * ndarray(1000)] (1251.4 MB), None, None
    fw_states_T norm: 1.000000
    Ï„: (2.09e-01:0.00Ï€)
    qubit error: 2.2e-01
Iteration 141
    duration: 567.2 secs (started at 2021-04-10 06:25:01)
    optimized pulses (ranges): [0.00, 9.13]
    âˆ«gâ‚(t)dt: 2.29e-04
    Î»â‚: 1.00e+00
    storage (bw, fw, fw0): [1 * ndarray(1000)] (1251.4 MB), None, None
    fw_states_T norm: 1.000000
    Ï„: (2.10e-01:0.00Ï€)
    qubit error: 2.2e-01
Iteration 142
    duration: 567.8 secs (started at 2021-04-10 06:34:28)
    optimized pulses (ranges): [0.00, 9.14]
    âˆ«gâ‚(t)dt: 2.26e-04
    Î»â‚: 1.00e+00
    storage (bw, fw, fw0): [1 * ndarray(1000)] (1251.4 MB), None, None
    fw_states_T norm: 1.000000
    Ï„: (2.09e-01:0.00Ï€)
    qubit error: 2.2e-01
Iteration 143
    duration: 568.3 secs (started at 2021-04-10 06:43:56)
    optimized pulses (ranges): [0.00, 9.15]
    âˆ«gâ‚(t)dt: 2.25e-04
    Î»â‚: 1.00e+00
    storage (bw, fw, fw0): [1 * ndarray(1000)] (1251.4 MB), None, None
    fw_states_T norm: 1.000000
    Ï„: (2.09e-01:0.00Ï€)
    qubit error: 2.2e-01
Iteration 144
    duration: 568.9 secs (started at 2021-04-10 06:53:25)
    optimized pulses (ranges): [0.00, 9.16]
    âˆ«gâ‚(t)dt: 2.22e-04
    Î»â‚: 1.00e+00
    storage (bw, fw, fw0): [1 * ndarray(1000)] (1251.4 MB), None, None
    fw_states_T norm: 1.000000
    Ï„: (2.09e-01:0.00Ï€)
    qubit error: 2.2e-01
Iteration 145
    duration: 569.5 secs (started at 2021-04-10 07:02:54)
    optimized pulses (ranges): [0.00, 9.16]
    âˆ«gâ‚(t)dt: 2.17e-04
    Î»â‚: 1.00e+00
    storage (bw, fw, fw0): [1 * ndarray(1000)] (1251.4 MB), None, None
    fw_states_T norm: 1.000000
    Ï„: (2.10e-01:0.00Ï€)
    qubit error: 2.2e-01
Iteration 146
    duration: 574.0 secs (started at 2021-04-10 07:12:23)
    optimized pulses (ranges): [0.00, 9.17]
    âˆ«gâ‚(t)dt: 2.20e-04
    Î»â‚: 1.00e+00
    storage (bw, fw, fw0): [1 * ndarray(1000)] (1251.4 MB), None, None
    fw_states_T norm: 1.000000
    Ï„: (2.09e-01:0.00Ï€)
    qubit error: 2.2e-01
Iteration 147
    duration: 570.2 secs (started at 2021-04-10 07:21:58)
    optimized pulses (ranges): [0.00, 9.18]
    âˆ«gâ‚(t)dt: 2.13e-04
    Î»â‚: 1.00e+00
    storage (bw, fw, fw0): [1 * ndarray(1000)] (1251.4 MB), None, None
    fw_states_T norm: 1.000000
    Ï„: (2.08e-01:0.00Ï€)
    qubit error: 2.2e-01
Iteration 148
    duration: 570.0 secs (started at 2021-04-10 07:31:28)
    optimized pulses (ranges): [0.00, 9.19]
    âˆ«gâ‚(t)dt: 2.09e-04
    Î»â‚: 1.00e+00
    storage (bw, fw, fw0): [1 * ndarray(1000)] (1251.4 MB), None, None
    fw_states_T norm: 1.000000
    Ï„: (2.07e-01:0.00Ï€)
    qubit error: 2.2e-01
Iteration 149
    duration: 568.2 secs (started at 2021-04-10 07:40:58)
    optimized pulses (ranges): [0.00, 9.19]
    âˆ«gâ‚(t)dt: 2.07e-04
    Î»â‚: 1.00e+00
    storage (bw, fw, fw0): [1 * ndarray(1000)] (1251.4 MB), None, None
    fw_states_T norm: 1.000000
    Ï„: (2.07e-01:0.00Ï€)
    qubit error: 2.2e-01
Iteration 150
    duration: 570.1 secs (started at 2021-04-10 07:50:26)
    optimized pulses (ranges): [0.00, 9.20]
    âˆ«gâ‚(t)dt: 2.13e-04
    Î»â‚: 1.00e+00
    storage (bw, fw, fw0): [1 * ndarray(1000)] (1251.4 MB), None, None
    fw_states_T norm: 1.000000
    Ï„: (2.06e-01:0.00Ï€)
    qubit error: 2.2e-01
Iteration 151
    duration: 567.5 secs (started at 2021-04-10 07:59:57)
    optimized pulses (ranges): [0.00, 9.21]
    âˆ«gâ‚(t)dt: 2.03e-04
    Î»â‚: 1.00e+00
    storage (bw, fw, fw0): [1 * ndarray(1000)] (1251.4 MB), None, None
    fw_states_T norm: 1.000000
    Ï„: (2.06e-01:0.00Ï€)
    qubit error: 2.2e-01
Iteration 152
    duration: 571.1 secs (started at 2021-04-10 08:09:24)
    optimized pulses (ranges): [0.00, 9.21]
    âˆ«gâ‚(t)dt: 2.02e-04
    Î»â‚: 1.00e+00
    storage (bw, fw, fw0): [1 * ndarray(1000)] (1251.4 MB), None, None
    fw_states_T norm: 1.000000
    Ï„: (2.07e-01:0.00Ï€)
    qubit error: 2.2e-01
Iteration 153
    duration: 571.4 secs (started at 2021-04-10 08:18:55)
    optimized pulses (ranges): [0.00, 9.22]
    âˆ«gâ‚(t)dt: 2.02e-04
    Î»â‚: 1.00e+00
    storage (bw, fw, fw0): [1 * ndarray(1000)] (1251.4 MB), None, None
    fw_states_T norm: 1.000000
    Ï„: (2.05e-01:0.00Ï€)
    qubit error: 2.2e-01
Iteration 154
    duration: 572.3 secs (started at 2021-04-10 08:28:27)
    optimized pulses (ranges): [0.00, 9.23]
    âˆ«gâ‚(t)dt: 2.05e-04
    Î»â‚: 1.00e+00
    storage (bw, fw, fw0): [1 * ndarray(1000)] (1251.4 MB), None, None
    fw_states_T norm: 1.000000
    Ï„: (2.05e-01:0.00Ï€)
    qubit error: 2.2e-01
Iteration 155
    duration: 570.7 secs (started at 2021-04-10 08:37:59)
    optimized pulses (ranges): [0.00, 9.23]
    âˆ«gâ‚(t)dt: 1.97e-04
    Î»â‚: 1.00e+00
    storage (bw, fw, fw0): [1 * ndarray(1000)] (1251.4 MB), None, None
    fw_states_T norm: 1.000000
    Ï„: (2.04e-01:0.00Ï€)
    qubit error: 2.2e-01
Iteration 156
    duration: 571.8 secs (started at 2021-04-10 08:47:30)
    optimized pulses (ranges): [0.00, 9.24]
    âˆ«gâ‚(t)dt: 2.02e-04
    Î»â‚: 1.00e+00
    storage (bw, fw, fw0): [1 * ndarray(1000)] (1251.4 MB), None, None
    fw_states_T norm: 1.000000
    Ï„: (2.04e-01:0.00Ï€)
    qubit error: 2.2e-01
Iteration 157
    duration: 572.2 secs (started at 2021-04-10 08:57:02)
    optimized pulses (ranges): [0.00, 9.25]
    âˆ«gâ‚(t)dt: 1.96e-04
    Î»â‚: 1.00e+00
    storage (bw, fw, fw0): [1 * ndarray(1000)] (1251.4 MB), None, None
    fw_states_T norm: 1.000000
    Ï„: (2.03e-01:0.00Ï€)
    qubit error: 2.2e-01
Iteration 158
    duration: 571.9 secs (started at 2021-04-10 09:06:34)
    optimized pulses (ranges): [0.00, 9.25]
    âˆ«gâ‚(t)dt: 1.92e-04
    Î»â‚: 1.00e+00
    storage (bw, fw, fw0): [1 * ndarray(1000)] (1251.4 MB), None, None
    fw_states_T norm: 1.000000
    Ï„: (2.03e-01:0.00Ï€)
    qubit error: 2.2e-01
Iteration 159
    duration: 573.6 secs (started at 2021-04-10 09:16:06)
    optimized pulses (ranges): [0.00, 9.26]
    âˆ«gâ‚(t)dt: 1.91e-04
    Î»â‚: 1.00e+00
    storage (bw, fw, fw0): [1 * ndarray(1000)] (1251.4 MB), None, None
    fw_states_T norm: 1.000000
    Ï„: (2.02e-01:0.00Ï€)
    qubit error: 2.2e-01
Iteration 160
    duration: 575.2 secs (started at 2021-04-10 09:25:40)
    optimized pulses (ranges): [0.00, 9.26]
    âˆ«gâ‚(t)dt: 1.93e-04
    Î»â‚: 1.00e+00
    storage (bw, fw, fw0): [1 * ndarray(1000)] (1251.4 MB), None, None
    fw_states_T norm: 1.000000
    Ï„: (2.01e-01:0.00Ï€)
    qubit error: 2.2e-01
Iteration 161
    duration: 580.0 secs (started at 2021-04-10 09:35:15)
    optimized pulses (ranges): [0.00, 9.27]
    âˆ«gâ‚(t)dt: 1.86e-04
    Î»â‚: 1.00e+00
    storage (bw, fw, fw0): [1 * ndarray(1000)] (1251.4 MB), None, None
    fw_states_T norm: 1.000000
    Ï„: (2.01e-01:0.00Ï€)
    qubit error: 2.2e-01
Iteration 162
    duration: 572.8 secs (started at 2021-04-10 09:44:56)
    optimized pulses (ranges): [0.00, 9.28]
    âˆ«gâ‚(t)dt: 1.82e-04
    Î»â‚: 1.00e+00
    storage (bw, fw, fw0): [1 * ndarray(1000)] (1251.4 MB), None, None
    fw_states_T norm: 1.000000
    Ï„: (2.02e-01:0.00Ï€)
    qubit error: 2.2e-01
Iteration 163
    duration: 572.2 secs (started at 2021-04-10 09:54:29)
    optimized pulses (ranges): [0.00, 9.28]
    âˆ«gâ‚(t)dt: 1.88e-04
    Î»â‚: 1.00e+00
    storage (bw, fw, fw0): [1 * ndarray(1000)] (1251.4 MB), None, None
    fw_states_T norm: 1.000000
    Ï„: (2.00e-01:0.00Ï€)
    qubit error: 2.2e-01
Iteration 164
    duration: 575.2 secs (started at 2021-04-10 10:04:01)
    optimized pulses (ranges): [0.00, 9.29]
    âˆ«gâ‚(t)dt: 1.90e-04
    Î»â‚: 1.00e+00
    storage (bw, fw, fw0): [1 * ndarray(1000)] (1251.4 MB), None, None
    fw_states_T norm: 1.000000
    Ï„: (2.00e-01:0.00Ï€)
    qubit error: 2.2e-01
Iteration 165
    duration: 572.2 secs (started at 2021-04-10 10:13:36)
    optimized pulses (ranges): [0.00, 9.29]
    âˆ«gâ‚(t)dt: 1.89e-04
    Î»â‚: 1.00e+00
    storage (bw, fw, fw0): [1 * ndarray(1000)] (1251.4 MB), None, None
    fw_states_T norm: 1.000000
    Ï„: (2.00e-01:0.00Ï€)
    qubit error: 2.2e-01
Iteration 166
    duration: 573.0 secs (started at 2021-04-10 10:23:09)
    optimized pulses (ranges): [0.00, 9.30]
    âˆ«gâ‚(t)dt: 1.79e-04
    Î»â‚: 1.00e+00
    storage (bw, fw, fw0): [1 * ndarray(1000)] (1251.4 MB), None, None
    fw_states_T norm: 1.000000
    Ï„: (2.00e-01:0.00Ï€)
    qubit error: 2.2e-01
Iteration 167
    duration: 573.2 secs (started at 2021-04-10 10:32:42)
    optimized pulses (ranges): [0.00, 9.31]
    âˆ«gâ‚(t)dt: 1.79e-04
    Î»â‚: 1.00e+00
    storage (bw, fw, fw0): [1 * ndarray(1000)] (1251.4 MB), None, None
    fw_states_T norm: 1.000000
    Ï„: (1.98e-01:0.00Ï€)
    qubit error: 2.2e-01
Iteration 168
    duration: 573.8 secs (started at 2021-04-10 10:42:15)
    optimized pulses (ranges): [0.00, 9.31]
    âˆ«gâ‚(t)dt: 1.75e-04
    Î»â‚: 1.00e+00
    storage (bw, fw, fw0): [1 * ndarray(1000)] (1251.4 MB), None, None
    fw_states_T norm: 1.000000
    Ï„: (1.99e-01:0.00Ï€)
    qubit error: 2.2e-01
Iteration 169
    duration: 573.1 secs (started at 2021-04-10 10:51:49)
    optimized pulses (ranges): [0.00, 9.32]
    âˆ«gâ‚(t)dt: 1.72e-04
    Î»â‚: 1.00e+00
    storage (bw, fw, fw0): [1 * ndarray(1000)] (1251.4 MB), None, None
    fw_states_T norm: 1.000000
    Ï„: (1.99e-01:0.00Ï€)
    qubit error: 2.2e-01
Iteration 170
    duration: 573.9 secs (started at 2021-04-10 11:01:22)
    optimized pulses (ranges): [0.00, 9.32]
    âˆ«gâ‚(t)dt: 1.65e-04
    Î»â‚: 1.00e+00
    storage (bw, fw, fw0): [1 * ndarray(1000)] (1251.4 MB), None, None
    fw_states_T norm: 1.000000
    Ï„: (1.98e-01:0.00Ï€)
    qubit error: 2.2e-01
Iteration 171
    duration: 573.2 secs (started at 2021-04-10 11:10:56)
    optimized pulses (ranges): [0.00, 9.33]
    âˆ«gâ‚(t)dt: 1.65e-04
    Î»â‚: 1.00e+00
    storage (bw, fw, fw0): [1 * ndarray(1000)] (1251.4 MB), None, None
    fw_states_T norm: 1.000000
    Ï„: (1.98e-01:0.00Ï€)
    qubit error: 2.2e-01
Iteration 172
    duration: 576.4 secs (started at 2021-04-10 11:20:29)
    optimized pulses (ranges): [0.00, 9.33]
    âˆ«gâ‚(t)dt: 1.68e-04
    Î»â‚: 1.00e+00
    storage (bw, fw, fw0): [1 * ndarray(1000)] (1251.4 MB), None, None
    fw_states_T norm: 1.000000
    Ï„: (1.97e-01:0.00Ï€)
    qubit error: 2.2e-01
Iteration 173
    duration: 573.4 secs (started at 2021-04-10 11:30:06)
    optimized pulses (ranges): [0.00, 9.34]
    âˆ«gâ‚(t)dt: 1.69e-04
    Î»â‚: 1.00e+00
    storage (bw, fw, fw0): [1 * ndarray(1000)] (1251.4 MB), None, None
    fw_states_T norm: 1.000000
    Ï„: (1.96e-01:0.00Ï€)
    qubit error: 2.2e-01
Iteration 174
    duration: 573.8 secs (started at 2021-04-10 11:39:40)
    optimized pulses (ranges): [0.00, 9.34]
    âˆ«gâ‚(t)dt: 1.64e-04
    Î»â‚: 1.00e+00
    storage (bw, fw, fw0): [1 * ndarray(1000)] (1251.4 MB), None, None
    fw_states_T norm: 1.000000
    Ï„: (1.96e-01:0.00Ï€)
    qubit error: 2.2e-01
Iteration 175
    duration: 572.9 secs (started at 2021-04-10 11:49:13)
    optimized pulses (ranges): [0.00, 9.35]
    âˆ«gâ‚(t)dt: 1.69e-04
    Î»â‚: 1.00e+00
    storage (bw, fw, fw0): [1 * ndarray(1000)] (1251.4 MB), None, None
    fw_states_T norm: 1.000000
    Ï„: (1.97e-01:0.00Ï€)
    qubit error: 2.2e-01
Iteration 176
    duration: 574.9 secs (started at 2021-04-10 11:58:46)
    optimized pulses (ranges): [0.00, 9.35]
    âˆ«gâ‚(t)dt: 1.65e-04
    Î»â‚: 1.00e+00
    storage (bw, fw, fw0): [1 * ndarray(1000)] (1251.4 MB), None, None
    fw_states_T norm: 1.000000
    Ï„: (1.96e-01:0.00Ï€)
    qubit error: 2.2e-01
Iteration 177
    duration: 575.5 secs (started at 2021-04-10 12:08:21)
    optimized pulses (ranges): [0.00, 9.36]
    âˆ«gâ‚(t)dt: 1.62e-04
    Î»â‚: 1.00e+00
    storage (bw, fw, fw0): [1 * ndarray(1000)] (1251.4 MB), None, None
    fw_states_T norm: 1.000000
    Ï„: (1.96e-01:0.00Ï€)
    qubit error: 2.2e-01
Iteration 178
    duration: 573.0 secs (started at 2021-04-10 12:17:57)
    optimized pulses (ranges): [0.00, 9.36]
    âˆ«gâ‚(t)dt: 1.62e-04
    Î»â‚: 1.00e+00
    storage (bw, fw, fw0): [1 * ndarray(1000)] (1251.4 MB), None, None
    fw_states_T norm: 1.000000
    Ï„: (1.93e-01:0.00Ï€)
    qubit error: 2.2e-01
Iteration 179
    duration: 571.9 secs (started at 2021-04-10 12:27:30)
    optimized pulses (ranges): [0.00, 9.37]
    âˆ«gâ‚(t)dt: 1.59e-04
    Î»â‚: 1.00e+00
    storage (bw, fw, fw0): [1 * ndarray(1000)] (1251.4 MB), None, None
    fw_states_T norm: 1.000000
    Ï„: (1.93e-01:0.00Ï€)
    qubit error: 2.2e-01
Iteration 180
    duration: 572.7 secs (started at 2021-04-10 12:37:02)
    optimized pulses (ranges): [0.00, 9.37]
    âˆ«gâ‚(t)dt: 1.65e-04
    Î»â‚: 1.00e+00
    storage (bw, fw, fw0): [1 * ndarray(1000)] (1251.4 MB), None, None
    fw_states_T norm: 1.000000
    Ï„: (1.93e-01:0.00Ï€)
    qubit error: 2.2e-01
Iteration 181
    duration: 573.0 secs (started at 2021-04-10 12:46:35)
    optimized pulses (ranges): [0.00, 9.38]
    âˆ«gâ‚(t)dt: 1.64e-04
    Î»â‚: 1.00e+00
    storage (bw, fw, fw0): [1 * ndarray(1000)] (1251.4 MB), None, None
    fw_states_T norm: 1.000000
    Ï„: (1.94e-01:0.00Ï€)
    qubit error: 2.2e-01
Iteration 182
    duration: 573.5 secs (started at 2021-04-10 12:56:09)
    optimized pulses (ranges): [0.00, 9.39]
    âˆ«gâ‚(t)dt: 1.70e-04
    Î»â‚: 1.00e+00
    storage (bw, fw, fw0): [1 * ndarray(1000)] (1251.4 MB), None, None
    fw_states_T norm: 1.000000
    Ï„: (1.93e-01:0.00Ï€)
    qubit error: 2.2e-01
Iteration 183
    duration: 573.1 secs (started at 2021-04-10 13:05:42)
    optimized pulses (ranges): [0.00, 9.39]
    âˆ«gâ‚(t)dt: 1.67e-04
    Î»â‚: 1.00e+00
    storage (bw, fw, fw0): [1 * ndarray(1000)] (1251.4 MB), None, None
    fw_states_T norm: 1.000000
    Ï„: (1.92e-01:0.00Ï€)
    qubit error: 2.2e-01
Iteration 184
    duration: 573.8 secs (started at 2021-04-10 13:15:15)
    optimized pulses (ranges): [0.00, 9.39]
    âˆ«gâ‚(t)dt: 1.63e-04
    Î»â‚: 1.00e+00
    storage (bw, fw, fw0): [1 * ndarray(1000)] (1251.4 MB), None, None
    fw_states_T norm: 1.000000
    Ï„: (1.92e-01:0.00Ï€)
    qubit error: 2.2e-01
Iteration 185
    duration: 574.0 secs (started at 2021-04-10 13:24:49)
    optimized pulses (ranges): [0.00, 9.40]
    âˆ«gâ‚(t)dt: 1.64e-04
    Î»â‚: 1.00e+00
    storage (bw, fw, fw0): [1 * ndarray(1000)] (1251.4 MB), None, None
    fw_states_T norm: 1.000000
    Ï„: (1.90e-01:0.00Ï€)
    qubit error: 2.2e-01
Iteration 186
    duration: 573.9 secs (started at 2021-04-10 13:34:23)
    optimized pulses (ranges): [0.00, 9.40]
    âˆ«gâ‚(t)dt: 1.61e-04
    Î»â‚: 1.00e+00
    storage (bw, fw, fw0): [1 * ndarray(1000)] (1251.4 MB), None, None
    fw_states_T norm: 1.000000
    Ï„: (1.92e-01:0.00Ï€)
    qubit error: 2.2e-01
Iteration 187
    duration: 572.2 secs (started at 2021-04-10 13:43:58)
    optimized pulses (ranges): [0.00, 9.41]
    âˆ«gâ‚(t)dt: 1.60e-04
    Î»â‚: 1.00e+00
    storage (bw, fw, fw0): [1 * ndarray(1000)] (1251.4 MB), None, None
    fw_states_T norm: 1.000000
    Ï„: (1.91e-01:0.00Ï€)
    qubit error: 2.2e-01
Iteration 188
    duration: 574.7 secs (started at 2021-04-10 13:53:30)
    optimized pulses (ranges): [0.00, 9.41]
    âˆ«gâ‚(t)dt: 1.55e-04
    Î»â‚: 1.00e+00
    storage (bw, fw, fw0): [1 * ndarray(1000)] (1251.4 MB), None, None
    fw_states_T norm: 1.000000
    Ï„: (1.92e-01:0.00Ï€)
    qubit error: 2.2e-01
Iteration 189
    duration: 573.4 secs (started at 2021-04-10 14:03:05)
    optimized pulses (ranges): [0.00, 9.42]
    âˆ«gâ‚(t)dt: 1.54e-04
    Î»â‚: 1.00e+00
    storage (bw, fw, fw0): [1 * ndarray(1000)] (1251.4 MB), None, None
    fw_states_T norm: 1.000000
    Ï„: (1.91e-01:0.00Ï€)
    qubit error: 2.2e-01
Iteration 190
    duration: 575.5 secs (started at 2021-04-10 14:12:38)
    optimized pulses (ranges): [0.00, 9.42]
    âˆ«gâ‚(t)dt: 1.55e-04
    Î»â‚: 1.00e+00
    storage (bw, fw, fw0): [1 * ndarray(1000)] (1251.4 MB), None, None
    fw_states_T norm: 1.000000
    Ï„: (1.90e-01:0.00Ï€)
    qubit error: 2.2e-01
Iteration 191
    duration: 574.3 secs (started at 2021-04-10 14:22:14)
    optimized pulses (ranges): [0.00, 9.43]
    âˆ«gâ‚(t)dt: 1.53e-04
    Î»â‚: 1.00e+00
    storage (bw, fw, fw0): [1 * ndarray(1000)] (1251.4 MB), None, None
    fw_states_T norm: 1.000000
    Ï„: (1.89e-01:0.00Ï€)
    qubit error: 2.2e-01
Iteration 192
    duration: 575.3 secs (started at 2021-04-10 14:31:48)
    optimized pulses (ranges): [0.00, 9.43]
    âˆ«gâ‚(t)dt: 1.52e-04
    Î»â‚: 1.00e+00
    storage (bw, fw, fw0): [1 * ndarray(1000)] (1251.4 MB), None, None
    fw_states_T norm: 1.000000
    Ï„: (1.89e-01:0.00Ï€)
    qubit error: 2.2e-01
Iteration 193
    duration: 578.0 secs (started at 2021-04-10 14:41:24)
    optimized pulses (ranges): [0.00, 9.43]
    âˆ«gâ‚(t)dt: 1.54e-04
    Î»â‚: 1.00e+00
    storage (bw, fw, fw0): [1 * ndarray(1000)] (1251.4 MB), None, None
    fw_states_T norm: 1.000000
    Ï„: (1.89e-01:0.00Ï€)
    qubit error: 2.2e-01
Iteration 194
    duration: 575.5 secs (started at 2021-04-10 14:51:02)
    optimized pulses (ranges): [0.00, 9.44]
    âˆ«gâ‚(t)dt: 1.49e-04
    Î»â‚: 1.00e+00
    storage (bw, fw, fw0): [1 * ndarray(1000)] (1251.4 MB), None, None
    fw_states_T norm: 1.000000
    Ï„: (1.87e-01:0.00Ï€)
    qubit error: 2.2e-01
Iteration 195
    duration: 574.2 secs (started at 2021-04-10 15:00:37)
    optimized pulses (ranges): [0.00, 9.44]
    âˆ«gâ‚(t)dt: 1.48e-04
    Î»â‚: 1.00e+00
    storage (bw, fw, fw0): [1 * ndarray(1000)] (1251.4 MB), None, None
    fw_states_T norm: 1.000000
    Ï„: (1.87e-01:0.00Ï€)
    qubit error: 2.2e-01
Iteration 196
    duration: 575.7 secs (started at 2021-04-10 15:10:12)
    optimized pulses (ranges): [0.00, 9.45]
    âˆ«gâ‚(t)dt: 1.54e-04
    Î»â‚: 1.00e+00
    storage (bw, fw, fw0): [1 * ndarray(1000)] (1251.4 MB), None, None
    fw_states_T norm: 1.000000
    Ï„: (1.87e-01:0.00Ï€)
    qubit error: 2.2e-01
Iteration 197
    duration: 571.0 secs (started at 2021-04-10 15:19:47)
    optimized pulses (ranges): [0.00, 9.45]
    âˆ«gâ‚(t)dt: 1.48e-04
    Î»â‚: 1.00e+00
    storage (bw, fw, fw0): [1 * ndarray(1000)] (1251.4 MB), None, None
    fw_states_T norm: 1.000000
    Ï„: (1.88e-01:0.00Ï€)
    qubit error: 2.2e-01
Iteration 198
    duration: 573.4 secs (started at 2021-04-10 15:29:19)
    optimized pulses (ranges): [0.00, 9.45]
    âˆ«gâ‚(t)dt: 1.47e-04
    Î»â‚: 1.00e+00
    storage (bw, fw, fw0): [1 * ndarray(1000)] (1251.4 MB), None, None
    fw_states_T norm: 1.000000
    Ï„: (1.86e-01:0.00Ï€)
    qubit error: 2.2e-01
Iteration 199
    duration: 575.6 secs (started at 2021-04-10 15:38:52)
    optimized pulses (ranges): [0.00, 9.46]
    âˆ«gâ‚(t)dt: 1.48e-04
    Î»â‚: 1.00e+00
    storage (bw, fw, fw0): [1 * ndarray(1000)] (1251.4 MB), None, None
    fw_states_T norm: 1.000000
    Ï„: (1.86e-01:0.00Ï€)
    qubit error: 2.2e-01
Iteration 200
    duration: 576.8 secs (started at 2021-04-10 15:48:28)
    optimized pulses (ranges): [0.00, 9.46]
    âˆ«gâ‚(t)dt: 1.43e-04
    Î»â‚: 1.00e+00
    storage (bw, fw, fw0): [1 * ndarray(1000)] (1251.4 MB), None, None
    fw_states_T norm: 1.000000
    Ï„: (1.86e-01:0.00Ï€)
    qubit error: 2.2e-01
Iteration 201
    duration: 574.3 secs (started at 2021-04-10 15:58:05)
    optimized pulses (ranges): [0.00, 9.47]
    âˆ«gâ‚(t)dt: 1.45e-04
    Î»â‚: 1.00e+00
    storage (bw, fw, fw0): [1 * ndarray(1000)] (1251.4 MB), None, None
    fw_states_T norm: 1.000000
    Ï„: (1.84e-01:0.00Ï€)
    qubit error: 2.1e-01
Iteration 202
    duration: 577.4 secs (started at 2021-04-10 16:07:39)
    optimized pulses (ranges): [0.00, 9.47]
    âˆ«gâ‚(t)dt: 1.41e-04
    Î»â‚: 1.00e+00
    storage (bw, fw, fw0): [1 * ndarray(1000)] (1251.4 MB), None, None
    fw_states_T norm: 1.000000
    Ï„: (1.84e-01:0.00Ï€)
    qubit error: 2.1e-01
Iteration 203
    duration: 575.9 secs (started at 2021-04-10 16:17:17)
    optimized pulses (ranges): [0.00, 9.47]
    âˆ«gâ‚(t)dt: 1.45e-04
    Î»â‚: 1.00e+00
    storage (bw, fw, fw0): [1 * ndarray(1000)] (1251.4 MB), None, None
    fw_states_T norm: 1.000000
    Ï„: (1.83e-01:0.00Ï€)
    qubit error: 2.1e-01
Iteration 204
    duration: 576.0 secs (started at 2021-04-10 16:26:53)
    optimized pulses (ranges): [0.00, 9.48]
    âˆ«gâ‚(t)dt: 1.39e-04
    Î»â‚: 1.00e+00
    storage (bw, fw, fw0): [1 * ndarray(1000)] (1251.4 MB), None, None
    fw_states_T norm: 1.000000
    Ï„: (1.84e-01:0.00Ï€)
    qubit error: 2.1e-01
Iteration 205
    duration: 573.8 secs (started at 2021-04-10 16:36:29)
    optimized pulses (ranges): [0.00, 9.48]
    âˆ«gâ‚(t)dt: 1.43e-04
    Î»â‚: 1.00e+00
    storage (bw, fw, fw0): [1 * ndarray(1000)] (1251.4 MB), None, None
    fw_states_T norm: 1.000000
    Ï„: (1.83e-01:0.00Ï€)
    qubit error: 2.1e-01
Iteration 206
    duration: 576.7 secs (started at 2021-04-10 16:46:03)
    optimized pulses (ranges): [0.00, 9.48]
    âˆ«gâ‚(t)dt: 1.46e-04
    Î»â‚: 1.00e+00
    storage (bw, fw, fw0): [1 * ndarray(1000)] (1251.4 MB), None, None
    fw_states_T norm: 1.000000
    Ï„: (1.82e-01:0.00Ï€)
    qubit error: 2.1e-01
Iteration 207
    duration: 580.1 secs (started at 2021-04-10 16:55:40)
    optimized pulses (ranges): [0.00, 9.49]
    âˆ«gâ‚(t)dt: 1.35e-04
    Î»â‚: 1.00e+00
    storage (bw, fw, fw0): [1 * ndarray(1000)] (1251.4 MB), None, None
    fw_states_T norm: 1.000000
    Ï„: (1.82e-01:0.00Ï€)
    qubit error: 2.1e-01
Iteration 208
    duration: 578.5 secs (started at 2021-04-10 17:05:20)
    optimized pulses (ranges): [0.00, 9.49]
    âˆ«gâ‚(t)dt: 1.42e-04
    Î»â‚: 1.00e+00
    storage (bw, fw, fw0): [1 * ndarray(1000)] (1251.4 MB), None, None
    fw_states_T norm: 1.000000
    Ï„: (1.83e-01:0.00Ï€)
    qubit error: 2.1e-01
Iteration 209
    duration: 576.7 secs (started at 2021-04-10 17:14:59)
    optimized pulses (ranges): [0.00, 9.49]
    âˆ«gâ‚(t)dt: 1.42e-04
    Î»â‚: 1.00e+00
    storage (bw, fw, fw0): [1 * ndarray(1000)] (1251.4 MB), None, None
    fw_states_T norm: 1.000000
    Ï„: (1.82e-01:0.00Ï€)
    qubit error: 2.1e-01
Iteration 210
    duration: 578.0 secs (started at 2021-04-10 17:24:35)
    optimized pulses (ranges): [0.00, 9.50]
    âˆ«gâ‚(t)dt: 1.47e-04
    Î»â‚: 1.00e+00
    storage (bw, fw, fw0): [1 * ndarray(1000)] (1251.4 MB), None, None
    fw_states_T norm: 1.000000
    Ï„: (1.83e-01:0.00Ï€)
    qubit error: 2.1e-01
Iteration 211
    duration: 584.3 secs (started at 2021-04-10 17:34:14)
    optimized pulses (ranges): [0.00, 9.50]
    âˆ«gâ‚(t)dt: 1.47e-04
    Î»â‚: 1.00e+00
    storage (bw, fw, fw0): [1 * ndarray(1000)] (1251.4 MB), None, None
    fw_states_T norm: 1.000000
    Ï„: (1.82e-01:0.00Ï€)
    qubit error: 2.1e-01
Iteration 212
    duration: 577.9 secs (started at 2021-04-10 17:43:58)
    optimized pulses (ranges): [0.00, 9.50]
    âˆ«gâ‚(t)dt: 1.46e-04
    Î»â‚: 1.00e+00
    storage (bw, fw, fw0): [1 * ndarray(1000)] (1251.4 MB), None, None
    fw_states_T norm: 1.000000
    Ï„: (1.82e-01:0.00Ï€)
    qubit error: 2.1e-01
Iteration 213
    duration: 577.5 secs (started at 2021-04-10 17:53:36)
    optimized pulses (ranges): [0.00, 9.51]
    âˆ«gâ‚(t)dt: 1.43e-04
    Î»â‚: 1.00e+00
    storage (bw, fw, fw0): [1 * ndarray(1000)] (1251.4 MB), None, None
    fw_states_T norm: 1.000000
    Ï„: (1.81e-01:0.00Ï€)
    qubit error: 2.1e-01
Iteration 214
    duration: 578.2 secs (started at 2021-04-10 18:03:14)
    optimized pulses (ranges): [0.00, 9.51]
    âˆ«gâ‚(t)dt: 1.34e-04
    Î»â‚: 1.00e+00
    storage (bw, fw, fw0): [1 * ndarray(1000)] (1251.4 MB), None, None
    fw_states_T norm: 1.000000
    Ï„: (1.81e-01:0.00Ï€)
    qubit error: 2.1e-01
Iteration 215
    duration: 576.9 secs (started at 2021-04-10 18:12:52)
    optimized pulses (ranges): [0.00, 9.51]
    âˆ«gâ‚(t)dt: 1.42e-04
    Î»â‚: 1.00e+00
    storage (bw, fw, fw0): [1 * ndarray(1000)] (1251.4 MB), None, None
    fw_states_T norm: 1.000000
    Ï„: (1.80e-01:0.00Ï€)
    qubit error: 2.1e-01
Iteration 216
    duration: 578.5 secs (started at 2021-04-10 18:22:29)
    optimized pulses (ranges): [0.00, 9.52]
    âˆ«gâ‚(t)dt: 1.39e-04
    Î»â‚: 1.00e+00
    storage (bw, fw, fw0): [1 * ndarray(1000)] (1251.4 MB), None, None
    fw_states_T norm: 1.000000
    Ï„: (1.80e-01:0.00Ï€)
    qubit error: 2.1e-01
Iteration 217
    duration: 578.8 secs (started at 2021-04-10 18:32:08)
    optimized pulses (ranges): [0.00, 9.52]
    âˆ«gâ‚(t)dt: 1.36e-04
    Î»â‚: 1.00e+00
    storage (bw, fw, fw0): [1 * ndarray(1000)] (1251.4 MB), None, None
    fw_states_T norm: 1.000000
    Ï„: (1.79e-01:0.00Ï€)
    qubit error: 2.1e-01
Iteration 218
    duration: 579.4 secs (started at 2021-04-10 18:41:47)
    optimized pulses (ranges): [0.00, 9.52]
    âˆ«gâ‚(t)dt: 1.40e-04
    Î»â‚: 1.00e+00
    storage (bw, fw, fw0): [1 * ndarray(1000)] (1251.4 MB), None, None
    fw_states_T norm: 1.000000
    Ï„: (1.79e-01:0.00Ï€)
    qubit error: 2.1e-01
Iteration 219
    duration: 577.1 secs (started at 2021-04-10 18:51:26)
    optimized pulses (ranges): [0.00, 9.53]
    âˆ«gâ‚(t)dt: 1.40e-04
    Î»â‚: 1.00e+00
    storage (bw, fw, fw0): [1 * ndarray(1000)] (1251.4 MB), None, None
    fw_states_T norm: 1.000000
    Ï„: (1.79e-01:0.00Ï€)
    qubit error: 2.1e-01
Iteration 220
    duration: 580.0 secs (started at 2021-04-10 19:01:03)
    optimized pulses (ranges): [0.00, 9.53]
    âˆ«gâ‚(t)dt: 1.42e-04
    Î»â‚: 1.00e+00
    storage (bw, fw, fw0): [1 * ndarray(1000)] (1251.4 MB), None, None
    fw_states_T norm: 1.000000
    Ï„: (1.78e-01:0.00Ï€)
    qubit error: 2.1e-01
Iteration 221
    duration: 581.4 secs (started at 2021-04-10 19:10:44)
    optimized pulses (ranges): [0.00, 9.53]
    âˆ«gâ‚(t)dt: 1.38e-04
    Î»â‚: 1.00e+00
    storage (bw, fw, fw0): [1 * ndarray(1000)] (1251.4 MB), None, None
    fw_states_T norm: 1.000000
    Ï„: (1.78e-01:0.00Ï€)
    qubit error: 2.1e-01
Iteration 222
    duration: 579.9 secs (started at 2021-04-10 19:20:25)
    optimized pulses (ranges): [0.00, 9.53]
    âˆ«gâ‚(t)dt: 1.35e-04
    Î»â‚: 1.00e+00
    storage (bw, fw, fw0): [1 * ndarray(1000)] (1251.4 MB), None, None
    fw_states_T norm: 1.000000
    Ï„: (1.78e-01:0.00Ï€)
    qubit error: 2.1e-01
Iteration 223
    duration: 578.3 secs (started at 2021-04-10 19:30:05)
    optimized pulses (ranges): [0.00, 9.54]
    âˆ«gâ‚(t)dt: 1.39e-04
    Î»â‚: 1.00e+00
    storage (bw, fw, fw0): [1 * ndarray(1000)] (1251.4 MB), None, None
    fw_states_T norm: 1.000000
    Ï„: (1.77e-01:0.00Ï€)
    qubit error: 2.1e-01
Iteration 224
    duration: 578.8 secs (started at 2021-04-10 19:39:44)
    optimized pulses (ranges): [0.00, 9.54]
    âˆ«gâ‚(t)dt: 1.31e-04
    Î»â‚: 1.00e+00
    storage (bw, fw, fw0): [1 * ndarray(1000)] (1251.4 MB), None, None
    fw_states_T norm: 1.000000
    Ï„: (1.76e-01:0.00Ï€)
    qubit error: 2.1e-01
Iteration 225
    duration: 578.0 secs (started at 2021-04-10 19:49:23)
    optimized pulses (ranges): [-0.00, 9.54]
    âˆ«gâ‚(t)dt: 1.28e-04
    Î»â‚: 1.00e+00
    storage (bw, fw, fw0): [1 * ndarray(1000)] (1251.4 MB), None, None
    fw_states_T norm: 1.000000
    Ï„: (1.75e-01:0.00Ï€)
    qubit error: 2.1e-01
Iteration 226
    duration: 579.0 secs (started at 2021-04-10 19:59:01)
    optimized pulses (ranges): [-0.00, 9.55]
    âˆ«gâ‚(t)dt: 1.31e-04
    Î»â‚: 1.00e+00
    storage (bw, fw, fw0): [1 * ndarray(1000)] (1251.4 MB), None, None
    fw_states_T norm: 1.000000
    Ï„: (1.74e-01:0.00Ï€)
    qubit error: 2.1e-01
Iteration 227
    duration: 578.1 secs (started at 2021-04-10 20:08:40)
    optimized pulses (ranges): [-0.01, 9.55]
    âˆ«gâ‚(t)dt: 1.34e-04
    Î»â‚: 1.00e+00
    storage (bw, fw, fw0): [1 * ndarray(1000)] (1251.4 MB), None, None
    fw_states_T norm: 1.000000
    Ï„: (1.74e-01:0.00Ï€)
    qubit error: 2.1e-01
Iteration 228
    duration: 579.8 secs (started at 2021-04-10 20:18:18)
    optimized pulses (ranges): [-0.01, 9.55]
    âˆ«gâ‚(t)dt: 1.35e-04
    Î»â‚: 1.00e+00
    storage (bw, fw, fw0): [1 * ndarray(1000)] (1251.4 MB), None, None
    fw_states_T norm: 1.000000
    Ï„: (1.74e-01:0.00Ï€)
    qubit error: 2.1e-01
Iteration 229
    duration: 581.2 secs (started at 2021-04-10 20:27:58)
    optimized pulses (ranges): [-0.01, 9.56]
    âˆ«gâ‚(t)dt: 1.33e-04
    Î»â‚: 1.00e+00
    storage (bw, fw, fw0): [1 * ndarray(1000)] (1251.4 MB), None, None
    fw_states_T norm: 1.000000
    Ï„: (1.73e-01:0.00Ï€)
    qubit error: 2.1e-01
Iteration 230
    duration: 579.7 secs (started at 2021-04-10 20:37:39)
    optimized pulses (ranges): [-0.01, 9.56]
    âˆ«gâ‚(t)dt: 1.35e-04
    Î»â‚: 1.00e+00
    storage (bw, fw, fw0): [1 * ndarray(1000)] (1251.4 MB), None, None
    fw_states_T norm: 1.000000
    Ï„: (1.73e-01:0.00Ï€)
    qubit error: 2.1e-01
Iteration 231
    duration: 578.9 secs (started at 2021-04-10 20:47:19)
    optimized pulses (ranges): [-0.02, 9.56]
    âˆ«gâ‚(t)dt: 1.34e-04
    Î»â‚: 1.00e+00
    storage (bw, fw, fw0): [1 * ndarray(1000)] (1251.4 MB), None, None
    fw_states_T norm: 1.000000
    Ï„: (1.74e-01:0.00Ï€)
    qubit error: 2.1e-01
Iteration 232
    duration: 579.9 secs (started at 2021-04-10 20:56:58)
    optimized pulses (ranges): [-0.02, 9.57]
    âˆ«gâ‚(t)dt: 1.30e-04
    Î»â‚: 1.00e+00
    storage (bw, fw, fw0): [1 * ndarray(1000)] (1251.4 MB), None, None
    fw_states_T norm: 1.000000
    Ï„: (1.72e-01:0.00Ï€)
    qubit error: 2.1e-01
Iteration 233
    duration: 580.0 secs (started at 2021-04-10 21:06:38)
    optimized pulses (ranges): [-0.02, 9.57]
    âˆ«gâ‚(t)dt: 1.26e-04
    Î»â‚: 1.00e+00
    storage (bw, fw, fw0): [1 * ndarray(1000)] (1251.4 MB), None, None
    fw_states_T norm: 1.000000
    Ï„: (1.74e-01:0.00Ï€)
    qubit error: 2.1e-01
Iteration 234
    duration: 579.8 secs (started at 2021-04-10 21:16:18)
    optimized pulses (ranges): [-0.02, 9.57]
    âˆ«gâ‚(t)dt: 1.33e-04
    Î»â‚: 1.00e+00
    storage (bw, fw, fw0): [1 * ndarray(1000)] (1251.4 MB), None, None
    fw_states_T norm: 1.000000
    Ï„: (1.73e-01:0.00Ï€)
    qubit error: 2.1e-01
Iteration 235
    duration: 579.0 secs (started at 2021-04-10 21:25:58)
    optimized pulses (ranges): [-0.03, 9.57]
    âˆ«gâ‚(t)dt: 1.27e-04
    Î»â‚: 1.00e+00
    storage (bw, fw, fw0): [1 * ndarray(1000)] (1251.4 MB), None, None
    fw_states_T norm: 1.000000
    Ï„: (1.73e-01:0.00Ï€)
    qubit error: 2.1e-01
Iteration 236
    duration: 578.8 secs (started at 2021-04-10 21:35:37)
    optimized pulses (ranges): [-0.03, 9.58]
    âˆ«gâ‚(t)dt: 1.26e-04
    Î»â‚: 1.00e+00
    storage (bw, fw, fw0): [1 * ndarray(1000)] (1251.4 MB), None, None
    fw_states_T norm: 1.000000
    Ï„: (1.71e-01:0.00Ï€)
    qubit error: 2.1e-01
Iteration 237
    duration: 579.8 secs (started at 2021-04-10 21:45:16)
    optimized pulses (ranges): [-0.03, 9.58]
    âˆ«gâ‚(t)dt: 1.28e-04
    Î»â‚: 1.00e+00
    storage (bw, fw, fw0): [1 * ndarray(1000)] (1251.4 MB), None, None
    fw_states_T norm: 1.000000
    Ï„: (1.72e-01:0.00Ï€)
    qubit error: 2.1e-01
Iteration 238
    duration: 579.2 secs (started at 2021-04-10 21:54:56)
    optimized pulses (ranges): [-0.03, 9.58]
    âˆ«gâ‚(t)dt: 1.29e-04
    Î»â‚: 1.00e+00
    storage (bw, fw, fw0): [1 * ndarray(1000)] (1251.4 MB), None, None
    fw_states_T norm: 1.000000
    Ï„: (1.71e-01:0.00Ï€)
    qubit error: 2.1e-01
Iteration 239
    duration: 578.7 secs (started at 2021-04-10 22:04:36)
    optimized pulses (ranges): [-0.03, 9.59]
    âˆ«gâ‚(t)dt: 1.27e-04
    Î»â‚: 1.00e+00
    storage (bw, fw, fw0): [1 * ndarray(1000)] (1251.4 MB), None, None
    fw_states_T norm: 1.000000
    Ï„: (1.72e-01:0.00Ï€)
    qubit error: 2.1e-01
Iteration 240
    duration: 581.3 secs (started at 2021-04-10 22:14:15)
    optimized pulses (ranges): [-0.04, 9.59]
    âˆ«gâ‚(t)dt: 1.23e-04
    Î»â‚: 1.00e+00
    storage (bw, fw, fw0): [1 * ndarray(1000)] (1251.4 MB), None, None
    fw_states_T norm: 1.000000
    Ï„: (1.71e-01:0.00Ï€)
    qubit error: 2.1e-01
Iteration 241
    duration: 579.4 secs (started at 2021-04-10 22:23:56)
    optimized pulses (ranges): [-0.04, 9.59]
    âˆ«gâ‚(t)dt: 1.31e-04
    Î»â‚: 1.00e+00
    storage (bw, fw, fw0): [1 * ndarray(1000)] (1251.4 MB), None, None
    fw_states_T norm: 1.000000
    Ï„: (1.70e-01:0.00Ï€)
    qubit error: 2.1e-01
Iteration 242
    duration: 580.3 secs (started at 2021-04-10 22:33:36)
    optimized pulses (ranges): [-0.04, 9.59]
    âˆ«gâ‚(t)dt: 1.26e-04
    Î»â‚: 1.00e+00
    storage (bw, fw, fw0): [1 * ndarray(1000)] (1251.4 MB), None, None
    fw_states_T norm: 1.000000
    Ï„: (1.70e-01:0.00Ï€)
    qubit error: 2.1e-01
Iteration 243
    duration: 578.6 secs (started at 2021-04-10 22:43:16)
    optimized pulses (ranges): [-0.04, 9.59]
    âˆ«gâ‚(t)dt: 1.23e-04
    Î»â‚: 1.00e+00
    storage (bw, fw, fw0): [1 * ndarray(1000)] (1251.4 MB), None, None
    fw_states_T norm: 1.000000
    Ï„: (1.70e-01:0.00Ï€)
    qubit error: 2.1e-01
Iteration 244
    duration: 582.4 secs (started at 2021-04-10 22:52:55)
    optimized pulses (ranges): [-0.05, 9.60]
    âˆ«gâ‚(t)dt: 1.24e-04
    Î»â‚: 1.00e+00
    storage (bw, fw, fw0): [1 * ndarray(1000)] (1251.4 MB), None, None
    fw_states_T norm: 1.000000
    Ï„: (1.69e-01:0.00Ï€)
    qubit error: 2.1e-01
Iteration 245
    duration: 579.9 secs (started at 2021-04-10 23:02:37)
    optimized pulses (ranges): [-0.05, 9.60]
    âˆ«gâ‚(t)dt: 1.27e-04
    Î»â‚: 1.00e+00
    storage (bw, fw, fw0): [1 * ndarray(1000)] (1251.4 MB), None, None
    fw_states_T norm: 1.000000
    Ï„: (1.69e-01:0.00Ï€)
<stdin>:166: RuntimeWarning: overflow encountered in exp
No handles with labels found to put in legend.
    qubit error: 2.1e-01
