 'tryton/binutils/2.34' load complete.
 'tryton/compiler/gcc/7.4' load complete.
 'tryton/python3/3.5.6' load complete.

Loading tryton/python3/3.5.6
  Loading requirement: tryton/binutils/2.34 tryton/compiler/gcc/7.4
Quantum object: dims = [[2, 2, 2, 2, 2, 2, 2], [2, 2, 2, 2, 2, 2, 2]], shape = (128, 128), type = oper, isherm = True
Qobj data =
[[1. 0. 0. ... 0. 0. 0.]
 [0. 0. 0. ... 0. 0. 0.]
 [0. 0. 0. ... 0. 0. 0.]
 ...
 [0. 0. 0. ... 0. 0. 0.]
 [0. 0. 0. ... 0. 0. 0.]
 [0. 0. 0. ... 0. 0. 0.]]
Quantum object: dims = [[2, 2, 2, 2, 2, 2, 2], [2, 2, 2, 2, 2, 2, 2]], shape = (128, 128), type = oper, isherm = True
Qobj data =
[[0. 0. 0. ... 0. 0. 0.]
 [0. 0. 0. ... 0. 0. 0.]
 [0. 0. 0. ... 0. 0. 0.]
 ...
 [0. 0. 0. ... 0. 0. 0.]
 [0. 0. 0. ... 0. 0. 0.]
 [0. 0. 0. ... 0. 0. 0.]]
Iteration 0
    objectives:
        1:Ïâ‚€[2âŠ—2âŠ—2âŠ—2âŠ—2âŠ—2âŠ—2,2âŠ—2âŠ—2âŠ—2âŠ—2âŠ—2âŠ—2] to Ïâ‚[2âŠ—2âŠ—2âŠ—2âŠ—2âŠ—2âŠ—2,2âŠ—2âŠ—2âŠ—2âŠ—2âŠ—2âŠ—2] via [ğ“›â‚€[[2âŠ—2âŠ—2âŠ—2âŠ—2âŠ—2âŠ—2,2âŠ—2âŠ—2âŠ—2âŠ—2âŠ—2âŠ—2],[2âŠ—2âŠ—2âŠ—2âŠ—2âŠ—2âŠ—2,2âŠ—2âŠ—2âŠ—2âŠ—2âŠ—2âŠ—2]], [ğ“›â‚[[2âŠ—2âŠ—2âŠ—2âŠ—2âŠ—2âŠ—2,2âŠ—2âŠ—2âŠ—2âŠ—2âŠ—2âŠ—2],[2âŠ—2âŠ—2âŠ—2âŠ—2âŠ—2âŠ—2,2âŠ—2âŠ—2âŠ—2âŠ—2âŠ—2âŠ—2]], uâ‚(t)]]
    adjoint objectives:
        1:Ïâ‚‚[2âŠ—2âŠ—2âŠ—2âŠ—2âŠ—2âŠ—2,2âŠ—2âŠ—2âŠ—2âŠ—2âŠ—2âŠ—2] to Ïâ‚ƒ[2âŠ—2âŠ—2âŠ—2âŠ—2âŠ—2âŠ—2,2âŠ—2âŠ—2âŠ—2âŠ—2âŠ—2âŠ—2] via [ğ“›â‚‚[[2âŠ—2âŠ—2âŠ—2âŠ—2âŠ—2âŠ—2,2âŠ—2âŠ—2âŠ—2âŠ—2âŠ—2âŠ—2],[2âŠ—2âŠ—2âŠ—2âŠ—2âŠ—2âŠ—2,2âŠ—2âŠ—2âŠ—2âŠ—2âŠ—2âŠ—2]], [ğ“›â‚ƒ[[2âŠ—2âŠ—2âŠ—2âŠ—2âŠ—2âŠ—2,2âŠ—2âŠ—2âŠ—2âŠ—2âŠ—2âŠ—2],[2âŠ—2âŠ—2âŠ—2âŠ—2âŠ—2âŠ—2,2âŠ—2âŠ—2âŠ—2âŠ—2âŠ—2âŠ—2]], uâ‚(t)]]
    chi_constructor: chis_qubit
    mu: derivative_wrt_pulse
    S(t) (ranges): [0.000000, 1.000000]
    iter_start: 0
    iter_stop: 20000
    duration: 8.2 secs (started at 2021-04-20 19:29:33)
    optimized pulses (ranges): [0.00, 2.00]
    âˆ«gâ‚(t)dt: 0.00e+00
    Î»â‚: 1.00e+00
    storage (bw, fw, fw0): None, None, None
    fw_states_T norm: 1.000000
    Ï„: (5.19e-04:0.00Ï€)
    qubit error: 1.0e+00
Iteration 1
    duration: 38.6 secs (started at 2021-04-20 19:29:41)
    optimized pulses (ranges): [0.00, 2.00]
    âˆ«gâ‚(t)dt: 3.02e-07
    Î»â‚: 1.00e+00
    storage (bw, fw, fw0): [1 * ndarray(1000)] (313.4 MB), None, None
    fw_states_T norm: 1.000000
    Ï„: (5.20e-04:0.00Ï€)
    qubit error: 1.0e+00
Iteration 2
    duration: 42.1 secs (started at 2021-04-20 19:30:20)
    optimized pulses (ranges): [0.00, 2.00]
    âˆ«gâ‚(t)dt: 3.02e-07
    Î»â‚: 1.00e+00
    storage (bw, fw, fw0): [1 * ndarray(1000)] (313.4 MB), None, None
    fw_states_T norm: 1.000000
    Ï„: (5.19e-04:0.00Ï€)
    qubit error: 1.0e+00
Iteration 3
    duration: 43.1 secs (started at 2021-04-20 19:31:02)
    optimized pulses (ranges): [0.00, 2.00]
    âˆ«gâ‚(t)dt: 3.03e-07
    Î»â‚: 1.00e+00
    storage (bw, fw, fw0): [1 * ndarray(1000)] (313.4 MB), None, None
    fw_states_T norm: 1.000000
    Ï„: (5.20e-04:0.00Ï€)
    qubit error: 1.0e+00
Iteration 4
    duration: 44.5 secs (started at 2021-04-20 19:31:45)
    optimized pulses (ranges): [0.00, 2.00]
    âˆ«gâ‚(t)dt: 3.04e-07
    Î»â‚: 1.00e+00
    storage (bw, fw, fw0): [1 * ndarray(1000)] (313.4 MB), None, None
    fw_states_T norm: 1.000000
    Ï„: (5.21e-04:0.00Ï€)
    qubit error: 1.0e+00
Iteration 5
    duration: 45.8 secs (started at 2021-04-20 19:32:29)
    optimized pulses (ranges): [0.00, 2.00]
    âˆ«gâ‚(t)dt: 3.04e-07
    Î»â‚: 1.00e+00
    storage (bw, fw, fw0): [1 * ndarray(1000)] (313.4 MB), None, None
    fw_states_T norm: 1.000000
    Ï„: (5.20e-04:0.00Ï€)
    qubit error: 1.0e+00
Iteration 6
    duration: 46.3 secs (started at 2021-04-20 19:33:15)
    optimized pulses (ranges): [0.00, 2.00]
    âˆ«gâ‚(t)dt: 3.05e-07
    Î»â‚: 1.00e+00
    storage (bw, fw, fw0): [1 * ndarray(1000)] (313.4 MB), None, None
    fw_states_T norm: 1.000000
    Ï„: (5.21e-04:0.00Ï€)
    qubit error: 1.0e+00
Iteration 7
    duration: 47.7 secs (started at 2021-04-20 19:34:01)
    optimized pulses (ranges): [0.00, 2.00]
    âˆ«gâ‚(t)dt: 3.06e-07
    Î»â‚: 1.00e+00
    storage (bw, fw, fw0): [1 * ndarray(1000)] (313.4 MB), None, None
    fw_states_T norm: 1.000000
    Ï„: (5.20e-04:0.00Ï€)
<stdin>:162: RuntimeWarning: overflow encountered in exp
No handles with labels found to put in legend.
    qubit error: 1.0e+00
