 'tryton/binutils/2.34' load complete.
 'tryton/compiler/gcc/7.4' load complete.
 'tryton/python3/3.5.6' load complete.

Loading tryton/python3/3.5.6
  Loading requirement: tryton/binutils/2.34 tryton/compiler/gcc/7.4
Iteration 0
    objectives:
        1:Ïâ‚€[190,190] to Ïâ‚[190,190] via [ğ“›â‚€[[190,190],[190,190]], [ğ“›â‚[[190,190],[190,190]], uâ‚(t)]]
    adjoint objectives:
        1:Ïâ‚‚[190,190] to Ïâ‚ƒ[190,190] via [ğ“›â‚‚[[190,190],[190,190]], [ğ“›â‚ƒ[[190,190],[190,190]], uâ‚(t)]]
    chi_constructor: chis_qubit
    mu: derivative_wrt_pulse
    S(t) (ranges): [0.000000, 1.000000]
    iter_start: 0
    iter_stop: 20000
    duration: 1.3 secs (started at 2021-05-11 06:50:06)
    optimized pulses (ranges): [0.00, 0.00]
    âˆ«gâ‚(t)dt: 0.00e+00
    Î»â‚: 1.00e+00
    storage (bw, fw, fw0): None, None, None
    fw_states_T norm: 1.000000
    Ï„: (0.00e+00:0.00Ï€)
    qubit error: 1.0e+00
Iteration 1
    duration: 41.3 secs (started at 2021-05-11 06:50:08)
    optimized pulses (ranges): [-0.00, 0.00]
    âˆ«gâ‚(t)dt: 2.93e-19
    Î»â‚: 1.00e+00
    storage (bw, fw, fw0): [1 * ndarray(1000)] (59.5 MB), None, None
    fw_states_T norm: 1.000000
    Ï„: (0.00e+00:0.00Ï€)
    qubit error: 1.0e+00
Iteration 2
    duration: 53.9 secs (started at 2021-05-11 06:50:49)
    optimized pulses (ranges): [-0.00, 0.00]
    âˆ«gâ‚(t)dt: 4.61e-16
    Î»â‚: 1.00e+00
    storage (bw, fw, fw0): [1 * ndarray(1000)] (112.1 MB), None, None
    fw_states_T norm: 1.000000
    Ï„: (0.00e+00:0.00Ï€)
    qubit error: 1.0e+00
Iteration 3
    duration: 80.9 secs (started at 2021-05-11 06:51:43)
    optimized pulses (ranges): [-0.00, 0.00]
    âˆ«gâ‚(t)dt: 2.43e-13
    Î»â‚: 1.00e+00
    storage (bw, fw, fw0): [1 * ndarray(1000)] (426.4 MB), None, None
    fw_states_T norm: 1.000001
    Ï„: (0.00e+00:0.00Ï€)
    qubit error: 1.0e+00
Iteration 4
    duration: 89.2 secs (started at 2021-05-11 06:53:04)
    optimized pulses (ranges): [-0.00, 0.00]
    âˆ«gâ‚(t)dt: 3.38e-10
    Î»â‚: 1.00e+00
    storage (bw, fw, fw0): [1 * ndarray(1000)] (536.6 MB), None, None
    fw_states_T norm: 1.000000
    Ï„: (3.38e-10:0.00Ï€)
    qubit error: 1.0e+00
Iteration 5
    duration: 116.0 secs (started at 2021-05-11 06:54:33)
    optimized pulses (ranges): [-0.00, 0.00]
    âˆ«gâ‚(t)dt: 8.32e-07
    Î»â‚: 1.00e+00
    storage (bw, fw, fw0): [1 * ndarray(1000)] (626.5 MB), None, None
    fw_states_T norm: 1.000003
    Ï„: (8.32e-07:0.00Ï€)
    qubit error: 1.0e+00
Iteration 6
    duration: 167.7 secs (started at 2021-05-11 06:56:29)
    optimized pulses (ranges): [-0.03, 0.02]
    âˆ«gâ‚(t)dt: 2.14e-03
    Î»â‚: 1.00e+00
    storage (bw, fw, fw0): [1 * ndarray(1000)] (689.7 MB), None, None
    fw_states_T norm: 1.000009
    Ï„: (2.14e-03:0.00Ï€)
    qubit error: 1.0e+00
Iteration 7
    duration: 253.9 secs (started at 2021-05-11 06:59:17)
    optimized pulses (ranges): [-0.32, 0.30]
    âˆ«gâ‚(t)dt: 4.58e-01
    Î»â‚: 1.00e+00
    storage (bw, fw, fw0): [1 * ndarray(1000)] (689.7 MB), None, None
    fw_states_T norm: 1.000011
    Ï„: (4.61e-01:0.00Ï€)
    qubit error: 5.4e-01
Iteration 8
    duration: 233.9 secs (started at 2021-05-11 07:03:31)
    optimized pulses (ranges): [-0.33, 0.31]
    âˆ«gâ‚(t)dt: 1.47e-01
    Î»â‚: 1.00e+00
    storage (bw, fw, fw0): [1 * ndarray(1000)] (689.7 MB), None, None
    fw_states_T norm: 1.000016
    Ï„: (6.08e-01:0.00Ï€)
    qubit error: 3.9e-01
Iteration 9
    duration: 292.4 secs (started at 2021-05-11 07:07:25)
    optimized pulses (ranges): [-0.36, 0.34]
    âˆ«gâ‚(t)dt: 2.20e-02
    Î»â‚: 1.00e+00
    storage (bw, fw, fw0): [1 * ndarray(1000)] (689.7 MB), None, None
    fw_states_T norm: 1.000012
    Ï„: (6.31e-01:0.00Ï€)
    qubit error: 3.7e-01
Iteration 10
    duration: 286.9 secs (started at 2021-05-11 07:12:17)
    optimized pulses (ranges): [-0.46, 0.37]
    âˆ«gâ‚(t)dt: 1.60e-02
    Î»â‚: 1.00e+00
    storage (bw, fw, fw0): [1 * ndarray(1000)] (689.7 MB), None, None
    fw_states_T norm: 1.000013
    Ï„: (6.47e-01:0.00Ï€)
    qubit error: 3.5e-01
Iteration 11
    duration: 289.1 secs (started at 2021-05-11 07:17:04)
    optimized pulses (ranges): [-0.54, 0.40]
    âˆ«gâ‚(t)dt: 1.44e-02
    Î»â‚: 1.00e+00
    storage (bw, fw, fw0): [1 * ndarray(1000)] (689.7 MB), None, None
    fw_states_T norm: 1.000011
    Ï„: (6.61e-01:0.00Ï€)
    qubit error: 3.4e-01
Iteration 12
    duration: 275.5 secs (started at 2021-05-11 07:21:54)
    optimized pulses (ranges): [-0.61, 0.44]
    âˆ«gâ‚(t)dt: 1.24e-02
    Î»â‚: 1.00e+00
    storage (bw, fw, fw0): [1 * ndarray(1000)] (689.7 MB), None, None
    fw_states_T norm: 1.000012
    Ï„: (6.73e-01:0.00Ï€)
    qubit error: 3.3e-01
Iteration 13
    duration: 270.1 secs (started at 2021-05-11 07:26:29)
    optimized pulses (ranges): [-0.68, 0.47]
    âˆ«gâ‚(t)dt: 1.07e-02
    Î»â‚: 1.00e+00
    storage (bw, fw, fw0): [1 * ndarray(1000)] (689.7 MB), None, None
    fw_states_T norm: 1.000012
    Ï„: (6.84e-01:0.00Ï€)
    qubit error: 3.2e-01
Iteration 14
    duration: 249.5 secs (started at 2021-05-11 07:30:59)
    optimized pulses (ranges): [-0.74, 0.51]
    âˆ«gâ‚(t)dt: 9.27e-03
    Î»â‚: 1.00e+00
    storage (bw, fw, fw0): [1 * ndarray(1000)] (689.7 MB), None, None
    fw_states_T norm: 1.000011
    Ï„: (6.93e-01:0.00Ï€)
    qubit error: 3.1e-01
Iteration 15
    duration: 272.6 secs (started at 2021-05-11 07:35:09)
    optimized pulses (ranges): [-0.80, 0.54]
    âˆ«gâ‚(t)dt: 7.96e-03
    Î»â‚: 1.00e+00
    storage (bw, fw, fw0): [1 * ndarray(1000)] (689.7 MB), None, None
    fw_states_T norm: 1.000011
    Ï„: (7.00e-01:0.00Ï€)
    qubit error: 3.0e-01
Iteration 16
    duration: 240.9 secs (started at 2021-05-11 07:39:42)
    optimized pulses (ranges): [-0.84, 0.58]
    âˆ«gâ‚(t)dt: 7.04e-03
    Î»â‚: 1.00e+00
    storage (bw, fw, fw0): [1 * ndarray(1000)] (689.7 MB), None, None
    fw_states_T norm: 1.000012
    Ï„: (7.07e-01:0.00Ï€)
    qubit error: 2.9e-01
Iteration 17
    duration: 240.7 secs (started at 2021-05-11 07:43:43)
    optimized pulses (ranges): [-0.89, 0.61]
    âˆ«gâ‚(t)dt: 6.29e-03
    Î»â‚: 1.00e+00
    storage (bw, fw, fw0): [1 * ndarray(1000)] (689.7 MB), None, None
    fw_states_T norm: 1.000013
    Ï„: (7.13e-01:0.00Ï€)
    qubit error: 2.9e-01
Iteration 18
    duration: 234.3 secs (started at 2021-05-11 07:47:43)
    optimized pulses (ranges): [-0.93, 0.65]
    âˆ«gâ‚(t)dt: 5.54e-03
    Î»â‚: 1.00e+00
    storage (bw, fw, fw0): [1 * ndarray(1000)] (689.7 MB), None, None
    fw_states_T norm: 1.000013
    Ï„: (7.18e-01:0.00Ï€)
    qubit error: 2.8e-01
Iteration 19
    duration: 240.1 secs (started at 2021-05-11 07:51:38)
    optimized pulses (ranges): [-0.96, 0.68]
    âˆ«gâ‚(t)dt: 4.95e-03
    Î»â‚: 1.00e+00
    storage (bw, fw, fw0): [1 * ndarray(1000)] (689.7 MB), None, None
    fw_states_T norm: 1.000012
    Ï„: (7.23e-01:0.00Ï€)
    qubit error: 2.8e-01
Iteration 20
    duration: 231.2 secs (started at 2021-05-11 07:55:38)
    optimized pulses (ranges): [-1.00, 0.72]
    âˆ«gâ‚(t)dt: 4.47e-03
    Î»â‚: 1.00e+00
    storage (bw, fw, fw0): [1 * ndarray(1000)] (689.7 MB), None, None
    fw_states_T norm: 1.000014
    Ï„: (7.27e-01:0.00Ï€)
    qubit error: 2.7e-01
Iteration 21
    duration: 231.8 secs (started at 2021-05-11 07:59:29)
    optimized pulses (ranges): [-1.03, 0.75]
    âˆ«gâ‚(t)dt: 4.05e-03
    Î»â‚: 1.00e+00
    storage (bw, fw, fw0): [1 * ndarray(1000)] (689.7 MB), None, None
    fw_states_T norm: 1.000015
    Ï„: (7.30e-01:0.00Ï€)
    qubit error: 2.7e-01
Iteration 22
    duration: 219.3 secs (started at 2021-05-11 08:03:21)
    optimized pulses (ranges): [-1.05, 0.78]
    âˆ«gâ‚(t)dt: 3.60e-03
    Î»â‚: 1.00e+00
    storage (bw, fw, fw0): [1 * ndarray(1000)] (689.7 MB), None, None
    fw_states_T norm: 1.000013
    Ï„: (7.34e-01:0.00Ï€)
    qubit error: 2.7e-01
Iteration 23
    duration: 246.0 secs (started at 2021-05-11 08:07:00)
    optimized pulses (ranges): [-1.08, 0.82]
    âˆ«gâ‚(t)dt: 3.32e-03
    Î»â‚: 1.00e+00
    storage (bw, fw, fw0): [1 * ndarray(1000)] (689.7 MB), None, None
    fw_states_T norm: 1.000015
    Ï„: (7.36e-01:0.00Ï€)
    qubit error: 2.6e-01
Iteration 24
    duration: 241.0 secs (started at 2021-05-11 08:11:06)
    optimized pulses (ranges): [-1.10, 0.85]
    âˆ«gâ‚(t)dt: 3.05e-03
    Î»â‚: 1.00e+00
    storage (bw, fw, fw0): [1 * ndarray(1000)] (689.7 MB), None, None
    fw_states_T norm: 1.000016
    Ï„: (7.39e-01:0.00Ï€)
    qubit error: 2.6e-01
Iteration 25
    duration: 235.9 secs (started at 2021-05-11 08:15:08)
    optimized pulses (ranges): [-1.12, 0.88]
    âˆ«gâ‚(t)dt: 2.91e-03
    Î»â‚: 1.00e+00
    storage (bw, fw, fw0): [1 * ndarray(1000)] (689.7 MB), None, None
    fw_states_T norm: 1.000016
    Ï„: (7.42e-01:0.00Ï€)
    qubit error: 2.6e-01
Iteration 26
    duration: 242.9 secs (started at 2021-05-11 08:19:03)
    optimized pulses (ranges): [-1.15, 0.91]
    âˆ«gâ‚(t)dt: 2.58e-03
    Î»â‚: 1.00e+00
    storage (bw, fw, fw0): [1 * ndarray(1000)] (689.7 MB), None, None
    fw_states_T norm: 1.000015
    Ï„: (7.44e-01:0.00Ï€)
    qubit error: 2.6e-01
Iteration 27
    duration: 235.0 secs (started at 2021-05-11 08:23:06)
    optimized pulses (ranges): [-1.17, 0.95]
    âˆ«gâ‚(t)dt: 2.43e-03
    Î»â‚: 1.00e+00
    storage (bw, fw, fw0): [1 * ndarray(1000)] (689.7 MB), None, None
    fw_states_T norm: 1.000017
    Ï„: (7.46e-01:0.00Ï€)
    qubit error: 2.5e-01
Iteration 28
    duration: 251.7 secs (started at 2021-05-11 08:27:01)
    optimized pulses (ranges): [-1.18, 0.98]
    âˆ«gâ‚(t)dt: 2.29e-03
    Î»â‚: 1.00e+00
    storage (bw, fw, fw0): [1 * ndarray(1000)] (689.7 MB), None, None
    fw_states_T norm: 1.000014
    Ï„: (7.48e-01:0.00Ï€)
    qubit error: 2.5e-01
Iteration 29
    duration: 233.1 secs (started at 2021-05-11 08:31:13)
    optimized pulses (ranges): [-1.20, 1.01]
    âˆ«gâ‚(t)dt: 2.18e-03
    Î»â‚: 1.00e+00
    storage (bw, fw, fw0): [1 * ndarray(1000)] (689.7 MB), None, None
    fw_states_T norm: 1.000015
    Ï„: (7.50e-01:0.00Ï€)
    qubit error: 2.5e-01
Iteration 30
    duration: 240.8 secs (started at 2021-05-11 08:35:06)
    optimized pulses (ranges): [-1.22, 1.04]
    âˆ«gâ‚(t)dt: 2.07e-03
    Î»â‚: 1.00e+00
    storage (bw, fw, fw0): [1 * ndarray(1000)] (689.7 MB), None, None
    fw_states_T norm: 1.000016
    Ï„: (7.51e-01:0.00Ï€)
    qubit error: 2.5e-01
Iteration 31
    duration: 237.5 secs (started at 2021-05-11 08:39:07)
    optimized pulses (ranges): [-1.23, 1.07]
    âˆ«gâ‚(t)dt: 1.99e-03
    Î»â‚: 1.00e+00
    storage (bw, fw, fw0): [1 * ndarray(1000)] (689.7 MB), None, None
    fw_states_T norm: 1.000016
    Ï„: (7.53e-01:0.00Ï€)
    qubit error: 2.5e-01
Iteration 32
    duration: 237.7 secs (started at 2021-05-11 08:43:05)
    optimized pulses (ranges): [-1.25, 1.10]
    âˆ«gâ‚(t)dt: 1.85e-03
    Î»â‚: 1.00e+00
    storage (bw, fw, fw0): [1 * ndarray(1000)] (689.7 MB), None, None
    fw_states_T norm: 1.000016
    Ï„: (7.55e-01:0.00Ï€)
    qubit error: 2.5e-01
Iteration 33
    duration: 241.8 secs (started at 2021-05-11 08:47:03)
    optimized pulses (ranges): [-1.26, 1.13]
    âˆ«gâ‚(t)dt: 1.75e-03
    Î»â‚: 1.00e+00
    storage (bw, fw, fw0): [1 * ndarray(1000)] (689.7 MB), None, None
    fw_states_T norm: 1.000017
    Ï„: (7.56e-01:0.00Ï€)
    qubit error: 2.4e-01
Iteration 34
    duration: 241.0 secs (started at 2021-05-11 08:51:04)
    optimized pulses (ranges): [-1.27, 1.16]
    âˆ«gâ‚(t)dt: 1.73e-03
    Î»â‚: 1.00e+00
    storage (bw, fw, fw0): [1 * ndarray(1000)] (689.7 MB), None, None
    fw_states_T norm: 1.000016
    Ï„: (7.57e-01:0.00Ï€)
    qubit error: 2.4e-01
Iteration 35
    duration: 270.2 secs (started at 2021-05-11 08:55:06)
    optimized pulses (ranges): [-1.28, 1.19]
    âˆ«gâ‚(t)dt: 1.65e-03
    Î»â‚: 1.00e+00
    storage (bw, fw, fw0): [1 * ndarray(1000)] (689.7 MB), None, None
    fw_states_T norm: 1.000018
    Ï„: (7.59e-01:0.00Ï€)
    qubit error: 2.4e-01
Iteration 36
    duration: 239.5 secs (started at 2021-05-11 08:59:36)
    optimized pulses (ranges): [-1.29, 1.22]
    âˆ«gâ‚(t)dt: 1.59e-03
    Î»â‚: 1.00e+00
    storage (bw, fw, fw0): [1 * ndarray(1000)] (689.7 MB), None, None
    fw_states_T norm: 1.000016
    Ï„: (7.60e-01:0.00Ï€)
    qubit error: 2.4e-01
Iteration 37
    duration: 252.6 secs (started at 2021-05-11 09:03:35)
    optimized pulses (ranges): [-1.30, 1.25]
    âˆ«gâ‚(t)dt: 1.49e-03
    Î»â‚: 1.00e+00
    storage (bw, fw, fw0): [1 * ndarray(1000)] (689.7 MB), None, None
    fw_states_T norm: 1.000017
    Ï„: (7.61e-01:0.00Ï€)
    qubit error: 2.4e-01
Iteration 38
    duration: 248.3 secs (started at 2021-05-11 09:07:48)
    optimized pulses (ranges): [-1.31, 1.28]
    âˆ«gâ‚(t)dt: 1.50e-03
    Î»â‚: 1.00e+00
    storage (bw, fw, fw0): [1 * ndarray(1000)] (689.7 MB), None, None
    fw_states_T norm: 1.000016
    Ï„: (7.62e-01:0.00Ï€)
    qubit error: 2.4e-01
Iteration 39
    duration: 252.7 secs (started at 2021-05-11 09:11:56)
    optimized pulses (ranges): [-1.32, 1.30]
    âˆ«gâ‚(t)dt: 1.38e-03
    Î»â‚: 1.00e+00
    storage (bw, fw, fw0): [1 * ndarray(1000)] (689.7 MB), None, None
    fw_states_T norm: 1.000018
    Ï„: (7.63e-01:0.00Ï€)
    qubit error: 2.4e-01
Iteration 40
    duration: 247.1 secs (started at 2021-05-11 09:16:09)
    optimized pulses (ranges): [-1.33, 1.33]
    âˆ«gâ‚(t)dt: 1.39e-03
    Î»â‚: 1.00e+00
    storage (bw, fw, fw0): [1 * ndarray(1000)] (689.7 MB), None, None
    fw_states_T norm: 1.000017
    Ï„: (7.65e-01:0.00Ï€)
    qubit error: 2.4e-01
Iteration 41
    duration: 251.0 secs (started at 2021-05-11 09:20:16)
    optimized pulses (ranges): [-1.33, 1.36]
    âˆ«gâ‚(t)dt: 1.29e-03
    Î»â‚: 1.00e+00
    storage (bw, fw, fw0): [1 * ndarray(1000)] (689.7 MB), None, None
    fw_states_T norm: 1.000017
    Ï„: (7.66e-01:0.00Ï€)
    qubit error: 2.3e-01
Iteration 42
    duration: 253.7 secs (started at 2021-05-11 09:24:27)
    optimized pulses (ranges): [-1.34, 1.39]
    âˆ«gâ‚(t)dt: 1.17e-03
    Î»â‚: 1.00e+00
    storage (bw, fw, fw0): [1 * ndarray(1000)] (689.7 MB), None, None
    fw_states_T norm: 1.000017
    Ï„: (7.67e-01:0.00Ï€)
    qubit error: 2.3e-01
Iteration 43
    duration: 258.5 secs (started at 2021-05-11 09:28:41)
    optimized pulses (ranges): [-1.35, 1.42]
    âˆ«gâ‚(t)dt: 1.20e-03
    Î»â‚: 1.00e+00
    storage (bw, fw, fw0): [1 * ndarray(1000)] (689.7 MB), None, None
    fw_states_T norm: 1.000015
    Ï„: (7.68e-01:0.00Ï€)
    qubit error: 2.3e-01
Iteration 44
    duration: 260.8 secs (started at 2021-05-11 09:33:00)
    optimized pulses (ranges): [-1.35, 1.44]
    âˆ«gâ‚(t)dt: 1.17e-03
    Î»â‚: 1.00e+00
    storage (bw, fw, fw0): [1 * ndarray(1000)] (689.7 MB), None, None
    fw_states_T norm: 1.000016
    Ï„: (7.68e-01:0.00Ï€)
    qubit error: 2.3e-01
Iteration 45
    duration: 259.2 secs (started at 2021-05-11 09:37:21)
    optimized pulses (ranges): [-1.36, 1.47]
    âˆ«gâ‚(t)dt: 1.11e-03
    Î»â‚: 1.00e+00
    storage (bw, fw, fw0): [1 * ndarray(1000)] (689.7 MB), None, None
    fw_states_T norm: 1.000017
    Ï„: (7.69e-01:0.00Ï€)
    qubit error: 2.3e-01
Iteration 46
    duration: 253.5 secs (started at 2021-05-11 09:41:40)
    optimized pulses (ranges): [-1.36, 1.49]
    âˆ«gâ‚(t)dt: 1.06e-03
    Î»â‚: 1.00e+00
    storage (bw, fw, fw0): [1 * ndarray(1000)] (689.7 MB), None, None
    fw_states_T norm: 1.000019
    Ï„: (7.70e-01:0.00Ï€)
    qubit error: 2.3e-01
Iteration 47
    duration: 252.4 secs (started at 2021-05-11 09:45:53)
    optimized pulses (ranges): [-1.37, 1.52]
    âˆ«gâ‚(t)dt: 1.11e-03
    Î»â‚: 1.00e+00
    storage (bw, fw, fw0): [1 * ndarray(1000)] (689.7 MB), None, None
    fw_states_T norm: 1.000017
    Ï„: (7.71e-01:0.00Ï€)
    qubit error: 2.3e-01
Iteration 48
    duration: 254.9 secs (started at 2021-05-11 09:50:06)
    optimized pulses (ranges): [-1.37, 1.55]
    âˆ«gâ‚(t)dt: 9.59e-04
    Î»â‚: 1.00e+00
    storage (bw, fw, fw0): [1 * ndarray(1000)] (689.7 MB), None, None
    fw_states_T norm: 1.000018
    Ï„: (7.72e-01:0.00Ï€)
    qubit error: 2.3e-01
Iteration 49
    duration: 260.9 secs (started at 2021-05-11 09:54:21)
    optimized pulses (ranges): [-1.38, 1.57]
    âˆ«gâ‚(t)dt: 9.96e-04
    Î»â‚: 1.00e+00
    storage (bw, fw, fw0): [1 * ndarray(1000)] (689.7 MB), None, None
    fw_states_T norm: 1.000019
    Ï„: (7.72e-01:0.00Ï€)
    qubit error: 2.3e-01
Iteration 50
    duration: 254.8 secs (started at 2021-05-11 09:58:42)
    optimized pulses (ranges): [-1.38, 1.60]
    âˆ«gâ‚(t)dt: 9.19e-04
    Î»â‚: 1.00e+00
    storage (bw, fw, fw0): [1 * ndarray(1000)] (689.7 MB), None, None
    fw_states_T norm: 1.000017
    Ï„: (7.73e-01:0.00Ï€)
    qubit error: 2.3e-01
Iteration 51
    duration: 255.1 secs (started at 2021-05-11 10:02:56)
    optimized pulses (ranges): [-1.39, 1.62]
    âˆ«gâ‚(t)dt: 8.94e-04
    Î»â‚: 1.00e+00
    storage (bw, fw, fw0): [1 * ndarray(1000)] (689.7 MB), None, None
    fw_states_T norm: 1.000018
    Ï„: (7.74e-01:0.00Ï€)
    qubit error: 2.3e-01
Iteration 52
    duration: 255.2 secs (started at 2021-05-11 10:07:11)
    optimized pulses (ranges): [-1.39, 1.65]
    âˆ«gâ‚(t)dt: 8.47e-04
    Î»â‚: 1.00e+00
    storage (bw, fw, fw0): [1 * ndarray(1000)] (689.7 MB), None, None
    fw_states_T norm: 1.000017
    Ï„: (7.74e-01:0.00Ï€)
    qubit error: 2.3e-01
Iteration 53
    duration: 254.3 secs (started at 2021-05-11 10:11:27)
    optimized pulses (ranges): [-1.39, 1.67]
    âˆ«gâ‚(t)dt: 8.48e-04
    Î»â‚: 1.00e+00
    storage (bw, fw, fw0): [1 * ndarray(1000)] (689.7 MB), None, None
    fw_states_T norm: 1.000019
    Ï„: (7.75e-01:0.00Ï€)
    qubit error: 2.2e-01
Iteration 54
    duration: 260.4 secs (started at 2021-05-11 10:15:41)
    optimized pulses (ranges): [-1.40, 1.70]
    âˆ«gâ‚(t)dt: 8.39e-04
    Î»â‚: 1.00e+00
    storage (bw, fw, fw0): [1 * ndarray(1000)] (689.7 MB), None, None
    fw_states_T norm: 1.000018
    Ï„: (7.76e-01:0.00Ï€)
    qubit error: 2.2e-01
Iteration 55
    duration: 254.2 secs (started at 2021-05-11 10:20:02)
    optimized pulses (ranges): [-1.40, 1.72]
    âˆ«gâ‚(t)dt: 8.06e-04
    Î»â‚: 1.00e+00
    storage (bw, fw, fw0): [1 * ndarray(1000)] (689.7 MB), None, None
    fw_states_T norm: 1.000018
    Ï„: (7.76e-01:0.00Ï€)
    qubit error: 2.2e-01
Iteration 56
    duration: 259.9 secs (started at 2021-05-11 10:24:16)
    optimized pulses (ranges): [-1.40, 1.75]
    âˆ«gâ‚(t)dt: 7.89e-04
    Î»â‚: 1.00e+00
    storage (bw, fw, fw0): [1 * ndarray(1000)] (689.7 MB), None, None
    fw_states_T norm: 1.000018
    Ï„: (7.77e-01:0.00Ï€)
    qubit error: 2.2e-01
Iteration 57
    duration: 254.0 secs (started at 2021-05-11 10:28:36)
    optimized pulses (ranges): [-1.40, 1.77]
    âˆ«gâ‚(t)dt: 7.57e-04
    Î»â‚: 1.00e+00
    storage (bw, fw, fw0): [1 * ndarray(1000)] (689.7 MB), None, None
    fw_states_T norm: 1.000020
    Ï„: (7.77e-01:0.00Ï€)
    qubit error: 2.2e-01
Iteration 58
    duration: 261.1 secs (started at 2021-05-11 10:32:50)
    optimized pulses (ranges): [-1.40, 1.79]
    âˆ«gâ‚(t)dt: 7.37e-04
    Î»â‚: 1.00e+00
    storage (bw, fw, fw0): [1 * ndarray(1000)] (689.7 MB), None, None
    fw_states_T norm: 1.000019
    Ï„: (7.78e-01:0.00Ï€)
    qubit error: 2.2e-01
Iteration 59
    duration: 255.6 secs (started at 2021-05-11 10:37:11)
    optimized pulses (ranges): [-1.41, 1.82]
    âˆ«gâ‚(t)dt: 7.33e-04
    Î»â‚: 1.00e+00
    storage (bw, fw, fw0): [1 * ndarray(1000)] (689.7 MB), None, None
    fw_states_T norm: 1.000019
    Ï„: (7.78e-01:0.00Ï€)
    qubit error: 2.2e-01
Iteration 60
    duration: 254.7 secs (started at 2021-05-11 10:41:27)
    optimized pulses (ranges): [-1.41, 1.84]
    âˆ«gâ‚(t)dt: 6.85e-04
    Î»â‚: 1.00e+00
    storage (bw, fw, fw0): [1 * ndarray(1000)] (689.7 MB), None, None
    fw_states_T norm: 1.000021
    Ï„: (7.79e-01:0.00Ï€)
    qubit error: 2.2e-01
Iteration 61
    duration: 254.6 secs (started at 2021-05-11 10:45:42)
    optimized pulses (ranges): [-1.41, 1.86]
    âˆ«gâ‚(t)dt: 7.04e-04
    Î»â‚: 1.00e+00
    storage (bw, fw, fw0): [1 * ndarray(1000)] (689.7 MB), None, None
    fw_states_T norm: 1.000020
    Ï„: (7.79e-01:0.00Ï€)
    qubit error: 2.2e-01
Iteration 62
    duration: 254.4 secs (started at 2021-05-11 10:49:56)
    optimized pulses (ranges): [-1.41, 1.89]
    âˆ«gâ‚(t)dt: 6.69e-04
    Î»â‚: 1.00e+00
    storage (bw, fw, fw0): [1 * ndarray(1000)] (689.7 MB), None, None
    fw_states_T norm: 1.000021
    Ï„: (7.80e-01:0.00Ï€)
    qubit error: 2.2e-01
Iteration 63
    duration: 255.1 secs (started at 2021-05-11 10:54:11)
    optimized pulses (ranges): [-1.41, 1.91]
    âˆ«gâ‚(t)dt: 6.74e-04
    Î»â‚: 1.00e+00
    storage (bw, fw, fw0): [1 * ndarray(1000)] (689.7 MB), None, None
    fw_states_T norm: 1.000021
    Ï„: (7.80e-01:0.00Ï€)
    qubit error: 2.2e-01
Iteration 64
    duration: 247.9 secs (started at 2021-05-11 10:58:26)
    optimized pulses (ranges): [-1.41, 1.93]
    âˆ«gâ‚(t)dt: 6.34e-04
    Î»â‚: 1.00e+00
    storage (bw, fw, fw0): [1 * ndarray(1000)] (689.7 MB), None, None
    fw_states_T norm: 1.000021
    Ï„: (7.81e-01:0.00Ï€)
    qubit error: 2.2e-01
Iteration 65
    duration: 255.2 secs (started at 2021-05-11 11:02:34)
    optimized pulses (ranges): [-1.41, 1.95]
    âˆ«gâ‚(t)dt: 6.11e-04
    Î»â‚: 1.00e+00
    storage (bw, fw, fw0): [1 * ndarray(1000)] (689.7 MB), None, None
    fw_states_T norm: 1.000020
    Ï„: (7.81e-01:0.00Ï€)
    qubit error: 2.2e-01
Iteration 66
    duration: 254.0 secs (started at 2021-05-11 11:06:49)
    optimized pulses (ranges): [-1.41, 1.98]
    âˆ«gâ‚(t)dt: 6.08e-04
    Î»â‚: 1.00e+00
    storage (bw, fw, fw0): [1 * ndarray(1000)] (689.7 MB), None, None
    fw_states_T norm: 1.000021
    Ï„: (7.82e-01:0.00Ï€)
    qubit error: 2.2e-01
Iteration 67
    duration: 255.8 secs (started at 2021-05-11 11:11:03)
    optimized pulses (ranges): [-1.42, 2.00]
    âˆ«gâ‚(t)dt: 5.71e-04
    Î»â‚: 1.00e+00
    storage (bw, fw, fw0): [1 * ndarray(1000)] (689.7 MB), None, None
    fw_states_T norm: 1.000021
    Ï„: (7.82e-01:0.00Ï€)
    qubit error: 2.2e-01
Iteration 68
    duration: 254.5 secs (started at 2021-05-11 11:15:19)
    optimized pulses (ranges): [-1.42, 2.02]
    âˆ«gâ‚(t)dt: 5.91e-04
    Î»â‚: 1.00e+00
    storage (bw, fw, fw0): [1 * ndarray(1000)] (689.7 MB), None, None
    fw_states_T norm: 1.000021
    Ï„: (7.82e-01:0.00Ï€)
    qubit error: 2.2e-01
Iteration 69
    duration: 255.6 secs (started at 2021-05-11 11:19:34)
    optimized pulses (ranges): [-1.42, 2.04]
    âˆ«gâ‚(t)dt: 5.66e-04
    Î»â‚: 1.00e+00
    storage (bw, fw, fw0): [1 * ndarray(1000)] (689.7 MB), None, None
    fw_states_T norm: 1.000023
    Ï„: (7.83e-01:0.00Ï€)
    qubit error: 2.2e-01
Iteration 70
    duration: 257.7 secs (started at 2021-05-11 11:23:49)
    optimized pulses (ranges): [-1.42, 2.06]
    âˆ«gâ‚(t)dt: 5.61e-04
    Î»â‚: 1.00e+00
    storage (bw, fw, fw0): [1 * ndarray(1000)] (689.7 MB), None, None
    fw_states_T norm: 1.000022
    Ï„: (7.83e-01:0.00Ï€)
    qubit error: 2.2e-01
Iteration 71
    duration: 256.7 secs (started at 2021-05-11 11:28:07)
    optimized pulses (ranges): [-1.42, 2.08]
    âˆ«gâ‚(t)dt: 5.17e-04
    Î»â‚: 1.00e+00
    storage (bw, fw, fw0): [1 * ndarray(1000)] (689.7 MB), None, None
    fw_states_T norm: 1.000023
    Ï„: (7.83e-01:0.00Ï€)
    qubit error: 2.2e-01
Iteration 72
    duration: 256.7 secs (started at 2021-05-11 11:32:24)
    optimized pulses (ranges): [-1.42, 2.10]
    âˆ«gâ‚(t)dt: 5.09e-04
    Î»â‚: 1.00e+00
    storage (bw, fw, fw0): [1 * ndarray(1000)] (689.7 MB), None, None
    fw_states_T norm: 1.000023
    Ï„: (7.84e-01:0.00Ï€)
    qubit error: 2.2e-01
Iteration 73
    duration: 255.7 secs (started at 2021-05-11 11:36:40)
    optimized pulses (ranges): [-1.42, 2.12]
    âˆ«gâ‚(t)dt: 5.29e-04
    Î»â‚: 1.00e+00
    storage (bw, fw, fw0): [1 * ndarray(1000)] (689.7 MB), None, None
    fw_states_T norm: 1.000022
    Ï„: (7.84e-01:0.00Ï€)
    qubit error: 2.2e-01
Iteration 74
    duration: 256.1 secs (started at 2021-05-11 11:40:56)
    optimized pulses (ranges): [-1.42, 2.14]
    âˆ«gâ‚(t)dt: 5.06e-04
    Î»â‚: 1.00e+00
    storage (bw, fw, fw0): [1 * ndarray(1000)] (689.7 MB), None, None
    fw_states_T norm: 1.000023
    Ï„: (7.84e-01:0.00Ï€)
    qubit error: 2.2e-01
Iteration 75
    duration: 250.0 secs (started at 2021-05-11 11:45:12)
    optimized pulses (ranges): [-1.42, 2.16]
    âˆ«gâ‚(t)dt: 4.87e-04
    Î»â‚: 1.00e+00
    storage (bw, fw, fw0): [1 * ndarray(1000)] (689.7 MB), None, None
    fw_states_T norm: 1.000022
    Ï„: (7.85e-01:0.00Ï€)
    qubit error: 2.2e-01
Iteration 76
    duration: 279.5 secs (started at 2021-05-11 11:49:22)
    optimized pulses (ranges): [-1.41, 2.19]
    âˆ«gâ‚(t)dt: 5.26e-04
    Î»â‚: 1.00e+00
    storage (bw, fw, fw0): [1 * ndarray(1000)] (689.7 MB), None, None
    fw_states_T norm: 1.000023
    Ï„: (7.85e-01:0.00Ï€)
    qubit error: 2.1e-01
Iteration 77
    duration: 276.1 secs (started at 2021-05-11 11:54:02)
    optimized pulses (ranges): [-1.41, 2.21]
    âˆ«gâ‚(t)dt: 5.23e-04
    Î»â‚: 1.00e+00
    storage (bw, fw, fw0): [1 * ndarray(1000)] (689.7 MB), None, None
    fw_states_T norm: 1.000022
    Ï„: (7.85e-01:0.00Ï€)
    qubit error: 2.1e-01
Iteration 78
    duration: 278.5 secs (started at 2021-05-11 11:58:38)
    optimized pulses (ranges): [-1.41, 2.23]
    âˆ«gâ‚(t)dt: 4.74e-04
    Î»â‚: 1.00e+00
    storage (bw, fw, fw0): [1 * ndarray(1000)] (689.7 MB), None, None
    fw_states_T norm: 1.000023
    Ï„: (7.86e-01:0.00Ï€)
    qubit error: 2.1e-01
Iteration 79
    duration: 257.5 secs (started at 2021-05-11 12:03:17)
    optimized pulses (ranges): [-1.41, 2.25]
    âˆ«gâ‚(t)dt: 4.56e-04
    Î»â‚: 1.00e+00
    storage (bw, fw, fw0): [1 * ndarray(1000)] (689.7 MB), None, None
    fw_states_T norm: 1.000021
    Ï„: (7.86e-01:0.00Ï€)
    qubit error: 2.1e-01
Iteration 80
    duration: 282.4 secs (started at 2021-05-11 12:07:34)
    optimized pulses (ranges): [-1.41, 2.27]
    âˆ«gâ‚(t)dt: 4.79e-04
    Î»â‚: 1.00e+00
    storage (bw, fw, fw0): [1 * ndarray(1000)] (689.7 MB), None, None
    fw_states_T norm: 1.000022
    Ï„: (7.86e-01:0.00Ï€)
    qubit error: 2.1e-01
Iteration 81
    duration: 252.7 secs (started at 2021-05-11 12:12:17)
    optimized pulses (ranges): [-1.41, 2.29]
    âˆ«gâ‚(t)dt: 4.37e-04
    Î»â‚: 1.00e+00
    storage (bw, fw, fw0): [1 * ndarray(1000)] (689.7 MB), None, None
    fw_states_T norm: 1.000022
    Ï„: (7.86e-01:0.00Ï€)
    qubit error: 2.1e-01
Iteration 82
    duration: 257.9 secs (started at 2021-05-11 12:16:29)
    optimized pulses (ranges): [-1.41, 2.31]
    âˆ«gâ‚(t)dt: 4.54e-04
    Î»â‚: 1.00e+00
    storage (bw, fw, fw0): [1 * ndarray(1000)] (689.7 MB), None, None
    fw_states_T norm: 1.000023
    Ï„: (7.87e-01:0.00Ï€)
    qubit error: 2.1e-01
Iteration 83
    duration: 280.2 secs (started at 2021-05-11 12:20:47)
    optimized pulses (ranges): [-1.41, 2.33]
    âˆ«gâ‚(t)dt: 4.42e-04
    Î»â‚: 1.00e+00
    storage (bw, fw, fw0): [1 * ndarray(1000)] (689.7 MB), None, None
    fw_states_T norm: 1.000021
    Ï„: (7.87e-01:0.00Ï€)
    qubit error: 2.1e-01
Iteration 84
    duration: 278.0 secs (started at 2021-05-11 12:25:28)
    optimized pulses (ranges): [-1.41, 2.35]
    âˆ«gâ‚(t)dt: 4.35e-04
    Î»â‚: 1.00e+00
    storage (bw, fw, fw0): [1 * ndarray(1000)] (689.7 MB), None, None
    fw_states_T norm: 1.000022
    Ï„: (7.87e-01:0.00Ï€)
    qubit error: 2.1e-01
Iteration 85
    duration: 278.9 secs (started at 2021-05-11 12:30:06)
    optimized pulses (ranges): [-1.41, 2.37]
    âˆ«gâ‚(t)dt: 4.36e-04
    Î»â‚: 1.00e+00
    storage (bw, fw, fw0): [1 * ndarray(1000)] (689.7 MB), None, None
    fw_states_T norm: 1.000023
    Ï„: (7.88e-01:0.00Ï€)
    qubit error: 2.1e-01
Iteration 86
    duration: 256.9 secs (started at 2021-05-11 12:34:45)
    optimized pulses (ranges): [-1.40, 2.39]
    âˆ«gâ‚(t)dt: 4.28e-04
    Î»â‚: 1.00e+00
    storage (bw, fw, fw0): [1 * ndarray(1000)] (689.7 MB), None, None
    fw_states_T norm: 1.000023
    Ï„: (7.88e-01:0.00Ï€)
    qubit error: 2.1e-01
Iteration 87
    duration: 251.6 secs (started at 2021-05-11 12:39:02)
    optimized pulses (ranges): [-1.40, 2.41]
    âˆ«gâ‚(t)dt: 4.25e-04
    Î»â‚: 1.00e+00
    storage (bw, fw, fw0): [1 * ndarray(1000)] (689.7 MB), None, None
    fw_states_T norm: 1.000023
    Ï„: (7.88e-01:0.00Ï€)
    qubit error: 2.1e-01
Iteration 88
    duration: 255.5 secs (started at 2021-05-11 12:43:13)
    optimized pulses (ranges): [-1.40, 2.42]
    âˆ«gâ‚(t)dt: 3.79e-04
    Î»â‚: 1.00e+00
    storage (bw, fw, fw0): [1 * ndarray(1000)] (689.7 MB), None, None
    fw_states_T norm: 1.000022
    Ï„: (7.88e-01:0.00Ï€)
    qubit error: 2.1e-01
Iteration 89
    duration: 274.8 secs (started at 2021-05-11 12:47:29)
    optimized pulses (ranges): [-1.40, 2.44]
    âˆ«gâ‚(t)dt: 4.16e-04
    Î»â‚: 1.00e+00
    storage (bw, fw, fw0): [1 * ndarray(1000)] (689.7 MB), None, None
    fw_states_T norm: 1.000022
    Ï„: (7.88e-01:0.00Ï€)
    qubit error: 2.1e-01
Iteration 90
    duration: 280.6 secs (started at 2021-05-11 12:52:04)
    optimized pulses (ranges): [-1.40, 2.46]
    âˆ«gâ‚(t)dt: 4.07e-04
    Î»â‚: 1.00e+00
    storage (bw, fw, fw0): [1 * ndarray(1000)] (689.7 MB), None, None
    fw_states_T norm: 1.000023
    Ï„: (7.89e-01:0.00Ï€)
    qubit error: 2.1e-01
Iteration 91
    duration: 252.6 secs (started at 2021-05-11 12:56:44)
    optimized pulses (ranges): [-1.39, 2.48]
    âˆ«gâ‚(t)dt: 4.51e-04
    Î»â‚: 1.00e+00
    storage (bw, fw, fw0): [1 * ndarray(1000)] (689.7 MB), None, None
    fw_states_T norm: 1.000023
    Ï„: (7.89e-01:0.00Ï€)
    qubit error: 2.1e-01
Iteration 92
    duration: 254.3 secs (started at 2021-05-11 13:00:57)
    optimized pulses (ranges): [-1.39, 2.50]
    âˆ«gâ‚(t)dt: 3.94e-04
    Î»â‚: 1.00e+00
    storage (bw, fw, fw0): [1 * ndarray(1000)] (689.7 MB), None, None
    fw_states_T norm: 1.000023
    Ï„: (7.89e-01:0.00Ï€)
    qubit error: 2.1e-01
Iteration 93
    duration: 252.8 secs (started at 2021-05-11 13:05:11)
    optimized pulses (ranges): [-1.39, 2.52]
    âˆ«gâ‚(t)dt: 4.22e-04
    Î»â‚: 1.00e+00
    storage (bw, fw, fw0): [1 * ndarray(1000)] (689.7 MB), None, None
    fw_states_T norm: 1.000024
    Ï„: (7.89e-01:0.00Ï€)
    qubit error: 2.1e-01
Iteration 94
    duration: 254.8 secs (started at 2021-05-11 13:09:24)
    optimized pulses (ranges): [-1.39, 2.54]
    âˆ«gâ‚(t)dt: 4.01e-04
    Î»â‚: 1.00e+00
    storage (bw, fw, fw0): [1 * ndarray(1000)] (689.7 MB), None, None
    fw_states_T norm: 1.000023
    Ï„: (7.90e-01:0.00Ï€)
    qubit error: 2.1e-01
Iteration 95
    duration: 272.8 secs (started at 2021-05-11 13:13:39)
    optimized pulses (ranges): [-1.38, 2.56]
    âˆ«gâ‚(t)dt: 3.86e-04
    Î»â‚: 1.00e+00
    storage (bw, fw, fw0): [1 * ndarray(1000)] (689.7 MB), None, None
    fw_states_T norm: 1.000025
    Ï„: (7.90e-01:0.00Ï€)
    qubit error: 2.1e-01
Iteration 96
    duration: 274.0 secs (started at 2021-05-11 13:18:12)
    optimized pulses (ranges): [-1.38, 2.58]
    âˆ«gâ‚(t)dt: 4.11e-04
    Î»â‚: 1.00e+00
    storage (bw, fw, fw0): [1 * ndarray(1000)] (689.7 MB), None, None
    fw_states_T norm: 1.000024
    Ï„: (7.90e-01:0.00Ï€)
    qubit error: 2.1e-01
Iteration 97
    duration: 276.8 secs (started at 2021-05-11 13:22:46)
    optimized pulses (ranges): [-1.38, 2.60]
    âˆ«gâ‚(t)dt: 3.91e-04
    Î»â‚: 1.00e+00
    storage (bw, fw, fw0): [1 * ndarray(1000)] (689.7 MB), None, None
    fw_states_T norm: 1.000024
    Ï„: (7.90e-01:0.00Ï€)
    qubit error: 2.1e-01
Iteration 98
    duration: 255.5 secs (started at 2021-05-11 13:27:23)
    optimized pulses (ranges): [-1.38, 2.62]
    âˆ«gâ‚(t)dt: 3.95e-04
    Î»â‚: 1.00e+00
    storage (bw, fw, fw0): [1 * ndarray(1000)] (689.7 MB), None, None
    fw_states_T norm: 1.000023
    Ï„: (7.90e-01:0.00Ï€)
    qubit error: 2.1e-01
Iteration 99
    duration: 275.1 secs (started at 2021-05-11 13:31:38)
    optimized pulses (ranges): [-1.37, 2.64]
    âˆ«gâ‚(t)dt: 3.93e-04
    Î»â‚: 1.00e+00
    storage (bw, fw, fw0): [1 * ndarray(1000)] (689.7 MB), None, None
    fw_states_T norm: 1.000023
    Ï„: (7.91e-01:0.00Ï€)
    qubit error: 2.1e-01
Iteration 100
    duration: 283.3 secs (started at 2021-05-11 13:36:13)
    optimized pulses (ranges): [-1.37, 2.65]
    âˆ«gâ‚(t)dt: 3.79e-04
    Î»â‚: 1.00e+00
    storage (bw, fw, fw0): [1 * ndarray(1000)] (689.7 MB), None, None
    fw_states_T norm: 1.000023
    Ï„: (7.91e-01:0.00Ï€)
    qubit error: 2.1e-01
Iteration 101
    duration: 267.9 secs (started at 2021-05-11 13:40:57)
    optimized pulses (ranges): [-1.37, 2.67]
    âˆ«gâ‚(t)dt: 3.74e-04
    Î»â‚: 1.00e+00
    storage (bw, fw, fw0): [1 * ndarray(1000)] (689.7 MB), None, None
    fw_states_T norm: 1.000023
    Ï„: (7.91e-01:0.00Ï€)
    qubit error: 2.1e-01
Iteration 102
    duration: 281.8 secs (started at 2021-05-11 13:45:25)
    optimized pulses (ranges): [-1.37, 2.69]
    âˆ«gâ‚(t)dt: 3.98e-04
    Î»â‚: 1.00e+00
    storage (bw, fw, fw0): [1 * ndarray(1000)] (689.7 MB), None, None
    fw_states_T norm: 1.000023
    Ï„: (7.91e-01:0.00Ï€)
    qubit error: 2.1e-01
Iteration 103
    duration: 291.3 secs (started at 2021-05-11 13:50:07)
    optimized pulses (ranges): [-1.36, 2.71]
    âˆ«gâ‚(t)dt: 3.87e-04
    Î»â‚: 1.00e+00
    storage (bw, fw, fw0): [1 * ndarray(1000)] (689.7 MB), None, None
    fw_states_T norm: 1.000022
    Ï„: (7.91e-01:0.00Ï€)
    qubit error: 2.1e-01
Iteration 104
    duration: 284.3 secs (started at 2021-05-11 13:54:58)
    optimized pulses (ranges): [-1.36, 2.73]
    âˆ«gâ‚(t)dt: 3.82e-04
    Î»â‚: 1.00e+00
    storage (bw, fw, fw0): [1 * ndarray(1000)] (689.7 MB), None, None
    fw_states_T norm: 1.000023
    Ï„: (7.91e-01:0.00Ï€)
    qubit error: 2.1e-01
Iteration 105
    duration: 281.8 secs (started at 2021-05-11 13:59:43)
    optimized pulses (ranges): [-1.36, 2.75]
    âˆ«gâ‚(t)dt: 4.38e-04
    Î»â‚: 1.00e+00
    storage (bw, fw, fw0): [1 * ndarray(1000)] (689.7 MB), None, None
    fw_states_T norm: 1.000023
    Ï„: (7.92e-01:0.00Ï€)
    qubit error: 2.1e-01
Iteration 106
    duration: 272.4 secs (started at 2021-05-11 14:04:25)
    optimized pulses (ranges): [-1.36, 2.77]
    âˆ«gâ‚(t)dt: 3.74e-04
    Î»â‚: 1.00e+00
    storage (bw, fw, fw0): [1 * ndarray(1000)] (689.7 MB), None, None
    fw_states_T norm: 1.000024
    Ï„: (7.92e-01:0.00Ï€)
    qubit error: 2.1e-01
Iteration 107
    duration: 285.5 secs (started at 2021-05-11 14:08:57)
    optimized pulses (ranges): [-1.35, 2.79]
    âˆ«gâ‚(t)dt: 3.63e-04
    Î»â‚: 1.00e+00
    storage (bw, fw, fw0): [1 * ndarray(1000)] (689.7 MB), None, None
    fw_states_T norm: 1.000024
    Ï„: (7.92e-01:0.00Ï€)
    qubit error: 2.1e-01
Iteration 108
    duration: 276.4 secs (started at 2021-05-11 14:13:43)
    optimized pulses (ranges): [-1.35, 2.81]
    âˆ«gâ‚(t)dt: 3.87e-04
    Î»â‚: 1.00e+00
    storage (bw, fw, fw0): [1 * ndarray(1000)] (689.7 MB), None, None
    fw_states_T norm: 1.000024
    Ï„: (7.92e-01:0.00Ï€)
    qubit error: 2.1e-01
Iteration 109
    duration: 283.3 secs (started at 2021-05-11 14:18:19)
    optimized pulses (ranges): [-1.35, 2.83]
    âˆ«gâ‚(t)dt: 4.21e-04
    Î»â‚: 1.00e+00
    storage (bw, fw, fw0): [1 * ndarray(1000)] (689.7 MB), None, None
    fw_states_T norm: 1.000023
    Ï„: (7.92e-01:0.00Ï€)
    qubit error: 2.1e-01
Iteration 110
    duration: 278.7 secs (started at 2021-05-11 14:23:02)
    optimized pulses (ranges): [-1.34, 2.85]
    âˆ«gâ‚(t)dt: 3.76e-04
    Î»â‚: 1.00e+00
    storage (bw, fw, fw0): [1 * ndarray(1000)] (689.7 MB), None, None
    fw_states_T norm: 1.000023
    Ï„: (7.93e-01:0.00Ï€)
    qubit error: 2.1e-01
Iteration 111
    duration: 279.2 secs (started at 2021-05-11 14:27:41)
    optimized pulses (ranges): [-1.34, 2.87]
    âˆ«gâ‚(t)dt: 3.53e-04
    Î»â‚: 1.00e+00
    storage (bw, fw, fw0): [1 * ndarray(1000)] (689.7 MB), None, None
    fw_states_T norm: 1.000023
    Ï„: (7.93e-01:0.00Ï€)
    qubit error: 2.1e-01
Iteration 112
    duration: 278.0 secs (started at 2021-05-11 14:32:20)
    optimized pulses (ranges): [-1.34, 2.89]
    âˆ«gâ‚(t)dt: 4.23e-04
    Î»â‚: 1.00e+00
    storage (bw, fw, fw0): [1 * ndarray(1000)] (689.7 MB), None, None
    fw_states_T norm: 1.000024
    Ï„: (7.93e-01:0.00Ï€)
    qubit error: 2.1e-01
Iteration 113
    duration: 277.0 secs (started at 2021-05-11 14:36:58)
    optimized pulses (ranges): [-1.34, 2.90]
    âˆ«gâ‚(t)dt: 3.57e-04
    Î»â‚: 1.00e+00
    storage (bw, fw, fw0): [1 * ndarray(1000)] (689.7 MB), None, None
    fw_states_T norm: 1.000024
    Ï„: (7.93e-01:0.00Ï€)
    qubit error: 2.1e-01
Iteration 114
    duration: 277.9 secs (started at 2021-05-11 14:41:35)
    optimized pulses (ranges): [-1.33, 2.92]
    âˆ«gâ‚(t)dt: 3.75e-04
    Î»â‚: 1.00e+00
    storage (bw, fw, fw0): [1 * ndarray(1000)] (689.7 MB), None, None
    fw_states_T norm: 1.000025
    Ï„: (7.93e-01:0.00Ï€)
    qubit error: 2.1e-01
Iteration 115
    duration: 284.1 secs (started at 2021-05-11 14:46:13)
    optimized pulses (ranges): [-1.33, 2.94]
    âˆ«gâ‚(t)dt: 3.69e-04
    Î»â‚: 1.00e+00
    storage (bw, fw, fw0): [1 * ndarray(1000)] (689.7 MB), None, None
    fw_states_T norm: 1.000025
    Ï„: (7.93e-01:0.00Ï€)
    qubit error: 2.1e-01
Iteration 116
    duration: 289.4 secs (started at 2021-05-11 14:50:58)
    optimized pulses (ranges): [-1.33, 2.96]
    âˆ«gâ‚(t)dt: 3.57e-04
    Î»â‚: 1.00e+00
    storage (bw, fw, fw0): [1 * ndarray(1000)] (689.7 MB), None, None
    fw_states_T norm: 1.000025
    Ï„: (7.93e-01:0.00Ï€)
    qubit error: 2.1e-01
Iteration 117
    duration: 281.0 secs (started at 2021-05-11 14:55:47)
    optimized pulses (ranges): [-1.32, 2.98]
    âˆ«gâ‚(t)dt: 3.75e-04
    Î»â‚: 1.00e+00
    storage (bw, fw, fw0): [1 * ndarray(1000)] (689.7 MB), None, None
    fw_states_T norm: 1.000024
    Ï„: (7.94e-01:0.00Ï€)
    qubit error: 2.1e-01
Iteration 118
    duration: 279.3 secs (started at 2021-05-11 15:00:28)
    optimized pulses (ranges): [-1.32, 3.00]
    âˆ«gâ‚(t)dt: 3.93e-04
    Î»â‚: 1.00e+00
    storage (bw, fw, fw0): [1 * ndarray(1000)] (689.7 MB), None, None
    fw_states_T norm: 1.000024
    Ï„: (7.94e-01:0.00Ï€)
    qubit error: 2.1e-01
Iteration 119
    duration: 281.8 secs (started at 2021-05-11 15:05:08)
    optimized pulses (ranges): [-1.32, 3.02]
    âˆ«gâ‚(t)dt: 3.90e-04
    Î»â‚: 1.00e+00
    storage (bw, fw, fw0): [1 * ndarray(1000)] (689.7 MB), None, None
    fw_states_T norm: 1.000025
    Ï„: (7.94e-01:0.00Ï€)
    qubit error: 2.1e-01
Iteration 120
    duration: 283.4 secs (started at 2021-05-11 15:09:49)
    optimized pulses (ranges): [-1.32, 3.04]
    âˆ«gâ‚(t)dt: 3.65e-04
    Î»â‚: 1.00e+00
    storage (bw, fw, fw0): [1 * ndarray(1000)] (689.7 MB), None, None
    fw_states_T norm: 1.000026
    Ï„: (7.94e-01:0.00Ï€)
    qubit error: 2.1e-01
Iteration 121
    duration: 285.3 secs (started at 2021-05-11 15:14:33)
    optimized pulses (ranges): [-1.31, 3.06]
    âˆ«gâ‚(t)dt: 3.74e-04
    Î»â‚: 1.00e+00
    storage (bw, fw, fw0): [1 * ndarray(1000)] (689.7 MB), None, None
    fw_states_T norm: 1.000025
    Ï„: (7.94e-01:0.00Ï€)
    qubit error: 2.1e-01
Iteration 122
    duration: 277.1 secs (started at 2021-05-11 15:19:18)
    optimized pulses (ranges): [-1.31, 3.08]
    âˆ«gâ‚(t)dt: 3.62e-04
    Î»â‚: 1.00e+00
    storage (bw, fw, fw0): [1 * ndarray(1000)] (689.7 MB), None, None
    fw_states_T norm: 1.000026
    Ï„: (7.94e-01:0.00Ï€)
    qubit error: 2.1e-01
Iteration 123
    duration: 282.3 secs (started at 2021-05-11 15:23:55)
    optimized pulses (ranges): [-1.31, 3.10]
    âˆ«gâ‚(t)dt: 3.55e-04
    Î»â‚: 1.00e+00
    storage (bw, fw, fw0): [1 * ndarray(1000)] (689.7 MB), None, None
    fw_states_T norm: 1.000026
    Ï„: (7.94e-01:0.00Ï€)
slurmstepd: error: *** JOB 19475764 ON gv0901 CANCELLED AT 2021-05-11T15:32:33 DUE TO NODE FAILURE, SEE SLURMCTLD LOG FOR DETAILS ***
