 'tryton/binutils/2.34' load complete.
 'tryton/compiler/gcc/7.4' load complete.
 'tryton/python3/3.5.6' load complete.

Loading tryton/python3/3.5.6
  Loading requirement: tryton/binutils/2.34 tryton/compiler/gcc/7.4
Iteration 0
    objectives:
        1:Ïâ‚€[140,140] to Ïâ‚[140,140] via [ğ“›â‚€[[140,140],[140,140]], [ğ“›â‚[[140,140],[140,140]], uâ‚(t)]]
    adjoint objectives:
        1:Ïâ‚‚[140,140] to Ïâ‚ƒ[140,140] via [ğ“›â‚‚[[140,140],[140,140]], [ğ“›â‚ƒ[[140,140],[140,140]], uâ‚(t)]]
    chi_constructor: chis_qubit
    mu: derivative_wrt_pulse
    S(t) (ranges): [0.000000, 1.000000]
    iter_start: 0
    iter_stop: 20000
    duration: 0.8 secs (started at 2021-04-20 19:27:02)
    optimized pulses (ranges): [0.00, 0.00]
    âˆ«gâ‚(t)dt: 0.00e+00
    Î»â‚: 1.00e+00
    storage (bw, fw, fw0): None, None, None
    fw_states_T norm: 1.000000
    Ï„: (0.00e+00:0.00Ï€)
    qubit error: 1.0e+00
Iteration 1
    duration: 33.1 secs (started at 2021-04-20 19:27:03)
    optimized pulses (ranges): [-0.00, 0.00]
    âˆ«gâ‚(t)dt: 3.61e-17
    Î»â‚: 1.00e+00
    storage (bw, fw, fw0): [1 * ndarray(1000)] (65.7 MB), None, None
    fw_states_T norm: 1.000000
    Ï„: (0.00e+00:0.00Ï€)
    qubit error: 1.0e+00
Iteration 2
    duration: 41.4 secs (started at 2021-04-20 19:27:36)
    optimized pulses (ranges): [-0.00, 0.00]
    âˆ«gâ‚(t)dt: 1.92e-15
    Î»â‚: 1.00e+00
    storage (bw, fw, fw0): [1 * ndarray(1000)] (133.4 MB), None, None
    fw_states_T norm: 1.000000
    Ï„: (0.00e+00:0.00Ï€)
    qubit error: 1.0e+00
Iteration 3
    duration: 50.2 secs (started at 2021-04-20 19:28:18)
    optimized pulses (ranges): [-0.00, 0.00]
    âˆ«gâ‚(t)dt: 2.20e-12
    Î»â‚: 1.00e+00
    storage (bw, fw, fw0): [1 * ndarray(1000)] (320.1 MB), None, None
    fw_states_T norm: 1.000002
    Ï„: (2.20e-12:0.00Ï€)
    qubit error: 1.0e+00
Iteration 4
    duration: 72.8 secs (started at 2021-04-20 19:29:08)
    optimized pulses (ranges): [-0.00, 0.00]
    âˆ«gâ‚(t)dt: 4.55e-09
    Î»â‚: 1.00e+00
    storage (bw, fw, fw0): [1 * ndarray(1000)] (362.1 MB), None, None
    fw_states_T norm: 1.000035
    Ï„: (4.55e-09:0.00Ï€)
    qubit error: 1.0e+00
Iteration 5
    duration: 89.3 secs (started at 2021-04-20 19:30:21)
    optimized pulses (ranges): [-0.00, 0.00]
    âˆ«gâ‚(t)dt: 1.15e-05
    Î»â‚: 1.00e+00
    storage (bw, fw, fw0): [1 * ndarray(1000)] (374.7 MB), None, None
    fw_states_T norm: 1.000038
    Ï„: (1.15e-05:0.00Ï€)
    qubit error: 1.0e+00
Iteration 6
    duration: 90.5 secs (started at 2021-04-20 19:31:50)
    optimized pulses (ranges): [-0.09, 0.09]
    âˆ«gâ‚(t)dt: 2.81e-02
    Î»â‚: 1.00e+00
    storage (bw, fw, fw0): [1 * ndarray(1000)] (374.7 MB), None, None
    fw_states_T norm: 1.000013
    Ï„: (2.77e-02:0.00Ï€)
    qubit error: 9.7e-01
Iteration 7
    duration: 111.2 secs (started at 2021-04-20 19:33:21)
    optimized pulses (ranges): [-0.28, 0.26]
    âˆ«gâ‚(t)dt: 5.95e-01
    Î»â‚: 1.00e+00
    storage (bw, fw, fw0): [1 * ndarray(1000)] (374.7 MB), None, None
    fw_states_T norm: 1.000011
    Ï„: (5.13e-01:0.00Ï€)
    qubit error: 3.8e-01
Iteration 8
    duration: 97.1 secs (started at 2021-04-20 19:35:12)
    optimized pulses (ranges): [-0.34, 0.34]
    âˆ«gâ‚(t)dt: 6.49e-02
    Î»â‚: 1.00e+00
    storage (bw, fw, fw0): [1 * ndarray(1000)] (374.7 MB), None, None
    fw_states_T norm: 1.000010
    Ï„: (5.00e-01:0.00Ï€)
    qubit error: 3.1e-01
Iteration 9
    duration: 96.8 secs (started at 2021-04-20 19:36:49)
    optimized pulses (ranges): [-0.38, 0.40]
    âˆ«gâ‚(t)dt: 3.69e-02
    Î»â‚: 1.00e+00
    storage (bw, fw, fw0): [1 * ndarray(1000)] (374.7 MB), None, None
    fw_states_T norm: 1.000011
    Ï„: (4.76e-01:0.00Ï€)
    qubit error: 2.8e-01
Iteration 10
    duration: 96.4 secs (started at 2021-04-20 19:38:26)
    optimized pulses (ranges): [-0.41, 0.47]
    âˆ«gâ‚(t)dt: 2.38e-02
    Î»â‚: 1.00e+00
    storage (bw, fw, fw0): [1 * ndarray(1000)] (374.7 MB), None, None
    fw_states_T norm: 1.000012
    Ï„: (4.51e-01:0.00Ï€)
    qubit error: 2.5e-01
Iteration 11
    duration: 97.2 secs (started at 2021-04-20 19:40:02)
    optimized pulses (ranges): [-0.43, 0.52]
    âˆ«gâ‚(t)dt: 1.67e-02
    Î»â‚: 1.00e+00
    storage (bw, fw, fw0): [1 * ndarray(1000)] (374.7 MB), None, None
    fw_states_T norm: 1.000012
    Ï„: (4.28e-01:0.00Ï€)
    qubit error: 2.4e-01
Iteration 12
    duration: 97.3 secs (started at 2021-04-20 19:41:40)
    optimized pulses (ranges): [-0.44, 0.58]
    âˆ«gâ‚(t)dt: 1.27e-02
    Î»â‚: 1.00e+00
    storage (bw, fw, fw0): [1 * ndarray(1000)] (374.7 MB), None, None
    fw_states_T norm: 1.000011
    Ï„: (4.06e-01:0.00Ï€)
    qubit error: 2.3e-01
Iteration 13
    duration: 98.5 secs (started at 2021-04-20 19:43:17)
    optimized pulses (ranges): [-0.45, 0.63]
    âˆ«gâ‚(t)dt: 1.00e-02
    Î»â‚: 1.00e+00
    storage (bw, fw, fw0): [1 * ndarray(1000)] (374.7 MB), None, None
    fw_states_T norm: 1.000012
    Ï„: (3.86e-01:0.00Ï€)
    qubit error: 2.2e-01
Iteration 14
    duration: 98.9 secs (started at 2021-04-20 19:44:55)
    optimized pulses (ranges): [-0.45, 0.67]
    âˆ«gâ‚(t)dt: 8.35e-03
    Î»â‚: 1.00e+00
    storage (bw, fw, fw0): [1 * ndarray(1000)] (374.7 MB), None, None
    fw_states_T norm: 1.000014
    Ï„: (3.67e-01:0.00Ï€)
    qubit error: 2.1e-01
Iteration 15
    duration: 98.8 secs (started at 2021-04-20 19:46:34)
    optimized pulses (ranges): [-0.45, 0.72]
    âˆ«gâ‚(t)dt: 7.05e-03
    Î»â‚: 1.00e+00
    storage (bw, fw, fw0): [1 * ndarray(1000)] (374.7 MB), None, None
    fw_states_T norm: 1.000012
    Ï„: (3.48e-01:0.00Ï€)
    qubit error: 2.0e-01
Iteration 16
    duration: 99.7 secs (started at 2021-04-20 19:48:13)
    optimized pulses (ranges): [-0.44, 0.76]
    âˆ«gâ‚(t)dt: 6.10e-03
    Î»â‚: 1.00e+00
    storage (bw, fw, fw0): [1 * ndarray(1000)] (374.7 MB), None, None
    fw_states_T norm: 1.000012
    Ï„: (3.31e-01:0.00Ï€)
    qubit error: 2.0e-01
Iteration 17
    duration: 99.6 secs (started at 2021-04-20 19:49:53)
    optimized pulses (ranges): [-0.44, 0.80]
    âˆ«gâ‚(t)dt: 5.25e-03
    Î»â‚: 1.00e+00
    storage (bw, fw, fw0): [1 * ndarray(1000)] (374.7 MB), None, None
    fw_states_T norm: 1.000012
    Ï„: (3.14e-01:0.00Ï€)
    qubit error: 1.9e-01
Iteration 18
    duration: 99.5 secs (started at 2021-04-20 19:51:33)
    optimized pulses (ranges): [-0.45, 0.83]
    âˆ«gâ‚(t)dt: 4.50e-03
    Î»â‚: 1.00e+00
    storage (bw, fw, fw0): [1 * ndarray(1000)] (374.7 MB), None, None
    fw_states_T norm: 1.000013
    Ï„: (2.98e-01:0.00Ï€)
    qubit error: 1.9e-01
Iteration 19
    duration: 100.8 secs (started at 2021-04-20 19:53:12)
    optimized pulses (ranges): [-0.47, 0.87]
    âˆ«gâ‚(t)dt: 3.83e-03
    Î»â‚: 1.00e+00
    storage (bw, fw, fw0): [1 * ndarray(1000)] (374.7 MB), None, None
    fw_states_T norm: 1.000012
    Ï„: (2.83e-01:0.00Ï€)
    qubit error: 1.8e-01
Iteration 20
    duration: 102.1 secs (started at 2021-04-20 19:54:53)
    optimized pulses (ranges): [-0.48, 0.90]
    âˆ«gâ‚(t)dt: 3.33e-03
    Î»â‚: 1.00e+00
    storage (bw, fw, fw0): [1 * ndarray(1000)] (374.7 MB), None, None
    fw_states_T norm: 1.000012
    Ï„: (2.70e-01:0.00Ï€)
    qubit error: 1.8e-01
Iteration 21
    duration: 102.6 secs (started at 2021-04-20 19:56:35)
    optimized pulses (ranges): [-0.49, 0.93]
    âˆ«gâ‚(t)dt: 2.85e-03
    Î»â‚: 1.00e+00
    storage (bw, fw, fw0): [1 * ndarray(1000)] (374.7 MB), None, None
    fw_states_T norm: 1.000013
    Ï„: (2.57e-01:0.00Ï€)
    qubit error: 1.8e-01
Iteration 22
    duration: 103.4 secs (started at 2021-04-20 19:58:18)
    optimized pulses (ranges): [-0.50, 0.96]
    âˆ«gâ‚(t)dt: 2.51e-03
    Î»â‚: 1.00e+00
    storage (bw, fw, fw0): [1 * ndarray(1000)] (374.7 MB), None, None
    fw_states_T norm: 1.000013
    Ï„: (2.46e-01:0.00Ï€)
    qubit error: 1.7e-01
Iteration 23
    duration: 102.9 secs (started at 2021-04-20 20:00:01)
    optimized pulses (ranges): [-0.51, 0.99]
    âˆ«gâ‚(t)dt: 2.21e-03
    Î»â‚: 1.00e+00
    storage (bw, fw, fw0): [1 * ndarray(1000)] (374.7 MB), None, None
    fw_states_T norm: 1.000014
    Ï„: (2.36e-01:0.00Ï€)
    qubit error: 1.7e-01
Iteration 24
    duration: 102.3 secs (started at 2021-04-20 20:01:44)
    optimized pulses (ranges): [-0.51, 1.02]
    âˆ«gâ‚(t)dt: 2.03e-03
    Î»â‚: 1.00e+00
    storage (bw, fw, fw0): [1 * ndarray(1000)] (374.7 MB), None, None
    fw_states_T norm: 1.000013
    Ï„: (2.27e-01:0.00Ï€)
    qubit error: 1.7e-01
Iteration 25
    duration: 101.2 secs (started at 2021-04-20 20:03:26)
    optimized pulses (ranges): [-0.52, 1.05]
    âˆ«gâ‚(t)dt: 1.85e-03
    Î»â‚: 1.00e+00
    storage (bw, fw, fw0): [1 * ndarray(1000)] (374.7 MB), None, None
    fw_states_T norm: 1.000013
    Ï„: (2.19e-01:0.00Ï€)
    qubit error: 1.7e-01
Iteration 26
    duration: 102.2 secs (started at 2021-04-20 20:05:08)
    optimized pulses (ranges): [-0.53, 1.08]
    âˆ«gâ‚(t)dt: 1.69e-03
    Î»â‚: 1.00e+00
    storage (bw, fw, fw0): [1 * ndarray(1000)] (374.7 MB), None, None
    fw_states_T norm: 1.000013
    Ï„: (2.12e-01:0.00Ï€)
    qubit error: 1.7e-01
Iteration 27
    duration: 101.8 secs (started at 2021-04-20 20:06:50)
    optimized pulses (ranges): [-0.53, 1.11]
    âˆ«gâ‚(t)dt: 1.60e-03
    Î»â‚: 1.00e+00
    storage (bw, fw, fw0): [1 * ndarray(1000)] (374.7 MB), None, None
    fw_states_T norm: 1.000013
    Ï„: (2.04e-01:0.00Ï€)
    qubit error: 1.7e-01
Iteration 28
    duration: 100.5 secs (started at 2021-04-20 20:08:32)
    optimized pulses (ranges): [-0.54, 1.13]
    âˆ«gâ‚(t)dt: 1.51e-03
    Î»â‚: 1.00e+00
    storage (bw, fw, fw0): [1 * ndarray(1000)] (374.7 MB), None, None
    fw_states_T norm: 1.000013
    Ï„: (1.98e-01:0.00Ï€)
    qubit error: 1.6e-01
Iteration 29
    duration: 99.8 secs (started at 2021-04-20 20:10:12)
    optimized pulses (ranges): [-0.55, 1.16]
    âˆ«gâ‚(t)dt: 1.38e-03
    Î»â‚: 1.00e+00
    storage (bw, fw, fw0): [1 * ndarray(1000)] (374.7 MB), None, None
    fw_states_T norm: 1.000014
    Ï„: (1.93e-01:0.00Ï€)
    qubit error: 1.6e-01
Iteration 30
    duration: 101.7 secs (started at 2021-04-20 20:11:52)
    optimized pulses (ranges): [-0.55, 1.18]
    âˆ«gâ‚(t)dt: 1.30e-03
    Î»â‚: 1.00e+00
    storage (bw, fw, fw0): [1 * ndarray(1000)] (374.7 MB), None, None
    fw_states_T norm: 1.000013
    Ï„: (1.88e-01:0.00Ï€)
    qubit error: 1.6e-01
Iteration 31
    duration: 99.6 secs (started at 2021-04-20 20:13:34)
    optimized pulses (ranges): [-0.55, 1.21]
    âˆ«gâ‚(t)dt: 1.26e-03
    Î»â‚: 1.00e+00
    storage (bw, fw, fw0): [1 * ndarray(1000)] (374.7 MB), None, None
    fw_states_T norm: 1.000013
    Ï„: (1.82e-01:0.00Ï€)
    qubit error: 1.6e-01
Iteration 32
    duration: 101.9 secs (started at 2021-04-20 20:15:13)
    optimized pulses (ranges): [-0.56, 1.23]
    âˆ«gâ‚(t)dt: 1.18e-03
    Î»â‚: 1.00e+00
    storage (bw, fw, fw0): [1 * ndarray(1000)] (374.7 MB), None, None
    fw_states_T norm: 1.000013
    Ï„: (1.78e-01:0.00Ï€)
    qubit error: 1.6e-01
Iteration 33
    duration: 99.8 secs (started at 2021-04-20 20:16:55)
    optimized pulses (ranges): [-0.56, 1.25]
    âˆ«gâ‚(t)dt: 1.09e-03
    Î»â‚: 1.00e+00
    storage (bw, fw, fw0): [1 * ndarray(1000)] (374.7 MB), None, None
    fw_states_T norm: 1.000013
    Ï„: (1.74e-01:0.00Ï€)
    qubit error: 1.6e-01
Iteration 34
    duration: 99.5 secs (started at 2021-04-20 20:18:35)
    optimized pulses (ranges): [-0.57, 1.28]
    âˆ«gâ‚(t)dt: 1.03e-03
    Î»â‚: 1.00e+00
    storage (bw, fw, fw0): [1 * ndarray(1000)] (374.7 MB), None, None
    fw_states_T norm: 1.000013
    Ï„: (1.70e-01:0.00Ï€)
    qubit error: 1.6e-01
Iteration 35
    duration: 99.4 secs (started at 2021-04-20 20:20:15)
    optimized pulses (ranges): [-0.57, 1.30]
    âˆ«gâ‚(t)dt: 9.73e-04
    Î»â‚: 1.00e+00
    storage (bw, fw, fw0): [1 * ndarray(1000)] (374.7 MB), None, None
    fw_states_T norm: 1.000014
    Ï„: (1.66e-01:0.00Ï€)
    qubit error: 1.6e-01
Iteration 36
    duration: 105.5 secs (started at 2021-04-20 20:21:54)
    optimized pulses (ranges): [-0.57, 1.32]
    âˆ«gâ‚(t)dt: 9.04e-04
    Î»â‚: 1.00e+00
    storage (bw, fw, fw0): [1 * ndarray(1000)] (374.7 MB), None, None
    fw_states_T norm: 1.000029
    Ï„: (1.64e-01:0.00Ï€)
    qubit error: 1.6e-01
Iteration 37
    duration: 104.5 secs (started at 2021-04-20 20:23:40)
    optimized pulses (ranges): [-0.57, 1.34]
    âˆ«gâ‚(t)dt: 8.64e-04
    Î»â‚: 1.00e+00
    storage (bw, fw, fw0): [1 * ndarray(1000)] (374.7 MB), None, None
    fw_states_T norm: 1.000031
    Ï„: (1.61e-01:0.00Ï€)
    qubit error: 1.6e-01
Iteration 38
    duration: 100.8 secs (started at 2021-04-20 20:25:24)
    optimized pulses (ranges): [-0.57, 1.36]
    âˆ«gâ‚(t)dt: 8.20e-04
    Î»â‚: 1.00e+00
    storage (bw, fw, fw0): [1 * ndarray(1000)] (374.7 MB), None, None
    fw_states_T norm: 1.000030
    Ï„: (1.58e-01:0.00Ï€)
    qubit error: 1.5e-01
Iteration 39
    duration: 99.6 secs (started at 2021-04-20 20:27:05)
    optimized pulses (ranges): [-0.58, 1.38]
    âˆ«gâ‚(t)dt: 8.15e-04
    Î»â‚: 1.00e+00
    storage (bw, fw, fw0): [1 * ndarray(1000)] (374.7 MB), None, None
    fw_states_T norm: 1.000014
    Ï„: (1.55e-01:0.00Ï€)
    qubit error: 1.5e-01
Iteration 40
    duration: 98.1 secs (started at 2021-04-20 20:28:44)
    optimized pulses (ranges): [-0.58, 1.40]
    âˆ«gâ‚(t)dt: 8.13e-04
    Î»â‚: 1.00e+00
    storage (bw, fw, fw0): [1 * ndarray(1000)] (374.7 MB), None, None
    fw_states_T norm: 1.000013
    Ï„: (1.52e-01:0.00Ï€)
    qubit error: 1.5e-01
Iteration 41
    duration: 98.2 secs (started at 2021-04-20 20:30:23)
    optimized pulses (ranges): [-0.58, 1.42]
    âˆ«gâ‚(t)dt: 7.78e-04
    Î»â‚: 1.00e+00
    storage (bw, fw, fw0): [1 * ndarray(1000)] (374.7 MB), None, None
    fw_states_T norm: 1.000014
    Ï„: (1.50e-01:0.00Ï€)
    qubit error: 1.5e-01
Iteration 42
    duration: 99.1 secs (started at 2021-04-20 20:32:01)
    optimized pulses (ranges): [-0.58, 1.44]
    âˆ«gâ‚(t)dt: 7.27e-04
    Î»â‚: 1.00e+00
    storage (bw, fw, fw0): [1 * ndarray(1000)] (374.7 MB), None, None
    fw_states_T norm: 1.000014
    Ï„: (1.47e-01:0.00Ï€)
    qubit error: 1.5e-01
Iteration 43
    duration: 99.3 secs (started at 2021-04-20 20:33:40)
    optimized pulses (ranges): [-0.58, 1.46]
    âˆ«gâ‚(t)dt: 7.29e-04
    Î»â‚: 1.00e+00
    storage (bw, fw, fw0): [1 * ndarray(1000)] (374.7 MB), None, None
    fw_states_T norm: 1.000014
    Ï„: (1.45e-01:0.00Ï€)
    qubit error: 1.5e-01
Iteration 44
    duration: 98.1 secs (started at 2021-04-20 20:35:19)
    optimized pulses (ranges): [-0.58, 1.48]
    âˆ«gâ‚(t)dt: 6.99e-04
    Î»â‚: 1.00e+00
    storage (bw, fw, fw0): [1 * ndarray(1000)] (374.7 MB), None, None
    fw_states_T norm: 1.000013
    Ï„: (1.43e-01:0.00Ï€)
    qubit error: 1.5e-01
Iteration 45
    duration: 98.9 secs (started at 2021-04-20 20:36:57)
    optimized pulses (ranges): [-0.58, 1.50]
    âˆ«gâ‚(t)dt: 6.98e-04
    Î»â‚: 1.00e+00
    storage (bw, fw, fw0): [1 * ndarray(1000)] (374.7 MB), None, None
    fw_states_T norm: 1.000014
    Ï„: (1.41e-01:0.00Ï€)
    qubit error: 1.5e-01
Iteration 46
    duration: 99.6 secs (started at 2021-04-20 20:38:36)
    optimized pulses (ranges): [-0.59, 1.52]
    âˆ«gâ‚(t)dt: 6.44e-04
    Î»â‚: 1.00e+00
    storage (bw, fw, fw0): [1 * ndarray(1000)] (374.7 MB), None, None
    fw_states_T norm: 1.000014
    Ï„: (1.39e-01:0.00Ï€)
    qubit error: 1.5e-01
Iteration 47
    duration: 100.8 secs (started at 2021-04-20 20:40:16)
    optimized pulses (ranges): [-0.59, 1.54]
    âˆ«gâ‚(t)dt: 6.37e-04
    Î»â‚: 1.00e+00
    storage (bw, fw, fw0): [1 * ndarray(1000)] (374.7 MB), None, None
    fw_states_T norm: 1.000015
    Ï„: (1.37e-01:0.00Ï€)
    qubit error: 1.5e-01
Iteration 48
    duration: 99.1 secs (started at 2021-04-20 20:41:57)
    optimized pulses (ranges): [-0.59, 1.56]
    âˆ«gâ‚(t)dt: 6.07e-04
    Î»â‚: 1.00e+00
    storage (bw, fw, fw0): [1 * ndarray(1000)] (374.7 MB), None, None
    fw_states_T norm: 1.000014
    Ï„: (1.36e-01:0.00Ï€)
    qubit error: 1.5e-01
Iteration 49
    duration: 100.3 secs (started at 2021-04-20 20:43:36)
    optimized pulses (ranges): [-0.59, 1.58]
    âˆ«gâ‚(t)dt: 6.03e-04
    Î»â‚: 1.00e+00
    storage (bw, fw, fw0): [1 * ndarray(1000)] (374.7 MB), None, None
    fw_states_T norm: 1.000014
    Ï„: (1.34e-01:0.00Ï€)
    qubit error: 1.5e-01
Iteration 50
    duration: 100.1 secs (started at 2021-04-20 20:45:16)
    optimized pulses (ranges): [-0.59, 1.60]
    âˆ«gâ‚(t)dt: 6.27e-04
    Î»â‚: 1.00e+00
    storage (bw, fw, fw0): [1 * ndarray(1000)] (374.7 MB), None, None
    fw_states_T norm: 1.000014
    Ï„: (1.33e-01:0.00Ï€)
    qubit error: 1.5e-01
Iteration 51
    duration: 100.1 secs (started at 2021-04-20 20:46:56)
    optimized pulses (ranges): [-0.59, 1.62]
    âˆ«gâ‚(t)dt: 5.91e-04
    Î»â‚: 1.00e+00
    storage (bw, fw, fw0): [1 * ndarray(1000)] (374.7 MB), None, None
    fw_states_T norm: 1.000015
    Ï„: (1.31e-01:0.00Ï€)
    qubit error: 1.5e-01
Iteration 52
    duration: 100.2 secs (started at 2021-04-20 20:48:37)
    optimized pulses (ranges): [-0.59, 1.64]
    âˆ«gâ‚(t)dt: 5.56e-04
    Î»â‚: 1.00e+00
    storage (bw, fw, fw0): [1 * ndarray(1000)] (374.7 MB), None, None
    fw_states_T norm: 1.000015
    Ï„: (1.30e-01:0.00Ï€)
    qubit error: 1.5e-01
Iteration 53
    duration: 100.3 secs (started at 2021-04-20 20:50:17)
    optimized pulses (ranges): [-0.59, 1.66]
    âˆ«gâ‚(t)dt: 5.49e-04
    Î»â‚: 1.00e+00
    storage (bw, fw, fw0): [1 * ndarray(1000)] (374.7 MB), None, None
    fw_states_T norm: 1.000014
    Ï„: (1.28e-01:0.00Ï€)
    qubit error: 1.5e-01
Iteration 54
    duration: 100.2 secs (started at 2021-04-20 20:51:57)
    optimized pulses (ranges): [-0.59, 1.68]
    âˆ«gâ‚(t)dt: 5.80e-04
    Î»â‚: 1.00e+00
    storage (bw, fw, fw0): [1 * ndarray(1000)] (374.7 MB), None, None
    fw_states_T norm: 1.000014
    Ï„: (1.27e-01:0.00Ï€)
    qubit error: 1.5e-01
Iteration 55
    duration: 100.7 secs (started at 2021-04-20 20:53:37)
    optimized pulses (ranges): [-0.59, 1.70]
    âˆ«gâ‚(t)dt: 5.51e-04
    Î»â‚: 1.00e+00
    storage (bw, fw, fw0): [1 * ndarray(1000)] (374.7 MB), None, None
    fw_states_T norm: 1.000013
    Ï„: (1.26e-01:0.00Ï€)
    qubit error: 1.5e-01
Iteration 56
    duration: 99.8 secs (started at 2021-04-20 20:55:18)
    optimized pulses (ranges): [-0.58, 1.71]
    âˆ«gâ‚(t)dt: 5.38e-04
    Î»â‚: 1.00e+00
    storage (bw, fw, fw0): [1 * ndarray(1000)] (374.7 MB), None, None
    fw_states_T norm: 1.000014
    Ï„: (1.25e-01:0.00Ï€)
    qubit error: 1.5e-01
Iteration 57
    duration: 100.7 secs (started at 2021-04-20 20:56:58)
    optimized pulses (ranges): [-0.58, 1.73]
    âˆ«gâ‚(t)dt: 5.31e-04
    Î»â‚: 1.00e+00
    storage (bw, fw, fw0): [1 * ndarray(1000)] (374.7 MB), None, None
    fw_states_T norm: 1.000013
    Ï„: (1.24e-01:0.00Ï€)
    qubit error: 1.4e-01
Iteration 58
    duration: 101.5 secs (started at 2021-04-20 20:58:39)
    optimized pulses (ranges): [-0.58, 1.75]
    âˆ«gâ‚(t)dt: 5.49e-04
    Î»â‚: 1.00e+00
    storage (bw, fw, fw0): [1 * ndarray(1000)] (374.7 MB), None, None
    fw_states_T norm: 1.000013
    Ï„: (1.23e-01:0.00Ï€)
    qubit error: 1.4e-01
Iteration 59
    duration: 101.2 secs (started at 2021-04-20 21:00:20)
    optimized pulses (ranges): [-0.58, 1.77]
    âˆ«gâ‚(t)dt: 5.43e-04
    Î»â‚: 1.00e+00
    storage (bw, fw, fw0): [1 * ndarray(1000)] (374.7 MB), None, None
    fw_states_T norm: 1.000013
    Ï„: (1.22e-01:0.00Ï€)
    qubit error: 1.4e-01
Iteration 60
    duration: 101.6 secs (started at 2021-04-20 21:02:01)
    optimized pulses (ranges): [-0.58, 1.79]
    âˆ«gâ‚(t)dt: 5.43e-04
    Î»â‚: 1.00e+00
    storage (bw, fw, fw0): [1 * ndarray(1000)] (374.7 MB), None, None
    fw_states_T norm: 1.000013
    Ï„: (1.21e-01:0.00Ï€)
    qubit error: 1.4e-01
Iteration 61
    duration: 101.5 secs (started at 2021-04-20 21:03:43)
    optimized pulses (ranges): [-0.58, 1.81]
    âˆ«gâ‚(t)dt: 5.33e-04
    Î»â‚: 1.00e+00
    storage (bw, fw, fw0): [1 * ndarray(1000)] (374.7 MB), None, None
    fw_states_T norm: 1.000014
    Ï„: (1.20e-01:0.00Ï€)
    qubit error: 1.4e-01
Iteration 62
    duration: 100.3 secs (started at 2021-04-20 21:05:24)
    optimized pulses (ranges): [-0.58, 1.83]
    âˆ«gâ‚(t)dt: 5.60e-04
    Î»â‚: 1.00e+00
    storage (bw, fw, fw0): [1 * ndarray(1000)] (374.7 MB), None, None
    fw_states_T norm: 1.000014
    Ï„: (1.19e-01:0.00Ï€)
    qubit error: 1.4e-01
Iteration 63
    duration: 100.8 secs (started at 2021-04-20 21:07:05)
    optimized pulses (ranges): [-0.58, 1.85]
    âˆ«gâ‚(t)dt: 5.29e-04
    Î»â‚: 1.00e+00
    storage (bw, fw, fw0): [1 * ndarray(1000)] (374.7 MB), None, None
    fw_states_T norm: 1.000014
    Ï„: (1.19e-01:0.00Ï€)
    qubit error: 1.4e-01
Iteration 64
    duration: 101.9 secs (started at 2021-04-20 21:08:46)
    optimized pulses (ranges): [-0.58, 1.87]
    âˆ«gâ‚(t)dt: 5.44e-04
    Î»â‚: 1.00e+00
    storage (bw, fw, fw0): [1 * ndarray(1000)] (374.7 MB), None, None
    fw_states_T norm: 1.000014
    Ï„: (1.18e-01:0.00Ï€)
    qubit error: 1.4e-01
Iteration 65
    duration: 100.9 secs (started at 2021-04-20 21:10:28)
    optimized pulses (ranges): [-0.58, 1.89]
    âˆ«gâ‚(t)dt: 5.25e-04
    Î»â‚: 1.00e+00
    storage (bw, fw, fw0): [1 * ndarray(1000)] (374.7 MB), None, None
    fw_states_T norm: 1.000015
    Ï„: (1.17e-01:0.00Ï€)
    qubit error: 1.4e-01
Iteration 66
    duration: 101.6 secs (started at 2021-04-20 21:12:09)
    optimized pulses (ranges): [-0.58, 1.90]
    âˆ«gâ‚(t)dt: 5.27e-04
    Î»â‚: 1.00e+00
    storage (bw, fw, fw0): [1 * ndarray(1000)] (374.7 MB), None, None
    fw_states_T norm: 1.000014
    Ï„: (1.16e-01:0.00Ï€)
    qubit error: 1.4e-01
Iteration 67
    duration: 101.8 secs (started at 2021-04-20 21:13:50)
    optimized pulses (ranges): [-0.57, 1.92]
    âˆ«gâ‚(t)dt: 5.29e-04
    Î»â‚: 1.00e+00
    storage (bw, fw, fw0): [1 * ndarray(1000)] (374.7 MB), None, None
    fw_states_T norm: 1.000014
    Ï„: (1.16e-01:0.00Ï€)
    qubit error: 1.4e-01
Iteration 68
    duration: 102.9 secs (started at 2021-04-20 21:15:32)
    optimized pulses (ranges): [-0.57, 1.94]
    âˆ«gâ‚(t)dt: 5.14e-04
    Î»â‚: 1.00e+00
    storage (bw, fw, fw0): [1 * ndarray(1000)] (374.7 MB), None, None
    fw_states_T norm: 1.000014
    Ï„: (1.15e-01:0.00Ï€)
    qubit error: 1.4e-01
Iteration 69
    duration: 101.3 secs (started at 2021-04-20 21:17:15)
    optimized pulses (ranges): [-0.57, 1.96]
    âˆ«gâ‚(t)dt: 5.26e-04
    Î»â‚: 1.00e+00
    storage (bw, fw, fw0): [1 * ndarray(1000)] (374.7 MB), None, None
    fw_states_T norm: 1.000014
    Ï„: (1.14e-01:0.00Ï€)
    qubit error: 1.4e-01
Iteration 70
    duration: 101.9 secs (started at 2021-04-20 21:18:56)
    optimized pulses (ranges): [-0.57, 1.98]
    âˆ«gâ‚(t)dt: 5.20e-04
    Î»â‚: 1.00e+00
    storage (bw, fw, fw0): [1 * ndarray(1000)] (374.7 MB), None, None
    fw_states_T norm: 1.000014
    Ï„: (1.15e-01:0.00Ï€)
    qubit error: 1.4e-01
Iteration 71
    duration: 99.8 secs (started at 2021-04-20 21:20:38)
    optimized pulses (ranges): [-0.57, 2.00]
    âˆ«gâ‚(t)dt: 5.16e-04
    Î»â‚: 1.00e+00
    storage (bw, fw, fw0): [1 * ndarray(1000)] (374.7 MB), None, None
    fw_states_T norm: 1.000014
    Ï„: (1.13e-01:0.00Ï€)
    qubit error: 1.4e-01
Iteration 72
    duration: 100.5 secs (started at 2021-04-20 21:22:18)
    optimized pulses (ranges): [-0.57, 2.01]
    âˆ«gâ‚(t)dt: 5.29e-04
    Î»â‚: 1.00e+00
    storage (bw, fw, fw0): [1 * ndarray(1000)] (374.7 MB), None, None
    fw_states_T norm: 1.000014
    Ï„: (1.13e-01:0.00Ï€)
    qubit error: 1.4e-01
Iteration 73
    duration: 102.7 secs (started at 2021-04-20 21:23:59)
    optimized pulses (ranges): [-0.57, 2.03]
    âˆ«gâ‚(t)dt: 5.15e-04
    Î»â‚: 1.00e+00
    storage (bw, fw, fw0): [1 * ndarray(1000)] (374.7 MB), None, None
    fw_states_T norm: 1.000015
    Ï„: (1.13e-01:0.00Ï€)
    qubit error: 1.4e-01
Iteration 74
    duration: 103.0 secs (started at 2021-04-20 21:25:41)
    optimized pulses (ranges): [-0.56, 2.05]
    âˆ«gâ‚(t)dt: 5.35e-04
    Î»â‚: 1.00e+00
    storage (bw, fw, fw0): [1 * ndarray(1000)] (374.7 MB), None, None
    fw_states_T norm: 1.000015
    Ï„: (1.13e-01:0.00Ï€)
    qubit error: 1.4e-01
Iteration 75
    duration: 102.7 secs (started at 2021-04-20 21:27:24)
    optimized pulses (ranges): [-0.56, 2.07]
    âˆ«gâ‚(t)dt: 5.31e-04
    Î»â‚: 1.00e+00
    storage (bw, fw, fw0): [1 * ndarray(1000)] (374.7 MB), None, None
    fw_states_T norm: 1.000015
    Ï„: (1.12e-01:0.00Ï€)
    qubit error: 1.4e-01
Iteration 76
    duration: 103.3 secs (started at 2021-04-20 21:29:07)
    optimized pulses (ranges): [-0.56, 2.09]
    âˆ«gâ‚(t)dt: 5.54e-04
    Î»â‚: 1.00e+00
    storage (bw, fw, fw0): [1 * ndarray(1000)] (374.7 MB), None, None
    fw_states_T norm: 1.000015
    Ï„: (1.12e-01:0.00Ï€)
    qubit error: 1.4e-01
Iteration 77
    duration: 100.6 secs (started at 2021-04-20 21:30:50)
    optimized pulses (ranges): [-0.57, 2.11]
    âˆ«gâ‚(t)dt: 5.36e-04
    Î»â‚: 1.00e+00
    storage (bw, fw, fw0): [1 * ndarray(1000)] (374.7 MB), None, None
    fw_states_T norm: 1.000014
    Ï„: (1.12e-01:0.00Ï€)
    qubit error: 1.4e-01
Iteration 78
    duration: 101.3 secs (started at 2021-04-20 21:32:31)
    optimized pulses (ranges): [-0.57, 2.13]
    âˆ«gâ‚(t)dt: 5.37e-04
    Î»â‚: 1.00e+00
    storage (bw, fw, fw0): [1 * ndarray(1000)] (374.7 MB), None, None
    fw_states_T norm: 1.000015
    Ï„: (1.12e-01:0.00Ï€)
    qubit error: 1.4e-01
Iteration 79
    duration: 102.1 secs (started at 2021-04-20 21:34:12)
    optimized pulses (ranges): [-0.58, 2.15]
    âˆ«gâ‚(t)dt: 5.46e-04
    Î»â‚: 1.00e+00
    storage (bw, fw, fw0): [1 * ndarray(1000)] (374.7 MB), None, None
    fw_states_T norm: 1.000014
    Ï„: (1.11e-01:0.00Ï€)
    qubit error: 1.4e-01
Iteration 80
    duration: 101.7 secs (started at 2021-04-20 21:35:54)
    optimized pulses (ranges): [-0.59, 2.17]
    âˆ«gâ‚(t)dt: 5.46e-04
    Î»â‚: 1.00e+00
    storage (bw, fw, fw0): [1 * ndarray(1000)] (374.7 MB), None, None
    fw_states_T norm: 1.000014
    Ï„: (1.11e-01:0.00Ï€)
    qubit error: 1.4e-01
Iteration 81
    duration: 101.9 secs (started at 2021-04-20 21:37:36)
    optimized pulses (ranges): [-0.59, 2.19]
    âˆ«gâ‚(t)dt: 5.31e-04
    Î»â‚: 1.00e+00
    storage (bw, fw, fw0): [1 * ndarray(1000)] (374.7 MB), None, None
    fw_states_T norm: 1.000014
    Ï„: (1.11e-01:0.00Ï€)
    qubit error: 1.4e-01
Iteration 82
    duration: 103.9 secs (started at 2021-04-20 21:39:18)
    optimized pulses (ranges): [-0.60, 2.20]
    âˆ«gâ‚(t)dt: 5.34e-04
    Î»â‚: 1.00e+00
    storage (bw, fw, fw0): [1 * ndarray(1000)] (374.7 MB), None, None
    fw_states_T norm: 1.000014
    Ï„: (1.10e-01:0.00Ï€)
    qubit error: 1.4e-01
Iteration 83
    duration: 101.3 secs (started at 2021-04-20 21:41:02)
    optimized pulses (ranges): [-0.60, 2.22]
    âˆ«gâ‚(t)dt: 5.44e-04
    Î»â‚: 1.00e+00
    storage (bw, fw, fw0): [1 * ndarray(1000)] (374.7 MB), None, None
    fw_states_T norm: 1.000013
    Ï„: (1.11e-01:0.00Ï€)
    qubit error: 1.4e-01
Iteration 84
    duration: 103.3 secs (started at 2021-04-20 21:42:43)
    optimized pulses (ranges): [-0.61, 2.24]
    âˆ«gâ‚(t)dt: 5.46e-04
    Î»â‚: 1.00e+00
    storage (bw, fw, fw0): [1 * ndarray(1000)] (374.7 MB), None, None
    fw_states_T norm: 1.000014
    Ï„: (1.10e-01:0.00Ï€)
    qubit error: 1.3e-01
Iteration 85
    duration: 99.8 secs (started at 2021-04-20 21:44:27)
    optimized pulses (ranges): [-0.61, 2.26]
    âˆ«gâ‚(t)dt: 5.36e-04
    Î»â‚: 1.00e+00
    storage (bw, fw, fw0): [1 * ndarray(1000)] (374.7 MB), None, None
    fw_states_T norm: 1.000014
    Ï„: (1.10e-01:0.00Ï€)
    qubit error: 1.3e-01
Iteration 86
    duration: 102.5 secs (started at 2021-04-20 21:46:06)
    optimized pulses (ranges): [-0.62, 2.28]
    âˆ«gâ‚(t)dt: 5.34e-04
    Î»â‚: 1.00e+00
    storage (bw, fw, fw0): [1 * ndarray(1000)] (374.7 MB), None, None
    fw_states_T norm: 1.000014
    Ï„: (1.10e-01:0.00Ï€)
    qubit error: 1.3e-01
Iteration 87
    duration: 100.6 secs (started at 2021-04-20 21:47:49)
    optimized pulses (ranges): [-0.63, 2.30]
    âˆ«gâ‚(t)dt: 5.52e-04
    Î»â‚: 1.00e+00
    storage (bw, fw, fw0): [1 * ndarray(1000)] (374.7 MB), None, None
    fw_states_T norm: 1.000014
    Ï„: (1.10e-01:0.00Ï€)
    qubit error: 1.3e-01
Iteration 88
    duration: 102.7 secs (started at 2021-04-20 21:49:30)
    optimized pulses (ranges): [-0.63, 2.32]
    âˆ«gâ‚(t)dt: 5.20e-04
    Î»â‚: 1.00e+00
    storage (bw, fw, fw0): [1 * ndarray(1000)] (374.7 MB), None, None
    fw_states_T norm: 1.000015
    Ï„: (1.10e-01:0.00Ï€)
    qubit error: 1.3e-01
Iteration 89
    duration: 101.3 secs (started at 2021-04-20 21:51:12)
    optimized pulses (ranges): [-0.64, 2.34]
    âˆ«gâ‚(t)dt: 5.47e-04
    Î»â‚: 1.00e+00
    storage (bw, fw, fw0): [1 * ndarray(1000)] (374.7 MB), None, None
    fw_states_T norm: 1.000015
    Ï„: (1.10e-01:0.00Ï€)
    qubit error: 1.3e-01
Iteration 90
    duration: 99.6 secs (started at 2021-04-20 21:52:54)
    optimized pulses (ranges): [-0.64, 2.36]
    âˆ«gâ‚(t)dt: 5.38e-04
    Î»â‚: 1.00e+00
    storage (bw, fw, fw0): [1 * ndarray(1000)] (374.7 MB), None, None
    fw_states_T norm: 1.000015
    Ï„: (1.10e-01:0.00Ï€)
    qubit error: 1.3e-01
Iteration 91
    duration: 102.0 secs (started at 2021-04-20 21:54:33)
    optimized pulses (ranges): [-0.65, 2.37]
    âˆ«gâ‚(t)dt: 5.38e-04
    Î»â‚: 1.00e+00
    storage (bw, fw, fw0): [1 * ndarray(1000)] (374.7 MB), None, None
    fw_states_T norm: 1.000014
    Ï„: (1.10e-01:0.00Ï€)
    qubit error: 1.3e-01
Iteration 92
    duration: 100.4 secs (started at 2021-04-20 21:56:15)
    optimized pulses (ranges): [-0.65, 2.39]
    âˆ«gâ‚(t)dt: 5.30e-04
    Î»â‚: 1.00e+00
    storage (bw, fw, fw0): [1 * ndarray(1000)] (374.7 MB), None, None
    fw_states_T norm: 1.000014
    Ï„: (1.10e-01:0.00Ï€)
    qubit error: 1.3e-01
Iteration 93
    duration: 101.5 secs (started at 2021-04-20 21:57:56)
    optimized pulses (ranges): [-0.66, 2.41]
    âˆ«gâ‚(t)dt: 5.40e-04
    Î»â‚: 1.00e+00
    storage (bw, fw, fw0): [1 * ndarray(1000)] (374.7 MB), None, None
    fw_states_T norm: 1.000014
    Ï„: (1.10e-01:0.00Ï€)
    qubit error: 1.3e-01
Iteration 94
    duration: 101.7 secs (started at 2021-04-20 21:59:37)
    optimized pulses (ranges): [-0.66, 2.43]
    âˆ«gâ‚(t)dt: 5.35e-04
    Î»â‚: 1.00e+00
    storage (bw, fw, fw0): [1 * ndarray(1000)] (374.7 MB), None, None
    fw_states_T norm: 1.000014
    Ï„: (1.10e-01:0.00Ï€)
    qubit error: 1.3e-01
Iteration 95
    duration: 102.8 secs (started at 2021-04-20 22:01:19)
    optimized pulses (ranges): [-0.67, 2.45]
    âˆ«gâ‚(t)dt: 5.34e-04
    Î»â‚: 1.00e+00
    storage (bw, fw, fw0): [1 * ndarray(1000)] (374.7 MB), None, None
    fw_states_T norm: 1.000014
    Ï„: (1.10e-01:0.00Ï€)
    qubit error: 1.3e-01
Iteration 96
    duration: 102.9 secs (started at 2021-04-20 22:03:02)
    optimized pulses (ranges): [-0.68, 2.47]
    âˆ«gâ‚(t)dt: 5.32e-04
    Î»â‚: 1.00e+00
    storage (bw, fw, fw0): [1 * ndarray(1000)] (374.7 MB), None, None
    fw_states_T norm: 1.000014
    Ï„: (1.10e-01:0.00Ï€)
    qubit error: 1.3e-01
Iteration 97
    duration: 100.3 secs (started at 2021-04-20 22:04:45)
    optimized pulses (ranges): [-0.68, 2.49]
    âˆ«gâ‚(t)dt: 5.21e-04
    Î»â‚: 1.00e+00
    storage (bw, fw, fw0): [1 * ndarray(1000)] (374.7 MB), None, None
    fw_states_T norm: 1.000014
    Ï„: (1.10e-01:0.00Ï€)
    qubit error: 1.3e-01
Iteration 98
    duration: 101.5 secs (started at 2021-04-20 22:06:25)
    optimized pulses (ranges): [-0.69, 2.50]
    âˆ«gâ‚(t)dt: 5.56e-04
    Î»â‚: 1.00e+00
    storage (bw, fw, fw0): [1 * ndarray(1000)] (374.7 MB), None, None
    fw_states_T norm: 1.000015
    Ï„: (1.11e-01:0.00Ï€)
    qubit error: 1.3e-01
Iteration 99
    duration: 99.1 secs (started at 2021-04-20 22:08:07)
    optimized pulses (ranges): [-0.69, 2.52]
    âˆ«gâ‚(t)dt: 5.39e-04
    Î»â‚: 1.00e+00
    storage (bw, fw, fw0): [1 * ndarray(1000)] (374.7 MB), None, None
    fw_states_T norm: 1.000014
    Ï„: (1.11e-01:0.00Ï€)
    qubit error: 1.3e-01
Iteration 100
    duration: 101.8 secs (started at 2021-04-20 22:09:46)
    optimized pulses (ranges): [-0.70, 2.54]
    âˆ«gâ‚(t)dt: 5.05e-04
    Î»â‚: 1.00e+00
    storage (bw, fw, fw0): [1 * ndarray(1000)] (374.7 MB), None, None
    fw_states_T norm: 1.000014
    Ï„: (1.11e-01:0.00Ï€)
    qubit error: 1.3e-01
Iteration 101
    duration: 101.5 secs (started at 2021-04-20 22:11:27)
    optimized pulses (ranges): [-0.70, 2.56]
    âˆ«gâ‚(t)dt: 5.26e-04
    Î»â‚: 1.00e+00
    storage (bw, fw, fw0): [1 * ndarray(1000)] (374.7 MB), None, None
    fw_states_T norm: 1.000015
    Ï„: (1.11e-01:0.00Ï€)
    qubit error: 1.3e-01
Iteration 102
    duration: 101.7 secs (started at 2021-04-20 22:13:09)
    optimized pulses (ranges): [-0.71, 2.58]
    âˆ«gâ‚(t)dt: 5.21e-04
    Î»â‚: 1.00e+00
    storage (bw, fw, fw0): [1 * ndarray(1000)] (374.7 MB), None, None
    fw_states_T norm: 1.000015
    Ï„: (1.11e-01:0.00Ï€)
    qubit error: 1.3e-01
Iteration 103
    duration: 100.8 secs (started at 2021-04-20 22:14:51)
    optimized pulses (ranges): [-0.71, 2.60]
    âˆ«gâ‚(t)dt: 5.28e-04
    Î»â‚: 1.00e+00
    storage (bw, fw, fw0): [1 * ndarray(1000)] (374.7 MB), None, None
    fw_states_T norm: 1.000015
    Ï„: (1.12e-01:0.00Ï€)
    qubit error: 1.3e-01
Iteration 104
    duration: 99.4 secs (started at 2021-04-20 22:16:31)
    optimized pulses (ranges): [-0.72, 2.61]
    âˆ«gâ‚(t)dt: 5.27e-04
    Î»â‚: 1.00e+00
    storage (bw, fw, fw0): [1 * ndarray(1000)] (374.7 MB), None, None
    fw_states_T norm: 1.000014
    Ï„: (1.11e-01:0.00Ï€)
    qubit error: 1.3e-01
Iteration 105
    duration: 100.5 secs (started at 2021-04-20 22:18:11)
    optimized pulses (ranges): [-0.72, 2.63]
    âˆ«gâ‚(t)dt: 5.38e-04
    Î»â‚: 1.00e+00
    storage (bw, fw, fw0): [1 * ndarray(1000)] (374.7 MB), None, None
    fw_states_T norm: 1.000014
    Ï„: (1.12e-01:0.00Ï€)
    qubit error: 1.3e-01
Iteration 106
    duration: 101.1 secs (started at 2021-04-20 22:19:51)
    optimized pulses (ranges): [-0.73, 2.65]
    âˆ«gâ‚(t)dt: 5.39e-04
    Î»â‚: 1.00e+00
    storage (bw, fw, fw0): [1 * ndarray(1000)] (374.7 MB), None, None
    fw_states_T norm: 1.000014
    Ï„: (1.12e-01:0.00Ï€)
    qubit error: 1.3e-01
Iteration 107
    duration: 101.3 secs (started at 2021-04-20 22:21:33)
    optimized pulses (ranges): [-0.73, 2.67]
    âˆ«gâ‚(t)dt: 5.18e-04
    Î»â‚: 1.00e+00
    storage (bw, fw, fw0): [1 * ndarray(1000)] (374.7 MB), None, None
    fw_states_T norm: 1.000014
    Ï„: (1.12e-01:0.00Ï€)
    qubit error: 1.3e-01
Iteration 108
    duration: 103.4 secs (started at 2021-04-20 22:23:14)
    optimized pulses (ranges): [-0.74, 2.69]
    âˆ«gâ‚(t)dt: 5.15e-04
    Î»â‚: 1.00e+00
    storage (bw, fw, fw0): [1 * ndarray(1000)] (374.7 MB), None, None
    fw_states_T norm: 1.000014
    Ï„: (1.12e-01:0.00Ï€)
    qubit error: 1.3e-01
Iteration 109
    duration: 101.8 secs (started at 2021-04-20 22:24:57)
    optimized pulses (ranges): [-0.74, 2.71]
    âˆ«gâ‚(t)dt: 5.04e-04
    Î»â‚: 1.00e+00
    storage (bw, fw, fw0): [1 * ndarray(1000)] (374.7 MB), None, None
    fw_states_T norm: 1.000014
    Ï„: (1.12e-01:0.00Ï€)
    qubit error: 1.3e-01
Iteration 110
    duration: 101.4 secs (started at 2021-04-20 22:26:39)
    optimized pulses (ranges): [-0.75, 2.73]
    âˆ«gâ‚(t)dt: 5.04e-04
    Î»â‚: 1.00e+00
    storage (bw, fw, fw0): [1 * ndarray(1000)] (374.7 MB), None, None
    fw_states_T norm: 1.000014
    Ï„: (1.13e-01:0.00Ï€)
    qubit error: 1.3e-01
Iteration 111
    duration: 102.6 secs (started at 2021-04-20 22:28:21)
    optimized pulses (ranges): [-0.75, 2.74]
    âˆ«gâ‚(t)dt: 5.10e-04
    Î»â‚: 1.00e+00
    storage (bw, fw, fw0): [1 * ndarray(1000)] (374.7 MB), None, None
    fw_states_T norm: 1.000014
    Ï„: (1.12e-01:0.00Ï€)
    qubit error: 1.3e-01
Iteration 112
    duration: 102.7 secs (started at 2021-04-20 22:30:03)
    optimized pulses (ranges): [-0.76, 2.76]
    âˆ«gâ‚(t)dt: 4.93e-04
    Î»â‚: 1.00e+00
    storage (bw, fw, fw0): [1 * ndarray(1000)] (374.7 MB), None, None
    fw_states_T norm: 1.000014
    Ï„: (1.13e-01:0.00Ï€)
    qubit error: 1.3e-01
Iteration 113
    duration: 102.6 secs (started at 2021-04-20 22:31:46)
    optimized pulses (ranges): [-0.76, 2.78]
    âˆ«gâ‚(t)dt: 4.93e-04
    Î»â‚: 1.00e+00
    storage (bw, fw, fw0): [1 * ndarray(1000)] (374.7 MB), None, None
    fw_states_T norm: 1.000013
    Ï„: (1.13e-01:0.00Ï€)
    qubit error: 1.3e-01
Iteration 114
    duration: 102.6 secs (started at 2021-04-20 22:33:29)
    optimized pulses (ranges): [-0.77, 2.80]
    âˆ«gâ‚(t)dt: 4.86e-04
    Î»â‚: 1.00e+00
    storage (bw, fw, fw0): [1 * ndarray(1000)] (374.7 MB), None, None
    fw_states_T norm: 1.000013
    Ï„: (1.13e-01:0.00Ï€)
    qubit error: 1.3e-01
Iteration 115
    duration: 104.1 secs (started at 2021-04-20 22:35:11)
    optimized pulses (ranges): [-0.77, 2.81]
    âˆ«gâ‚(t)dt: 4.70e-04
    Î»â‚: 1.00e+00
    storage (bw, fw, fw0): [1 * ndarray(1000)] (374.7 MB), None, None
    fw_states_T norm: 1.000013
    Ï„: (1.13e-01:0.00Ï€)
    qubit error: 1.2e-01
Iteration 116
    duration: 104.2 secs (started at 2021-04-20 22:36:55)
    optimized pulses (ranges): [-0.78, 2.83]
    âˆ«gâ‚(t)dt: 4.87e-04
    Î»â‚: 1.00e+00
    storage (bw, fw, fw0): [1 * ndarray(1000)] (374.7 MB), None, None
    fw_states_T norm: 1.000012
    Ï„: (1.14e-01:0.00Ï€)
    qubit error: 1.2e-01
Iteration 117
    duration: 103.3 secs (started at 2021-04-20 22:38:40)
    optimized pulses (ranges): [-0.78, 2.85]
    âˆ«gâ‚(t)dt: 4.81e-04
    Î»â‚: 1.00e+00
    storage (bw, fw, fw0): [1 * ndarray(1000)] (374.7 MB), None, None
    fw_states_T norm: 1.000012
    Ï„: (1.14e-01:0.00Ï€)
    qubit error: 1.2e-01
Iteration 118
    duration: 103.8 secs (started at 2021-04-20 22:40:23)
    optimized pulses (ranges): [-0.78, 2.87]
    âˆ«gâ‚(t)dt: 4.75e-04
    Î»â‚: 1.00e+00
    storage (bw, fw, fw0): [1 * ndarray(1000)] (374.7 MB), None, None
    fw_states_T norm: 1.000012
    Ï„: (1.14e-01:0.00Ï€)
    qubit error: 1.2e-01
Iteration 119
    duration: 103.5 secs (started at 2021-04-20 22:42:07)
    optimized pulses (ranges): [-0.79, 2.88]
    âˆ«gâ‚(t)dt: 4.72e-04
    Î»â‚: 1.00e+00
    storage (bw, fw, fw0): [1 * ndarray(1000)] (374.7 MB), None, None
    fw_states_T norm: 1.000012
    Ï„: (1.15e-01:0.00Ï€)
    qubit error: 1.2e-01
Iteration 120
    duration: 103.5 secs (started at 2021-04-20 22:43:50)
    optimized pulses (ranges): [-0.79, 2.90]
    âˆ«gâ‚(t)dt: 4.80e-04
    Î»â‚: 1.00e+00
    storage (bw, fw, fw0): [1 * ndarray(1000)] (374.7 MB), None, None
    fw_states_T norm: 1.000012
    Ï„: (1.15e-01:0.00Ï€)
    qubit error: 1.2e-01
Iteration 121
    duration: 104.5 secs (started at 2021-04-20 22:45:34)
    optimized pulses (ranges): [-0.80, 2.92]
    âˆ«gâ‚(t)dt: 4.59e-04
    Î»â‚: 1.00e+00
    storage (bw, fw, fw0): [1 * ndarray(1000)] (374.7 MB), None, None
    fw_states_T norm: 1.000013
    Ï„: (1.16e-01:0.00Ï€)
    qubit error: 1.2e-01
Iteration 122
    duration: 102.5 secs (started at 2021-04-20 22:47:18)
    optimized pulses (ranges): [-0.80, 2.94]
    âˆ«gâ‚(t)dt: 4.51e-04
    Î»â‚: 1.00e+00
    storage (bw, fw, fw0): [1 * ndarray(1000)] (374.7 MB), None, None
    fw_states_T norm: 1.000013
    Ï„: (1.16e-01:0.00Ï€)
    qubit error: 1.2e-01
Iteration 123
    duration: 103.9 secs (started at 2021-04-20 22:49:01)
    optimized pulses (ranges): [-0.80, 2.95]
    âˆ«gâ‚(t)dt: 4.53e-04
    Î»â‚: 1.00e+00
    storage (bw, fw, fw0): [1 * ndarray(1000)] (374.7 MB), None, None
    fw_states_T norm: 1.000012
    Ï„: (1.16e-01:0.00Ï€)
    qubit error: 1.2e-01
Iteration 124
    duration: 103.1 secs (started at 2021-04-20 22:50:45)
    optimized pulses (ranges): [-0.81, 2.97]
    âˆ«gâ‚(t)dt: 4.73e-04
    Î»â‚: 1.00e+00
    storage (bw, fw, fw0): [1 * ndarray(1000)] (374.7 MB), None, None
    fw_states_T norm: 1.000013
    Ï„: (1.16e-01:0.00Ï€)
    qubit error: 1.2e-01
Iteration 125
    duration: 102.6 secs (started at 2021-04-20 22:52:28)
    optimized pulses (ranges): [-0.81, 2.99]
    âˆ«gâ‚(t)dt: 4.45e-04
    Î»â‚: 1.00e+00
    storage (bw, fw, fw0): [1 * ndarray(1000)] (374.7 MB), None, None
    fw_states_T norm: 1.000013
    Ï„: (1.17e-01:0.00Ï€)
    qubit error: 1.2e-01
Iteration 126
    duration: 103.5 secs (started at 2021-04-20 22:54:10)
    optimized pulses (ranges): [-0.82, 3.00]
    âˆ«gâ‚(t)dt: 4.23e-04
    Î»â‚: 1.00e+00
    storage (bw, fw, fw0): [1 * ndarray(1000)] (374.7 MB), None, None
    fw_states_T norm: 1.000013
    Ï„: (1.17e-01:0.00Ï€)
    qubit error: 1.2e-01
Iteration 127
    duration: 104.1 secs (started at 2021-04-20 22:55:54)
    optimized pulses (ranges): [-0.82, 3.02]
    âˆ«gâ‚(t)dt: 4.33e-04
    Î»â‚: 1.00e+00
    storage (bw, fw, fw0): [1 * ndarray(1000)] (374.7 MB), None, None
    fw_states_T norm: 1.000012
    Ï„: (1.18e-01:0.00Ï€)
    qubit error: 1.2e-01
Iteration 128
    duration: 102.9 secs (started at 2021-04-20 22:57:38)
    optimized pulses (ranges): [-0.82, 3.04]
    âˆ«gâ‚(t)dt: 4.02e-04
    Î»â‚: 1.00e+00
    storage (bw, fw, fw0): [1 * ndarray(1000)] (374.7 MB), None, None
    fw_states_T norm: 1.000013
    Ï„: (1.18e-01:0.00Ï€)
    qubit error: 1.2e-01
Iteration 129
    duration: 103.5 secs (started at 2021-04-20 22:59:21)
    optimized pulses (ranges): [-0.83, 3.05]
    âˆ«gâ‚(t)dt: 4.30e-04
    Î»â‚: 1.00e+00
    storage (bw, fw, fw0): [1 * ndarray(1000)] (374.7 MB), None, None
    fw_states_T norm: 1.000012
    Ï„: (1.19e-01:0.00Ï€)
    qubit error: 1.2e-01
Iteration 130
    duration: 103.2 secs (started at 2021-04-20 23:01:05)
    optimized pulses (ranges): [-0.83, 3.07]
    âˆ«gâ‚(t)dt: 4.19e-04
    Î»â‚: 1.00e+00
    storage (bw, fw, fw0): [1 * ndarray(1000)] (374.7 MB), None, None
    fw_states_T norm: 1.000012
    Ï„: (1.20e-01:0.00Ï€)
    qubit error: 1.2e-01
Iteration 131
    duration: 104.3 secs (started at 2021-04-20 23:02:48)
    optimized pulses (ranges): [-0.83, 3.09]
    âˆ«gâ‚(t)dt: 4.22e-04
    Î»â‚: 1.00e+00
    storage (bw, fw, fw0): [1 * ndarray(1000)] (374.7 MB), None, None
    fw_states_T norm: 1.000012
    Ï„: (1.20e-01:0.00Ï€)
    qubit error: 1.2e-01
Iteration 132
    duration: 103.2 secs (started at 2021-04-20 23:04:32)
    optimized pulses (ranges): [-0.84, 3.11]
    âˆ«gâ‚(t)dt: 4.43e-04
    Î»â‚: 1.00e+00
    storage (bw, fw, fw0): [1 * ndarray(1000)] (374.7 MB), None, None
    fw_states_T norm: 1.000012
    Ï„: (1.21e-01:0.00Ï€)
    qubit error: 1.2e-01
Iteration 133
    duration: 103.9 secs (started at 2021-04-20 23:06:15)
    optimized pulses (ranges): [-0.84, 3.12]
    âˆ«gâ‚(t)dt: 4.30e-04
    Î»â‚: 1.00e+00
    storage (bw, fw, fw0): [1 * ndarray(1000)] (374.7 MB), None, None
    fw_states_T norm: 1.000012
    Ï„: (1.21e-01:0.00Ï€)
    qubit error: 1.2e-01
Iteration 134
    duration: 103.3 secs (started at 2021-04-20 23:07:59)
    optimized pulses (ranges): [-0.84, 3.14]
    âˆ«gâ‚(t)dt: 4.22e-04
    Î»â‚: 1.00e+00
    storage (bw, fw, fw0): [1 * ndarray(1000)] (374.7 MB), None, None
    fw_states_T norm: 1.000012
    Ï„: (1.21e-01:0.00Ï€)
    qubit error: 1.2e-01
Iteration 135
    duration: 102.2 secs (started at 2021-04-20 23:09:42)
    optimized pulses (ranges): [-0.85, 3.16]
    âˆ«gâ‚(t)dt: 4.00e-04
    Î»â‚: 1.00e+00
    storage (bw, fw, fw0): [1 * ndarray(1000)] (374.7 MB), None, None
    fw_states_T norm: 1.000012
    Ï„: (1.22e-01:0.00Ï€)
    qubit error: 1.2e-01
Iteration 136
    duration: 103.1 secs (started at 2021-04-20 23:11:25)
    optimized pulses (ranges): [-0.85, 3.17]
    âˆ«gâ‚(t)dt: 3.88e-04
    Î»â‚: 1.00e+00
    storage (bw, fw, fw0): [1 * ndarray(1000)] (374.7 MB), None, None
    fw_states_T norm: 1.000012
    Ï„: (1.23e-01:0.00Ï€)
    qubit error: 1.2e-01
Iteration 137
    duration: 102.9 secs (started at 2021-04-20 23:13:08)
    optimized pulses (ranges): [-0.85, 3.19]
    âˆ«gâ‚(t)dt: 4.09e-04
    Î»â‚: 1.00e+00
    storage (bw, fw, fw0): [1 * ndarray(1000)] (374.7 MB), None, None
    fw_states_T norm: 1.000011
    Ï„: (1.23e-01:0.00Ï€)
    qubit error: 1.2e-01
Iteration 138
    duration: 102.8 secs (started at 2021-04-20 23:14:51)
    optimized pulses (ranges): [-0.85, 3.21]
    âˆ«gâ‚(t)dt: 3.86e-04
    Î»â‚: 1.00e+00
    storage (bw, fw, fw0): [1 * ndarray(1000)] (374.7 MB), None, None
    fw_states_T norm: 1.000011
    Ï„: (1.24e-01:0.00Ï€)
    qubit error: 1.2e-01
Iteration 139
    duration: 102.3 secs (started at 2021-04-20 23:16:33)
    optimized pulses (ranges): [-0.86, 3.22]
    âˆ«gâ‚(t)dt: 4.08e-04
    Î»â‚: 1.00e+00
    storage (bw, fw, fw0): [1 * ndarray(1000)] (374.7 MB), None, None
    fw_states_T norm: 1.000012
    Ï„: (1.23e-01:0.00Ï€)
    qubit error: 1.2e-01
Iteration 140
    duration: 103.9 secs (started at 2021-04-20 23:18:16)
    optimized pulses (ranges): [-0.86, 3.24]
    âˆ«gâ‚(t)dt: 3.93e-04
    Î»â‚: 1.00e+00
    storage (bw, fw, fw0): [1 * ndarray(1000)] (374.7 MB), None, None
    fw_states_T norm: 1.000012
    Ï„: (1.24e-01:0.00Ï€)
    qubit error: 1.2e-01
Iteration 141
    duration: 102.5 secs (started at 2021-04-20 23:20:00)
    optimized pulses (ranges): [-0.86, 3.26]
    âˆ«gâ‚(t)dt: 3.74e-04
    Î»â‚: 1.00e+00
    storage (bw, fw, fw0): [1 * ndarray(1000)] (374.7 MB), None, None
    fw_states_T norm: 1.000012
    Ï„: (1.25e-01:0.00Ï€)
    qubit error: 1.2e-01
Iteration 142
    duration: 103.2 secs (started at 2021-04-20 23:21:42)
    optimized pulses (ranges): [-0.87, 3.27]
    âˆ«gâ‚(t)dt: 3.62e-04
    Î»â‚: 1.00e+00
    storage (bw, fw, fw0): [1 * ndarray(1000)] (374.7 MB), None, None
    fw_states_T norm: 1.000013
    Ï„: (1.26e-01:0.00Ï€)
    qubit error: 1.2e-01
Iteration 143
    duration: 103.0 secs (started at 2021-04-20 23:23:25)
    optimized pulses (ranges): [-0.87, 3.29]
    âˆ«gâ‚(t)dt: 3.83e-04
    Î»â‚: 1.00e+00
    storage (bw, fw, fw0): [1 * ndarray(1000)] (374.7 MB), None, None
    fw_states_T norm: 1.000013
    Ï„: (1.26e-01:0.00Ï€)
    qubit error: 1.2e-01
Iteration 144
    duration: 103.1 secs (started at 2021-04-20 23:25:08)
    optimized pulses (ranges): [-0.87, 3.30]
    âˆ«gâ‚(t)dt: 3.71e-04
    Î»â‚: 1.00e+00
    storage (bw, fw, fw0): [1 * ndarray(1000)] (374.7 MB), None, None
    fw_states_T norm: 1.000013
    Ï„: (1.27e-01:0.00Ï€)
    qubit error: 1.2e-01
Iteration 145
    duration: 102.7 secs (started at 2021-04-20 23:26:52)
    optimized pulses (ranges): [-0.88, 3.32]
    âˆ«gâ‚(t)dt: 3.72e-04
    Î»â‚: 1.00e+00
    storage (bw, fw, fw0): [1 * ndarray(1000)] (374.7 MB), None, None
    fw_states_T norm: 1.000013
    Ï„: (1.27e-01:0.00Ï€)
    qubit error: 1.2e-01
Iteration 146
    duration: 104.4 secs (started at 2021-04-20 23:28:34)
    optimized pulses (ranges): [-0.88, 3.34]
    âˆ«gâ‚(t)dt: 3.92e-04
    Î»â‚: 1.00e+00
    storage (bw, fw, fw0): [1 * ndarray(1000)] (374.7 MB), None, None
    fw_states_T norm: 1.000013
    Ï„: (1.28e-01:0.00Ï€)
    qubit error: 1.2e-01
Iteration 147
    duration: 102.8 secs (started at 2021-04-20 23:30:19)
    optimized pulses (ranges): [-0.88, 3.35]
    âˆ«gâ‚(t)dt: 3.68e-04
    Î»â‚: 1.00e+00
    storage (bw, fw, fw0): [1 * ndarray(1000)] (374.7 MB), None, None
    fw_states_T norm: 1.000012
    Ï„: (1.27e-01:0.00Ï€)
    qubit error: 1.2e-01
Iteration 148
    duration: 102.8 secs (started at 2021-04-20 23:32:02)
    optimized pulses (ranges): [-0.89, 3.37]
    âˆ«gâ‚(t)dt: 3.59e-04
    Î»â‚: 1.00e+00
    storage (bw, fw, fw0): [1 * ndarray(1000)] (374.7 MB), None, None
    fw_states_T norm: 1.000013
    Ï„: (1.28e-01:0.00Ï€)
    qubit error: 1.2e-01
Iteration 149
    duration: 102.9 secs (started at 2021-04-20 23:33:44)
    optimized pulses (ranges): [-0.89, 3.38]
    âˆ«gâ‚(t)dt: 3.57e-04
    Î»â‚: 1.00e+00
    storage (bw, fw, fw0): [1 * ndarray(1000)] (374.7 MB), None, None
    fw_states_T norm: 1.000013
    Ï„: (1.29e-01:0.00Ï€)
    qubit error: 1.2e-01
Iteration 150
    duration: 103.8 secs (started at 2021-04-20 23:35:27)
    optimized pulses (ranges): [-0.89, 3.40]
    âˆ«gâ‚(t)dt: 3.50e-04
    Î»â‚: 1.00e+00
    storage (bw, fw, fw0): [1 * ndarray(1000)] (374.7 MB), None, None
    fw_states_T norm: 1.000013
    Ï„: (1.30e-01:0.00Ï€)
    qubit error: 1.2e-01
Iteration 151
    duration: 103.4 secs (started at 2021-04-20 23:37:11)
    optimized pulses (ranges): [-0.89, 3.41]
    âˆ«gâ‚(t)dt: 3.87e-04
    Î»â‚: 1.00e+00
    storage (bw, fw, fw0): [1 * ndarray(1000)] (374.7 MB), None, None
    fw_states_T norm: 1.000013
    Ï„: (1.30e-01:0.00Ï€)
    qubit error: 1.2e-01
Iteration 152
    duration: 103.2 secs (started at 2021-04-20 23:38:55)
    optimized pulses (ranges): [-0.90, 3.43]
    âˆ«gâ‚(t)dt: 3.56e-04
    Î»â‚: 1.00e+00
    storage (bw, fw, fw0): [1 * ndarray(1000)] (374.7 MB), None, None
    fw_states_T norm: 1.000013
    Ï„: (1.31e-01:0.00Ï€)
    qubit error: 1.2e-01
Iteration 153
    duration: 103.3 secs (started at 2021-04-20 23:40:38)
    optimized pulses (ranges): [-0.90, 3.45]
    âˆ«gâ‚(t)dt: 3.53e-04
    Î»â‚: 1.00e+00
    storage (bw, fw, fw0): [1 * ndarray(1000)] (374.7 MB), None, None
    fw_states_T norm: 1.000013
    Ï„: (1.32e-01:0.00Ï€)
    qubit error: 1.2e-01
Iteration 154
    duration: 102.9 secs (started at 2021-04-20 23:42:21)
    optimized pulses (ranges): [-0.90, 3.46]
    âˆ«gâ‚(t)dt: 3.48e-04
    Î»â‚: 1.00e+00
    storage (bw, fw, fw0): [1 * ndarray(1000)] (374.7 MB), None, None
    fw_states_T norm: 1.000013
    Ï„: (1.32e-01:0.00Ï€)
    qubit error: 1.2e-01
Iteration 155
    duration: 104.0 secs (started at 2021-04-20 23:44:04)
    optimized pulses (ranges): [-0.90, 3.48]
    âˆ«gâ‚(t)dt: 3.28e-04
    Î»â‚: 1.00e+00
    storage (bw, fw, fw0): [1 * ndarray(1000)] (374.7 MB), None, None
    fw_states_T norm: 1.000012
    Ï„: (1.33e-01:0.00Ï€)
    qubit error: 1.2e-01
Iteration 156
    duration: 103.6 secs (started at 2021-04-20 23:45:48)
    optimized pulses (ranges): [-0.91, 3.49]
    âˆ«gâ‚(t)dt: 3.34e-04
    Î»â‚: 1.00e+00
    storage (bw, fw, fw0): [1 * ndarray(1000)] (374.7 MB), None, None
    fw_states_T norm: 1.000012
    Ï„: (1.33e-01:0.00Ï€)
    qubit error: 1.2e-01
Iteration 157
    duration: 104.0 secs (started at 2021-04-20 23:47:32)
    optimized pulses (ranges): [-0.91, 3.51]
    âˆ«gâ‚(t)dt: 3.35e-04
    Î»â‚: 1.00e+00
    storage (bw, fw, fw0): [1 * ndarray(1000)] (374.7 MB), None, None
    fw_states_T norm: 1.000012
    Ï„: (1.33e-01:0.00Ï€)
    qubit error: 1.2e-01
Iteration 158
    duration: 104.2 secs (started at 2021-04-20 23:49:16)
    optimized pulses (ranges): [-0.91, 3.52]
    âˆ«gâ‚(t)dt: 3.30e-04
    Î»â‚: 1.00e+00
    storage (bw, fw, fw0): [1 * ndarray(1000)] (374.7 MB), None, None
    fw_states_T norm: 1.000012
    Ï„: (1.34e-01:0.00Ï€)
    qubit error: 1.2e-01
Iteration 159
    duration: 103.9 secs (started at 2021-04-20 23:51:00)
    optimized pulses (ranges): [-0.91, 3.54]
    âˆ«gâ‚(t)dt: 3.12e-04
    Î»â‚: 1.00e+00
    storage (bw, fw, fw0): [1 * ndarray(1000)] (374.7 MB), None, None
    fw_states_T norm: 1.000012
    Ï„: (1.36e-01:0.00Ï€)
    qubit error: 1.2e-01
Iteration 160
    duration: 103.7 secs (started at 2021-04-20 23:52:44)
    optimized pulses (ranges): [-0.92, 3.55]
    âˆ«gâ‚(t)dt: 3.33e-04
    Î»â‚: 1.00e+00
    storage (bw, fw, fw0): [1 * ndarray(1000)] (374.7 MB), None, None
    fw_states_T norm: 1.000012
    Ï„: (1.37e-01:0.00Ï€)
    qubit error: 1.2e-01
Iteration 161
    duration: 102.9 secs (started at 2021-04-20 23:54:28)
    optimized pulses (ranges): [-0.92, 3.57]
    âˆ«gâ‚(t)dt: 3.41e-04
    Î»â‚: 1.00e+00
    storage (bw, fw, fw0): [1 * ndarray(1000)] (374.7 MB), None, None
    fw_states_T norm: 1.000012
    Ï„: (1.37e-01:0.00Ï€)
    qubit error: 1.1e-01
Iteration 162
    duration: 102.8 secs (started at 2021-04-20 23:56:10)
    optimized pulses (ranges): [-0.92, 3.58]
    âˆ«gâ‚(t)dt: 3.28e-04
    Î»â‚: 1.00e+00
    storage (bw, fw, fw0): [1 * ndarray(1000)] (374.7 MB), None, None
    fw_states_T norm: 1.000012
    Ï„: (1.37e-01:0.00Ï€)
    qubit error: 1.1e-01
Iteration 163
    duration: 103.6 secs (started at 2021-04-20 23:57:53)
    optimized pulses (ranges): [-0.92, 3.60]
    âˆ«gâ‚(t)dt: 3.40e-04
    Î»â‚: 1.00e+00
    storage (bw, fw, fw0): [1 * ndarray(1000)] (374.7 MB), None, None
    fw_states_T norm: 1.000012
    Ï„: (1.38e-01:0.00Ï€)
    qubit error: 1.1e-01
Iteration 164
    duration: 103.9 secs (started at 2021-04-20 23:59:37)
    optimized pulses (ranges): [-0.92, 3.61]
    âˆ«gâ‚(t)dt: 3.06e-04
    Î»â‚: 1.00e+00
    storage (bw, fw, fw0): [1 * ndarray(1000)] (374.7 MB), None, None
    fw_states_T norm: 1.000011
    Ï„: (1.39e-01:0.00Ï€)
    qubit error: 1.1e-01
Iteration 165
    duration: 102.7 secs (started at 2021-04-21 00:01:21)
    optimized pulses (ranges): [-0.92, 3.63]
    âˆ«gâ‚(t)dt: 3.21e-04
    Î»â‚: 1.00e+00
    storage (bw, fw, fw0): [1 * ndarray(1000)] (374.7 MB), None, None
    fw_states_T norm: 1.000011
    Ï„: (1.39e-01:0.00Ï€)
    qubit error: 1.1e-01
Iteration 166
    duration: 103.2 secs (started at 2021-04-21 00:03:04)
    optimized pulses (ranges): [-0.93, 3.64]
    âˆ«gâ‚(t)dt: 3.20e-04
    Î»â‚: 1.00e+00
    storage (bw, fw, fw0): [1 * ndarray(1000)] (374.7 MB), None, None
    fw_states_T norm: 1.000012
    Ï„: (1.41e-01:0.00Ï€)
    qubit error: 1.1e-01
Iteration 167
    duration: 104.6 secs (started at 2021-04-21 00:04:47)
    optimized pulses (ranges): [-0.93, 3.66]
    âˆ«gâ‚(t)dt: 3.15e-04
    Î»â‚: 1.00e+00
    storage (bw, fw, fw0): [1 * ndarray(1000)] (374.7 MB), None, None
    fw_states_T norm: 1.000012
    Ï„: (1.41e-01:0.00Ï€)
    qubit error: 1.1e-01
Iteration 168
    duration: 102.9 secs (started at 2021-04-21 00:06:32)
    optimized pulses (ranges): [-0.93, 3.67]
    âˆ«gâ‚(t)dt: 3.40e-04
    Î»â‚: 1.00e+00
    storage (bw, fw, fw0): [1 * ndarray(1000)] (374.7 MB), None, None
    fw_states_T norm: 1.000012
    Ï„: (1.42e-01:0.00Ï€)
    qubit error: 1.1e-01
Iteration 169
    duration: 103.3 secs (started at 2021-04-21 00:08:14)
    optimized pulses (ranges): [-0.93, 3.69]
    âˆ«gâ‚(t)dt: 3.17e-04
    Î»â‚: 1.00e+00
    storage (bw, fw, fw0): [1 * ndarray(1000)] (374.7 MB), None, None
    fw_states_T norm: 1.000012
    Ï„: (1.43e-01:0.00Ï€)
    qubit error: 1.1e-01
Iteration 170
    duration: 103.2 secs (started at 2021-04-21 00:09:58)
    optimized pulses (ranges): [-0.94, 3.70]
    âˆ«gâ‚(t)dt: 2.95e-04
    Î»â‚: 1.00e+00
    storage (bw, fw, fw0): [1 * ndarray(1000)] (374.7 MB), None, None
    fw_states_T norm: 1.000012
    Ï„: (1.44e-01:0.00Ï€)
    qubit error: 1.1e-01
Iteration 171
    duration: 103.3 secs (started at 2021-04-21 00:11:41)
    optimized pulses (ranges): [-0.94, 3.72]
    âˆ«gâ‚(t)dt: 3.20e-04
    Î»â‚: 1.00e+00
    storage (bw, fw, fw0): [1 * ndarray(1000)] (374.7 MB), None, None
    fw_states_T norm: 1.000012
    Ï„: (1.43e-01:0.00Ï€)
    qubit error: 1.1e-01
Iteration 172
    duration: 104.2 secs (started at 2021-04-21 00:13:24)
    optimized pulses (ranges): [-0.94, 3.73]
    âˆ«gâ‚(t)dt: 3.18e-04
    Î»â‚: 1.00e+00
    storage (bw, fw, fw0): [1 * ndarray(1000)] (374.7 MB), None, None
    fw_states_T norm: 1.000011
    Ï„: (1.45e-01:0.00Ï€)
    qubit error: 1.1e-01
Iteration 173
    duration: 103.3 secs (started at 2021-04-21 00:15:09)
    optimized pulses (ranges): [-0.94, 3.75]
    âˆ«gâ‚(t)dt: 2.96e-04
    Î»â‚: 1.00e+00
    storage (bw, fw, fw0): [1 * ndarray(1000)] (374.7 MB), None, None
    fw_states_T norm: 1.000012
    Ï„: (1.45e-01:0.00Ï€)
    qubit error: 1.1e-01
Iteration 174
    duration: 103.6 secs (started at 2021-04-21 00:16:52)
    optimized pulses (ranges): [-0.94, 3.76]
    âˆ«gâ‚(t)dt: 3.28e-04
    Î»â‚: 1.00e+00
    storage (bw, fw, fw0): [1 * ndarray(1000)] (374.7 MB), None, None
    fw_states_T norm: 1.000011
    Ï„: (1.46e-01:0.00Ï€)
    qubit error: 1.1e-01
Iteration 175
    duration: 103.3 secs (started at 2021-04-21 00:18:36)
    optimized pulses (ranges): [-0.95, 3.78]
    âˆ«gâ‚(t)dt: 3.02e-04
    Î»â‚: 1.00e+00
    storage (bw, fw, fw0): [1 * ndarray(1000)] (374.7 MB), None, None
    fw_states_T norm: 1.000012
    Ï„: (1.46e-01:0.00Ï€)
    qubit error: 1.1e-01
Iteration 176
    duration: 103.0 secs (started at 2021-04-21 00:20:19)
    optimized pulses (ranges): [-0.95, 3.79]
    âˆ«gâ‚(t)dt: 2.98e-04
    Î»â‚: 1.00e+00
    storage (bw, fw, fw0): [1 * ndarray(1000)] (374.7 MB), None, None
    fw_states_T norm: 1.000011
    Ï„: (1.48e-01:0.00Ï€)
    qubit error: 1.1e-01
Iteration 177
    duration: 103.3 secs (started at 2021-04-21 00:22:02)
    optimized pulses (ranges): [-0.95, 3.81]
    âˆ«gâ‚(t)dt: 3.01e-04
    Î»â‚: 1.00e+00
    storage (bw, fw, fw0): [1 * ndarray(1000)] (374.7 MB), None, None
    fw_states_T norm: 1.000011
    Ï„: (1.48e-01:0.00Ï€)
    qubit error: 1.1e-01
Iteration 178
    duration: 103.7 secs (started at 2021-04-21 00:23:45)
    optimized pulses (ranges): [-0.95, 3.82]
    âˆ«gâ‚(t)dt: 2.83e-04
    Î»â‚: 1.00e+00
    storage (bw, fw, fw0): [1 * ndarray(1000)] (374.7 MB), None, None
    fw_states_T norm: 1.000011
    Ï„: (1.48e-01:0.00Ï€)
    qubit error: 1.1e-01
Iteration 179
    duration: 102.9 secs (started at 2021-04-21 00:25:29)
    optimized pulses (ranges): [-0.95, 3.84]
    âˆ«gâ‚(t)dt: 3.25e-04
    Î»â‚: 1.00e+00
    storage (bw, fw, fw0): [1 * ndarray(1000)] (374.7 MB), None, None
    fw_states_T norm: 1.000012
    Ï„: (1.49e-01:0.00Ï€)
    qubit error: 1.1e-01
Iteration 180
    duration: 103.4 secs (started at 2021-04-21 00:27:12)
    optimized pulses (ranges): [-0.96, 3.86]
    âˆ«gâ‚(t)dt: 3.22e-04
    Î»â‚: 1.00e+00
    storage (bw, fw, fw0): [1 * ndarray(1000)] (374.7 MB), None, None
    fw_states_T norm: 1.000011
    Ï„: (1.49e-01:0.00Ï€)
    qubit error: 1.1e-01
Iteration 181
    duration: 103.8 secs (started at 2021-04-21 00:28:55)
    optimized pulses (ranges): [-0.96, 3.87]
    âˆ«gâ‚(t)dt: 3.08e-04
    Î»â‚: 1.00e+00
    storage (bw, fw, fw0): [1 * ndarray(1000)] (374.7 MB), None, None
    fw_states_T norm: 1.000011
    Ï„: (1.50e-01:0.00Ï€)
    qubit error: 1.1e-01
Iteration 182
    duration: 103.7 secs (started at 2021-04-21 00:30:39)
    optimized pulses (ranges): [-0.96, 3.89]
    âˆ«gâ‚(t)dt: 3.18e-04
    Î»â‚: 1.00e+00
    storage (bw, fw, fw0): [1 * ndarray(1000)] (374.7 MB), None, None
    fw_states_T norm: 1.000012
    Ï„: (1.50e-01:0.00Ï€)
    qubit error: 1.1e-01
Iteration 183
    duration: 103.9 secs (started at 2021-04-21 00:32:23)
    optimized pulses (ranges): [-0.96, 3.90]
    âˆ«gâ‚(t)dt: 2.88e-04
    Î»â‚: 1.00e+00
    storage (bw, fw, fw0): [1 * ndarray(1000)] (374.7 MB), None, None
    fw_states_T norm: 1.000012
    Ï„: (1.52e-01:0.00Ï€)
    qubit error: 1.1e-01
Iteration 184
    duration: 103.9 secs (started at 2021-04-21 00:34:07)
    optimized pulses (ranges): [-0.97, 3.92]
    âˆ«gâ‚(t)dt: 3.11e-04
    Î»â‚: 1.00e+00
    storage (bw, fw, fw0): [1 * ndarray(1000)] (374.7 MB), None, None
    fw_states_T norm: 1.000011
    Ï„: (1.52e-01:0.00Ï€)
    qubit error: 1.1e-01
Iteration 185
    duration: 103.3 secs (started at 2021-04-21 00:35:51)
    optimized pulses (ranges): [-0.97, 3.93]
    âˆ«gâ‚(t)dt: 2.83e-04
    Î»â‚: 1.00e+00
    storage (bw, fw, fw0): [1 * ndarray(1000)] (374.7 MB), None, None
    fw_states_T norm: 1.000011
    Ï„: (1.53e-01:0.00Ï€)
    qubit error: 1.1e-01
Iteration 186
    duration: 102.6 secs (started at 2021-04-21 00:37:34)
    optimized pulses (ranges): [-0.97, 3.94]
    âˆ«gâ‚(t)dt: 2.64e-04
    Î»â‚: 1.00e+00
    storage (bw, fw, fw0): [1 * ndarray(1000)] (374.7 MB), None, None
    fw_states_T norm: 1.000011
    Ï„: (1.54e-01:0.00Ï€)
    qubit error: 1.1e-01
Iteration 187
    duration: 104.2 secs (started at 2021-04-21 00:39:17)
    optimized pulses (ranges): [-0.97, 3.96]
    âˆ«gâ‚(t)dt: 2.88e-04
    Î»â‚: 1.00e+00
    storage (bw, fw, fw0): [1 * ndarray(1000)] (374.7 MB), None, None
    fw_states_T norm: 1.000012
    Ï„: (1.54e-01:0.00Ï€)
    qubit error: 1.1e-01
Iteration 188
    duration: 103.5 secs (started at 2021-04-21 00:41:01)
    optimized pulses (ranges): [-0.97, 3.97]
    âˆ«gâ‚(t)dt: 2.96e-04
    Î»â‚: 1.00e+00
    storage (bw, fw, fw0): [1 * ndarray(1000)] (374.7 MB), None, None
    fw_states_T norm: 1.000011
    Ï„: (1.55e-01:0.00Ï€)
    qubit error: 1.1e-01
Iteration 189
    duration: 102.6 secs (started at 2021-04-21 00:42:44)
    optimized pulses (ranges): [-0.97, 3.99]
    âˆ«gâ‚(t)dt: 2.78e-04
    Î»â‚: 1.00e+00
    storage (bw, fw, fw0): [1 * ndarray(1000)] (374.7 MB), None, None
    fw_states_T norm: 1.000011
    Ï„: (1.56e-01:0.00Ï€)
    qubit error: 1.1e-01
Iteration 190
    duration: 104.3 secs (started at 2021-04-21 00:44:27)
    optimized pulses (ranges): [-0.98, 4.00]
    âˆ«gâ‚(t)dt: 3.26e-04
    Î»â‚: 1.00e+00
    storage (bw, fw, fw0): [1 * ndarray(1000)] (374.7 MB), None, None
    fw_states_T norm: 1.000011
    Ï„: (1.57e-01:0.00Ï€)
    qubit error: 1.1e-01
Iteration 191
    duration: 103.9 secs (started at 2021-04-21 00:46:11)
    optimized pulses (ranges): [-0.98, 4.02]
    âˆ«gâ‚(t)dt: 3.19e-04
    Î»â‚: 1.00e+00
    storage (bw, fw, fw0): [1 * ndarray(1000)] (374.7 MB), None, None
    fw_states_T norm: 1.000012
    Ï„: (1.59e-01:0.00Ï€)
    qubit error: 1.1e-01
Iteration 192
    duration: 104.7 secs (started at 2021-04-21 00:47:55)
    optimized pulses (ranges): [-0.98, 4.03]
    âˆ«gâ‚(t)dt: 2.63e-04
    Î»â‚: 1.00e+00
    storage (bw, fw, fw0): [1 * ndarray(1000)] (374.7 MB), None, None
    fw_states_T norm: 1.000012
    Ï„: (1.58e-01:0.00Ï€)
    qubit error: 1.1e-01
Iteration 193
    duration: 104.5 secs (started at 2021-04-21 00:49:40)
    optimized pulses (ranges): [-0.98, 4.05]
    âˆ«gâ‚(t)dt: 2.84e-04
    Î»â‚: 1.00e+00
    storage (bw, fw, fw0): [1 * ndarray(1000)] (374.7 MB), None, None
    fw_states_T norm: 1.000011
    Ï„: (1.59e-01:0.00Ï€)
    qubit error: 1.1e-01
Iteration 194
    duration: 103.7 secs (started at 2021-04-21 00:51:25)
    optimized pulses (ranges): [-0.98, 4.06]
    âˆ«gâ‚(t)dt: 3.06e-04
    Î»â‚: 1.00e+00
    storage (bw, fw, fw0): [1 * ndarray(1000)] (374.7 MB), None, None
    fw_states_T norm: 1.000011
    Ï„: (1.59e-01:0.00Ï€)
    qubit error: 1.1e-01
Iteration 195
    duration: 103.6 secs (started at 2021-04-21 00:53:08)
    optimized pulses (ranges): [-0.99, 4.07]
    âˆ«gâ‚(t)dt: 2.81e-04
    Î»â‚: 1.00e+00
    storage (bw, fw, fw0): [1 * ndarray(1000)] (374.7 MB), None, None
    fw_states_T norm: 1.000011
    Ï„: (1.60e-01:0.00Ï€)
    qubit error: 1.1e-01
Iteration 196
    duration: 104.9 secs (started at 2021-04-21 00:54:52)
    optimized pulses (ranges): [-0.99, 4.09]
    âˆ«gâ‚(t)dt: 3.08e-04
    Î»â‚: 1.00e+00
    storage (bw, fw, fw0): [1 * ndarray(1000)] (374.7 MB), None, None
    fw_states_T norm: 1.000011
    Ï„: (1.60e-01:0.00Ï€)
    qubit error: 1.1e-01
Iteration 197
    duration: 104.3 secs (started at 2021-04-21 00:56:37)
    optimized pulses (ranges): [-0.99, 4.10]
    âˆ«gâ‚(t)dt: 2.84e-04
    Î»â‚: 1.00e+00
    storage (bw, fw, fw0): [1 * ndarray(1000)] (374.7 MB), None, None
    fw_states_T norm: 1.000011
    Ï„: (1.61e-01:0.00Ï€)
    qubit error: 1.1e-01
Iteration 198
    duration: 104.7 secs (started at 2021-04-21 00:58:21)
    optimized pulses (ranges): [-0.99, 4.12]
    âˆ«gâ‚(t)dt: 2.85e-04
    Î»â‚: 1.00e+00
    storage (bw, fw, fw0): [1 * ndarray(1000)] (374.7 MB), None, None
    fw_states_T norm: 1.000011
    Ï„: (1.61e-01:0.00Ï€)
    qubit error: 1.1e-01
Iteration 199
    duration: 103.8 secs (started at 2021-04-21 01:00:06)
    optimized pulses (ranges): [-0.99, 4.13]
    âˆ«gâ‚(t)dt: 2.80e-04
    Î»â‚: 1.00e+00
    storage (bw, fw, fw0): [1 * ndarray(1000)] (374.7 MB), None, None
    fw_states_T norm: 1.000011
    Ï„: (1.63e-01:0.00Ï€)
    qubit error: 1.1e-01
Iteration 200
    duration: 102.8 secs (started at 2021-04-21 01:01:50)
    optimized pulses (ranges): [-0.99, 4.15]
    âˆ«gâ‚(t)dt: 2.95e-04
    Î»â‚: 1.00e+00
    storage (bw, fw, fw0): [1 * ndarray(1000)] (374.7 MB), None, None
    fw_states_T norm: 1.000012
    Ï„: (1.63e-01:0.00Ï€)
    qubit error: 1.1e-01
Iteration 201
    duration: 104.4 secs (started at 2021-04-21 01:03:33)
    optimized pulses (ranges): [-1.00, 4.16]
    âˆ«gâ‚(t)dt: 2.86e-04
    Î»â‚: 1.00e+00
    storage (bw, fw, fw0): [1 * ndarray(1000)] (374.7 MB), None, None
    fw_states_T norm: 1.000012
    Ï„: (1.63e-01:0.00Ï€)
    qubit error: 1.1e-01
Iteration 202
    duration: 104.7 secs (started at 2021-04-21 01:05:17)
    optimized pulses (ranges): [-1.00, 4.18]
    âˆ«gâ‚(t)dt: 2.68e-04
    Î»â‚: 1.00e+00
    storage (bw, fw, fw0): [1 * ndarray(1000)] (374.7 MB), None, None
    fw_states_T norm: 1.000011
    Ï„: (1.64e-01:0.00Ï€)
    qubit error: 1.1e-01
Iteration 203
    duration: 104.8 secs (started at 2021-04-21 01:07:02)
    optimized pulses (ranges): [-1.00, 4.19]
    âˆ«gâ‚(t)dt: 2.76e-04
    Î»â‚: 1.00e+00
    storage (bw, fw, fw0): [1 * ndarray(1000)] (374.7 MB), None, None
    fw_states_T norm: 1.000011
    Ï„: (1.65e-01:0.00Ï€)
    qubit error: 1.1e-01
Iteration 204
    duration: 103.4 secs (started at 2021-04-21 01:08:47)
    optimized pulses (ranges): [-1.00, 4.20]
    âˆ«gâ‚(t)dt: 2.82e-04
    Î»â‚: 1.00e+00
    storage (bw, fw, fw0): [1 * ndarray(1000)] (374.7 MB), None, None
    fw_states_T norm: 1.000011
    Ï„: (1.66e-01:0.00Ï€)
    qubit error: 1.1e-01
Iteration 205
    duration: 103.2 secs (started at 2021-04-21 01:10:30)
    optimized pulses (ranges): [-1.00, 4.22]
    âˆ«gâ‚(t)dt: 2.84e-04
    Î»â‚: 1.00e+00
    storage (bw, fw, fw0): [1 * ndarray(1000)] (374.7 MB), None, None
    fw_states_T norm: 1.000012
    Ï„: (1.68e-01:0.00Ï€)
    qubit error: 1.1e-01
Iteration 206
    duration: 103.4 secs (started at 2021-04-21 01:12:13)
    optimized pulses (ranges): [-1.00, 4.23]
    âˆ«gâ‚(t)dt: 2.81e-04
    Î»â‚: 1.00e+00
    storage (bw, fw, fw0): [1 * ndarray(1000)] (374.7 MB), None, None
    fw_states_T norm: 1.000012
    Ï„: (1.68e-01:0.00Ï€)
    qubit error: 1.1e-01
Iteration 207
    duration: 104.1 secs (started at 2021-04-21 01:13:57)
    optimized pulses (ranges): [-1.00, 4.25]
    âˆ«gâ‚(t)dt: 2.78e-04
    Î»â‚: 1.00e+00
    storage (bw, fw, fw0): [1 * ndarray(1000)] (374.7 MB), None, None
    fw_states_T norm: 1.000012
    Ï„: (1.70e-01:0.00Ï€)
    qubit error: 1.1e-01
Iteration 208
    duration: 104.4 secs (started at 2021-04-21 01:15:41)
    optimized pulses (ranges): [-1.01, 4.26]
    âˆ«gâ‚(t)dt: 3.10e-04
    Î»â‚: 1.00e+00
    storage (bw, fw, fw0): [1 * ndarray(1000)] (374.7 MB), None, None
    fw_states_T norm: 1.000012
    Ï„: (1.70e-01:0.00Ï€)
    qubit error: 1.1e-01
Iteration 209
    duration: 103.5 secs (started at 2021-04-21 01:17:25)
    optimized pulses (ranges): [-1.01, 4.28]
    âˆ«gâ‚(t)dt: 2.92e-04
    Î»â‚: 1.00e+00
    storage (bw, fw, fw0): [1 * ndarray(1000)] (374.7 MB), None, None
    fw_states_T norm: 1.000012
    Ï„: (1.71e-01:0.00Ï€)
    qubit error: 1.1e-01
Iteration 210
    duration: 103.9 secs (started at 2021-04-21 01:19:09)
    optimized pulses (ranges): [-1.01, 4.29]
    âˆ«gâ‚(t)dt: 3.03e-04
    Î»â‚: 1.00e+00
    storage (bw, fw, fw0): [1 * ndarray(1000)] (374.7 MB), None, None
    fw_states_T norm: 1.000012
    Ï„: (1.73e-01:0.00Ï€)
    qubit error: 1.1e-01
Iteration 211
    duration: 104.1 secs (started at 2021-04-21 01:20:53)
    optimized pulses (ranges): [-1.01, 4.31]
    âˆ«gâ‚(t)dt: 2.53e-04
    Î»â‚: 1.00e+00
    storage (bw, fw, fw0): [1 * ndarray(1000)] (374.7 MB), None, None
    fw_states_T norm: 1.000011
    Ï„: (1.73e-01:0.00Ï€)
    qubit error: 1.1e-01
Iteration 212
    duration: 103.7 secs (started at 2021-04-21 01:22:37)
    optimized pulses (ranges): [-1.01, 4.32]
    âˆ«gâ‚(t)dt: 2.59e-04
    Î»â‚: 1.00e+00
    storage (bw, fw, fw0): [1 * ndarray(1000)] (374.7 MB), None, None
    fw_states_T norm: 1.000011
    Ï„: (1.75e-01:0.00Ï€)
    qubit error: 1.1e-01
Iteration 213
    duration: 103.2 secs (started at 2021-04-21 01:24:20)
    optimized pulses (ranges): [-1.01, 4.33]
    âˆ«gâ‚(t)dt: 2.56e-04
    Î»â‚: 1.00e+00
    storage (bw, fw, fw0): [1 * ndarray(1000)] (374.7 MB), None, None
    fw_states_T norm: 1.000012
    Ï„: (1.75e-01:0.00Ï€)
    qubit error: 1.1e-01
Iteration 214
    duration: 104.2 secs (started at 2021-04-21 01:26:04)
    optimized pulses (ranges): [-1.01, 4.35]
    âˆ«gâ‚(t)dt: 2.55e-04
    Î»â‚: 1.00e+00
    storage (bw, fw, fw0): [1 * ndarray(1000)] (374.7 MB), None, None
    fw_states_T norm: 1.000012
    Ï„: (1.76e-01:0.00Ï€)
    qubit error: 1.1e-01
Iteration 215
    duration: 104.4 secs (started at 2021-04-21 01:27:48)
    optimized pulses (ranges): [-1.02, 4.36]
    âˆ«gâ‚(t)dt: 2.70e-04
    Î»â‚: 1.00e+00
    storage (bw, fw, fw0): [1 * ndarray(1000)] (374.7 MB), None, None
    fw_states_T norm: 1.000011
    Ï„: (1.77e-01:0.00Ï€)
    qubit error: 1.1e-01
Iteration 216
    duration: 103.5 secs (started at 2021-04-21 01:29:32)
    optimized pulses (ranges): [-1.02, 4.38]
    âˆ«gâ‚(t)dt: 2.71e-04
    Î»â‚: 1.00e+00
    storage (bw, fw, fw0): [1 * ndarray(1000)] (374.7 MB), None, None
    fw_states_T norm: 1.000011
    Ï„: (1.78e-01:0.00Ï€)
    qubit error: 1.1e-01
Iteration 217
    duration: 103.3 secs (started at 2021-04-21 01:31:16)
    optimized pulses (ranges): [-1.02, 4.39]
    âˆ«gâ‚(t)dt: 2.47e-04
    Î»â‚: 1.00e+00
    storage (bw, fw, fw0): [1 * ndarray(1000)] (374.7 MB), None, None
    fw_states_T norm: 1.000011
    Ï„: (1.77e-01:0.00Ï€)
    qubit error: 1.1e-01
Iteration 218
    duration: 104.2 secs (started at 2021-04-21 01:32:59)
    optimized pulses (ranges): [-1.02, 4.40]
    âˆ«gâ‚(t)dt: 2.79e-04
    Î»â‚: 1.00e+00
    storage (bw, fw, fw0): [1 * ndarray(1000)] (374.7 MB), None, None
    fw_states_T norm: 1.000011
    Ï„: (1.78e-01:0.00Ï€)
    qubit error: 1.1e-01
Iteration 219
    duration: 104.2 secs (started at 2021-04-21 01:34:43)
    optimized pulses (ranges): [-1.02, 4.42]
    âˆ«gâ‚(t)dt: 2.55e-04
    Î»â‚: 1.00e+00
    storage (bw, fw, fw0): [1 * ndarray(1000)] (374.7 MB), None, None
    fw_states_T norm: 1.000011
    Ï„: (1.79e-01:0.00Ï€)
    qubit error: 1.1e-01
Iteration 220
    duration: 105.3 secs (started at 2021-04-21 01:36:28)
    optimized pulses (ranges): [-1.03, 4.43]
    âˆ«gâ‚(t)dt: 2.40e-04
    Î»â‚: 1.00e+00
    storage (bw, fw, fw0): [1 * ndarray(1000)] (374.7 MB), None, None
    fw_states_T norm: 1.000011
    Ï„: (1.81e-01:0.00Ï€)
    qubit error: 1.1e-01
Iteration 221
    duration: 105.0 secs (started at 2021-04-21 01:38:13)
    optimized pulses (ranges): [-1.03, 4.45]
    âˆ«gâ‚(t)dt: 2.87e-04
    Î»â‚: 1.00e+00
    storage (bw, fw, fw0): [1 * ndarray(1000)] (374.7 MB), None, None
    fw_states_T norm: 1.000011
    Ï„: (1.79e-01:0.00Ï€)
    qubit error: 1.1e-01
Iteration 222
    duration: 104.9 secs (started at 2021-04-21 01:39:58)
    optimized pulses (ranges): [-1.03, 4.46]
    âˆ«gâ‚(t)dt: 2.38e-04
    Î»â‚: 1.00e+00
    storage (bw, fw, fw0): [1 * ndarray(1000)] (374.7 MB), None, None
    fw_states_T norm: 1.000011
    Ï„: (1.80e-01:0.00Ï€)
    qubit error: 1.1e-01
Iteration 223
    duration: 104.4 secs (started at 2021-04-21 01:41:43)
    optimized pulses (ranges): [-1.03, 4.47]
    âˆ«gâ‚(t)dt: 2.71e-04
    Î»â‚: 1.00e+00
    storage (bw, fw, fw0): [1 * ndarray(1000)] (374.7 MB), None, None
    fw_states_T norm: 1.000011
    Ï„: (1.83e-01:0.00Ï€)
    qubit error: 1.1e-01
Iteration 224
    duration: 105.0 secs (started at 2021-04-21 01:43:27)
    optimized pulses (ranges): [-1.03, 4.49]
    âˆ«gâ‚(t)dt: 2.57e-04
    Î»â‚: 1.00e+00
    storage (bw, fw, fw0): [1 * ndarray(1000)] (374.7 MB), None, None
    fw_states_T norm: 1.000011
    Ï„: (1.83e-01:0.00Ï€)
    qubit error: 1.1e-01
Iteration 225
    duration: 104.8 secs (started at 2021-04-21 01:45:12)
    optimized pulses (ranges): [-1.03, 4.50]
    âˆ«gâ‚(t)dt: 2.48e-04
    Î»â‚: 1.00e+00
    storage (bw, fw, fw0): [1 * ndarray(1000)] (374.7 MB), None, None
    fw_states_T norm: 1.000011
    Ï„: (1.84e-01:0.00Ï€)
    qubit error: 1.1e-01
Iteration 226
    duration: 104.6 secs (started at 2021-04-21 01:46:57)
    optimized pulses (ranges): [-1.03, 4.51]
    âˆ«gâ‚(t)dt: 2.55e-04
    Î»â‚: 1.00e+00
    storage (bw, fw, fw0): [1 * ndarray(1000)] (374.7 MB), None, None
    fw_states_T norm: 1.000011
    Ï„: (1.86e-01:0.00Ï€)
    qubit error: 1.1e-01
Iteration 227
    duration: 103.1 secs (started at 2021-04-21 01:48:42)
    optimized pulses (ranges): [-1.04, 4.53]
    âˆ«gâ‚(t)dt: 2.59e-04
    Î»â‚: 1.00e+00
    storage (bw, fw, fw0): [1 * ndarray(1000)] (374.7 MB), None, None
    fw_states_T norm: 1.000010
    Ï„: (1.86e-01:0.00Ï€)
    qubit error: 1.1e-01
Iteration 228
    duration: 104.2 secs (started at 2021-04-21 01:50:25)
    optimized pulses (ranges): [-1.04, 4.54]
    âˆ«gâ‚(t)dt: 2.35e-04
    Î»â‚: 1.00e+00
    storage (bw, fw, fw0): [1 * ndarray(1000)] (374.7 MB), None, None
    fw_states_T norm: 1.000011
    Ï„: (1.88e-01:0.00Ï€)
    qubit error: 1.1e-01
Iteration 229
    duration: 105.7 secs (started at 2021-04-21 01:52:09)
    optimized pulses (ranges): [-1.04, 4.55]
    âˆ«gâ‚(t)dt: 2.18e-04
    Î»â‚: 1.00e+00
    storage (bw, fw, fw0): [1 * ndarray(1000)] (374.7 MB), None, None
    fw_states_T norm: 1.000011
    Ï„: (1.89e-01:0.00Ï€)
    qubit error: 1.1e-01
Iteration 230
    duration: 105.7 secs (started at 2021-04-21 01:53:55)
    optimized pulses (ranges): [-1.04, 4.57]
    âˆ«gâ‚(t)dt: 2.56e-04
    Î»â‚: 1.00e+00
    storage (bw, fw, fw0): [1 * ndarray(1000)] (374.7 MB), None, None
    fw_states_T norm: 1.000011
    Ï„: (1.90e-01:0.00Ï€)
    qubit error: 1.1e-01
Iteration 231
    duration: 105.4 secs (started at 2021-04-21 01:55:41)
    optimized pulses (ranges): [-1.04, 4.58]
    âˆ«gâ‚(t)dt: 2.54e-04
    Î»â‚: 1.00e+00
    storage (bw, fw, fw0): [1 * ndarray(1000)] (374.7 MB), None, None
    fw_states_T norm: 1.000011
    Ï„: (1.92e-01:0.00Ï€)
    qubit error: 1.1e-01
Iteration 232
    duration: 105.3 secs (started at 2021-04-21 01:57:26)
    optimized pulses (ranges): [-1.04, 4.59]
    âˆ«gâ‚(t)dt: 2.33e-04
    Î»â‚: 1.00e+00
    storage (bw, fw, fw0): [1 * ndarray(1000)] (374.7 MB), None, None
    fw_states_T norm: 1.000011
    Ï„: (1.91e-01:0.00Ï€)
    qubit error: 1.1e-01
Iteration 233
    duration: 104.9 secs (started at 2021-04-21 01:59:11)
    optimized pulses (ranges): [-1.04, 4.61]
    âˆ«gâ‚(t)dt: 2.42e-04
    Î»â‚: 1.00e+00
    storage (bw, fw, fw0): [1 * ndarray(1000)] (374.7 MB), None, None
    fw_states_T norm: 1.000011
    Ï„: (1.93e-01:0.00Ï€)
    qubit error: 1.1e-01
Iteration 234
    duration: 105.4 secs (started at 2021-04-21 02:00:56)
    optimized pulses (ranges): [-1.05, 4.62]
    âˆ«gâ‚(t)dt: 2.31e-04
    Î»â‚: 1.00e+00
    storage (bw, fw, fw0): [1 * ndarray(1000)] (374.7 MB), None, None
    fw_states_T norm: 1.000011
    Ï„: (1.92e-01:0.00Ï€)
    qubit error: 1.1e-01
Iteration 235
    duration: 104.6 secs (started at 2021-04-21 02:02:42)
    optimized pulses (ranges): [-1.05, 4.63]
    âˆ«gâ‚(t)dt: 2.58e-04
    Î»â‚: 1.00e+00
    storage (bw, fw, fw0): [1 * ndarray(1000)] (374.7 MB), None, None
    fw_states_T norm: 1.000011
    Ï„: (1.95e-01:0.00Ï€)
    qubit error: 1.1e-01
Iteration 236
    duration: 105.8 secs (started at 2021-04-21 02:04:26)
    optimized pulses (ranges): [-1.05, 4.64]
    âˆ«gâ‚(t)dt: 2.19e-04
    Î»â‚: 1.00e+00
    storage (bw, fw, fw0): [1 * ndarray(1000)] (374.7 MB), None, None
    fw_states_T norm: 1.000011
    Ï„: (1.95e-01:0.00Ï€)
    qubit error: 1.1e-01
Iteration 237
    duration: 106.5 secs (started at 2021-04-21 02:06:12)
    optimized pulses (ranges): [-1.05, 4.66]
    âˆ«gâ‚(t)dt: 2.27e-04
    Î»â‚: 1.00e+00
    storage (bw, fw, fw0): [1 * ndarray(1000)] (374.7 MB), None, None
    fw_states_T norm: 1.000011
    Ï„: (1.97e-01:0.00Ï€)
    qubit error: 1.1e-01
Iteration 238
    duration: 105.0 secs (started at 2021-04-21 02:07:59)
    optimized pulses (ranges): [-1.05, 4.67]
    âˆ«gâ‚(t)dt: 2.33e-04
    Î»â‚: 1.00e+00
    storage (bw, fw, fw0): [1 * ndarray(1000)] (374.7 MB), None, None
    fw_states_T norm: 1.000010
    Ï„: (1.98e-01:0.00Ï€)
    qubit error: 1.1e-01
Iteration 239
    duration: 105.2 secs (started at 2021-04-21 02:09:44)
    optimized pulses (ranges): [-1.05, 4.68]
    âˆ«gâ‚(t)dt: 2.36e-04
    Î»â‚: 1.00e+00
    storage (bw, fw, fw0): [1 * ndarray(1000)] (374.7 MB), None, None
    fw_states_T norm: 1.000010
    Ï„: (1.97e-01:0.00Ï€)
    qubit error: 1.1e-01
Iteration 240
    duration: 104.8 secs (started at 2021-04-21 02:11:29)
    optimized pulses (ranges): [-1.06, 4.70]
    âˆ«gâ‚(t)dt: 2.28e-04
    Î»â‚: 1.00e+00
    storage (bw, fw, fw0): [1 * ndarray(1000)] (374.7 MB), None, None
    fw_states_T norm: 1.000010
    Ï„: (2.00e-01:0.00Ï€)
    qubit error: 1.1e-01
Iteration 241
    duration: 104.8 secs (started at 2021-04-21 02:13:14)
    optimized pulses (ranges): [-1.06, 4.71]
    âˆ«gâ‚(t)dt: 2.42e-04
    Î»â‚: 1.00e+00
    storage (bw, fw, fw0): [1 * ndarray(1000)] (374.7 MB), None, None
    fw_states_T norm: 1.000010
    Ï„: (2.01e-01:0.00Ï€)
    qubit error: 1.1e-01
Iteration 242
    duration: 106.1 secs (started at 2021-04-21 02:14:59)
    optimized pulses (ranges): [-1.06, 4.73]
    âˆ«gâ‚(t)dt: 2.38e-04
    Î»â‚: 1.00e+00
    storage (bw, fw, fw0): [1 * ndarray(1000)] (374.7 MB), None, None
    fw_states_T norm: 1.000010
    Ï„: (2.00e-01:0.00Ï€)
    qubit error: 1.1e-01
Iteration 243
    duration: 105.9 secs (started at 2021-04-21 02:16:45)
    optimized pulses (ranges): [-1.06, 4.74]
    âˆ«gâ‚(t)dt: 2.32e-04
    Î»â‚: 1.00e+00
    storage (bw, fw, fw0): [1 * ndarray(1000)] (374.7 MB), None, None
    fw_states_T norm: 1.000010
    Ï„: (2.01e-01:0.00Ï€)
    qubit error: 1.1e-01
Iteration 244
    duration: 105.1 secs (started at 2021-04-21 02:18:31)
    optimized pulses (ranges): [-1.06, 4.75]
    âˆ«gâ‚(t)dt: 2.09e-04
    Î»â‚: 1.00e+00
    storage (bw, fw, fw0): [1 * ndarray(1000)] (374.7 MB), None, None
    fw_states_T norm: 1.000010
    Ï„: (2.01e-01:0.00Ï€)
    qubit error: 1.1e-01
Iteration 245
    duration: 105.8 secs (started at 2021-04-21 02:20:16)
    optimized pulses (ranges): [-1.06, 4.76]
    âˆ«gâ‚(t)dt: 2.20e-04
    Î»â‚: 1.00e+00
    storage (bw, fw, fw0): [1 * ndarray(1000)] (374.7 MB), None, None
    fw_states_T norm: 1.000010
    Ï„: (2.04e-01:0.00Ï€)
    qubit error: 1.1e-01
Iteration 246
    duration: 105.0 secs (started at 2021-04-21 02:22:02)
    optimized pulses (ranges): [-1.07, 4.78]
    âˆ«gâ‚(t)dt: 2.19e-04
    Î»â‚: 1.00e+00
    storage (bw, fw, fw0): [1 * ndarray(1000)] (374.7 MB), None, None
    fw_states_T norm: 1.000010
    Ï„: (2.04e-01:0.00Ï€)
    qubit error: 1.1e-01
Iteration 247
    duration: 105.6 secs (started at 2021-04-21 02:23:47)
    optimized pulses (ranges): [-1.07, 4.79]
    âˆ«gâ‚(t)dt: 2.29e-04
    Î»â‚: 1.00e+00
    storage (bw, fw, fw0): [1 * ndarray(1000)] (374.7 MB), None, None
    fw_states_T norm: 1.000010
    Ï„: (2.05e-01:0.00Ï€)
    qubit error: 1.1e-01
Iteration 248
    duration: 105.1 secs (started at 2021-04-21 02:25:32)
    optimized pulses (ranges): [-1.07, 4.81]
    âˆ«gâ‚(t)dt: 2.41e-04
    Î»â‚: 1.00e+00
    storage (bw, fw, fw0): [1 * ndarray(1000)] (374.7 MB), None, None
    fw_states_T norm: 1.000010
    Ï„: (2.06e-01:0.00Ï€)
    qubit error: 1.1e-01
Iteration 249
    duration: 104.6 secs (started at 2021-04-21 02:27:18)
    optimized pulses (ranges): [-1.07, 4.82]
    âˆ«gâ‚(t)dt: 2.10e-04
    Î»â‚: 1.00e+00
    storage (bw, fw, fw0): [1 * ndarray(1000)] (374.7 MB), None, None
    fw_states_T norm: 1.000009
    Ï„: (2.08e-01:0.00Ï€)
    qubit error: 1.1e-01
Iteration 250
    duration: 106.0 secs (started at 2021-04-21 02:29:02)
    optimized pulses (ranges): [-1.07, 4.83]
    âˆ«gâ‚(t)dt: 2.08e-04
    Î»â‚: 1.00e+00
    storage (bw, fw, fw0): [1 * ndarray(1000)] (374.7 MB), None, None
    fw_states_T norm: 1.000010
    Ï„: (2.08e-01:0.00Ï€)
    qubit error: 1.1e-01
Iteration 251
    duration: 106.3 secs (started at 2021-04-21 02:30:48)
    optimized pulses (ranges): [-1.07, 4.84]
    âˆ«gâ‚(t)dt: 2.16e-04
    Î»â‚: 1.00e+00
    storage (bw, fw, fw0): [1 * ndarray(1000)] (374.7 MB), None, None
    fw_states_T norm: 1.000009
    Ï„: (2.10e-01:0.00Ï€)
    qubit error: 1.1e-01
Iteration 252
    duration: 105.6 secs (started at 2021-04-21 02:32:35)
    optimized pulses (ranges): [-1.07, 4.86]
    âˆ«gâ‚(t)dt: 2.21e-04
    Î»â‚: 1.00e+00
    storage (bw, fw, fw0): [1 * ndarray(1000)] (374.7 MB), None, None
    fw_states_T norm: 1.000010
    Ï„: (2.10e-01:0.00Ï€)
    qubit error: 1.1e-01
Iteration 253
    duration: 105.6 secs (started at 2021-04-21 02:34:20)
    optimized pulses (ranges): [-1.07, 4.87]
    âˆ«gâ‚(t)dt: 2.27e-04
    Î»â‚: 1.00e+00
    storage (bw, fw, fw0): [1 * ndarray(1000)] (374.7 MB), None, None
    fw_states_T norm: 1.000009
    Ï„: (2.12e-01:0.00Ï€)
    qubit error: 1.1e-01
Iteration 254
    duration: 105.8 secs (started at 2021-04-21 02:36:06)
    optimized pulses (ranges): [-1.08, 4.88]
    âˆ«gâ‚(t)dt: 1.97e-04
    Î»â‚: 1.00e+00
    storage (bw, fw, fw0): [1 * ndarray(1000)] (374.7 MB), None, None
    fw_states_T norm: 1.000010
    Ï„: (2.12e-01:0.00Ï€)
    qubit error: 1.1e-01
Iteration 255
    duration: 105.8 secs (started at 2021-04-21 02:37:52)
    optimized pulses (ranges): [-1.08, 4.90]
    âˆ«gâ‚(t)dt: 2.12e-04
    Î»â‚: 1.00e+00
    storage (bw, fw, fw0): [1 * ndarray(1000)] (374.7 MB), None, None
    fw_states_T norm: 1.000010
    Ï„: (2.13e-01:0.00Ï€)
    qubit error: 1.1e-01
Iteration 256
    duration: 105.7 secs (started at 2021-04-21 02:39:37)
    optimized pulses (ranges): [-1.08, 4.91]
    âˆ«gâ‚(t)dt: 1.99e-04
    Î»â‚: 1.00e+00
    storage (bw, fw, fw0): [1 * ndarray(1000)] (374.7 MB), None, None
    fw_states_T norm: 1.000009
    Ï„: (2.14e-01:0.00Ï€)
    qubit error: 1.1e-01
Iteration 257
    duration: 106.2 secs (started at 2021-04-21 02:41:23)
    optimized pulses (ranges): [-1.08, 4.92]
    âˆ«gâ‚(t)dt: 2.03e-04
    Î»â‚: 1.00e+00
    storage (bw, fw, fw0): [1 * ndarray(1000)] (374.7 MB), None, None
    fw_states_T norm: 1.000010
    Ï„: (2.12e-01:0.00Ï€)
    qubit error: 1.1e-01
Iteration 258
    duration: 106.2 secs (started at 2021-04-21 02:43:09)
    optimized pulses (ranges): [-1.08, 4.93]
    âˆ«gâ‚(t)dt: 1.75e-04
    Î»â‚: 1.00e+00
    storage (bw, fw, fw0): [1 * ndarray(1000)] (374.7 MB), None, None
    fw_states_T norm: 1.000009
    Ï„: (2.16e-01:0.00Ï€)
    qubit error: 1.1e-01
Iteration 259
    duration: 106.1 secs (started at 2021-04-21 02:44:56)
    optimized pulses (ranges): [-1.08, 4.95]
    âˆ«gâ‚(t)dt: 2.06e-04
    Î»â‚: 1.00e+00
    storage (bw, fw, fw0): [1 * ndarray(1000)] (374.7 MB), None, None
    fw_states_T norm: 1.000009
    Ï„: (2.18e-01:0.00Ï€)
    qubit error: 1.1e-01
Iteration 260
    duration: 105.7 secs (started at 2021-04-21 02:46:42)
    optimized pulses (ranges): [-1.08, 4.96]
    âˆ«gâ‚(t)dt: 2.36e-04
    Î»â‚: 1.00e+00
    storage (bw, fw, fw0): [1 * ndarray(1000)] (374.7 MB), None, None
    fw_states_T norm: 1.000009
    Ï„: (2.16e-01:0.00Ï€)
    qubit error: 1.1e-01
Iteration 261
    duration: 106.2 secs (started at 2021-04-21 02:48:27)
    optimized pulses (ranges): [-1.09, 4.97]
    âˆ«gâ‚(t)dt: 1.77e-04
    Î»â‚: 1.00e+00
    storage (bw, fw, fw0): [1 * ndarray(1000)] (374.7 MB), None, None
    fw_states_T norm: 1.000009
    Ï„: (2.19e-01:0.00Ï€)
    qubit error: 1.1e-01
Iteration 262
    duration: 106.2 secs (started at 2021-04-21 02:50:14)
    optimized pulses (ranges): [-1.09, 4.99]
    âˆ«gâ‚(t)dt: 1.85e-04
    Î»â‚: 1.00e+00
    storage (bw, fw, fw0): [1 * ndarray(1000)] (374.7 MB), None, None
    fw_states_T norm: 1.000010
    Ï„: (2.20e-01:0.00Ï€)
    qubit error: 1.1e-01
Iteration 263
    duration: 106.5 secs (started at 2021-04-21 02:52:00)
    optimized pulses (ranges): [-1.09, 5.00]
    âˆ«gâ‚(t)dt: 1.54e-04
    Î»â‚: 1.00e+00
    storage (bw, fw, fw0): [1 * ndarray(1000)] (374.7 MB), None, None
    fw_states_T norm: 1.000009
    Ï„: (2.20e-01:0.00Ï€)
    qubit error: 1.1e-01
Iteration 264
    duration: 106.0 secs (started at 2021-04-21 02:53:46)
    optimized pulses (ranges): [-1.09, 5.01]
    âˆ«gâ‚(t)dt: 1.97e-04
    Î»â‚: 1.00e+00
    storage (bw, fw, fw0): [1 * ndarray(1000)] (374.7 MB), None, None
    fw_states_T norm: 1.000010
    Ï„: (2.21e-01:0.00Ï€)
    qubit error: 1.1e-01
Iteration 265
    duration: 106.7 secs (started at 2021-04-21 02:55:32)
    optimized pulses (ranges): [-1.09, 5.02]
    âˆ«gâ‚(t)dt: 2.02e-04
    Î»â‚: 1.00e+00
    storage (bw, fw, fw0): [1 * ndarray(1000)] (374.7 MB), None, None
    fw_states_T norm: 1.000010
    Ï„: (2.23e-01:0.00Ï€)
<stdin>:155: RuntimeWarning: overflow encountered in exp
No handles with labels found to put in legend.
    qubit error: 1.1e-01
The following plots are for the number of levels n=  70
Final energy of the battery is  0.8936293638581441
Final ergotropy is  0.7883460403718248
Traceback (most recent call last):
  File "<stdin>", line 448, in <module>
TypeError: bad operand type for unary +: 'str'
