 'tryton/binutils/2.34' load complete.
 'tryton/compiler/gcc/7.4' load complete.
 'tryton/python3/3.5.6' load complete.

Loading tryton/python3/3.5.6
  Loading requirement: tryton/binutils/2.34 tryton/compiler/gcc/7.4
Quantum object: dims = [[2, 2, 2, 2, 2, 2, 2, 2], [2, 2, 2, 2, 2, 2, 2, 2]], shape = (256, 256), type = oper, isherm = True
Qobj data =
[[1. 0. 0. ... 0. 0. 0.]
 [0. 0. 0. ... 0. 0. 0.]
 [0. 0. 0. ... 0. 0. 0.]
 ...
 [0. 0. 0. ... 0. 0. 0.]
 [0. 0. 0. ... 0. 0. 0.]
 [0. 0. 0. ... 0. 0. 0.]]
Quantum object: dims = [[2, 2, 2, 2, 2, 2, 2, 2], [2, 2, 2, 2, 2, 2, 2, 2]], shape = (256, 256), type = oper, isherm = True
Qobj data =
[[0. 0. 0. ... 0. 0. 0.]
 [0. 0. 0. ... 0. 0. 0.]
 [0. 0. 0. ... 0. 0. 0.]
 ...
 [0. 0. 0. ... 0. 0. 0.]
 [0. 0. 0. ... 0. 0. 0.]
 [0. 0. 0. ... 0. 0. 0.]]
Iteration 0
    objectives:
        1:Ïâ‚€[2âŠ—2âŠ—2âŠ—2âŠ—2âŠ—2âŠ—2âŠ—2,2âŠ—2âŠ—2âŠ—2âŠ—2âŠ—2âŠ—2âŠ—2] to Ïâ‚[2âŠ—2âŠ—2âŠ—2âŠ—2âŠ—2âŠ—2âŠ—2,2âŠ—2âŠ—2âŠ—2âŠ—2âŠ—2âŠ—2âŠ—2] via [ğ“›â‚€[[2âŠ—2âŠ—2âŠ—2âŠ—2âŠ—2âŠ—2âŠ—2,2âŠ—2âŠ—2âŠ—2âŠ—2âŠ—2âŠ—2âŠ—2],[2âŠ—2âŠ—2âŠ—2âŠ—2âŠ—2âŠ—2âŠ—2,2âŠ—2âŠ—2âŠ—2âŠ—2âŠ—2âŠ—2âŠ—2]], [ğ“›â‚[[2âŠ—2âŠ—2âŠ—2âŠ—2âŠ—2âŠ—2âŠ—2,2âŠ—2âŠ—2âŠ—2âŠ—2âŠ—2âŠ—2âŠ—2],[2âŠ—2âŠ—2âŠ—2âŠ—2âŠ—2âŠ—2âŠ—2,2âŠ—2âŠ—2âŠ—2âŠ—2âŠ—2âŠ—2âŠ—2]], uâ‚(t)]]
    adjoint objectives:
        1:Ïâ‚‚[2âŠ—2âŠ—2âŠ—2âŠ—2âŠ—2âŠ—2âŠ—2,2âŠ—2âŠ—2âŠ—2âŠ—2âŠ—2âŠ—2âŠ—2] to Ïâ‚ƒ[2âŠ—2âŠ—2âŠ—2âŠ—2âŠ—2âŠ—2âŠ—2,2âŠ—2âŠ—2âŠ—2âŠ—2âŠ—2âŠ—2âŠ—2] via [ğ“›â‚‚[[2âŠ—2âŠ—2âŠ—2âŠ—2âŠ—2âŠ—2âŠ—2,2âŠ—2âŠ—2âŠ—2âŠ—2âŠ—2âŠ—2âŠ—2],[2âŠ—2âŠ—2âŠ—2âŠ—2âŠ—2âŠ—2âŠ—2,2âŠ—2âŠ—2âŠ—2âŠ—2âŠ—2âŠ—2âŠ—2]], [ğ“›â‚ƒ[[2âŠ—2âŠ—2âŠ—2âŠ—2âŠ—2âŠ—2âŠ—2,2âŠ—2âŠ—2âŠ—2âŠ—2âŠ—2âŠ—2âŠ—2],[2âŠ—2âŠ—2âŠ—2âŠ—2âŠ—2âŠ—2âŠ—2,2âŠ—2âŠ—2âŠ—2âŠ—2âŠ—2âŠ—2âŠ—2]], uâ‚(t)]]
    chi_constructor: chis_qubit
    mu: derivative_wrt_pulse
    S(t) (ranges): [0.000000, 1.000000]
    iter_start: 0
    iter_stop: 20000
    duration: 21.0 secs (started at 2021-04-07 13:07:12)
    optimized pulses (ranges): [0.00, 5.00]
    âˆ«gâ‚(t)dt: 0.00e+00
    Î»â‚: 1.00e+00
    storage (bw, fw, fw0): None, None, None
    fw_states_T norm: 1.000000
    Ï„: (5.11e-02:0.00Ï€)
    qubit error: 9.1e-01
Iteration 1
    duration: 271.4 secs (started at 2021-04-07 13:07:33)
    optimized pulses (ranges): [0.00, 5.09]
    âˆ«gâ‚(t)dt: 1.41e-02
    Î»â‚: 1.00e+00
    storage (bw, fw, fw0): [1 * ndarray(1000)] (1251.4 MB), None, None
    fw_states_T norm: 1.000000
    Ï„: (6.01e-02:0.00Ï€)
    qubit error: 9.0e-01
Iteration 2
    duration: 384.7 secs (started at 2021-04-07 13:12:05)
    optimized pulses (ranges): [0.00, 5.19]
    âˆ«gâ‚(t)dt: 1.67e-02
    Î»â‚: 1.00e+00
    storage (bw, fw, fw0): [1 * ndarray(1000)] (1251.4 MB), None, None
    fw_states_T norm: 1.000000
    Ï„: (7.03e-02:0.00Ï€)
    qubit error: 8.8e-01
Iteration 3
    duration: 413.0 secs (started at 2021-04-07 13:18:29)
    optimized pulses (ranges): [0.00, 5.29]
    âˆ«gâ‚(t)dt: 1.94e-02
    Î»â‚: 1.00e+00
    storage (bw, fw, fw0): [1 * ndarray(1000)] (1251.4 MB), None, None
    fw_states_T norm: 1.000000
    Ï„: (8.18e-02:0.00Ï€)
    qubit error: 8.6e-01
Iteration 4
    duration: 427.7 secs (started at 2021-04-07 13:25:23)
    optimized pulses (ranges): [0.00, 5.41]
    âˆ«gâ‚(t)dt: 2.20e-02
    Î»â‚: 1.00e+00
    storage (bw, fw, fw0): [1 * ndarray(1000)] (1251.4 MB), None, None
    fw_states_T norm: 1.000000
    Ï„: (9.43e-02:0.00Ï€)
    qubit error: 8.4e-01
Iteration 5
    duration: 437.2 secs (started at 2021-04-07 13:32:30)
    optimized pulses (ranges): [0.00, 5.54]
    âˆ«gâ‚(t)dt: 2.43e-02
    Î»â‚: 1.00e+00
    storage (bw, fw, fw0): [1 * ndarray(1000)] (1251.4 MB), None, None
    fw_states_T norm: 1.000000
    Ï„: (1.07e-01:0.00Ï€)
    qubit error: 8.2e-01
Iteration 6
    duration: 449.1 secs (started at 2021-04-07 13:39:48)
    optimized pulses (ranges): [0.00, 5.67]
    âˆ«gâ‚(t)dt: 2.61e-02
    Î»â‚: 1.00e+00
    storage (bw, fw, fw0): [1 * ndarray(1000)] (1251.4 MB), None, None
    fw_states_T norm: 1.000000
    Ï„: (1.21e-01:0.00Ï€)
    qubit error: 7.9e-01
Iteration 7
    duration: 451.4 secs (started at 2021-04-07 13:47:17)
    optimized pulses (ranges): [0.00, 5.80]
    âˆ«gâ‚(t)dt: 2.74e-02
    Î»â‚: 1.00e+00
    storage (bw, fw, fw0): [1 * ndarray(1000)] (1251.4 MB), None, None
    fw_states_T norm: 1.000000
    Ï„: (1.34e-01:0.00Ï€)
    qubit error: 7.7e-01
Iteration 8
    duration: 459.8 secs (started at 2021-04-07 13:54:49)
    optimized pulses (ranges): [0.00, 5.94]
    âˆ«gâ‚(t)dt: 2.83e-02
    Î»â‚: 1.00e+00
    storage (bw, fw, fw0): [1 * ndarray(1000)] (1251.4 MB), None, None
    fw_states_T norm: 1.000000
    Ï„: (1.46e-01:0.00Ï€)
    qubit error: 7.4e-01
Iteration 9
    duration: 464.6 secs (started at 2021-04-07 14:02:28)
    optimized pulses (ranges): [0.00, 6.08]
    âˆ«gâ‚(t)dt: 2.88e-02
    Î»â‚: 1.00e+00
    storage (bw, fw, fw0): [1 * ndarray(1000)] (1251.4 MB), None, None
    fw_states_T norm: 1.000000
    Ï„: (1.58e-01:0.00Ï€)
    qubit error: 7.1e-01
Iteration 10
    duration: 470.9 secs (started at 2021-04-07 14:10:13)
    optimized pulses (ranges): [0.00, 6.22]
    âˆ«gâ‚(t)dt: 2.90e-02
    Î»â‚: 1.00e+00
    storage (bw, fw, fw0): [1 * ndarray(1000)] (1251.4 MB), None, None
    fw_states_T norm: 1.000000
    Ï„: (1.69e-01:0.00Ï€)
    qubit error: 6.8e-01
Iteration 11
    duration: 476.8 secs (started at 2021-04-07 14:18:04)
    optimized pulses (ranges): [0.00, 6.37]
    âˆ«gâ‚(t)dt: 2.89e-02
    Î»â‚: 1.00e+00
    storage (bw, fw, fw0): [1 * ndarray(1000)] (1251.4 MB), None, None
    fw_states_T norm: 1.000000
    Ï„: (1.79e-01:0.00Ï€)
    qubit error: 6.5e-01
Iteration 12
    duration: 482.3 secs (started at 2021-04-07 14:26:01)
    optimized pulses (ranges): [0.00, 6.51]
    âˆ«gâ‚(t)dt: 2.85e-02
    Î»â‚: 1.00e+00
    storage (bw, fw, fw0): [1 * ndarray(1000)] (1251.4 MB), None, None
    fw_states_T norm: 1.000000
    Ï„: (1.87e-01:0.00Ï€)
    qubit error: 6.2e-01
Iteration 13
    duration: 486.5 secs (started at 2021-04-07 14:34:04)
    optimized pulses (ranges): [0.00, 6.64]
    âˆ«gâ‚(t)dt: 2.79e-02
    Î»â‚: 1.00e+00
    storage (bw, fw, fw0): [1 * ndarray(1000)] (1251.4 MB), None, None
    fw_states_T norm: 1.000000
    Ï„: (1.95e-01:0.00Ï€)
    qubit error: 6.0e-01
Iteration 14
    duration: 491.2 secs (started at 2021-04-07 14:42:10)
    optimized pulses (ranges): [0.00, 6.77]
    âˆ«gâ‚(t)dt: 2.71e-02
    Î»â‚: 1.00e+00
    storage (bw, fw, fw0): [1 * ndarray(1000)] (1251.4 MB), None, None
    fw_states_T norm: 1.000000
    Ï„: (2.02e-01:0.00Ï€)
    qubit error: 5.7e-01
Iteration 15
    duration: 496.1 secs (started at 2021-04-07 14:50:21)
    optimized pulses (ranges): [0.00, 6.90]
    âˆ«gâ‚(t)dt: 2.60e-02
    Î»â‚: 1.00e+00
    storage (bw, fw, fw0): [1 * ndarray(1000)] (1251.4 MB), None, None
    fw_states_T norm: 1.000000
    Ï„: (2.08e-01:0.00Ï€)
    qubit error: 5.4e-01
Iteration 16
    duration: 501.8 secs (started at 2021-04-07 14:58:38)
    optimized pulses (ranges): [0.00, 7.02]
    âˆ«gâ‚(t)dt: 2.47e-02
    Î»â‚: 1.00e+00
    storage (bw, fw, fw0): [1 * ndarray(1000)] (1251.4 MB), None, None
    fw_states_T norm: 1.000000
    Ï„: (2.13e-01:0.00Ï€)
    qubit error: 5.2e-01
Iteration 17
    duration: 504.7 secs (started at 2021-04-07 15:06:59)
    optimized pulses (ranges): [0.00, 7.14]
    âˆ«gâ‚(t)dt: 2.32e-02
    Î»â‚: 1.00e+00
    storage (bw, fw, fw0): [1 * ndarray(1000)] (1251.4 MB), None, None
    fw_states_T norm: 1.000000
    Ï„: (2.18e-01:0.00Ï€)
    qubit error: 5.0e-01
Iteration 18
    duration: 509.2 secs (started at 2021-04-07 15:15:24)
    optimized pulses (ranges): [0.00, 7.24]
    âˆ«gâ‚(t)dt: 2.16e-02
    Î»â‚: 1.00e+00
    storage (bw, fw, fw0): [1 * ndarray(1000)] (1251.4 MB), None, None
    fw_states_T norm: 1.000000
    Ï„: (2.22e-01:0.00Ï€)
    qubit error: 4.7e-01
Iteration 19
    duration: 511.3 secs (started at 2021-04-07 15:23:54)
    optimized pulses (ranges): [0.00, 7.35]
    âˆ«gâ‚(t)dt: 2.00e-02
    Î»â‚: 1.00e+00
    storage (bw, fw, fw0): [1 * ndarray(1000)] (1251.4 MB), None, None
    fw_states_T norm: 1.000000
    Ï„: (2.26e-01:0.00Ï€)
    qubit error: 4.5e-01
Iteration 20
    duration: 516.5 secs (started at 2021-04-07 15:32:25)
    optimized pulses (ranges): [0.00, 7.44]
    âˆ«gâ‚(t)dt: 1.84e-02
    Î»â‚: 1.00e+00
    storage (bw, fw, fw0): [1 * ndarray(1000)] (1251.4 MB), None, None
    fw_states_T norm: 1.000000
    Ï„: (2.29e-01:0.00Ï€)
    qubit error: 4.4e-01
Iteration 21
    duration: 520.5 secs (started at 2021-04-07 15:41:02)
    optimized pulses (ranges): [0.00, 7.53]
    âˆ«gâ‚(t)dt: 1.67e-02
    Î»â‚: 1.00e+00
    storage (bw, fw, fw0): [1 * ndarray(1000)] (1251.4 MB), None, None
    fw_states_T norm: 1.000000
    Ï„: (2.32e-01:0.00Ï€)
    qubit error: 4.2e-01
Iteration 22
    duration: 524.4 secs (started at 2021-04-07 15:49:42)
    optimized pulses (ranges): [0.00, 7.61]
    âˆ«gâ‚(t)dt: 1.52e-02
    Î»â‚: 1.00e+00
    storage (bw, fw, fw0): [1 * ndarray(1000)] (1251.4 MB), None, None
    fw_states_T norm: 1.000000
    Ï„: (2.35e-01:0.00Ï€)
    qubit error: 4.1e-01
Iteration 23
    duration: 527.0 secs (started at 2021-04-07 15:58:27)
    optimized pulses (ranges): [0.00, 7.68]
    âˆ«gâ‚(t)dt: 1.37e-02
    Î»â‚: 1.00e+00
    storage (bw, fw, fw0): [1 * ndarray(1000)] (1251.4 MB), None, None
    fw_states_T norm: 1.000000
    Ï„: (2.37e-01:0.00Ï€)
    qubit error: 3.9e-01
Iteration 24
    duration: 529.4 secs (started at 2021-04-07 16:07:14)
    optimized pulses (ranges): [0.00, 7.75]
    âˆ«gâ‚(t)dt: 1.24e-02
    Î»â‚: 1.00e+00
    storage (bw, fw, fw0): [1 * ndarray(1000)] (1251.4 MB), None, None
    fw_states_T norm: 1.000000
    Ï„: (2.39e-01:0.00Ï€)
    qubit error: 3.8e-01
Iteration 25
    duration: 532.2 secs (started at 2021-04-07 16:16:04)
    optimized pulses (ranges): [0.00, 7.81]
    âˆ«gâ‚(t)dt: 1.11e-02
    Î»â‚: 1.00e+00
    storage (bw, fw, fw0): [1 * ndarray(1000)] (1251.4 MB), None, None
    fw_states_T norm: 1.000000
    Ï„: (2.41e-01:0.00Ï€)
    qubit error: 3.7e-01
Iteration 26
    duration: 533.3 secs (started at 2021-04-07 16:24:56)
    optimized pulses (ranges): [0.00, 7.86]
    âˆ«gâ‚(t)dt: 9.94e-03
    Î»â‚: 1.00e+00
    storage (bw, fw, fw0): [1 * ndarray(1000)] (1251.4 MB), None, None
    fw_states_T norm: 1.000000
    Ï„: (2.43e-01:0.00Ï€)
    qubit error: 3.6e-01
Iteration 27
    duration: 536.9 secs (started at 2021-04-07 16:33:49)
    optimized pulses (ranges): [0.00, 7.91]
    âˆ«gâ‚(t)dt: 8.89e-03
    Î»â‚: 1.00e+00
    storage (bw, fw, fw0): [1 * ndarray(1000)] (1251.4 MB), None, None
    fw_states_T norm: 1.000000
    Ï„: (2.44e-01:0.00Ï€)
    qubit error: 3.5e-01
Iteration 28
    duration: 536.2 secs (started at 2021-04-07 16:42:46)
    optimized pulses (ranges): [0.00, 7.96]
    âˆ«gâ‚(t)dt: 8.02e-03
    Î»â‚: 1.00e+00
    storage (bw, fw, fw0): [1 * ndarray(1000)] (1251.4 MB), None, None
    fw_states_T norm: 1.000000
    Ï„: (2.46e-01:0.00Ï€)
    qubit error: 3.4e-01
Iteration 29
    duration: 537.0 secs (started at 2021-04-07 16:51:43)
    optimized pulses (ranges): [0.00, 8.00]
    âˆ«gâ‚(t)dt: 7.21e-03
    Î»â‚: 1.00e+00
    storage (bw, fw, fw0): [1 * ndarray(1000)] (1251.4 MB), None, None
    fw_states_T norm: 1.000000
    Ï„: (2.47e-01:0.00Ï€)
    qubit error: 3.4e-01
Iteration 30
    duration: 537.2 secs (started at 2021-04-07 17:00:40)
    optimized pulses (ranges): [0.00, 8.03]
    âˆ«gâ‚(t)dt: 6.47e-03
    Î»â‚: 1.00e+00
    storage (bw, fw, fw0): [1 * ndarray(1000)] (1251.4 MB), None, None
    fw_states_T norm: 1.000000
    Ï„: (2.48e-01:0.00Ï€)
    qubit error: 3.3e-01
Iteration 31
    duration: 541.4 secs (started at 2021-04-07 17:09:37)
    optimized pulses (ranges): [0.00, 8.07]
    âˆ«gâ‚(t)dt: 5.88e-03
    Î»â‚: 1.00e+00
    storage (bw, fw, fw0): [1 * ndarray(1000)] (1251.4 MB), None, None
    fw_states_T norm: 1.000000
    Ï„: (2.48e-01:0.00Ï€)
    qubit error: 3.2e-01
Iteration 32
    duration: 540.7 secs (started at 2021-04-07 17:18:39)
    optimized pulses (ranges): [0.00, 8.09]
    âˆ«gâ‚(t)dt: 5.32e-03
    Î»â‚: 1.00e+00
    storage (bw, fw, fw0): [1 * ndarray(1000)] (1251.4 MB), None, None
    fw_states_T norm: 1.000000
    Ï„: (2.49e-01:0.00Ï€)
    qubit error: 3.2e-01
Iteration 33
    duration: 542.7 secs (started at 2021-04-07 17:27:39)
    optimized pulses (ranges): [0.00, 8.12]
    âˆ«gâ‚(t)dt: 4.85e-03
    Î»â‚: 1.00e+00
    storage (bw, fw, fw0): [1 * ndarray(1000)] (1251.4 MB), None, None
    fw_states_T norm: 1.000000
    Ï„: (2.50e-01:0.00Ï€)
    qubit error: 3.1e-01
Iteration 34
    duration: 544.1 secs (started at 2021-04-07 17:36:42)
    optimized pulses (ranges): [0.00, 8.14]
    âˆ«gâ‚(t)dt: 4.45e-03
    Î»â‚: 1.00e+00
    storage (bw, fw, fw0): [1 * ndarray(1000)] (1251.4 MB), None, None
    fw_states_T norm: 1.000000
    Ï„: (2.50e-01:0.00Ï€)
    qubit error: 3.1e-01
Iteration 35
    duration: 544.6 secs (started at 2021-04-07 17:45:47)
    optimized pulses (ranges): [0.00, 8.16]
    âˆ«gâ‚(t)dt: 4.09e-03
    Î»â‚: 1.00e+00
    storage (bw, fw, fw0): [1 * ndarray(1000)] (1251.4 MB), None, None
    fw_states_T norm: 1.000000
    Ï„: (2.51e-01:0.00Ï€)
    qubit error: 3.1e-01
Iteration 36
    duration: 545.5 secs (started at 2021-04-07 17:54:51)
    optimized pulses (ranges): [0.00, 8.18]
    âˆ«gâ‚(t)dt: 3.76e-03
    Î»â‚: 1.00e+00
    storage (bw, fw, fw0): [1 * ndarray(1000)] (1251.4 MB), None, None
    fw_states_T norm: 1.000000
    Ï„: (2.51e-01:0.00Ï€)
    qubit error: 3.0e-01
Iteration 37
    duration: 543.4 secs (started at 2021-04-07 18:03:57)
    optimized pulses (ranges): [0.00, 8.20]
    âˆ«gâ‚(t)dt: 3.48e-03
    Î»â‚: 1.00e+00
    storage (bw, fw, fw0): [1 * ndarray(1000)] (1251.4 MB), None, None
    fw_states_T norm: 1.000000
    Ï„: (2.51e-01:0.00Ï€)
    qubit error: 3.0e-01
Iteration 38
    duration: 545.0 secs (started at 2021-04-07 18:13:01)
    optimized pulses (ranges): [0.00, 8.21]
    âˆ«gâ‚(t)dt: 3.25e-03
    Î»â‚: 1.00e+00
    storage (bw, fw, fw0): [1 * ndarray(1000)] (1251.4 MB), None, None
    fw_states_T norm: 1.000000
    Ï„: (2.51e-01:0.00Ï€)
    qubit error: 3.0e-01
Iteration 39
    duration: 546.7 secs (started at 2021-04-07 18:22:06)
    optimized pulses (ranges): [0.00, 8.23]
    âˆ«gâ‚(t)dt: 3.05e-03
    Î»â‚: 1.00e+00
    storage (bw, fw, fw0): [1 * ndarray(1000)] (1251.4 MB), None, None
    fw_states_T norm: 1.000000
    Ï„: (2.51e-01:0.00Ï€)
    qubit error: 2.9e-01
Iteration 40
    duration: 548.2 secs (started at 2021-04-07 18:31:13)
    optimized pulses (ranges): [0.00, 8.24]
    âˆ«gâ‚(t)dt: 2.84e-03
    Î»â‚: 1.00e+00
    storage (bw, fw, fw0): [1 * ndarray(1000)] (1251.4 MB), None, None
    fw_states_T norm: 1.000000
    Ï„: (2.51e-01:0.00Ï€)
    qubit error: 2.9e-01
Iteration 41
    duration: 546.2 secs (started at 2021-04-07 18:40:21)
    optimized pulses (ranges): [0.00, 8.25]
    âˆ«gâ‚(t)dt: 2.67e-03
    Î»â‚: 1.00e+00
    storage (bw, fw, fw0): [1 * ndarray(1000)] (1251.4 MB), None, None
    fw_states_T norm: 1.000000
    Ï„: (2.51e-01:0.00Ï€)
    qubit error: 2.9e-01
Iteration 42
    duration: 546.5 secs (started at 2021-04-07 18:49:27)
    optimized pulses (ranges): [0.00, 8.26]
    âˆ«gâ‚(t)dt: 2.51e-03
    Î»â‚: 1.00e+00
    storage (bw, fw, fw0): [1 * ndarray(1000)] (1251.4 MB), None, None
    fw_states_T norm: 1.000000
    Ï„: (2.50e-01:0.00Ï€)
    qubit error: 2.9e-01
Iteration 43
    duration: 547.7 secs (started at 2021-04-07 18:58:34)
    optimized pulses (ranges): [0.00, 8.27]
    âˆ«gâ‚(t)dt: 2.37e-03
    Î»â‚: 1.00e+00
    storage (bw, fw, fw0): [1 * ndarray(1000)] (1251.4 MB), None, None
    fw_states_T norm: 1.000000
    Ï„: (2.50e-01:0.00Ï€)
    qubit error: 2.8e-01
Iteration 44
    duration: 548.4 secs (started at 2021-04-07 19:07:42)
    optimized pulses (ranges): [0.00, 8.27]
    âˆ«gâ‚(t)dt: 2.25e-03
    Î»â‚: 1.00e+00
    storage (bw, fw, fw0): [1 * ndarray(1000)] (1251.4 MB), None, None
    fw_states_T norm: 1.000000
    Ï„: (2.50e-01:0.00Ï€)
    qubit error: 2.8e-01
Iteration 45
    duration: 549.1 secs (started at 2021-04-07 19:16:50)
    optimized pulses (ranges): [0.00, 8.28]
    âˆ«gâ‚(t)dt: 2.15e-03
    Î»â‚: 1.00e+00
    storage (bw, fw, fw0): [1 * ndarray(1000)] (1251.4 MB), None, None
    fw_states_T norm: 1.000000
    Ï„: (2.50e-01:0.00Ï€)
    qubit error: 2.8e-01
Iteration 46
    duration: 549.5 secs (started at 2021-04-07 19:26:00)
    optimized pulses (ranges): [0.00, 8.29]
    âˆ«gâ‚(t)dt: 2.05e-03
    Î»â‚: 1.00e+00
    storage (bw, fw, fw0): [1 * ndarray(1000)] (1251.4 MB), None, None
    fw_states_T norm: 1.000000
    Ï„: (2.51e-01:0.00Ï€)
    qubit error: 2.8e-01
Iteration 47
    duration: 549.2 secs (started at 2021-04-07 19:35:09)
    optimized pulses (ranges): [0.00, 8.29]
    âˆ«gâ‚(t)dt: 1.95e-03
    Î»â‚: 1.00e+00
    storage (bw, fw, fw0): [1 * ndarray(1000)] (1251.4 MB), None, None
    fw_states_T norm: 1.000000
    Ï„: (2.50e-01:0.00Ï€)
    qubit error: 2.8e-01
Iteration 48
    duration: 550.0 secs (started at 2021-04-07 19:44:19)
    optimized pulses (ranges): [0.00, 8.29]
    âˆ«gâ‚(t)dt: 1.86e-03
    Î»â‚: 1.00e+00
    storage (bw, fw, fw0): [1 * ndarray(1000)] (1251.4 MB), None, None
    fw_states_T norm: 1.000000
    Ï„: (2.49e-01:0.00Ï€)
    qubit error: 2.7e-01
Iteration 49
    duration: 550.9 secs (started at 2021-04-07 19:53:29)
    optimized pulses (ranges): [0.00, 8.30]
    âˆ«gâ‚(t)dt: 1.79e-03
    Î»â‚: 1.00e+00
    storage (bw, fw, fw0): [1 * ndarray(1000)] (1251.4 MB), None, None
    fw_states_T norm: 1.000000
    Ï„: (2.50e-01:0.00Ï€)
    qubit error: 2.7e-01
Iteration 50
    duration: 552.6 secs (started at 2021-04-07 20:02:40)
    optimized pulses (ranges): [0.00, 8.30]
    âˆ«gâ‚(t)dt: 1.71e-03
    Î»â‚: 1.00e+00
    storage (bw, fw, fw0): [1 * ndarray(1000)] (1251.4 MB), None, None
    fw_states_T norm: 1.000000
    Ï„: (2.50e-01:0.00Ï€)
    qubit error: 2.7e-01
Iteration 51
    duration: 551.2 secs (started at 2021-04-07 20:11:52)
    optimized pulses (ranges): [0.00, 8.31]
    âˆ«gâ‚(t)dt: 1.64e-03
    Î»â‚: 1.00e+00
    storage (bw, fw, fw0): [1 * ndarray(1000)] (1251.4 MB), None, None
    fw_states_T norm: 1.000000
    Ï„: (2.48e-01:0.00Ï€)
    qubit error: 2.7e-01
Iteration 52
    duration: 552.0 secs (started at 2021-04-07 20:21:04)
    optimized pulses (ranges): [0.00, 8.31]
    âˆ«gâ‚(t)dt: 1.58e-03
    Î»â‚: 1.00e+00
    storage (bw, fw, fw0): [1 * ndarray(1000)] (1251.4 MB), None, None
    fw_states_T norm: 1.000000
    Ï„: (2.48e-01:0.00Ï€)
    qubit error: 2.7e-01
Iteration 53
    duration: 552.2 secs (started at 2021-04-07 20:30:16)
    optimized pulses (ranges): [0.00, 8.31]
    âˆ«gâ‚(t)dt: 1.51e-03
    Î»â‚: 1.00e+00
    storage (bw, fw, fw0): [1 * ndarray(1000)] (1251.4 MB), None, None
    fw_states_T norm: 1.000000
    Ï„: (2.49e-01:0.00Ï€)
    qubit error: 2.7e-01
Iteration 54
    duration: 555.4 secs (started at 2021-04-07 20:39:28)
    optimized pulses (ranges): [0.00, 8.32]
    âˆ«gâ‚(t)dt: 1.45e-03
    Î»â‚: 1.00e+00
    storage (bw, fw, fw0): [1 * ndarray(1000)] (1251.4 MB), None, None
    fw_states_T norm: 1.000000
    Ï„: (2.48e-01:0.00Ï€)
    qubit error: 2.6e-01
Iteration 55
    duration: 555.0 secs (started at 2021-04-07 20:48:44)
    optimized pulses (ranges): [0.00, 8.32]
    âˆ«gâ‚(t)dt: 1.41e-03
    Î»â‚: 1.00e+00
    storage (bw, fw, fw0): [1 * ndarray(1000)] (1251.4 MB), None, None
    fw_states_T norm: 1.000000
    Ï„: (2.48e-01:0.00Ï€)
    qubit error: 2.6e-01
Iteration 56
    duration: 556.6 secs (started at 2021-04-07 20:57:59)
    optimized pulses (ranges): [0.00, 8.32]
    âˆ«gâ‚(t)dt: 1.37e-03
    Î»â‚: 1.00e+00
    storage (bw, fw, fw0): [1 * ndarray(1000)] (1251.4 MB), None, None
    fw_states_T norm: 1.000000
    Ï„: (2.48e-01:0.00Ï€)
    qubit error: 2.6e-01
Iteration 57
    duration: 555.9 secs (started at 2021-04-07 21:07:15)
    optimized pulses (ranges): [0.00, 8.33]
    âˆ«gâ‚(t)dt: 1.32e-03
    Î»â‚: 1.00e+00
    storage (bw, fw, fw0): [1 * ndarray(1000)] (1251.4 MB), None, None
    fw_states_T norm: 1.000000
    Ï„: (2.47e-01:0.00Ï€)
    qubit error: 2.6e-01
Iteration 58
    duration: 556.4 secs (started at 2021-04-07 21:16:31)
    optimized pulses (ranges): [0.00, 8.33]
    âˆ«gâ‚(t)dt: 1.27e-03
    Î»â‚: 1.00e+00
    storage (bw, fw, fw0): [1 * ndarray(1000)] (1251.4 MB), None, None
    fw_states_T norm: 1.000000
    Ï„: (2.47e-01:0.00Ï€)
    qubit error: 2.6e-01
Iteration 59
    duration: 554.8 secs (started at 2021-04-07 21:25:48)
    optimized pulses (ranges): [0.00, 8.33]
    âˆ«gâ‚(t)dt: 1.22e-03
    Î»â‚: 1.00e+00
    storage (bw, fw, fw0): [1 * ndarray(1000)] (1251.4 MB), None, None
    fw_states_T norm: 1.000000
    Ï„: (2.46e-01:0.00Ï€)
    qubit error: 2.6e-01
Iteration 60
    duration: 554.7 secs (started at 2021-04-07 21:35:03)
    optimized pulses (ranges): [0.00, 8.33]
    âˆ«gâ‚(t)dt: 1.19e-03
    Î»â‚: 1.00e+00
    storage (bw, fw, fw0): [1 * ndarray(1000)] (1251.4 MB), None, None
    fw_states_T norm: 1.000000
    Ï„: (2.45e-01:0.00Ï€)
    qubit error: 2.6e-01
Iteration 61
    duration: 555.5 secs (started at 2021-04-07 21:44:18)
    optimized pulses (ranges): [0.00, 8.34]
    âˆ«gâ‚(t)dt: 1.15e-03
    Î»â‚: 1.00e+00
    storage (bw, fw, fw0): [1 * ndarray(1000)] (1251.4 MB), None, None
    fw_states_T norm: 1.000000
    Ï„: (2.46e-01:0.00Ï€)
    qubit error: 2.6e-01
Iteration 62
    duration: 555.6 secs (started at 2021-04-07 21:53:33)
    optimized pulses (ranges): [0.00, 8.34]
    âˆ«gâ‚(t)dt: 1.12e-03
    Î»â‚: 1.00e+00
    storage (bw, fw, fw0): [1 * ndarray(1000)] (1251.4 MB), None, None
    fw_states_T norm: 1.000000
    Ï„: (2.46e-01:0.00Ï€)
    qubit error: 2.6e-01
Iteration 63
    duration: 557.9 secs (started at 2021-04-07 22:02:49)
    optimized pulses (ranges): [0.00, 8.34]
    âˆ«gâ‚(t)dt: 1.07e-03
    Î»â‚: 1.00e+00
    storage (bw, fw, fw0): [1 * ndarray(1000)] (1251.4 MB), None, None
    fw_states_T norm: 1.000000
    Ï„: (2.44e-01:0.00Ï€)
    qubit error: 2.5e-01
Iteration 64
    duration: 557.6 secs (started at 2021-04-07 22:12:07)
    optimized pulses (ranges): [0.00, 8.34]
    âˆ«gâ‚(t)dt: 1.04e-03
    Î»â‚: 1.00e+00
    storage (bw, fw, fw0): [1 * ndarray(1000)] (1251.4 MB), None, None
    fw_states_T norm: 1.000000
    Ï„: (2.44e-01:0.00Ï€)
    qubit error: 2.5e-01
Iteration 65
    duration: 556.3 secs (started at 2021-04-07 22:21:25)
    optimized pulses (ranges): [0.00, 8.35]
    âˆ«gâ‚(t)dt: 1.02e-03
    Î»â‚: 1.00e+00
    storage (bw, fw, fw0): [1 * ndarray(1000)] (1251.4 MB), None, None
    fw_states_T norm: 1.000000
    Ï„: (2.43e-01:0.00Ï€)
    qubit error: 2.5e-01
Iteration 66
    duration: 560.1 secs (started at 2021-04-07 22:30:41)
    optimized pulses (ranges): [0.00, 8.35]
    âˆ«gâ‚(t)dt: 9.93e-04
    Î»â‚: 1.00e+00
    storage (bw, fw, fw0): [1 * ndarray(1000)] (1251.4 MB), None, None
    fw_states_T norm: 1.000000
    Ï„: (2.43e-01:0.00Ï€)
    qubit error: 2.5e-01
Iteration 67
    duration: 557.4 secs (started at 2021-04-07 22:40:02)
    optimized pulses (ranges): [0.00, 8.35]
    âˆ«gâ‚(t)dt: 9.65e-04
    Î»â‚: 1.00e+00
    storage (bw, fw, fw0): [1 * ndarray(1000)] (1251.4 MB), None, None
    fw_states_T norm: 1.000000
    Ï„: (2.43e-01:0.00Ï€)
    qubit error: 2.5e-01
Iteration 68
    duration: 556.9 secs (started at 2021-04-07 22:49:19)
    optimized pulses (ranges): [0.00, 8.35]
    âˆ«gâ‚(t)dt: 9.31e-04
    Î»â‚: 1.00e+00
    storage (bw, fw, fw0): [1 * ndarray(1000)] (1251.4 MB), None, None
    fw_states_T norm: 1.000000
    Ï„: (2.42e-01:0.00Ï€)
    qubit error: 2.5e-01
Iteration 69
    duration: 556.8 secs (started at 2021-04-07 22:58:36)
    optimized pulses (ranges): [0.00, 8.36]
    âˆ«gâ‚(t)dt: 9.14e-04
    Î»â‚: 1.00e+00
    storage (bw, fw, fw0): [1 * ndarray(1000)] (1251.4 MB), None, None
    fw_states_T norm: 1.000000
    Ï„: (2.42e-01:0.00Ï€)
    qubit error: 2.5e-01
Iteration 70
    duration: 556.8 secs (started at 2021-04-07 23:07:53)
    optimized pulses (ranges): [0.00, 8.36]
    âˆ«gâ‚(t)dt: 8.94e-04
    Î»â‚: 1.00e+00
    storage (bw, fw, fw0): [1 * ndarray(1000)] (1251.4 MB), None, None
    fw_states_T norm: 1.000000
    Ï„: (2.42e-01:0.00Ï€)
    qubit error: 2.5e-01
Iteration 71
    duration: 559.1 secs (started at 2021-04-07 23:17:10)
    optimized pulses (ranges): [0.00, 8.36]
    âˆ«gâ‚(t)dt: 8.63e-04
    Î»â‚: 1.00e+00
    storage (bw, fw, fw0): [1 * ndarray(1000)] (1251.4 MB), None, None
    fw_states_T norm: 1.000000
    Ï„: (2.41e-01:0.00Ï€)
    qubit error: 2.5e-01
Iteration 72
    duration: 556.7 secs (started at 2021-04-07 23:26:29)
    optimized pulses (ranges): [0.00, 8.36]
    âˆ«gâ‚(t)dt: 8.55e-04
    Î»â‚: 1.00e+00
    storage (bw, fw, fw0): [1 * ndarray(1000)] (1251.4 MB), None, None
    fw_states_T norm: 1.000000
    Ï„: (2.40e-01:0.00Ï€)
    qubit error: 2.5e-01
Iteration 73
    duration: 562.4 secs (started at 2021-04-07 23:35:46)
    optimized pulses (ranges): [0.00, 8.37]
    âˆ«gâ‚(t)dt: 8.21e-04
    Î»â‚: 1.00e+00
    storage (bw, fw, fw0): [1 * ndarray(1000)] (1251.4 MB), None, None
    fw_states_T norm: 1.000000
    Ï„: (2.40e-01:0.00Ï€)
    qubit error: 2.5e-01
Iteration 74
    duration: 560.8 secs (started at 2021-04-07 23:45:09)
    optimized pulses (ranges): [0.00, 8.37]
    âˆ«gâ‚(t)dt: 8.00e-04
    Î»â‚: 1.00e+00
    storage (bw, fw, fw0): [1 * ndarray(1000)] (1251.4 MB), None, None
    fw_states_T norm: 1.000000
    Ï„: (2.40e-01:0.00Ï€)
    qubit error: 2.5e-01
Iteration 75
    duration: 559.2 secs (started at 2021-04-07 23:54:30)
    optimized pulses (ranges): [0.00, 8.37]
    âˆ«gâ‚(t)dt: 7.85e-04
    Î»â‚: 1.00e+00
    storage (bw, fw, fw0): [1 * ndarray(1000)] (1251.4 MB), None, None
    fw_states_T norm: 1.000000
    Ï„: (2.40e-01:0.00Ï€)
    qubit error: 2.4e-01
Iteration 76
    duration: 559.3 secs (started at 2021-04-08 00:03:49)
    optimized pulses (ranges): [0.00, 8.37]
    âˆ«gâ‚(t)dt: 7.61e-04
    Î»â‚: 1.00e+00
    storage (bw, fw, fw0): [1 * ndarray(1000)] (1251.4 MB), None, None
    fw_states_T norm: 1.000000
    Ï„: (2.38e-01:0.00Ï€)
    qubit error: 2.4e-01
Iteration 77
    duration: 562.5 secs (started at 2021-04-08 00:13:08)
    optimized pulses (ranges): [0.00, 8.38]
    âˆ«gâ‚(t)dt: 7.39e-04
    Î»â‚: 1.00e+00
    storage (bw, fw, fw0): [1 * ndarray(1000)] (1251.4 MB), None, None
    fw_states_T norm: 1.000000
    Ï„: (2.38e-01:0.00Ï€)
    qubit error: 2.4e-01
Iteration 78
    duration: 561.8 secs (started at 2021-04-08 00:22:31)
    optimized pulses (ranges): [0.00, 8.40]
    âˆ«gâ‚(t)dt: 7.17e-04
    Î»â‚: 1.00e+00
    storage (bw, fw, fw0): [1 * ndarray(1000)] (1251.4 MB), None, None
    fw_states_T norm: 1.000000
    Ï„: (2.38e-01:0.00Ï€)
    qubit error: 2.4e-01
Iteration 79
    duration: 561.3 secs (started at 2021-04-08 00:31:53)
    optimized pulses (ranges): [0.00, 8.42]
    âˆ«gâ‚(t)dt: 7.06e-04
    Î»â‚: 1.00e+00
    storage (bw, fw, fw0): [1 * ndarray(1000)] (1251.4 MB), None, None
    fw_states_T norm: 1.000000
    Ï„: (2.37e-01:0.00Ï€)
    qubit error: 2.4e-01
Iteration 80
    duration: 561.5 secs (started at 2021-04-08 00:41:14)
    optimized pulses (ranges): [0.00, 8.43]
    âˆ«gâ‚(t)dt: 6.83e-04
    Î»â‚: 1.00e+00
    storage (bw, fw, fw0): [1 * ndarray(1000)] (1251.4 MB), None, None
    fw_states_T norm: 1.000000
    Ï„: (2.37e-01:0.00Ï€)
    qubit error: 2.4e-01
Iteration 81
    duration: 560.1 secs (started at 2021-04-08 00:50:36)
    optimized pulses (ranges): [0.00, 8.45]
    âˆ«gâ‚(t)dt: 6.70e-04
    Î»â‚: 1.00e+00
    storage (bw, fw, fw0): [1 * ndarray(1000)] (1251.4 MB), None, None
    fw_states_T norm: 1.000000
    Ï„: (2.36e-01:0.00Ï€)
    qubit error: 2.4e-01
Iteration 82
    duration: 563.1 secs (started at 2021-04-08 00:59:56)
    optimized pulses (ranges): [0.00, 8.47]
    âˆ«gâ‚(t)dt: 6.59e-04
    Î»â‚: 1.00e+00
    storage (bw, fw, fw0): [1 * ndarray(1000)] (1251.4 MB), None, None
    fw_states_T norm: 1.000000
    Ï„: (2.36e-01:0.00Ï€)
    qubit error: 2.4e-01
Iteration 83
    duration: 563.6 secs (started at 2021-04-08 01:09:19)
    optimized pulses (ranges): [0.00, 8.48]
    âˆ«gâ‚(t)dt: 6.49e-04
    Î»â‚: 1.00e+00
    storage (bw, fw, fw0): [1 * ndarray(1000)] (1251.4 MB), None, None
    fw_states_T norm: 1.000000
    Ï„: (2.36e-01:0.00Ï€)
    qubit error: 2.4e-01
Iteration 84
    duration: 563.8 secs (started at 2021-04-08 01:18:43)
    optimized pulses (ranges): [0.00, 8.50]
    âˆ«gâ‚(t)dt: 6.26e-04
    Î»â‚: 1.00e+00
    storage (bw, fw, fw0): [1 * ndarray(1000)] (1251.4 MB), None, None
    fw_states_T norm: 1.000000
    Ï„: (2.35e-01:0.00Ï€)
    qubit error: 2.4e-01
Iteration 85
    duration: 561.4 secs (started at 2021-04-08 01:28:07)
    optimized pulses (ranges): [0.00, 8.51]
    âˆ«gâ‚(t)dt: 6.11e-04
    Î»â‚: 1.00e+00
    storage (bw, fw, fw0): [1 * ndarray(1000)] (1251.4 MB), None, None
    fw_states_T norm: 1.000000
    Ï„: (2.36e-01:0.00Ï€)
    qubit error: 2.4e-01
Iteration 86
    duration: 561.1 secs (started at 2021-04-08 01:37:28)
    optimized pulses (ranges): [0.00, 8.53]
    âˆ«gâ‚(t)dt: 5.99e-04
    Î»â‚: 1.00e+00
    storage (bw, fw, fw0): [1 * ndarray(1000)] (1251.4 MB), None, None
    fw_states_T norm: 1.000000
    Ï„: (2.34e-01:0.00Ï€)
    qubit error: 2.4e-01
Iteration 87
    duration: 561.7 secs (started at 2021-04-08 01:46:50)
    optimized pulses (ranges): [0.00, 8.54]
    âˆ«gâ‚(t)dt: 5.82e-04
    Î»â‚: 1.00e+00
    storage (bw, fw, fw0): [1 * ndarray(1000)] (1251.4 MB), None, None
    fw_states_T norm: 1.000000
    Ï„: (2.34e-01:0.00Ï€)
    qubit error: 2.4e-01
Iteration 88
    duration: 567.2 secs (started at 2021-04-08 01:56:12)
    optimized pulses (ranges): [0.00, 8.56]
    âˆ«gâ‚(t)dt: 5.74e-04
    Î»â‚: 1.00e+00
    storage (bw, fw, fw0): [1 * ndarray(1000)] (1251.4 MB), None, None
    fw_states_T norm: 1.000000
    Ï„: (2.34e-01:0.00Ï€)
    qubit error: 2.4e-01
Iteration 89
    duration: 562.3 secs (started at 2021-04-08 02:05:39)
    optimized pulses (ranges): [0.00, 8.57]
    âˆ«gâ‚(t)dt: 5.60e-04
    Î»â‚: 1.00e+00
    storage (bw, fw, fw0): [1 * ndarray(1000)] (1251.4 MB), None, None
    fw_states_T norm: 1.000000
    Ï„: (2.33e-01:0.00Ï€)
    qubit error: 2.4e-01
Iteration 90
    duration: 562.0 secs (started at 2021-04-08 02:15:01)
    optimized pulses (ranges): [0.00, 8.59]
    âˆ«gâ‚(t)dt: 5.47e-04
    Î»â‚: 1.00e+00
    storage (bw, fw, fw0): [1 * ndarray(1000)] (1251.4 MB), None, None
    fw_states_T norm: 1.000000
    Ï„: (2.32e-01:0.00Ï€)
    qubit error: 2.4e-01
Iteration 91
    duration: 561.7 secs (started at 2021-04-08 02:24:23)
    optimized pulses (ranges): [0.00, 8.60]
    âˆ«gâ‚(t)dt: 5.41e-04
    Î»â‚: 1.00e+00
    storage (bw, fw, fw0): [1 * ndarray(1000)] (1251.4 MB), None, None
    fw_states_T norm: 1.000000
    Ï„: (2.32e-01:0.00Ï€)
    qubit error: 2.4e-01
Iteration 92
    duration: 561.2 secs (started at 2021-04-08 02:33:45)
    optimized pulses (ranges): [0.00, 8.62]
    âˆ«gâ‚(t)dt: 5.34e-04
    Î»â‚: 1.00e+00
    storage (bw, fw, fw0): [1 * ndarray(1000)] (1251.4 MB), None, None
    fw_states_T norm: 1.000000
    Ï„: (2.30e-01:0.00Ï€)
    qubit error: 2.3e-01
Iteration 93
    duration: 562.6 secs (started at 2021-04-08 02:43:07)
    optimized pulses (ranges): [0.00, 8.63]
    âˆ«gâ‚(t)dt: 5.04e-04
    Î»â‚: 1.00e+00
    storage (bw, fw, fw0): [1 * ndarray(1000)] (1251.4 MB), None, None
    fw_states_T norm: 1.000000
    Ï„: (2.31e-01:0.00Ï€)
    qubit error: 2.3e-01
Iteration 94
    duration: 561.9 secs (started at 2021-04-08 02:52:29)
    optimized pulses (ranges): [0.00, 8.64]
    âˆ«gâ‚(t)dt: 5.01e-04
    Î»â‚: 1.00e+00
    storage (bw, fw, fw0): [1 * ndarray(1000)] (1251.4 MB), None, None
    fw_states_T norm: 1.000000
    Ï„: (2.30e-01:0.00Ï€)
    qubit error: 2.3e-01
Iteration 95
    duration: 563.8 secs (started at 2021-04-08 03:01:51)
    optimized pulses (ranges): [0.00, 8.66]
    âˆ«gâ‚(t)dt: 4.86e-04
    Î»â‚: 1.00e+00
    storage (bw, fw, fw0): [1 * ndarray(1000)] (1251.4 MB), None, None
    fw_states_T norm: 1.000000
    Ï„: (2.31e-01:0.00Ï€)
    qubit error: 2.3e-01
Iteration 96
    duration: 565.8 secs (started at 2021-04-08 03:11:15)
    optimized pulses (ranges): [0.00, 8.67]
    âˆ«gâ‚(t)dt: 4.83e-04
    Î»â‚: 1.00e+00
    storage (bw, fw, fw0): [1 * ndarray(1000)] (1251.4 MB), None, None
    fw_states_T norm: 1.000000
    Ï„: (2.30e-01:0.00Ï€)
    qubit error: 2.3e-01
Iteration 97
    duration: 563.2 secs (started at 2021-04-08 03:20:41)
    optimized pulses (ranges): [0.00, 8.68]
    âˆ«gâ‚(t)dt: 4.68e-04
    Î»â‚: 1.00e+00
    storage (bw, fw, fw0): [1 * ndarray(1000)] (1251.4 MB), None, None
    fw_states_T norm: 1.000000
    Ï„: (2.29e-01:0.00Ï€)
    qubit error: 2.3e-01
Iteration 98
    duration: 564.1 secs (started at 2021-04-08 03:30:04)
    optimized pulses (ranges): [0.00, 8.70]
    âˆ«gâ‚(t)dt: 4.69e-04
    Î»â‚: 1.00e+00
    storage (bw, fw, fw0): [1 * ndarray(1000)] (1251.4 MB), None, None
    fw_states_T norm: 1.000000
    Ï„: (2.29e-01:0.00Ï€)
    qubit error: 2.3e-01
Iteration 99
    duration: 562.6 secs (started at 2021-04-08 03:39:29)
    optimized pulses (ranges): [0.00, 8.71]
    âˆ«gâ‚(t)dt: 4.59e-04
    Î»â‚: 1.00e+00
    storage (bw, fw, fw0): [1 * ndarray(1000)] (1251.4 MB), None, None
    fw_states_T norm: 1.000000
    Ï„: (2.29e-01:0.00Ï€)
    qubit error: 2.3e-01
Iteration 100
    duration: 562.2 secs (started at 2021-04-08 03:48:51)
    optimized pulses (ranges): [0.00, 8.72]
    âˆ«gâ‚(t)dt: 4.46e-04
    Î»â‚: 1.00e+00
    storage (bw, fw, fw0): [1 * ndarray(1000)] (1251.4 MB), None, None
    fw_states_T norm: 1.000000
    Ï„: (2.27e-01:0.00Ï€)
    qubit error: 2.3e-01
Iteration 101
    duration: 570.3 secs (started at 2021-04-08 03:58:14)
    optimized pulses (ranges): [0.00, 8.74]
    âˆ«gâ‚(t)dt: 4.35e-04
    Î»â‚: 1.00e+00
    storage (bw, fw, fw0): [1 * ndarray(1000)] (1251.4 MB), None, None
    fw_states_T norm: 1.000000
    Ï„: (2.28e-01:0.00Ï€)
    qubit error: 2.3e-01
Iteration 102
    duration: 564.2 secs (started at 2021-04-08 04:07:44)
    optimized pulses (ranges): [0.00, 8.75]
    âˆ«gâ‚(t)dt: 4.32e-04
    Î»â‚: 1.00e+00
    storage (bw, fw, fw0): [1 * ndarray(1000)] (1251.4 MB), None, None
    fw_states_T norm: 1.000000
    Ï„: (2.27e-01:0.00Ï€)
    qubit error: 2.3e-01
Iteration 103
    duration: 567.8 secs (started at 2021-04-08 04:17:08)
    optimized pulses (ranges): [0.00, 8.76]
    âˆ«gâ‚(t)dt: 4.26e-04
    Î»â‚: 1.00e+00
    storage (bw, fw, fw0): [1 * ndarray(1000)] (1251.4 MB), None, None
    fw_states_T norm: 1.000000
    Ï„: (2.26e-01:0.00Ï€)
    qubit error: 2.3e-01
Iteration 104
    duration: 568.0 secs (started at 2021-04-08 04:26:36)
    optimized pulses (ranges): [0.00, 8.77]
    âˆ«gâ‚(t)dt: 4.13e-04
    Î»â‚: 1.00e+00
    storage (bw, fw, fw0): [1 * ndarray(1000)] (1251.4 MB), None, None
    fw_states_T norm: 1.000000
    Ï„: (2.26e-01:0.00Ï€)
    qubit error: 2.3e-01
Iteration 105
    duration: 566.9 secs (started at 2021-04-08 04:36:05)
    optimized pulses (ranges): [0.00, 8.79]
    âˆ«gâ‚(t)dt: 4.07e-04
    Î»â‚: 1.00e+00
    storage (bw, fw, fw0): [1 * ndarray(1000)] (1251.4 MB), None, None
    fw_states_T norm: 1.000000
    Ï„: (2.25e-01:0.00Ï€)
    qubit error: 2.3e-01
Iteration 106
    duration: 569.1 secs (started at 2021-04-08 04:45:32)
    optimized pulses (ranges): [0.00, 8.80]
    âˆ«gâ‚(t)dt: 3.99e-04
    Î»â‚: 1.00e+00
    storage (bw, fw, fw0): [1 * ndarray(1000)] (1251.4 MB), None, None
    fw_states_T norm: 1.000000
    Ï„: (2.24e-01:0.00Ï€)
    qubit error: 2.3e-01
Iteration 107
    duration: 566.5 secs (started at 2021-04-08 04:55:01)
    optimized pulses (ranges): [0.00, 8.81]
    âˆ«gâ‚(t)dt: 3.95e-04
    Î»â‚: 1.00e+00
    storage (bw, fw, fw0): [1 * ndarray(1000)] (1251.4 MB), None, None
    fw_states_T norm: 1.000000
    Ï„: (2.25e-01:0.00Ï€)
    qubit error: 2.3e-01
Iteration 108
    duration: 564.5 secs (started at 2021-04-08 05:04:27)
    optimized pulses (ranges): [0.00, 8.82]
    âˆ«gâ‚(t)dt: 3.87e-04
    Î»â‚: 1.00e+00
    storage (bw, fw, fw0): [1 * ndarray(1000)] (1251.4 MB), None, None
    fw_states_T norm: 1.000000
    Ï„: (2.24e-01:0.00Ï€)
    qubit error: 2.3e-01
Iteration 109
    duration: 566.0 secs (started at 2021-04-08 05:13:52)
    optimized pulses (ranges): [0.00, 8.83]
    âˆ«gâ‚(t)dt: 3.78e-04
    Î»â‚: 1.00e+00
    storage (bw, fw, fw0): [1 * ndarray(1000)] (1251.4 MB), None, None
    fw_states_T norm: 1.000000
    Ï„: (2.24e-01:0.00Ï€)
    qubit error: 2.3e-01
Iteration 110
    duration: 565.9 secs (started at 2021-04-08 05:23:18)
    optimized pulses (ranges): [0.00, 8.84]
    âˆ«gâ‚(t)dt: 3.75e-04
    Î»â‚: 1.00e+00
    storage (bw, fw, fw0): [1 * ndarray(1000)] (1251.4 MB), None, None
    fw_states_T norm: 1.000000
    Ï„: (2.24e-01:0.00Ï€)
    qubit error: 2.3e-01
Iteration 111
    duration: 565.4 secs (started at 2021-04-08 05:32:44)
    optimized pulses (ranges): [0.00, 8.86]
    âˆ«gâ‚(t)dt: 3.62e-04
    Î»â‚: 1.00e+00
    storage (bw, fw, fw0): [1 * ndarray(1000)] (1251.4 MB), None, None
    fw_states_T norm: 1.000000
    Ï„: (2.23e-01:0.00Ï€)
    qubit error: 2.3e-01
Iteration 112
    duration: 565.1 secs (started at 2021-04-08 05:42:10)
    optimized pulses (ranges): [0.00, 8.87]
    âˆ«gâ‚(t)dt: 3.62e-04
    Î»â‚: 1.00e+00
    storage (bw, fw, fw0): [1 * ndarray(1000)] (1251.4 MB), None, None
    fw_states_T norm: 1.000000
    Ï„: (2.23e-01:0.00Ï€)
    qubit error: 2.3e-01
Iteration 113
    duration: 567.5 secs (started at 2021-04-08 05:51:35)
    optimized pulses (ranges): [0.00, 8.88]
    âˆ«gâ‚(t)dt: 3.54e-04
    Î»â‚: 1.00e+00
    storage (bw, fw, fw0): [1 * ndarray(1000)] (1251.4 MB), None, None
    fw_states_T norm: 1.000000
    Ï„: (2.22e-01:0.00Ï€)
    qubit error: 2.3e-01
Iteration 114
    duration: 567.4 secs (started at 2021-04-08 06:01:03)
    optimized pulses (ranges): [0.00, 8.89]
    âˆ«gâ‚(t)dt: 3.51e-04
    Î»â‚: 1.00e+00
    storage (bw, fw, fw0): [1 * ndarray(1000)] (1251.4 MB), None, None
    fw_states_T norm: 1.000000
    Ï„: (2.21e-01:0.00Ï€)
    qubit error: 2.3e-01
Iteration 115
    duration: 566.5 secs (started at 2021-04-08 06:10:30)
    optimized pulses (ranges): [0.00, 8.90]
    âˆ«gâ‚(t)dt: 3.35e-04
    Î»â‚: 1.00e+00
    storage (bw, fw, fw0): [1 * ndarray(1000)] (1251.4 MB), None, None
    fw_states_T norm: 1.000000
    Ï„: (2.22e-01:0.00Ï€)
    qubit error: 2.3e-01
Iteration 116
    duration: 564.9 secs (started at 2021-04-08 06:19:57)
    optimized pulses (ranges): [0.00, 8.91]
    âˆ«gâ‚(t)dt: 3.35e-04
    Î»â‚: 1.00e+00
    storage (bw, fw, fw0): [1 * ndarray(1000)] (1251.4 MB), None, None
    fw_states_T norm: 1.000000
    Ï„: (2.20e-01:0.00Ï€)
    qubit error: 2.3e-01
Iteration 117
    duration: 566.0 secs (started at 2021-04-08 06:29:22)
    optimized pulses (ranges): [0.00, 8.92]
    âˆ«gâ‚(t)dt: 3.35e-04
    Î»â‚: 1.00e+00
    storage (bw, fw, fw0): [1 * ndarray(1000)] (1251.4 MB), None, None
    fw_states_T norm: 1.000000
    Ï„: (2.20e-01:0.00Ï€)
    qubit error: 2.3e-01
Iteration 118
    duration: 565.4 secs (started at 2021-04-08 06:38:48)
    optimized pulses (ranges): [0.00, 8.93]
    âˆ«gâ‚(t)dt: 3.16e-04
    Î»â‚: 1.00e+00
    storage (bw, fw, fw0): [1 * ndarray(1000)] (1251.4 MB), None, None
    fw_states_T norm: 1.000000
    Ï„: (2.20e-01:0.00Ï€)
    qubit error: 2.3e-01
Iteration 119
    duration: 565.9 secs (started at 2021-04-08 06:48:13)
    optimized pulses (ranges): [0.00, 8.94]
    âˆ«gâ‚(t)dt: 3.11e-04
    Î»â‚: 1.00e+00
    storage (bw, fw, fw0): [1 * ndarray(1000)] (1251.4 MB), None, None
    fw_states_T norm: 1.000000
    Ï„: (2.19e-01:0.00Ï€)
    qubit error: 2.3e-01
Iteration 120
    duration: 564.3 secs (started at 2021-04-08 06:57:39)
    optimized pulses (ranges): [0.00, 8.95]
    âˆ«gâ‚(t)dt: 3.09e-04
    Î»â‚: 1.00e+00
    storage (bw, fw, fw0): [1 * ndarray(1000)] (1251.4 MB), None, None
    fw_states_T norm: 1.000000
    Ï„: (2.20e-01:0.00Ï€)
    qubit error: 2.3e-01
Iteration 121
    duration: 565.3 secs (started at 2021-04-08 07:07:04)
    optimized pulses (ranges): [0.00, 8.96]
    âˆ«gâ‚(t)dt: 3.06e-04
    Î»â‚: 1.00e+00
    storage (bw, fw, fw0): [1 * ndarray(1000)] (1251.4 MB), None, None
    fw_states_T norm: 1.000000
    Ï„: (2.19e-01:0.00Ï€)
    qubit error: 2.3e-01
Iteration 122
    duration: 564.3 secs (started at 2021-04-08 07:16:29)
    optimized pulses (ranges): [0.00, 8.97]
    âˆ«gâ‚(t)dt: 3.03e-04
    Î»â‚: 1.00e+00
    storage (bw, fw, fw0): [1 * ndarray(1000)] (1251.4 MB), None, None
    fw_states_T norm: 1.000000
    Ï„: (2.19e-01:0.00Ï€)
    qubit error: 2.3e-01
Iteration 123
    duration: 567.2 secs (started at 2021-04-08 07:25:54)
    optimized pulses (ranges): [0.00, 8.98]
    âˆ«gâ‚(t)dt: 3.00e-04
    Î»â‚: 1.00e+00
    storage (bw, fw, fw0): [1 * ndarray(1000)] (1251.4 MB), None, None
    fw_states_T norm: 1.000000
    Ï„: (2.18e-01:0.00Ï€)
    qubit error: 2.2e-01
Iteration 124
    duration: 567.9 secs (started at 2021-04-08 07:35:21)
    optimized pulses (ranges): [0.00, 8.99]
    âˆ«gâ‚(t)dt: 2.92e-04
    Î»â‚: 1.00e+00
    storage (bw, fw, fw0): [1 * ndarray(1000)] (1251.4 MB), None, None
    fw_states_T norm: 1.000000
    Ï„: (2.17e-01:0.00Ï€)
    qubit error: 2.2e-01
Iteration 125
    duration: 565.2 secs (started at 2021-04-08 07:44:49)
    optimized pulses (ranges): [0.00, 9.00]
    âˆ«gâ‚(t)dt: 2.95e-04
    Î»â‚: 1.00e+00
    storage (bw, fw, fw0): [1 * ndarray(1000)] (1251.4 MB), None, None
    fw_states_T norm: 1.000000
    Ï„: (2.17e-01:0.00Ï€)
    qubit error: 2.2e-01
Iteration 126
    duration: 567.2 secs (started at 2021-04-08 07:54:15)
    optimized pulses (ranges): [0.00, 9.01]
    âˆ«gâ‚(t)dt: 2.88e-04
    Î»â‚: 1.00e+00
    storage (bw, fw, fw0): [1 * ndarray(1000)] (1251.4 MB), None, None
    fw_states_T norm: 1.000000
    Ï„: (2.17e-01:0.00Ï€)
    qubit error: 2.2e-01
Iteration 127
    duration: 565.5 secs (started at 2021-04-08 08:03:42)
    optimized pulses (ranges): [0.00, 9.02]
    âˆ«gâ‚(t)dt: 2.87e-04
    Î»â‚: 1.00e+00
    storage (bw, fw, fw0): [1 * ndarray(1000)] (1251.4 MB), None, None
    fw_states_T norm: 1.000000
    Ï„: (2.17e-01:0.00Ï€)
    qubit error: 2.2e-01
Iteration 128
    duration: 564.5 secs (started at 2021-04-08 08:13:07)
    optimized pulses (ranges): [0.00, 9.03]
    âˆ«gâ‚(t)dt: 2.75e-04
    Î»â‚: 1.00e+00
    storage (bw, fw, fw0): [1 * ndarray(1000)] (1251.4 MB), None, None
    fw_states_T norm: 1.000000
    Ï„: (2.15e-01:0.00Ï€)
    qubit error: 2.2e-01
Iteration 129
    duration: 564.8 secs (started at 2021-04-08 08:22:32)
    optimized pulses (ranges): [0.00, 9.03]
    âˆ«gâ‚(t)dt: 2.74e-04
    Î»â‚: 1.00e+00
    storage (bw, fw, fw0): [1 * ndarray(1000)] (1251.4 MB), None, None
    fw_states_T norm: 1.000000
    Ï„: (2.15e-01:0.00Ï€)
    qubit error: 2.2e-01
Iteration 130
    duration: 564.0 secs (started at 2021-04-08 08:31:57)
    optimized pulses (ranges): [0.00, 9.04]
    âˆ«gâ‚(t)dt: 2.67e-04
    Î»â‚: 1.00e+00
    storage (bw, fw, fw0): [1 * ndarray(1000)] (1251.4 MB), None, None
    fw_states_T norm: 1.000000
    Ï„: (2.15e-01:0.00Ï€)
    qubit error: 2.2e-01
Iteration 131
    duration: 566.3 secs (started at 2021-04-08 08:41:21)
    optimized pulses (ranges): [0.00, 9.05]
    âˆ«gâ‚(t)dt: 2.66e-04
    Î»â‚: 1.00e+00
    storage (bw, fw, fw0): [1 * ndarray(1000)] (1251.4 MB), None, None
    fw_states_T norm: 1.000000
    Ï„: (2.14e-01:0.00Ï€)
    qubit error: 2.2e-01
Iteration 132
    duration: 567.5 secs (started at 2021-04-08 08:50:47)
    optimized pulses (ranges): [0.00, 9.06]
    âˆ«gâ‚(t)dt: 2.54e-04
    Î»â‚: 1.00e+00
    storage (bw, fw, fw0): [1 * ndarray(1000)] (1251.4 MB), None, None
    fw_states_T norm: 1.000000
    Ï„: (2.14e-01:0.00Ï€)
    qubit error: 2.2e-01
Iteration 133
    duration: 569.1 secs (started at 2021-04-08 09:00:15)
    optimized pulses (ranges): [0.00, 9.07]
    âˆ«gâ‚(t)dt: 2.60e-04
    Î»â‚: 1.00e+00
    storage (bw, fw, fw0): [1 * ndarray(1000)] (1251.4 MB), None, None
    fw_states_T norm: 1.000000
    Ï„: (2.13e-01:0.00Ï€)
    qubit error: 2.2e-01
Iteration 134
    duration: 568.0 secs (started at 2021-04-08 09:09:44)
    optimized pulses (ranges): [0.00, 9.08]
    âˆ«gâ‚(t)dt: 2.57e-04
    Î»â‚: 1.00e+00
    storage (bw, fw, fw0): [1 * ndarray(1000)] (1251.4 MB), None, None
    fw_states_T norm: 1.000000
    Ï„: (2.13e-01:0.00Ï€)
    qubit error: 2.2e-01
Iteration 135
    duration: 570.9 secs (started at 2021-04-08 09:19:13)
    optimized pulses (ranges): [0.00, 9.08]
    âˆ«gâ‚(t)dt: 2.50e-04
    Î»â‚: 1.00e+00
    storage (bw, fw, fw0): [1 * ndarray(1000)] (1251.4 MB), None, None
    fw_states_T norm: 1.000000
    Ï„: (2.12e-01:0.00Ï€)
    qubit error: 2.2e-01
Iteration 136
    duration: 571.3 secs (started at 2021-04-08 09:28:44)
    optimized pulses (ranges): [0.00, 9.09]
    âˆ«gâ‚(t)dt: 2.47e-04
    Î»â‚: 1.00e+00
    storage (bw, fw, fw0): [1 * ndarray(1000)] (1251.4 MB), None, None
    fw_states_T norm: 1.000000
    Ï„: (2.12e-01:0.00Ï€)
    qubit error: 2.2e-01
Iteration 137
    duration: 570.6 secs (started at 2021-04-08 09:38:15)
    optimized pulses (ranges): [0.00, 9.10]
    âˆ«gâ‚(t)dt: 2.49e-04
    Î»â‚: 1.00e+00
    storage (bw, fw, fw0): [1 * ndarray(1000)] (1251.4 MB), None, None
    fw_states_T norm: 1.000000
    Ï„: (2.11e-01:0.00Ï€)
    qubit error: 2.2e-01
Iteration 138
    duration: 568.7 secs (started at 2021-04-08 09:47:46)
    optimized pulses (ranges): [0.00, 9.11]
    âˆ«gâ‚(t)dt: 2.44e-04
    Î»â‚: 1.00e+00
    storage (bw, fw, fw0): [1 * ndarray(1000)] (1251.4 MB), None, None
    fw_states_T norm: 1.000000
    Ï„: (2.12e-01:0.00Ï€)
    qubit error: 2.2e-01
Iteration 139
    duration: 569.0 secs (started at 2021-04-08 09:57:15)
    optimized pulses (ranges): [0.00, 9.12]
    âˆ«gâ‚(t)dt: 2.39e-04
    Î»â‚: 1.00e+00
    storage (bw, fw, fw0): [1 * ndarray(1000)] (1251.4 MB), None, None
    fw_states_T norm: 1.000000
    Ï„: (2.11e-01:0.00Ï€)
    qubit error: 2.2e-01
Iteration 140
    duration: 569.3 secs (started at 2021-04-08 10:06:44)
    optimized pulses (ranges): [0.00, 9.13]
    âˆ«gâ‚(t)dt: 2.31e-04
    Î»â‚: 1.00e+00
    storage (bw, fw, fw0): [1 * ndarray(1000)] (1251.4 MB), None, None
    fw_states_T norm: 1.000000
    Ï„: (2.09e-01:0.00Ï€)
    qubit error: 2.2e-01
Iteration 141
    duration: 573.0 secs (started at 2021-04-08 10:16:13)
    optimized pulses (ranges): [0.00, 9.13]
    âˆ«gâ‚(t)dt: 2.29e-04
    Î»â‚: 1.00e+00
    storage (bw, fw, fw0): [1 * ndarray(1000)] (1251.4 MB), None, None
    fw_states_T norm: 1.000000
    Ï„: (2.10e-01:0.00Ï€)
    qubit error: 2.2e-01
Iteration 142
    duration: 571.6 secs (started at 2021-04-08 10:25:46)
    optimized pulses (ranges): [0.00, 9.14]
    âˆ«gâ‚(t)dt: 2.26e-04
    Î»â‚: 1.00e+00
    storage (bw, fw, fw0): [1 * ndarray(1000)] (1251.4 MB), None, None
    fw_states_T norm: 1.000000
    Ï„: (2.09e-01:0.00Ï€)
    qubit error: 2.2e-01
Iteration 143
    duration: 571.5 secs (started at 2021-04-08 10:35:18)
    optimized pulses (ranges): [0.00, 9.15]
    âˆ«gâ‚(t)dt: 2.25e-04
    Î»â‚: 1.00e+00
    storage (bw, fw, fw0): [1 * ndarray(1000)] (1251.4 MB), None, None
    fw_states_T norm: 1.000000
    Ï„: (2.09e-01:0.00Ï€)
    qubit error: 2.2e-01
Iteration 144
    duration: 570.2 secs (started at 2021-04-08 10:44:50)
    optimized pulses (ranges): [0.00, 9.16]
    âˆ«gâ‚(t)dt: 2.22e-04
    Î»â‚: 1.00e+00
    storage (bw, fw, fw0): [1 * ndarray(1000)] (1251.4 MB), None, None
    fw_states_T norm: 1.000000
    Ï„: (2.09e-01:0.00Ï€)
    qubit error: 2.2e-01
Iteration 145
    duration: 572.4 secs (started at 2021-04-08 10:54:20)
    optimized pulses (ranges): [0.00, 9.16]
    âˆ«gâ‚(t)dt: 2.17e-04
    Î»â‚: 1.00e+00
    storage (bw, fw, fw0): [1 * ndarray(1000)] (1251.4 MB), None, None
    fw_states_T norm: 1.000000
    Ï„: (2.10e-01:0.00Ï€)
    qubit error: 2.2e-01
Iteration 146
    duration: 570.0 secs (started at 2021-04-08 11:03:52)
    optimized pulses (ranges): [0.00, 9.17]
    âˆ«gâ‚(t)dt: 2.20e-04
    Î»â‚: 1.00e+00
    storage (bw, fw, fw0): [1 * ndarray(1000)] (1251.4 MB), None, None
    fw_states_T norm: 1.000000
    Ï„: (2.09e-01:0.00Ï€)
    qubit error: 2.2e-01
Iteration 147
    duration: 570.1 secs (started at 2021-04-08 11:13:23)
    optimized pulses (ranges): [0.00, 9.18]
    âˆ«gâ‚(t)dt: 2.13e-04
    Î»â‚: 1.00e+00
    storage (bw, fw, fw0): [1 * ndarray(1000)] (1251.4 MB), None, None
    fw_states_T norm: 1.000000
    Ï„: (2.08e-01:0.00Ï€)
    qubit error: 2.2e-01
Iteration 148
    duration: 570.3 secs (started at 2021-04-08 11:22:53)
    optimized pulses (ranges): [0.00, 9.19]
    âˆ«gâ‚(t)dt: 2.09e-04
    Î»â‚: 1.00e+00
    storage (bw, fw, fw0): [1 * ndarray(1000)] (1251.4 MB), None, None
    fw_states_T norm: 1.000000
    Ï„: (2.07e-01:0.00Ï€)
    qubit error: 2.2e-01
Iteration 149
    duration: 571.0 secs (started at 2021-04-08 11:32:23)
    optimized pulses (ranges): [0.00, 9.19]
    âˆ«gâ‚(t)dt: 2.07e-04
    Î»â‚: 1.00e+00
    storage (bw, fw, fw0): [1 * ndarray(1000)] (1251.4 MB), None, None
    fw_states_T norm: 1.000000
    Ï„: (2.07e-01:0.00Ï€)
    qubit error: 2.2e-01
Iteration 150
    duration: 570.6 secs (started at 2021-04-08 11:41:54)
    optimized pulses (ranges): [0.00, 9.20]
    âˆ«gâ‚(t)dt: 2.13e-04
    Î»â‚: 1.00e+00
    storage (bw, fw, fw0): [1 * ndarray(1000)] (1251.4 MB), None, None
    fw_states_T norm: 1.000000
    Ï„: (2.06e-01:0.00Ï€)
    qubit error: 2.2e-01
Iteration 151
    duration: 570.1 secs (started at 2021-04-08 11:51:25)
    optimized pulses (ranges): [0.00, 9.21]
    âˆ«gâ‚(t)dt: 2.03e-04
    Î»â‚: 1.00e+00
    storage (bw, fw, fw0): [1 * ndarray(1000)] (1251.4 MB), None, None
    fw_states_T norm: 1.000000
    Ï„: (2.06e-01:0.00Ï€)
    qubit error: 2.2e-01
Iteration 152
    duration: 570.8 secs (started at 2021-04-08 12:00:55)
    optimized pulses (ranges): [0.00, 9.21]
    âˆ«gâ‚(t)dt: 2.02e-04
    Î»â‚: 1.00e+00
    storage (bw, fw, fw0): [1 * ndarray(1000)] (1251.4 MB), None, None
    fw_states_T norm: 1.000000
    Ï„: (2.07e-01:0.00Ï€)
    qubit error: 2.2e-01
Iteration 153
    duration: 570.6 secs (started at 2021-04-08 12:10:26)
    optimized pulses (ranges): [0.00, 9.22]
    âˆ«gâ‚(t)dt: 2.02e-04
    Î»â‚: 1.00e+00
    storage (bw, fw, fw0): [1 * ndarray(1000)] (1251.4 MB), None, None
    fw_states_T norm: 1.000000
    Ï„: (2.05e-01:0.00Ï€)
    qubit error: 2.2e-01
Iteration 154
    duration: 569.1 secs (started at 2021-04-08 12:19:57)
    optimized pulses (ranges): [0.00, 9.23]
    âˆ«gâ‚(t)dt: 2.05e-04
    Î»â‚: 1.00e+00
    storage (bw, fw, fw0): [1 * ndarray(1000)] (1251.4 MB), None, None
    fw_states_T norm: 1.000000
    Ï„: (2.05e-01:0.00Ï€)
    qubit error: 2.2e-01
Iteration 155
    duration: 568.1 secs (started at 2021-04-08 12:29:26)
    optimized pulses (ranges): [0.00, 9.23]
    âˆ«gâ‚(t)dt: 1.97e-04
    Î»â‚: 1.00e+00
    storage (bw, fw, fw0): [1 * ndarray(1000)] (1251.4 MB), None, None
    fw_states_T norm: 1.000000
    Ï„: (2.04e-01:0.00Ï€)
    qubit error: 2.2e-01
Iteration 156
    duration: 568.9 secs (started at 2021-04-08 12:38:55)
    optimized pulses (ranges): [0.00, 9.24]
    âˆ«gâ‚(t)dt: 2.02e-04
    Î»â‚: 1.00e+00
    storage (bw, fw, fw0): [1 * ndarray(1000)] (1251.4 MB), None, None
    fw_states_T norm: 1.000000
    Ï„: (2.04e-01:0.00Ï€)
    qubit error: 2.2e-01
Iteration 157
    duration: 569.6 secs (started at 2021-04-08 12:48:24)
    optimized pulses (ranges): [0.00, 9.25]
    âˆ«gâ‚(t)dt: 1.96e-04
    Î»â‚: 1.00e+00
    storage (bw, fw, fw0): [1 * ndarray(1000)] (1251.4 MB), None, None
    fw_states_T norm: 1.000000
    Ï„: (2.03e-01:0.00Ï€)
    qubit error: 2.2e-01
Iteration 158
    duration: 571.0 secs (started at 2021-04-08 12:57:53)
    optimized pulses (ranges): [0.00, 9.25]
    âˆ«gâ‚(t)dt: 1.92e-04
    Î»â‚: 1.00e+00
    storage (bw, fw, fw0): [1 * ndarray(1000)] (1251.4 MB), None, None
    fw_states_T norm: 1.000000
    Ï„: (2.03e-01:0.00Ï€)
    qubit error: 2.2e-01
Iteration 159
    duration: 572.7 secs (started at 2021-04-08 13:07:24)
    optimized pulses (ranges): [0.00, 9.26]
    âˆ«gâ‚(t)dt: 1.91e-04
    Î»â‚: 1.00e+00
    storage (bw, fw, fw0): [1 * ndarray(1000)] (1251.4 MB), None, None
    fw_states_T norm: 1.000000
    Ï„: (2.02e-01:0.00Ï€)
    qubit error: 2.2e-01
Iteration 160
    duration: 572.6 secs (started at 2021-04-08 13:16:57)
    optimized pulses (ranges): [0.00, 9.26]
    âˆ«gâ‚(t)dt: 1.93e-04
    Î»â‚: 1.00e+00
    storage (bw, fw, fw0): [1 * ndarray(1000)] (1251.4 MB), None, None
    fw_states_T norm: 1.000000
    Ï„: (2.01e-01:0.00Ï€)
    qubit error: 2.2e-01
Iteration 161
    duration: 570.6 secs (started at 2021-04-08 13:26:30)
    optimized pulses (ranges): [0.00, 9.27]
    âˆ«gâ‚(t)dt: 1.86e-04
    Î»â‚: 1.00e+00
    storage (bw, fw, fw0): [1 * ndarray(1000)] (1251.4 MB), None, None
    fw_states_T norm: 1.000000
    Ï„: (2.01e-01:0.00Ï€)
    qubit error: 2.2e-01
Iteration 162
    duration: 569.1 secs (started at 2021-04-08 13:36:01)
    optimized pulses (ranges): [0.00, 9.28]
    âˆ«gâ‚(t)dt: 1.82e-04
    Î»â‚: 1.00e+00
    storage (bw, fw, fw0): [1 * ndarray(1000)] (1251.4 MB), None, None
    fw_states_T norm: 1.000000
    Ï„: (2.02e-01:0.00Ï€)
    qubit error: 2.2e-01
Iteration 163
    duration: 571.7 secs (started at 2021-04-08 13:45:30)
    optimized pulses (ranges): [0.00, 9.28]
    âˆ«gâ‚(t)dt: 1.88e-04
    Î»â‚: 1.00e+00
    storage (bw, fw, fw0): [1 * ndarray(1000)] (1251.4 MB), None, None
    fw_states_T norm: 1.000000
    Ï„: (2.00e-01:0.00Ï€)
    qubit error: 2.2e-01
Iteration 164
    duration: 571.6 secs (started at 2021-04-08 13:55:02)
    optimized pulses (ranges): [0.00, 9.29]
    âˆ«gâ‚(t)dt: 1.90e-04
    Î»â‚: 1.00e+00
    storage (bw, fw, fw0): [1 * ndarray(1000)] (1251.4 MB), None, None
    fw_states_T norm: 1.000000
    Ï„: (2.00e-01:0.00Ï€)
    qubit error: 2.2e-01
Iteration 165
    duration: 571.2 secs (started at 2021-04-08 14:04:33)
    optimized pulses (ranges): [0.00, 9.29]
    âˆ«gâ‚(t)dt: 1.89e-04
    Î»â‚: 1.00e+00
    storage (bw, fw, fw0): [1 * ndarray(1000)] (1251.4 MB), None, None
    fw_states_T norm: 1.000000
    Ï„: (2.00e-01:0.00Ï€)
    qubit error: 2.2e-01
Iteration 166
    duration: 571.1 secs (started at 2021-04-08 14:14:05)
    optimized pulses (ranges): [0.00, 9.30]
    âˆ«gâ‚(t)dt: 1.79e-04
    Î»â‚: 1.00e+00
    storage (bw, fw, fw0): [1 * ndarray(1000)] (1251.4 MB), None, None
    fw_states_T norm: 1.000000
    Ï„: (2.00e-01:0.00Ï€)
    qubit error: 2.2e-01
Iteration 167
    duration: 570.5 secs (started at 2021-04-08 14:23:36)
    optimized pulses (ranges): [0.00, 9.31]
    âˆ«gâ‚(t)dt: 1.79e-04
    Î»â‚: 1.00e+00
    storage (bw, fw, fw0): [1 * ndarray(1000)] (1251.4 MB), None, None
    fw_states_T norm: 1.000000
    Ï„: (1.98e-01:0.00Ï€)
    qubit error: 2.2e-01
Iteration 168
    duration: 571.3 secs (started at 2021-04-08 14:33:06)
    optimized pulses (ranges): [0.00, 9.31]
    âˆ«gâ‚(t)dt: 1.75e-04
    Î»â‚: 1.00e+00
    storage (bw, fw, fw0): [1 * ndarray(1000)] (1251.4 MB), None, None
    fw_states_T norm: 1.000000
    Ï„: (1.99e-01:0.00Ï€)
    qubit error: 2.2e-01
Iteration 169
    duration: 572.2 secs (started at 2021-04-08 14:42:38)
    optimized pulses (ranges): [0.00, 9.32]
    âˆ«gâ‚(t)dt: 1.72e-04
    Î»â‚: 1.00e+00
    storage (bw, fw, fw0): [1 * ndarray(1000)] (1251.4 MB), None, None
    fw_states_T norm: 1.000000
    Ï„: (1.99e-01:0.00Ï€)
    qubit error: 2.2e-01
Iteration 170
    duration: 571.4 secs (started at 2021-04-08 14:52:10)
    optimized pulses (ranges): [0.00, 9.32]
    âˆ«gâ‚(t)dt: 1.65e-04
    Î»â‚: 1.00e+00
    storage (bw, fw, fw0): [1 * ndarray(1000)] (1251.4 MB), None, None
    fw_states_T norm: 1.000000
    Ï„: (1.98e-01:0.00Ï€)
    qubit error: 2.2e-01
Iteration 171
    duration: 572.7 secs (started at 2021-04-08 15:01:42)
    optimized pulses (ranges): [0.00, 9.33]
    âˆ«gâ‚(t)dt: 1.65e-04
    Î»â‚: 1.00e+00
    storage (bw, fw, fw0): [1 * ndarray(1000)] (1251.4 MB), None, None
    fw_states_T norm: 1.000000
    Ï„: (1.98e-01:0.00Ï€)
    qubit error: 2.2e-01
Iteration 172
    duration: 575.8 secs (started at 2021-04-08 15:11:15)
    optimized pulses (ranges): [0.00, 9.33]
    âˆ«gâ‚(t)dt: 1.68e-04
    Î»â‚: 1.00e+00
    storage (bw, fw, fw0): [1 * ndarray(1000)] (1251.4 MB), None, None
    fw_states_T norm: 1.000000
    Ï„: (1.97e-01:0.00Ï€)
    qubit error: 2.2e-01
Iteration 173
    duration: 571.0 secs (started at 2021-04-08 15:20:51)
    optimized pulses (ranges): [0.00, 9.34]
    âˆ«gâ‚(t)dt: 1.69e-04
    Î»â‚: 1.00e+00
    storage (bw, fw, fw0): [1 * ndarray(1000)] (1251.4 MB), None, None
    fw_states_T norm: 1.000000
    Ï„: (1.96e-01:0.00Ï€)
    qubit error: 2.2e-01
Iteration 174
    duration: 569.8 secs (started at 2021-04-08 15:30:22)
    optimized pulses (ranges): [0.00, 9.34]
    âˆ«gâ‚(t)dt: 1.64e-04
    Î»â‚: 1.00e+00
    storage (bw, fw, fw0): [1 * ndarray(1000)] (1251.4 MB), None, None
    fw_states_T norm: 1.000000
    Ï„: (1.96e-01:0.00Ï€)
    qubit error: 2.2e-01
Iteration 175
    duration: 569.7 secs (started at 2021-04-08 15:39:52)
    optimized pulses (ranges): [0.00, 9.35]
    âˆ«gâ‚(t)dt: 1.69e-04
    Î»â‚: 1.00e+00
    storage (bw, fw, fw0): [1 * ndarray(1000)] (1251.4 MB), None, None
    fw_states_T norm: 1.000000
    Ï„: (1.97e-01:0.00Ï€)
    qubit error: 2.2e-01
Iteration 176
    duration: 572.6 secs (started at 2021-04-08 15:49:21)
    optimized pulses (ranges): [0.00, 9.35]
    âˆ«gâ‚(t)dt: 1.65e-04
    Î»â‚: 1.00e+00
    storage (bw, fw, fw0): [1 * ndarray(1000)] (1251.4 MB), None, None
    fw_states_T norm: 1.000000
    Ï„: (1.96e-01:0.00Ï€)
    qubit error: 2.2e-01
Iteration 177
    duration: 573.2 secs (started at 2021-04-08 15:58:54)
    optimized pulses (ranges): [0.00, 9.36]
    âˆ«gâ‚(t)dt: 1.62e-04
    Î»â‚: 1.00e+00
    storage (bw, fw, fw0): [1 * ndarray(1000)] (1251.4 MB), None, None
    fw_states_T norm: 1.000000
    Ï„: (1.96e-01:0.00Ï€)
    qubit error: 2.2e-01
Iteration 178
    duration: 571.0 secs (started at 2021-04-08 16:08:28)
    optimized pulses (ranges): [0.00, 9.36]
    âˆ«gâ‚(t)dt: 1.62e-04
    Î»â‚: 1.00e+00
    storage (bw, fw, fw0): [1 * ndarray(1000)] (1251.4 MB), None, None
    fw_states_T norm: 1.000000
    Ï„: (1.93e-01:0.00Ï€)
    qubit error: 2.2e-01
Iteration 179
    duration: 570.9 secs (started at 2021-04-08 16:17:59)
    optimized pulses (ranges): [0.00, 9.37]
    âˆ«gâ‚(t)dt: 1.59e-04
    Î»â‚: 1.00e+00
    storage (bw, fw, fw0): [1 * ndarray(1000)] (1251.4 MB), None, None
    fw_states_T norm: 1.000000
    Ï„: (1.93e-01:0.00Ï€)
    qubit error: 2.2e-01
Iteration 180
    duration: 571.3 secs (started at 2021-04-08 16:27:30)
    optimized pulses (ranges): [0.00, 9.37]
    âˆ«gâ‚(t)dt: 1.65e-04
    Î»â‚: 1.00e+00
    storage (bw, fw, fw0): [1 * ndarray(1000)] (1251.4 MB), None, None
    fw_states_T norm: 1.000000
    Ï„: (1.93e-01:0.00Ï€)
    qubit error: 2.2e-01
Iteration 181
    duration: 572.5 secs (started at 2021-04-08 16:37:01)
    optimized pulses (ranges): [0.00, 9.38]
    âˆ«gâ‚(t)dt: 1.64e-04
    Î»â‚: 1.00e+00
    storage (bw, fw, fw0): [1 * ndarray(1000)] (1251.4 MB), None, None
    fw_states_T norm: 1.000000
    Ï„: (1.94e-01:0.00Ï€)
    qubit error: 2.2e-01
Iteration 182
    duration: 571.8 secs (started at 2021-04-08 16:46:34)
    optimized pulses (ranges): [0.00, 9.39]
    âˆ«gâ‚(t)dt: 1.70e-04
    Î»â‚: 1.00e+00
    storage (bw, fw, fw0): [1 * ndarray(1000)] (1251.4 MB), None, None
    fw_states_T norm: 1.000000
    Ï„: (1.93e-01:0.00Ï€)
    qubit error: 2.2e-01
Iteration 183
    duration: 571.3 secs (started at 2021-04-08 16:56:06)
    optimized pulses (ranges): [0.00, 9.39]
    âˆ«gâ‚(t)dt: 1.67e-04
    Î»â‚: 1.00e+00
    storage (bw, fw, fw0): [1 * ndarray(1000)] (1251.4 MB), None, None
    fw_states_T norm: 1.000000
    Ï„: (1.92e-01:0.00Ï€)
    qubit error: 2.2e-01
Iteration 184
    duration: 572.1 secs (started at 2021-04-08 17:05:37)
    optimized pulses (ranges): [0.00, 9.39]
    âˆ«gâ‚(t)dt: 1.63e-04
    Î»â‚: 1.00e+00
    storage (bw, fw, fw0): [1 * ndarray(1000)] (1251.4 MB), None, None
    fw_states_T norm: 1.000000
    Ï„: (1.92e-01:0.00Ï€)
    qubit error: 2.2e-01
Iteration 185
    duration: 572.9 secs (started at 2021-04-08 17:15:09)
    optimized pulses (ranges): [0.00, 9.40]
    âˆ«gâ‚(t)dt: 1.64e-04
    Î»â‚: 1.00e+00
    storage (bw, fw, fw0): [1 * ndarray(1000)] (1251.4 MB), None, None
    fw_states_T norm: 1.000000
    Ï„: (1.90e-01:0.00Ï€)
    qubit error: 2.2e-01
Iteration 186
    duration: 572.9 secs (started at 2021-04-08 17:24:42)
    optimized pulses (ranges): [0.00, 9.40]
    âˆ«gâ‚(t)dt: 1.61e-04
    Î»â‚: 1.00e+00
    storage (bw, fw, fw0): [1 * ndarray(1000)] (1251.4 MB), None, None
    fw_states_T norm: 1.000000
    Ï„: (1.92e-01:0.00Ï€)
    qubit error: 2.2e-01
Iteration 187
    duration: 573.2 secs (started at 2021-04-08 17:34:15)
    optimized pulses (ranges): [0.00, 9.41]
    âˆ«gâ‚(t)dt: 1.60e-04
    Î»â‚: 1.00e+00
    storage (bw, fw, fw0): [1 * ndarray(1000)] (1251.4 MB), None, None
    fw_states_T norm: 1.000000
    Ï„: (1.91e-01:0.00Ï€)
    qubit error: 2.2e-01
Iteration 188
    duration: 572.7 secs (started at 2021-04-08 17:43:49)
    optimized pulses (ranges): [0.00, 9.41]
    âˆ«gâ‚(t)dt: 1.55e-04
    Î»â‚: 1.00e+00
    storage (bw, fw, fw0): [1 * ndarray(1000)] (1251.4 MB), None, None
    fw_states_T norm: 1.000000
    Ï„: (1.92e-01:0.00Ï€)
    qubit error: 2.2e-01
Iteration 189
    duration: 574.8 secs (started at 2021-04-08 17:53:21)
    optimized pulses (ranges): [0.00, 9.42]
    âˆ«gâ‚(t)dt: 1.54e-04
    Î»â‚: 1.00e+00
    storage (bw, fw, fw0): [1 * ndarray(1000)] (1251.4 MB), None, None
    fw_states_T norm: 1.000000
    Ï„: (1.91e-01:0.00Ï€)
    qubit error: 2.2e-01
Iteration 190
    duration: 575.1 secs (started at 2021-04-08 18:02:56)
    optimized pulses (ranges): [0.00, 9.42]
    âˆ«gâ‚(t)dt: 1.55e-04
    Î»â‚: 1.00e+00
    storage (bw, fw, fw0): [1 * ndarray(1000)] (1251.4 MB), None, None
    fw_states_T norm: 1.000000
    Ï„: (1.90e-01:0.00Ï€)
    qubit error: 2.2e-01
Iteration 191
    duration: 573.4 secs (started at 2021-04-08 18:12:32)
    optimized pulses (ranges): [0.00, 9.43]
    âˆ«gâ‚(t)dt: 1.53e-04
    Î»â‚: 1.00e+00
    storage (bw, fw, fw0): [1 * ndarray(1000)] (1251.4 MB), None, None
    fw_states_T norm: 1.000000
    Ï„: (1.89e-01:0.00Ï€)
    qubit error: 2.2e-01
Iteration 192
    duration: 573.1 secs (started at 2021-04-08 18:22:05)
    optimized pulses (ranges): [0.00, 9.43]
    âˆ«gâ‚(t)dt: 1.52e-04
    Î»â‚: 1.00e+00
    storage (bw, fw, fw0): [1 * ndarray(1000)] (1251.4 MB), None, None
    fw_states_T norm: 1.000000
    Ï„: (1.89e-01:0.00Ï€)
    qubit error: 2.2e-01
Iteration 193
    duration: 573.0 secs (started at 2021-04-08 18:31:38)
    optimized pulses (ranges): [0.00, 9.43]
    âˆ«gâ‚(t)dt: 1.54e-04
    Î»â‚: 1.00e+00
    storage (bw, fw, fw0): [1 * ndarray(1000)] (1251.4 MB), None, None
    fw_states_T norm: 1.000000
    Ï„: (1.89e-01:0.00Ï€)
    qubit error: 2.2e-01
Iteration 194
    duration: 574.0 secs (started at 2021-04-08 18:41:11)
    optimized pulses (ranges): [0.00, 9.44]
    âˆ«gâ‚(t)dt: 1.49e-04
    Î»â‚: 1.00e+00
    storage (bw, fw, fw0): [1 * ndarray(1000)] (1251.4 MB), None, None
    fw_states_T norm: 1.000000
    Ï„: (1.87e-01:0.00Ï€)
    qubit error: 2.2e-01
Iteration 195
    duration: 575.5 secs (started at 2021-04-08 18:50:46)
    optimized pulses (ranges): [0.00, 9.44]
    âˆ«gâ‚(t)dt: 1.48e-04
    Î»â‚: 1.00e+00
    storage (bw, fw, fw0): [1 * ndarray(1000)] (1251.4 MB), None, None
    fw_states_T norm: 1.000000
    Ï„: (1.87e-01:0.00Ï€)
    qubit error: 2.2e-01
Iteration 196
    duration: 573.9 secs (started at 2021-04-08 19:00:21)
    optimized pulses (ranges): [0.00, 9.45]
    âˆ«gâ‚(t)dt: 1.54e-04
    Î»â‚: 1.00e+00
    storage (bw, fw, fw0): [1 * ndarray(1000)] (1251.4 MB), None, None
    fw_states_T norm: 1.000000
    Ï„: (1.87e-01:0.00Ï€)
    qubit error: 2.2e-01
Iteration 197
    duration: 573.5 secs (started at 2021-04-08 19:09:55)
    optimized pulses (ranges): [0.00, 9.45]
    âˆ«gâ‚(t)dt: 1.48e-04
    Î»â‚: 1.00e+00
    storage (bw, fw, fw0): [1 * ndarray(1000)] (1251.4 MB), None, None
    fw_states_T norm: 1.000000
    Ï„: (1.88e-01:0.00Ï€)
    qubit error: 2.2e-01
Iteration 198
    duration: 574.0 secs (started at 2021-04-08 19:19:29)
    optimized pulses (ranges): [0.00, 9.45]
    âˆ«gâ‚(t)dt: 1.47e-04
    Î»â‚: 1.00e+00
    storage (bw, fw, fw0): [1 * ndarray(1000)] (1251.4 MB), None, None
    fw_states_T norm: 1.000000
    Ï„: (1.86e-01:0.00Ï€)
    qubit error: 2.2e-01
Iteration 199
    duration: 575.9 secs (started at 2021-04-08 19:29:03)
    optimized pulses (ranges): [0.00, 9.46]
    âˆ«gâ‚(t)dt: 1.48e-04
    Î»â‚: 1.00e+00
    storage (bw, fw, fw0): [1 * ndarray(1000)] (1251.4 MB), None, None
    fw_states_T norm: 1.000000
    Ï„: (1.86e-01:0.00Ï€)
    qubit error: 2.2e-01
Iteration 200
    duration: 577.3 secs (started at 2021-04-08 19:38:39)
    optimized pulses (ranges): [0.00, 9.46]
    âˆ«gâ‚(t)dt: 1.43e-04
    Î»â‚: 1.00e+00
    storage (bw, fw, fw0): [1 * ndarray(1000)] (1251.4 MB), None, None
    fw_states_T norm: 1.000000
    Ï„: (1.86e-01:0.00Ï€)
    qubit error: 2.2e-01
Iteration 201
    duration: 573.8 secs (started at 2021-04-08 19:48:16)
    optimized pulses (ranges): [0.00, 9.47]
    âˆ«gâ‚(t)dt: 1.45e-04
    Î»â‚: 1.00e+00
    storage (bw, fw, fw0): [1 * ndarray(1000)] (1251.4 MB), None, None
    fw_states_T norm: 1.000000
    Ï„: (1.84e-01:0.00Ï€)
    qubit error: 2.1e-01
Iteration 202
    duration: 575.5 secs (started at 2021-04-08 19:57:50)
    optimized pulses (ranges): [0.00, 9.47]
    âˆ«gâ‚(t)dt: 1.41e-04
    Î»â‚: 1.00e+00
    storage (bw, fw, fw0): [1 * ndarray(1000)] (1251.4 MB), None, None
    fw_states_T norm: 1.000000
    Ï„: (1.84e-01:0.00Ï€)
    qubit error: 2.1e-01
Iteration 203
    duration: 574.7 secs (started at 2021-04-08 20:07:26)
    optimized pulses (ranges): [0.00, 9.47]
    âˆ«gâ‚(t)dt: 1.45e-04
    Î»â‚: 1.00e+00
    storage (bw, fw, fw0): [1 * ndarray(1000)] (1251.4 MB), None, None
    fw_states_T norm: 1.000000
    Ï„: (1.83e-01:0.00Ï€)
    qubit error: 2.1e-01
Iteration 204
    duration: 574.4 secs (started at 2021-04-08 20:17:01)
    optimized pulses (ranges): [0.00, 9.48]
    âˆ«gâ‚(t)dt: 1.39e-04
    Î»â‚: 1.00e+00
    storage (bw, fw, fw0): [1 * ndarray(1000)] (1251.4 MB), None, None
    fw_states_T norm: 1.000000
    Ï„: (1.84e-01:0.00Ï€)
    qubit error: 2.1e-01
Iteration 205
    duration: 572.7 secs (started at 2021-04-08 20:26:35)
    optimized pulses (ranges): [0.00, 9.48]
    âˆ«gâ‚(t)dt: 1.43e-04
    Î»â‚: 1.00e+00
    storage (bw, fw, fw0): [1 * ndarray(1000)] (1251.4 MB), None, None
    fw_states_T norm: 1.000000
    Ï„: (1.83e-01:0.00Ï€)
    qubit error: 2.1e-01
Iteration 206
    duration: 574.7 secs (started at 2021-04-08 20:36:08)
    optimized pulses (ranges): [0.00, 9.48]
    âˆ«gâ‚(t)dt: 1.46e-04
    Î»â‚: 1.00e+00
    storage (bw, fw, fw0): [1 * ndarray(1000)] (1251.4 MB), None, None
    fw_states_T norm: 1.000000
    Ï„: (1.82e-01:0.00Ï€)
    qubit error: 2.1e-01
Iteration 207
    duration: 574.6 secs (started at 2021-04-08 20:45:43)
    optimized pulses (ranges): [0.00, 9.49]
    âˆ«gâ‚(t)dt: 1.35e-04
    Î»â‚: 1.00e+00
    storage (bw, fw, fw0): [1 * ndarray(1000)] (1251.4 MB), None, None
    fw_states_T norm: 1.000000
    Ï„: (1.82e-01:0.00Ï€)
    qubit error: 2.1e-01
Iteration 208
    duration: 576.5 secs (started at 2021-04-08 20:55:18)
    optimized pulses (ranges): [0.00, 9.49]
    âˆ«gâ‚(t)dt: 1.42e-04
    Î»â‚: 1.00e+00
    storage (bw, fw, fw0): [1 * ndarray(1000)] (1251.4 MB), None, None
    fw_states_T norm: 1.000000
    Ï„: (1.83e-01:0.00Ï€)
    qubit error: 2.1e-01
Iteration 209
    duration: 579.1 secs (started at 2021-04-08 21:04:54)
    optimized pulses (ranges): [0.00, 9.49]
    âˆ«gâ‚(t)dt: 1.42e-04
    Î»â‚: 1.00e+00
    storage (bw, fw, fw0): [1 * ndarray(1000)] (1251.4 MB), None, None
    fw_states_T norm: 1.000000
    Ï„: (1.82e-01:0.00Ï€)
    qubit error: 2.1e-01
Iteration 210
    duration: 580.3 secs (started at 2021-04-08 21:14:34)
    optimized pulses (ranges): [0.00, 9.50]
    âˆ«gâ‚(t)dt: 1.47e-04
    Î»â‚: 1.00e+00
    storage (bw, fw, fw0): [1 * ndarray(1000)] (1251.4 MB), None, None
    fw_states_T norm: 1.000000
    Ï„: (1.83e-01:0.00Ï€)
    qubit error: 2.1e-01
Iteration 211
    duration: 576.0 secs (started at 2021-04-08 21:24:14)
    optimized pulses (ranges): [0.00, 9.50]
    âˆ«gâ‚(t)dt: 1.47e-04
    Î»â‚: 1.00e+00
    storage (bw, fw, fw0): [1 * ndarray(1000)] (1251.4 MB), None, None
    fw_states_T norm: 1.000000
    Ï„: (1.82e-01:0.00Ï€)
    qubit error: 2.1e-01
Iteration 212
    duration: 573.6 secs (started at 2021-04-08 21:33:50)
    optimized pulses (ranges): [0.00, 9.50]
    âˆ«gâ‚(t)dt: 1.46e-04
    Î»â‚: 1.00e+00
    storage (bw, fw, fw0): [1 * ndarray(1000)] (1251.4 MB), None, None
    fw_states_T norm: 1.000000
    Ï„: (1.82e-01:0.00Ï€)
    qubit error: 2.1e-01
Iteration 213
    duration: 573.1 secs (started at 2021-04-08 21:43:24)
    optimized pulses (ranges): [0.00, 9.51]
    âˆ«gâ‚(t)dt: 1.43e-04
    Î»â‚: 1.00e+00
    storage (bw, fw, fw0): [1 * ndarray(1000)] (1251.4 MB), None, None
    fw_states_T norm: 1.000000
    Ï„: (1.81e-01:0.00Ï€)
    qubit error: 2.1e-01
Iteration 214
    duration: 574.0 secs (started at 2021-04-08 21:52:57)
    optimized pulses (ranges): [0.00, 9.51]
    âˆ«gâ‚(t)dt: 1.34e-04
    Î»â‚: 1.00e+00
    storage (bw, fw, fw0): [1 * ndarray(1000)] (1251.4 MB), None, None
    fw_states_T norm: 1.000000
    Ï„: (1.81e-01:0.00Ï€)
    qubit error: 2.1e-01
Iteration 215
    duration: 576.1 secs (started at 2021-04-08 22:02:31)
    optimized pulses (ranges): [0.00, 9.51]
    âˆ«gâ‚(t)dt: 1.42e-04
    Î»â‚: 1.00e+00
    storage (bw, fw, fw0): [1 * ndarray(1000)] (1251.4 MB), None, None
    fw_states_T norm: 1.000000
    Ï„: (1.80e-01:0.00Ï€)
    qubit error: 2.1e-01
Iteration 216
    duration: 576.1 secs (started at 2021-04-08 22:12:08)
    optimized pulses (ranges): [0.00, 9.52]
    âˆ«gâ‚(t)dt: 1.39e-04
    Î»â‚: 1.00e+00
    storage (bw, fw, fw0): [1 * ndarray(1000)] (1251.4 MB), None, None
    fw_states_T norm: 1.000000
    Ï„: (1.80e-01:0.00Ï€)
    qubit error: 2.1e-01
Iteration 217
    duration: 574.9 secs (started at 2021-04-08 22:21:44)
    optimized pulses (ranges): [0.00, 9.52]
    âˆ«gâ‚(t)dt: 1.36e-04
    Î»â‚: 1.00e+00
    storage (bw, fw, fw0): [1 * ndarray(1000)] (1251.4 MB), None, None
    fw_states_T norm: 1.000000
    Ï„: (1.79e-01:0.00Ï€)
    qubit error: 2.1e-01
Iteration 218
    duration: 573.9 secs (started at 2021-04-08 22:31:19)
    optimized pulses (ranges): [0.00, 9.52]
    âˆ«gâ‚(t)dt: 1.40e-04
    Î»â‚: 1.00e+00
    storage (bw, fw, fw0): [1 * ndarray(1000)] (1251.4 MB), None, None
    fw_states_T norm: 1.000000
    Ï„: (1.79e-01:0.00Ï€)
    qubit error: 2.1e-01
Iteration 219
    duration: 573.9 secs (started at 2021-04-08 22:40:53)
    optimized pulses (ranges): [0.00, 9.53]
    âˆ«gâ‚(t)dt: 1.40e-04
    Î»â‚: 1.00e+00
    storage (bw, fw, fw0): [1 * ndarray(1000)] (1251.4 MB), None, None
    fw_states_T norm: 1.000000
    Ï„: (1.79e-01:0.00Ï€)
    qubit error: 2.1e-01
Iteration 220
    duration: 575.3 secs (started at 2021-04-08 22:50:27)
    optimized pulses (ranges): [0.00, 9.53]
    âˆ«gâ‚(t)dt: 1.42e-04
    Î»â‚: 1.00e+00
    storage (bw, fw, fw0): [1 * ndarray(1000)] (1251.4 MB), None, None
    fw_states_T norm: 1.000000
    Ï„: (1.78e-01:0.00Ï€)
    qubit error: 2.1e-01
Iteration 221
    duration: 575.4 secs (started at 2021-04-08 23:00:02)
    optimized pulses (ranges): [0.00, 9.53]
    âˆ«gâ‚(t)dt: 1.38e-04
    Î»â‚: 1.00e+00
    storage (bw, fw, fw0): [1 * ndarray(1000)] (1251.4 MB), None, None
    fw_states_T norm: 1.000000
    Ï„: (1.78e-01:0.00Ï€)
    qubit error: 2.1e-01
Iteration 222
    duration: 574.9 secs (started at 2021-04-08 23:09:38)
    optimized pulses (ranges): [0.00, 9.53]
    âˆ«gâ‚(t)dt: 1.35e-04
    Î»â‚: 1.00e+00
    storage (bw, fw, fw0): [1 * ndarray(1000)] (1251.4 MB), None, None
    fw_states_T norm: 1.000000
    Ï„: (1.78e-01:0.00Ï€)
    qubit error: 2.1e-01
Iteration 223
    duration: 574.9 secs (started at 2021-04-08 23:19:13)
    optimized pulses (ranges): [0.00, 9.54]
    âˆ«gâ‚(t)dt: 1.39e-04
    Î»â‚: 1.00e+00
    storage (bw, fw, fw0): [1 * ndarray(1000)] (1251.4 MB), None, None
    fw_states_T norm: 1.000000
    Ï„: (1.77e-01:0.00Ï€)
    qubit error: 2.1e-01
Iteration 224
    duration: 574.6 secs (started at 2021-04-08 23:28:48)
    optimized pulses (ranges): [0.00, 9.54]
    âˆ«gâ‚(t)dt: 1.31e-04
    Î»â‚: 1.00e+00
    storage (bw, fw, fw0): [1 * ndarray(1000)] (1251.4 MB), None, None
    fw_states_T norm: 1.000000
    Ï„: (1.76e-01:0.00Ï€)
    qubit error: 2.1e-01
Iteration 225
    duration: 576.7 secs (started at 2021-04-08 23:38:23)
    optimized pulses (ranges): [-0.00, 9.54]
    âˆ«gâ‚(t)dt: 1.28e-04
    Î»â‚: 1.00e+00
    storage (bw, fw, fw0): [1 * ndarray(1000)] (1251.4 MB), None, None
    fw_states_T norm: 1.000000
    Ï„: (1.75e-01:0.00Ï€)
    qubit error: 2.1e-01
Iteration 226
    duration: 575.4 secs (started at 2021-04-08 23:47:59)
    optimized pulses (ranges): [-0.00, 9.55]
    âˆ«gâ‚(t)dt: 1.31e-04
    Î»â‚: 1.00e+00
    storage (bw, fw, fw0): [1 * ndarray(1000)] (1251.4 MB), None, None
    fw_states_T norm: 1.000000
    Ï„: (1.74e-01:0.00Ï€)
    qubit error: 2.1e-01
Iteration 227
    duration: 574.9 secs (started at 2021-04-08 23:57:35)
    optimized pulses (ranges): [-0.01, 9.55]
    âˆ«gâ‚(t)dt: 1.34e-04
    Î»â‚: 1.00e+00
    storage (bw, fw, fw0): [1 * ndarray(1000)] (1251.4 MB), None, None
    fw_states_T norm: 1.000000
    Ï„: (1.74e-01:0.00Ï€)
    qubit error: 2.1e-01
Iteration 228
    duration: 574.8 secs (started at 2021-04-09 00:07:10)
    optimized pulses (ranges): [-0.01, 9.55]
    âˆ«gâ‚(t)dt: 1.35e-04
    Î»â‚: 1.00e+00
    storage (bw, fw, fw0): [1 * ndarray(1000)] (1251.4 MB), None, None
    fw_states_T norm: 1.000000
    Ï„: (1.74e-01:0.00Ï€)
    qubit error: 2.1e-01
Iteration 229
    duration: 575.6 secs (started at 2021-04-09 00:16:45)
    optimized pulses (ranges): [-0.01, 9.56]
    âˆ«gâ‚(t)dt: 1.33e-04
    Î»â‚: 1.00e+00
    storage (bw, fw, fw0): [1 * ndarray(1000)] (1251.4 MB), None, None
    fw_states_T norm: 1.000000
    Ï„: (1.73e-01:0.00Ï€)
    qubit error: 2.1e-01
Iteration 230
    duration: 576.0 secs (started at 2021-04-09 00:26:21)
    optimized pulses (ranges): [-0.01, 9.56]
    âˆ«gâ‚(t)dt: 1.35e-04
    Î»â‚: 1.00e+00
    storage (bw, fw, fw0): [1 * ndarray(1000)] (1251.4 MB), None, None
    fw_states_T norm: 1.000000
    Ï„: (1.73e-01:0.00Ï€)
    qubit error: 2.1e-01
Iteration 231
    duration: 577.9 secs (started at 2021-04-09 00:35:57)
    optimized pulses (ranges): [-0.02, 9.56]
    âˆ«gâ‚(t)dt: 1.34e-04
    Î»â‚: 1.00e+00
    storage (bw, fw, fw0): [1 * ndarray(1000)] (1251.4 MB), None, None
    fw_states_T norm: 1.000000
    Ï„: (1.74e-01:0.00Ï€)
    qubit error: 2.1e-01
Iteration 232
    duration: 575.8 secs (started at 2021-04-09 00:45:35)
    optimized pulses (ranges): [-0.02, 9.57]
    âˆ«gâ‚(t)dt: 1.30e-04
    Î»â‚: 1.00e+00
    storage (bw, fw, fw0): [1 * ndarray(1000)] (1251.4 MB), None, None
    fw_states_T norm: 1.000000
    Ï„: (1.72e-01:0.00Ï€)
    qubit error: 2.1e-01
Iteration 233
    duration: 574.9 secs (started at 2021-04-09 00:55:11)
    optimized pulses (ranges): [-0.02, 9.57]
    âˆ«gâ‚(t)dt: 1.26e-04
    Î»â‚: 1.00e+00
    storage (bw, fw, fw0): [1 * ndarray(1000)] (1251.4 MB), None, None
    fw_states_T norm: 1.000000
    Ï„: (1.74e-01:0.00Ï€)
    qubit error: 2.1e-01
Iteration 234
    duration: 574.6 secs (started at 2021-04-09 01:04:46)
    optimized pulses (ranges): [-0.02, 9.57]
    âˆ«gâ‚(t)dt: 1.33e-04
    Î»â‚: 1.00e+00
    storage (bw, fw, fw0): [1 * ndarray(1000)] (1251.4 MB), None, None
    fw_states_T norm: 1.000000
    Ï„: (1.73e-01:0.00Ï€)
    qubit error: 2.1e-01
Iteration 235
    duration: 575.1 secs (started at 2021-04-09 01:14:20)
    optimized pulses (ranges): [-0.03, 9.57]
    âˆ«gâ‚(t)dt: 1.27e-04
    Î»â‚: 1.00e+00
    storage (bw, fw, fw0): [1 * ndarray(1000)] (1251.4 MB), None, None
    fw_states_T norm: 1.000000
    Ï„: (1.73e-01:0.00Ï€)
    qubit error: 2.1e-01
Iteration 236
    duration: 574.5 secs (started at 2021-04-09 01:23:56)
    optimized pulses (ranges): [-0.03, 9.58]
    âˆ«gâ‚(t)dt: 1.26e-04
    Î»â‚: 1.00e+00
    storage (bw, fw, fw0): [1 * ndarray(1000)] (1251.4 MB), None, None
    fw_states_T norm: 1.000000
    Ï„: (1.71e-01:0.00Ï€)
    qubit error: 2.1e-01
Iteration 237
    duration: 577.3 secs (started at 2021-04-09 01:33:30)
    optimized pulses (ranges): [-0.03, 9.58]
    âˆ«gâ‚(t)dt: 1.28e-04
    Î»â‚: 1.00e+00
    storage (bw, fw, fw0): [1 * ndarray(1000)] (1251.4 MB), None, None
    fw_states_T norm: 1.000000
    Ï„: (1.72e-01:0.00Ï€)
    qubit error: 2.1e-01
Iteration 238
    duration: 575.2 secs (started at 2021-04-09 01:43:08)
    optimized pulses (ranges): [-0.03, 9.58]
    âˆ«gâ‚(t)dt: 1.29e-04
    Î»â‚: 1.00e+00
    storage (bw, fw, fw0): [1 * ndarray(1000)] (1251.4 MB), None, None
    fw_states_T norm: 1.000000
    Ï„: (1.71e-01:0.00Ï€)
    qubit error: 2.1e-01
Iteration 239
    duration: 578.1 secs (started at 2021-04-09 01:52:43)
    optimized pulses (ranges): [-0.03, 9.59]
    âˆ«gâ‚(t)dt: 1.27e-04
    Î»â‚: 1.00e+00
    storage (bw, fw, fw0): [1 * ndarray(1000)] (1251.4 MB), None, None
    fw_states_T norm: 1.000000
    Ï„: (1.72e-01:0.00Ï€)
    qubit error: 2.1e-01
Iteration 240
    duration: 576.4 secs (started at 2021-04-09 02:02:21)
    optimized pulses (ranges): [-0.04, 9.59]
    âˆ«gâ‚(t)dt: 1.23e-04
    Î»â‚: 1.00e+00
    storage (bw, fw, fw0): [1 * ndarray(1000)] (1251.4 MB), None, None
    fw_states_T norm: 1.000000
    Ï„: (1.71e-01:0.00Ï€)
    qubit error: 2.1e-01
Iteration 241
    duration: 578.4 secs (started at 2021-04-09 02:11:58)
    optimized pulses (ranges): [-0.04, 9.59]
    âˆ«gâ‚(t)dt: 1.31e-04
    Î»â‚: 1.00e+00
    storage (bw, fw, fw0): [1 * ndarray(1000)] (1251.4 MB), None, None
    fw_states_T norm: 1.000000
    Ï„: (1.70e-01:0.00Ï€)
    qubit error: 2.1e-01
Iteration 242
    duration: 578.3 secs (started at 2021-04-09 02:21:36)
    optimized pulses (ranges): [-0.04, 9.59]
    âˆ«gâ‚(t)dt: 1.26e-04
    Î»â‚: 1.00e+00
    storage (bw, fw, fw0): [1 * ndarray(1000)] (1251.4 MB), None, None
    fw_states_T norm: 1.000000
    Ï„: (1.70e-01:0.00Ï€)
    qubit error: 2.1e-01
Iteration 243
    duration: 576.1 secs (started at 2021-04-09 02:31:15)
    optimized pulses (ranges): [-0.04, 9.59]
    âˆ«gâ‚(t)dt: 1.23e-04
    Î»â‚: 1.00e+00
    storage (bw, fw, fw0): [1 * ndarray(1000)] (1251.4 MB), None, None
    fw_states_T norm: 1.000000
    Ï„: (1.70e-01:0.00Ï€)
    qubit error: 2.1e-01
Iteration 244
    duration: 576.6 secs (started at 2021-04-09 02:40:51)
    optimized pulses (ranges): [-0.05, 9.60]
    âˆ«gâ‚(t)dt: 1.24e-04
    Î»â‚: 1.00e+00
    storage (bw, fw, fw0): [1 * ndarray(1000)] (1251.4 MB), None, None
    fw_states_T norm: 1.000000
    Ï„: (1.69e-01:0.00Ï€)
    qubit error: 2.1e-01
Iteration 245
    duration: 577.5 secs (started at 2021-04-09 02:50:28)
    optimized pulses (ranges): [-0.05, 9.60]
    âˆ«gâ‚(t)dt: 1.27e-04
    Î»â‚: 1.00e+00
    storage (bw, fw, fw0): [1 * ndarray(1000)] (1251.4 MB), None, None
    fw_states_T norm: 1.000000
    Ï„: (1.69e-01:0.00Ï€)
<stdin>:166: RuntimeWarning: overflow encountered in exp
No handles with labels found to put in legend.
    qubit error: 2.1e-01
0.8482046488946329
5.152421826501673
